[2.882s] Invoking command in '/home/kingpooper/deepRacerWS/build/slam_toolbox': CMAKE_PREFIX_PATH=${CMAKE_PREFIX_PATH}:/home/kingpooper/deepRacerWS/install/tape:/home/kingpooper/deepRacerWS/install/ros2_pca9685:/home/kingpooper/deepRacerWS/install/control:/opt/ros/humble /usr/bin/cmake /home/kingpooper/deepRacerWS/src/slam_toolbox -DAMENT_CMAKE_SYMLINK_INSTALL=1 -DCMAKE_INSTALL_PREFIX=/home/kingpooper/deepRacerWS/install/slam_toolbox
[3.298s] -- The C compiler identification is GNU 11.4.0
[3.815s] -- The CXX compiler identification is GNU 11.4.0
[3.831s] -- Detecting C compiler ABI info
[4.293s] -- Detecting C compiler ABI info - done
[4.326s] -- Check for working C compiler: /usr/bin/cc - skipped
[4.329s] -- Detecting C compile features
[4.332s] -- Detecting C compile features - done
[4.355s] -- Detecting CXX compiler ABI info
[4.878s] -- Detecting CXX compiler ABI info - done
[4.917s] -- Check for working CXX compiler: /usr/bin/c++ - skipped
[4.919s] -- Detecting CXX compile features
[4.923s] -- Detecting CXX compile features - done
[4.977s] -- Found ament_cmake: 1.3.11 (/opt/ros/humble/share/ament_cmake/cmake)
[6.288s] -- Found Python3: /usr/bin/python3 (found version "3.10.12") found components: Interpreter 
[6.746s] -- Override CMake install command with custom implementation using symlinks instead of copying resources
[7.282s] -- Found message_filters: 4.3.5 (/opt/ros/humble/share/message_filters/cmake)
[7.931s] -- Found rosidl_generator_c: 3.1.6 (/opt/ros/humble/share/rosidl_generator_c/cmake)
[8.005s] -- Found rosidl_adapter: 3.1.6 (/opt/ros/humble/share/rosidl_adapter/cmake)
[8.103s] -- Found rosidl_generator_cpp: 3.1.6 (/opt/ros/humble/share/rosidl_generator_cpp/cmake)
[8.229s] -- Using all available rosidl_typesupport_c: rosidl_typesupport_fastrtps_c;rosidl_typesupport_introspection_c
[8.407s] -- Using all available rosidl_typesupport_cpp: rosidl_typesupport_fastrtps_cpp;rosidl_typesupport_introspection_cpp
[8.933s] -- Found rmw_implementation_cmake: 6.1.2 (/opt/ros/humble/share/rmw_implementation_cmake/cmake)
[8.996s] -- Found rmw_fastrtps_cpp: 6.2.7 (/opt/ros/humble/share/rmw_fastrtps_cpp/cmake)
[9.835s] -- Found OpenSSL: /usr/lib/aarch64-linux-gnu/libcrypto.so (found version "3.0.2")  
[10.156s] -- Found FastRTPS: /opt/ros/humble/include  
[10.742s] -- Using RMW implementation 'rmw_fastrtps_cpp' as default
[10.903s] -- Looking for pthread.h
[11.374s] -- Looking for pthread.h - found
[11.375s] -- Performing Test CMAKE_HAVE_LIBC_PTHREAD
[11.785s] -- Performing Test CMAKE_HAVE_LIBC_PTHREAD - Success
[11.789s] -- Found Threads: TRUE  
[12.161s] -- Found nav_msgs: 4.2.4 (/opt/ros/humble/share/nav_msgs/cmake)
[12.357s] -- Found sensor_msgs: 4.2.4 (/opt/ros/humble/share/sensor_msgs/cmake)
[12.468s] -- Found tf2: 0.25.12 (/opt/ros/humble/share/tf2/cmake)
[12.626s] -- Found tf2_ros: 0.25.12 (/opt/ros/humble/share/tf2_ros/cmake)
[13.285s] -- Found visualization_msgs: 4.2.4 (/opt/ros/humble/share/visualization_msgs/cmake)
[13.388s] -- Found pluginlib: 5.1.0 (/opt/ros/humble/share/pluginlib/cmake)
[13.649s] -- Found tf2_geometry_msgs: 0.25.12 (/opt/ros/humble/share/tf2_geometry_msgs/cmake)
[13.864s] -- Found eigen3_cmake_module: 0.1.1 (/opt/ros/humble/share/eigen3_cmake_module/cmake)
[13.869s] -- Found Eigen3: TRUE (found version "3.4.0") 
[13.870s] -- Ensuring Eigen3 include directory is part of orocos-kdl CMake target
[13.904s] -- Found tf2_sensor_msgs: 0.25.12 (/opt/ros/humble/share/tf2_sensor_msgs/cmake)
[13.946s] -- Found std_srvs: 4.2.4 (/opt/ros/humble/share/std_srvs/cmake)
[14.012s] -- Found rosidl_default_generators: 1.2.0 (/opt/ros/humble/share/rosidl_default_generators/cmake)
[14.100s] -- Found lifecycle_msgs: 1.2.1 (/opt/ros/humble/share/lifecycle_msgs/cmake)
[14.165s] -- Found bondcpp: 4.1.2 (/opt/ros/humble/share/bondcpp/cmake)
[14.408s] -- Found rviz_common: 11.2.16 (/opt/ros/humble/share/rviz_common/cmake)
[14.545s] -- Setting assimp_DIR to: '/opt/ros/humble/share/rviz_assimp_vendor/cmake/../../../opt/rviz_assimp_vendor/lib/cmake/assimp-4.1'
[14.643s] -- Setting OGRE_DIR to: '/opt/ros/humble/share/rviz_ogre_vendor/cmake/../../../opt/rviz_ogre_vendor/lib/OGRE/cmake'
[14.648s] -- Found OGRE
[14.649s] --   static     : OFF
[14.649s] --   components : HLMS;MeshLodGenerator;Overlay;Paging;Property;RTShaderSystem;Terrain;Volume
[14.649s] --   plugins    : Plugin_BSPSceneManager;Plugin_OctreeSceneManager;Plugin_PCZSceneManager;Plugin_ParticleFX;RenderSystem_GL;RenderSystem_GL3Plus;Codec_STBI
[14.650s] --   media      : /opt/ros/humble/opt/rviz_ogre_vendor/share/OGRE/Media
[14.651s] -- OGRE_LIBRARIES: OgreHLMS;OgreMeshLodGenerator;OgreOverlay;OgrePaging;OgreProperty;OgreRTShaderSystem;OgreTerrain;OgreVolume;OgreMain
[14.651s] -- OGRE_LIBRARY_DIRS: /opt/ros/humble/opt/rviz_ogre_vendor/lib
[14.651s] -- OGRE_PLUGINS: Plugin_BSPSceneManager;Plugin_OctreeSceneManager;Plugin_PCZSceneManager;Plugin_ParticleFX;RenderSystem_GL;RenderSystem_GL3Plus;Codec_STBI
[14.652s] -- OGRE_PLUGIN_DIR: /opt/ros/humble/opt/rviz_ogre_vendor/lib/OGRE
[14.652s] -- rviz_ogre_vendor::OgreOverlay for IMPORTED_LOCATION_RELEASE: /opt/ros/humble/opt/rviz_ogre_vendor/lib/libOgreOverlay.so
[14.652s] -- rviz_ogre_vendor::OgreOverlay for IMPORTED_LOCATION_DEBUG: /opt/ros/humble/opt/rviz_ogre_vendor/lib/libOgreOverlay.so
[14.653s] -- rviz_ogre_vendor::OgreMain for IMPORTED_LOCATION_RELEASE: /opt/ros/humble/opt/rviz_ogre_vendor/lib/libOgreMain.so
[14.653s] -- rviz_ogre_vendor::OgreMain for IMPORTED_LOCATION_DEBUG: /opt/ros/humble/opt/rviz_ogre_vendor/lib/libOgreMain.so
[14.654s] -- Could not find freeimage library
[14.725s] -- Found ZLIB: /usr/lib/aarch64-linux-gnu/libz.so (found version "1.2.11") 
[14.745s] -- Found OpenGL: /usr/lib/aarch64-linux-gnu/libOpenGL.so   
[15.194s] -- Found X11: /usr/include   
[15.195s] -- Looking for XOpenDisplay in /usr/lib/aarch64-linux-gnu/libX11.so;/usr/lib/aarch64-linux-gnu/libXext.so
[15.553s] -- Looking for XOpenDisplay in /usr/lib/aarch64-linux-gnu/libX11.so;/usr/lib/aarch64-linux-gnu/libXext.so - found
[15.554s] -- Looking for gethostbyname
[15.905s] -- Looking for gethostbyname - found
[15.906s] -- Looking for connect
[16.256s] -- Looking for connect - found
[16.257s] -- Looking for remove
[16.597s] -- Looking for remove - found
[16.598s] -- Looking for shmat
[16.938s] -- Looking for shmat - found
[16.939s] -- Looking for IceConnectionNumber in ICE
[17.294s] -- Looking for IceConnectionNumber in ICE - found
[17.874s] -- library: /usr/lib/aarch64-linux-gnu/libcurl.so
[18.116s] -- Found rviz_default_plugins: 11.2.16 (/opt/ros/humble/share/rviz_default_plugins/cmake)
[18.673s] -- Found Boost: /usr/lib/aarch64-linux-gnu/cmake/Boost-1.74.0/BoostConfig.cmake (found version "1.74.0") found components: system serialization filesystem thread 
[18.731s] -- Found PkgConfig: /usr/bin/pkg-config (found version "0.29.2") 
[18.766s] -- Found CHOLMOD: /usr/include/suitesparse  
[18.774s] -- Found CSparse: /usr/include/suitesparse  
[18.924s] -- Looking for sgemm_
[19.271s] -- Looking for sgemm_ - not found
[19.481s] -- Looking for sgemm_
[19.834s] -- Looking for sgemm_ - found
[19.836s] -- Found BLAS: /usr/lib/aarch64-linux-gnu/libblas.so  
[19.847s] -- Looking for cheev_
[20.204s] -- Looking for cheev_ - not found
[20.254s] -- Looking for cheev_
[20.520s] -- Looking for cheev_ - not found
[20.522s] -- Looking for cheev_
[20.928s] -- Looking for cheev_ - found
[20.929s] -- Found LAPACK: /usr/lib/aarch64-linux-gnu/liblapack.so;/usr/lib/aarch64-linux-gnu/libblas.so  
[20.975s] -- Found required Ceres dependency: Eigen version 3.4.0 in /usr/include/eigen3
[21.046s] -- Found required Ceres dependency: glog
[21.049s] -- Found required Ceres dependency: gflags
[21.050s] -- Found Ceres version: 2.0.0 installed in: /usr with components: [EigenSparse, SparseLinearAlgebraLibrary, LAPACK, SuiteSparse, CXSparse, SchurSpecializations, Multithreading]
[23.043s] -- Found ament_cmake_ros: 0.10.0 (/opt/ros/humble/share/ament_cmake_ros/cmake)
[25.651s] -- Using all available rosidl_typesupport_c: rosidl_typesupport_fastrtps_c;rosidl_typesupport_introspection_c
[26.645s] -- Using all available rosidl_typesupport_cpp: rosidl_typesupport_fastrtps_cpp;rosidl_typesupport_introspection_cpp
[26.771s] -- Found PythonInterp: /usr/bin/python3 (found suitable version "3.10.12", minimum required is "3.6") 
[26.803s] -- Found python_cmake_module: 0.10.0 (/opt/ros/humble/share/python_cmake_module/cmake)
[26.936s] -- Found PythonLibs: /usr/lib/aarch64-linux-gnu/libpython3.10.so (found suitable version "3.10.12", minimum required is "3.5") 
[26.937s] -- Using PYTHON_EXECUTABLE: /usr/bin/python3
[26.937s] -- Using PYTHON_INCLUDE_DIRS: /usr/include/python3.10
[26.937s] -- Using PYTHON_LIBRARIES: /usr/lib/aarch64-linux-gnu/libpython3.10.so
[27.058s] -- Found PythonExtra: .so  
[27.687s] -- Configuring done
[29.331s] -- Generating done
[29.599s] -- Build files have been written to: /home/kingpooper/deepRacerWS/build/slam_toolbox
[29.704s] Invoked command in '/home/kingpooper/deepRacerWS/build/slam_toolbox' returned '0': CMAKE_PREFIX_PATH=${CMAKE_PREFIX_PATH}:/home/kingpooper/deepRacerWS/install/tape:/home/kingpooper/deepRacerWS/install/ros2_pca9685:/home/kingpooper/deepRacerWS/install/control:/opt/ros/humble /usr/bin/cmake /home/kingpooper/deepRacerWS/src/slam_toolbox -DAMENT_CMAKE_SYMLINK_INSTALL=1 -DCMAKE_INSTALL_PREFIX=/home/kingpooper/deepRacerWS/install/slam_toolbox
[29.714s] Invoking command in '/home/kingpooper/deepRacerWS/build/slam_toolbox': CMAKE_PREFIX_PATH=${CMAKE_PREFIX_PATH}:/home/kingpooper/deepRacerWS/install/tape:/home/kingpooper/deepRacerWS/install/ros2_pca9685:/home/kingpooper/deepRacerWS/install/control:/opt/ros/humble /usr/bin/cmake --build /home/kingpooper/deepRacerWS/build/slam_toolbox -- -j4 -l4
[29.948s] [  1%] [34m[1mGenerating C code for ROS interfaces[0m
[30.008s] [  2%] [32mBuilding CXX object lib/karto_sdk/CMakeFiles/kartoSlamToolbox.dir/src/Karto.cpp.o[0m
[30.018s] [  2%] [34m[1mGenerating C++ code for ROS interfaces[0m
[30.049s] [  2%] Built target ament_cmake_python_symlink_slam_toolbox
[32.035s] running egg_info
[32.039s] creating slam_toolbox.egg-info
[32.040s] writing slam_toolbox.egg-info/PKG-INFO
[32.041s] writing dependency_links to slam_toolbox.egg-info/dependency_links.txt
[32.042s] writing top-level names to slam_toolbox.egg-info/top_level.txt
[32.044s] writing manifest file 'slam_toolbox.egg-info/SOURCES.txt'
[32.056s] reading manifest file 'slam_toolbox.egg-info/SOURCES.txt'
[32.059s] writing manifest file 'slam_toolbox.egg-info/SOURCES.txt'
[32.252s] [  2%] Built target ament_cmake_python_build_slam_toolbox_egg
[32.301s] [  3%] [32mBuilding CXX object lib/karto_sdk/CMakeFiles/kartoSlamToolbox.dir/src/Mapper.cpp.o[0m
[37.937s] [  3%] [32mBuilding C object CMakeFiles/slam_toolbox__rosidl_generator_c.dir/rosidl_generator_c/slam_toolbox/srv/detail/pause__functions.c.o[0m
[38.309s] [  3%] Built target slam_toolbox__cpp
[38.370s] [  4%] [34m[1mGenerating C++ type support dispatch for ROS interfaces[0m
[39.121s] [  5%] [32mBuilding C object CMakeFiles/slam_toolbox__rosidl_generator_c.dir/rosidl_generator_c/slam_toolbox/srv/detail/reset__functions.c.o[0m
[40.053s] [  6%] [32mBuilding C object CMakeFiles/slam_toolbox__rosidl_generator_c.dir/rosidl_generator_c/slam_toolbox/srv/detail/clear_queue__functions.c.o[0m
[40.965s] [  6%] [32mBuilding C object CMakeFiles/slam_toolbox__rosidl_generator_c.dir/rosidl_generator_c/slam_toolbox/srv/detail/toggle_interactive__functions.c.o[0m
[41.875s] [  7%] [32mBuilding C object CMakeFiles/slam_toolbox__rosidl_generator_c.dir/rosidl_generator_c/slam_toolbox/srv/detail/clear__functions.c.o[0m
[43.013s] [  8%] [32mBuilding C object CMakeFiles/slam_toolbox__rosidl_generator_c.dir/rosidl_generator_c/slam_toolbox/srv/detail/save_map__functions.c.o[0m
[43.364s] [  8%] [32mBuilding CXX object CMakeFiles/slam_toolbox__rosidl_typesupport_cpp.dir/rosidl_typesupport_cpp/slam_toolbox/srv/pause__type_support.cpp.o[0m
[44.029s] [  9%] [32mBuilding C object CMakeFiles/slam_toolbox__rosidl_generator_c.dir/rosidl_generator_c/slam_toolbox/srv/detail/loop_closure__functions.c.o[0m
[45.199s] [  9%] [32mBuilding C object CMakeFiles/slam_toolbox__rosidl_generator_c.dir/rosidl_generator_c/slam_toolbox/srv/detail/merge_maps__functions.c.o[0m
[45.855s] [ 10%] [32mBuilding CXX object CMakeFiles/slam_toolbox__rosidl_typesupport_cpp.dir/rosidl_typesupport_cpp/slam_toolbox/srv/reset__type_support.cpp.o[0m
[46.141s] [ 11%] [32mBuilding C object CMakeFiles/slam_toolbox__rosidl_generator_c.dir/rosidl_generator_c/slam_toolbox/srv/detail/add_submap__functions.c.o[0m
[47.142s] [ 12%] [32mBuilding C object CMakeFiles/slam_toolbox__rosidl_generator_c.dir/rosidl_generator_c/slam_toolbox/srv/detail/deserialize_pose_graph__functions.c.o[0m
[47.999s] [ 13%] [32mBuilding CXX object CMakeFiles/slam_toolbox__rosidl_typesupport_cpp.dir/rosidl_typesupport_cpp/slam_toolbox/srv/clear_queue__type_support.cpp.o[0m
[48.304s] [ 13%] [32mBuilding C object CMakeFiles/slam_toolbox__rosidl_generator_c.dir/rosidl_generator_c/slam_toolbox/srv/detail/serialize_pose_graph__functions.c.o[0m
[49.420s] [ 14%] [32m[1mLinking C shared library libslam_toolbox__rosidl_generator_c.so[0m
[49.755s] [ 14%] Built target slam_toolbox__rosidl_generator_c
[49.833s] [ 15%] [34m[1mGenerating C++ type support for eProsima Fast-RTPS[0m
[50.495s] [ 16%] [32mBuilding CXX object CMakeFiles/slam_toolbox__rosidl_typesupport_cpp.dir/rosidl_typesupport_cpp/slam_toolbox/srv/toggle_interactive__type_support.cpp.o[0m
[52.795s] [ 16%] [32mBuilding CXX object CMakeFiles/slam_toolbox__rosidl_typesupport_cpp.dir/rosidl_typesupport_cpp/slam_toolbox/srv/clear__type_support.cpp.o[0m
[55.070s] [ 17%] [32mBuilding CXX object CMakeFiles/slam_toolbox__rosidl_typesupport_cpp.dir/rosidl_typesupport_cpp/slam_toolbox/srv/save_map__type_support.cpp.o[0m
[57.148s] [ 17%] [32mBuilding CXX object CMakeFiles/slam_toolbox__rosidl_typesupport_fastrtps_cpp.dir/rosidl_typesupport_fastrtps_cpp/slam_toolbox/srv/detail/dds_fastrtps/pause__type_support.cpp.o[0m
[57.380s] [ 18%] [32mBuilding CXX object CMakeFiles/slam_toolbox__rosidl_typesupport_cpp.dir/rosidl_typesupport_cpp/slam_toolbox/srv/loop_closure__type_support.cpp.o[0m
[59.892s] [ 18%] [32mBuilding CXX object CMakeFiles/slam_toolbox__rosidl_typesupport_cpp.dir/rosidl_typesupport_cpp/slam_toolbox/srv/merge_maps__type_support.cpp.o[0m
[60.875s] [ 19%] [32mBuilding CXX object CMakeFiles/slam_toolbox__rosidl_typesupport_fastrtps_cpp.dir/rosidl_typesupport_fastrtps_cpp/slam_toolbox/srv/detail/dds_fastrtps/reset__type_support.cpp.o[0m
[62.097s] [ 20%] [32mBuilding CXX object CMakeFiles/slam_toolbox__rosidl_typesupport_cpp.dir/rosidl_typesupport_cpp/slam_toolbox/srv/add_submap__type_support.cpp.o[0m
[64.636s] [ 21%] [32mBuilding CXX object CMakeFiles/slam_toolbox__rosidl_typesupport_cpp.dir/rosidl_typesupport_cpp/slam_toolbox/srv/deserialize_pose_graph__type_support.cpp.o[0m
[64.799s] [ 22%] [32mBuilding CXX object CMakeFiles/slam_toolbox__rosidl_typesupport_fastrtps_cpp.dir/rosidl_typesupport_fastrtps_cpp/slam_toolbox/srv/detail/dds_fastrtps/clear_queue__type_support.cpp.o[0m
[66.898s] [ 22%] [32mBuilding CXX object CMakeFiles/slam_toolbox__rosidl_typesupport_cpp.dir/rosidl_typesupport_cpp/slam_toolbox/srv/serialize_pose_graph__type_support.cpp.o[0m
[68.466s] [ 22%] [32mBuilding CXX object CMakeFiles/slam_toolbox__rosidl_typesupport_fastrtps_cpp.dir/rosidl_typesupport_fastrtps_cpp/slam_toolbox/srv/detail/dds_fastrtps/toggle_interactive__type_support.cpp.o[0m
[69.302s] [ 23%] [32m[1mLinking CXX shared library libslam_toolbox__rosidl_typesupport_cpp.so[0m
[69.587s] [ 23%] Built target slam_toolbox__rosidl_typesupport_cpp
[69.659s] [ 24%] [34m[1mGenerating C introspection for ROS interfaces[0m
[72.160s] [ 25%] [32mBuilding CXX object CMakeFiles/slam_toolbox__rosidl_typesupport_fastrtps_cpp.dir/rosidl_typesupport_fastrtps_cpp/slam_toolbox/srv/detail/dds_fastrtps/clear__type_support.cpp.o[0m
[75.974s] [ 26%] [32mBuilding CXX object CMakeFiles/slam_toolbox__rosidl_typesupport_fastrtps_cpp.dir/rosidl_typesupport_fastrtps_cpp/slam_toolbox/srv/detail/dds_fastrtps/save_map__type_support.cpp.o[0m
[76.576s] [ 26%] [32mBuilding C object CMakeFiles/slam_toolbox__rosidl_typesupport_introspection_c.dir/rosidl_typesupport_introspection_c/slam_toolbox/srv/detail/pause__type_support.c.o[0m
[76.951s] [ 27%] [32mBuilding C object CMakeFiles/slam_toolbox__rosidl_typesupport_introspection_c.dir/rosidl_typesupport_introspection_c/slam_toolbox/srv/detail/reset__type_support.c.o[0m
[77.335s] [ 28%] [32mBuilding C object CMakeFiles/slam_toolbox__rosidl_typesupport_introspection_c.dir/rosidl_typesupport_introspection_c/slam_toolbox/srv/detail/clear_queue__type_support.c.o[0m
[77.713s] [ 28%] [32mBuilding C object CMakeFiles/slam_toolbox__rosidl_typesupport_introspection_c.dir/rosidl_typesupport_introspection_c/slam_toolbox/srv/detail/toggle_interactive__type_support.c.o[0m
[78.188s] [ 29%] [32mBuilding C object CMakeFiles/slam_toolbox__rosidl_typesupport_introspection_c.dir/rosidl_typesupport_introspection_c/slam_toolbox/srv/detail/clear__type_support.c.o[0m
[78.629s] [ 30%] [32mBuilding C object CMakeFiles/slam_toolbox__rosidl_typesupport_introspection_c.dir/rosidl_typesupport_introspection_c/slam_toolbox/srv/detail/save_map__type_support.c.o[0m
[79.447s] [ 30%] [32mBuilding C object CMakeFiles/slam_toolbox__rosidl_typesupport_introspection_c.dir/rosidl_typesupport_introspection_c/slam_toolbox/srv/detail/loop_closure__type_support.c.o[0m
[80.335s] [ 31%] [32mBuilding C object CMakeFiles/slam_toolbox__rosidl_typesupport_introspection_c.dir/rosidl_typesupport_introspection_c/slam_toolbox/srv/detail/merge_maps__type_support.c.o[0m
[80.366s] [ 31%] [32mBuilding CXX object CMakeFiles/slam_toolbox__rosidl_typesupport_fastrtps_cpp.dir/rosidl_typesupport_fastrtps_cpp/slam_toolbox/srv/detail/dds_fastrtps/loop_closure__type_support.cpp.o[0m
[80.896s] [ 32%] [32mBuilding C object CMakeFiles/slam_toolbox__rosidl_typesupport_introspection_c.dir/rosidl_typesupport_introspection_c/slam_toolbox/srv/detail/add_submap__type_support.c.o[0m
[81.358s] [ 32%] [32mBuilding C object CMakeFiles/slam_toolbox__rosidl_typesupport_introspection_c.dir/rosidl_typesupport_introspection_c/slam_toolbox/srv/detail/deserialize_pose_graph__type_support.c.o[0m
[82.124s] [ 33%] [32mBuilding C object CMakeFiles/slam_toolbox__rosidl_typesupport_introspection_c.dir/rosidl_typesupport_introspection_c/slam_toolbox/srv/detail/serialize_pose_graph__type_support.c.o[0m
[82.589s] [ 34%] [32m[1mLinking C shared library libslam_toolbox__rosidl_typesupport_introspection_c.so[0m
[83.121s] [ 34%] Built target slam_toolbox__rosidl_typesupport_introspection_c
[84.590s] [ 35%] [32mBuilding CXX object CMakeFiles/slam_toolbox__rosidl_typesupport_fastrtps_cpp.dir/rosidl_typesupport_fastrtps_cpp/slam_toolbox/srv/detail/dds_fastrtps/merge_maps__type_support.cpp.o[0m
[87.998s] [ 36%] [32mBuilding CXX object CMakeFiles/slam_toolbox__rosidl_typesupport_fastrtps_cpp.dir/rosidl_typesupport_fastrtps_cpp/slam_toolbox/srv/detail/dds_fastrtps/add_submap__type_support.cpp.o[0m
[91.342s] [ 36%] [32mBuilding CXX object CMakeFiles/slam_toolbox__rosidl_typesupport_fastrtps_cpp.dir/rosidl_typesupport_fastrtps_cpp/slam_toolbox/srv/detail/dds_fastrtps/deserialize_pose_graph__type_support.cpp.o[0m
[94.822s] [ 37%] [32mBuilding CXX object CMakeFiles/slam_toolbox__rosidl_typesupport_fastrtps_cpp.dir/rosidl_typesupport_fastrtps_cpp/slam_toolbox/srv/detail/dds_fastrtps/serialize_pose_graph__type_support.cpp.o[0m
[98.247s] [ 38%] [32m[1mLinking CXX shared library libslam_toolbox__rosidl_typesupport_fastrtps_cpp.so[0m
[98.751s] [ 38%] Built target slam_toolbox__rosidl_typesupport_fastrtps_cpp
[151.287s] [ 38%] [32m[1mLinking CXX shared library libkartoSlamToolbox.so[0m
[153.294s] [ 38%] Built target kartoSlamToolbox
[153.349s] [ 38%] [34m[1mGenerating rviz_plugin/moc_slam_toolbox_rviz_plugin.cpp[0m
[153.356s] [ 39%] [34m[1mGenerating C++ introspection for ROS interfaces[0m
[153.360s] [ 40%] [34m[1mGenerating C type support dispatch for ROS interfaces[0m
[153.370s] [ 41%] [34m[1mGenerating C type support for eProsima Fast-RTPS[0m
[153.539s] [ 42%] [32mBuilding CXX object CMakeFiles/SlamToolboxPlugin.dir/rviz_plugin/slam_toolbox_rviz_plugin.cpp.o[0m
[157.211s] [ 42%] [32mBuilding CXX object CMakeFiles/slam_toolbox__rosidl_typesupport_c.dir/rosidl_typesupport_c/slam_toolbox/srv/pause__type_support.cpp.o[0m
[157.515s] [ 43%] [32mBuilding CXX object CMakeFiles/slam_toolbox__rosidl_typesupport_c.dir/rosidl_typesupport_c/slam_toolbox/srv/reset__type_support.cpp.o[0m
[157.751s] [ 44%] [32mBuilding CXX object CMakeFiles/slam_toolbox__rosidl_typesupport_c.dir/rosidl_typesupport_c/slam_toolbox/srv/clear_queue__type_support.cpp.o[0m
[158.078s] [ 44%] [32mBuilding CXX object CMakeFiles/slam_toolbox__rosidl_typesupport_c.dir/rosidl_typesupport_c/slam_toolbox/srv/toggle_interactive__type_support.cpp.o[0m
[158.337s] [ 45%] [32mBuilding CXX object CMakeFiles/slam_toolbox__rosidl_typesupport_c.dir/rosidl_typesupport_c/slam_toolbox/srv/clear__type_support.cpp.o[0m
[158.556s] [ 45%] [32mBuilding CXX object CMakeFiles/slam_toolbox__rosidl_typesupport_introspection_cpp.dir/rosidl_typesupport_introspection_cpp/slam_toolbox/srv/detail/pause__type_support.cpp.o[0m
[158.569s] [ 46%] [32mBuilding CXX object CMakeFiles/slam_toolbox__rosidl_typesupport_c.dir/rosidl_typesupport_c/slam_toolbox/srv/save_map__type_support.cpp.o[0m
[158.798s] [ 46%] [32mBuilding CXX object CMakeFiles/slam_toolbox__rosidl_typesupport_c.dir/rosidl_typesupport_c/slam_toolbox/srv/loop_closure__type_support.cpp.o[0m
[159.015s] [ 47%] [32mBuilding CXX object CMakeFiles/slam_toolbox__rosidl_typesupport_c.dir/rosidl_typesupport_c/slam_toolbox/srv/merge_maps__type_support.cpp.o[0m
[159.033s] [ 47%] [32mBuilding CXX object CMakeFiles/slam_toolbox__rosidl_typesupport_fastrtps_c.dir/rosidl_typesupport_fastrtps_c/slam_toolbox/srv/detail/pause__type_support_c.cpp.o[0m
[159.236s] [ 48%] [32mBuilding CXX object CMakeFiles/slam_toolbox__rosidl_typesupport_c.dir/rosidl_typesupport_c/slam_toolbox/srv/add_submap__type_support.cpp.o[0m
[159.460s] [ 48%] [32mBuilding CXX object CMakeFiles/slam_toolbox__rosidl_typesupport_c.dir/rosidl_typesupport_c/slam_toolbox/srv/deserialize_pose_graph__type_support.cpp.o[0m
[159.729s] [ 49%] [32mBuilding CXX object CMakeFiles/slam_toolbox__rosidl_typesupport_c.dir/rosidl_typesupport_c/slam_toolbox/srv/serialize_pose_graph__type_support.cpp.o[0m
[159.998s] [ 50%] [32m[1mLinking CXX shared library libslam_toolbox__rosidl_typesupport_c.so[0m
[160.285s] [ 50%] Built target slam_toolbox__rosidl_typesupport_c
[160.338s] [ 51%] [32mBuilding CXX object CMakeFiles/slam_toolbox__rosidl_typesupport_introspection_cpp.dir/rosidl_typesupport_introspection_cpp/slam_toolbox/srv/detail/reset__type_support.cpp.o[0m
[161.462s] [ 52%] [32mBuilding CXX object CMakeFiles/slam_toolbox__rosidl_typesupport_introspection_cpp.dir/rosidl_typesupport_introspection_cpp/slam_toolbox/srv/detail/clear_queue__type_support.cpp.o[0m
[161.854s] [ 53%] [32mBuilding CXX object CMakeFiles/slam_toolbox__rosidl_typesupport_fastrtps_c.dir/rosidl_typesupport_fastrtps_c/slam_toolbox/srv/detail/reset__type_support_c.cpp.o[0m
[163.451s] [ 53%] [32mBuilding CXX object CMakeFiles/slam_toolbox__rosidl_typesupport_introspection_cpp.dir/rosidl_typesupport_introspection_cpp/slam_toolbox/srv/detail/toggle_interactive__type_support.cpp.o[0m
[164.769s] [ 54%] [32mBuilding CXX object CMakeFiles/slam_toolbox__rosidl_typesupport_fastrtps_c.dir/rosidl_typesupport_fastrtps_c/slam_toolbox/srv/detail/clear_queue__type_support_c.cpp.o[0m
[164.807s] [ 55%] [32mBuilding CXX object CMakeFiles/SlamToolboxPlugin.dir/rviz_plugin/moc_slam_toolbox_rviz_plugin.cpp.o[0m
[166.465s] [ 56%] [32mBuilding CXX object CMakeFiles/slam_toolbox__rosidl_typesupport_introspection_cpp.dir/rosidl_typesupport_introspection_cpp/slam_toolbox/srv/detail/clear__type_support.cpp.o[0m
[167.396s] [ 56%] [32mBuilding CXX object CMakeFiles/slam_toolbox__rosidl_typesupport_fastrtps_c.dir/rosidl_typesupport_fastrtps_c/slam_toolbox/srv/detail/toggle_interactive__type_support_c.cpp.o[0m
[169.731s] [ 57%] [32mBuilding CXX object CMakeFiles/slam_toolbox__rosidl_typesupport_introspection_cpp.dir/rosidl_typesupport_introspection_cpp/slam_toolbox/srv/detail/save_map__type_support.cpp.o[0m
[170.391s] [ 58%] [32mBuilding CXX object CMakeFiles/slam_toolbox__rosidl_typesupport_fastrtps_c.dir/rosidl_typesupport_fastrtps_c/slam_toolbox/srv/detail/clear__type_support_c.cpp.o[0m
[173.019s] [ 58%] [32mBuilding CXX object CMakeFiles/slam_toolbox__rosidl_typesupport_introspection_cpp.dir/rosidl_typesupport_introspection_cpp/slam_toolbox/srv/detail/loop_closure__type_support.cpp.o[0m
[173.398s] [ 59%] [32mBuilding CXX object CMakeFiles/slam_toolbox__rosidl_typesupport_fastrtps_c.dir/rosidl_typesupport_fastrtps_c/slam_toolbox/srv/detail/save_map__type_support_c.cpp.o[0m
[176.285s] [ 60%] [32mBuilding CXX object CMakeFiles/slam_toolbox__rosidl_typesupport_introspection_cpp.dir/rosidl_typesupport_introspection_cpp/slam_toolbox/srv/detail/merge_maps__type_support.cpp.o[0m
[176.660s] [ 60%] [32mBuilding CXX object CMakeFiles/slam_toolbox__rosidl_typesupport_fastrtps_c.dir/rosidl_typesupport_fastrtps_c/slam_toolbox/srv/detail/loop_closure__type_support_c.cpp.o[0m
[179.723s] [ 61%] [32mBuilding CXX object CMakeFiles/slam_toolbox__rosidl_typesupport_introspection_cpp.dir/rosidl_typesupport_introspection_cpp/slam_toolbox/srv/detail/add_submap__type_support.cpp.o[0m
[179.769s] [ 62%] [32mBuilding CXX object CMakeFiles/slam_toolbox__rosidl_typesupport_fastrtps_c.dir/rosidl_typesupport_fastrtps_c/slam_toolbox/srv/detail/merge_maps__type_support_c.cpp.o[0m
[182.887s] [ 63%] [32mBuilding CXX object CMakeFiles/slam_toolbox__rosidl_typesupport_fastrtps_c.dir/rosidl_typesupport_fastrtps_c/slam_toolbox/srv/detail/add_submap__type_support_c.cpp.o[0m
[183.251s] [ 63%] [32mBuilding CXX object CMakeFiles/slam_toolbox__rosidl_typesupport_introspection_cpp.dir/rosidl_typesupport_introspection_cpp/slam_toolbox/srv/detail/deserialize_pose_graph__type_support.cpp.o[0m
[186.170s] [ 63%] [32mBuilding CXX object CMakeFiles/slam_toolbox__rosidl_typesupport_fastrtps_c.dir/rosidl_typesupport_fastrtps_c/slam_toolbox/srv/detail/deserialize_pose_graph__type_support_c.cpp.o[0m
[186.650s] [ 64%] [32mBuilding CXX object CMakeFiles/slam_toolbox__rosidl_typesupport_introspection_cpp.dir/rosidl_typesupport_introspection_cpp/slam_toolbox/srv/detail/serialize_pose_graph__type_support.cpp.o[0m
[190.013s] [ 65%] [32mBuilding CXX object CMakeFiles/slam_toolbox__rosidl_typesupport_fastrtps_c.dir/rosidl_typesupport_fastrtps_c/slam_toolbox/srv/detail/serialize_pose_graph__type_support_c.cpp.o[0m
[190.701s] [ 66%] [32m[1mLinking CXX shared library libslam_toolbox__rosidl_typesupport_introspection_cpp.so[0m
[191.348s] [ 66%] Built target slam_toolbox__rosidl_typesupport_introspection_cpp
[193.887s] [ 67%] [32m[1mLinking CXX shared library libslam_toolbox__rosidl_typesupport_fastrtps_c.so[0m
[194.509s] [ 67%] Built target slam_toolbox__rosidl_typesupport_fastrtps_c
[283.195s] [ 67%] [32m[1mLinking CXX shared library libSlamToolboxPlugin.so[0m
[291.032s] [ 67%] Built target SlamToolboxPlugin
[291.127s] [ 68%] [32mBuilding CXX object CMakeFiles/toolbox_common.dir/src/slam_toolbox_common.cpp.o[0m
[298.174s] [ 69%] [32mBuilding CXX object CMakeFiles/toolbox_common.dir/src/map_saver.cpp.o[0m
[332.370s] In file included from [01m[K/usr/include/c++/11/memory:76[m[K,
[332.371s]                  from [01m[K/home/kingpooper/deepRacerWS/src/slam_toolbox/src/slam_toolbox_common.cpp:19[m[K:
[332.372s] /usr/include/c++/11/bits/unique_ptr.h: In instantiation of ‘[01m[Ktypename std::_MakeUniq<_Tp>::__single_object std::make_unique(_Args&& ...) [with _Tp = message_filters::Subscriber<sensor_msgs::msg::LaserScan_<std::allocator<void> >, rclcpp_lifecycle::LifecycleNode>; _Args = {rclcpp_lifecycle::LifecycleNode*, std::__cxx11::basic_string<char, std::char_traits<char>, std::allocator<char> >&, rclcpp::SensorDataQoS}; typename std::_MakeUniq<_Tp>::__single_object = std::unique_ptr<message_filters::Subscriber<sensor_msgs::msg::LaserScan_<std::allocator<void> >, rclcpp_lifecycle::LifecycleNode> >][m[K’:
[332.373s] [01m[K/home/kingpooper/deepRacerWS/src/slam_toolbox/src/slam_toolbox_common.cpp:459:40:[m[K   required from here
[332.374s] [01m[K/usr/include/c++/11/bits/unique_ptr.h:962:30:[m[K [01;31m[Kerror: [m[Kno matching function for call to ‘[01m[Kmessage_filters::Subscriber<sensor_msgs::msg::LaserScan_<std::allocator<void> >, rclcpp_lifecycle::LifecycleNode>::Subscriber(rclcpp_lifecycle::LifecycleNode*, std::__cxx11::basic_string<char>&, rclcpp::SensorDataQoS)[m[K’
[332.374s]   962 |     { return unique_ptr<_Tp>([01;31m[Knew _Tp(std::forward<_Args>(__args)...)[m[K); }
[332.375s]       |                              [01;31m[K^~~~~~~~~~~~~~~~~~~~~~~~~~~~~~~~~~~~~~~[m[K
[332.375s] In file included from [01m[K/home/kingpooper/deepRacerWS/src/slam_toolbox/include/slam_toolbox/slam_toolbox_common.hpp:38[m[K,
[332.376s]                  from [01m[K/home/kingpooper/deepRacerWS/src/slam_toolbox/src/slam_toolbox_common.cpp:23[m[K:
[332.377s] [01m[K/opt/ros/humble/include/message_filters/message_filters/subscriber.h:203:3:[m[K [01;36m[Knote: [m[Kcandidate: ‘[01m[Kmessage_filters::Subscriber<M, NodeType>::Subscriber() [with M = sensor_msgs::msg::LaserScan_<std::allocator<void> >; NodeType = rclcpp_lifecycle::LifecycleNode][m[K’
[332.377s]   203 |   [01;36m[KSubscriber[m[K() = default;
[332.378s]       |   [01;36m[K^~~~~~~~~~[m[K
[332.378s] [01m[K/opt/ros/humble/include/message_filters/message_filters/subscriber.h:203:3:[m[K [01;36m[Knote: [m[K  candidate expects 0 arguments, 3 provided
[332.379s] [01m[K/opt/ros/humble/include/message_filters/message_filters/subscriber.h:191:3:[m[K [01;36m[Knote: [m[Kcandidate: ‘[01m[Kmessage_filters::Subscriber<M, NodeType>::Subscriber(NodeType*, const string&, rmw_qos_profile_t, rclcpp::SubscriptionOptions) [with M = sensor_msgs::msg::LaserScan_<std::allocator<void> >; NodeType = rclcpp_lifecycle::LifecycleNode; std::string = std::__cxx11::basic_string<char>; rmw_qos_profile_t = rmw_qos_profile_s; rclcpp::SubscriptionOptions = rclcpp::SubscriptionOptionsWithAllocator<std::allocator<void> >][m[K’
[332.380s]   191 |   [01;36m[KSubscriber[m[K(
[332.380s]       |   [01;36m[K^~~~~~~~~~[m[K
[332.381s] [01m[K/opt/ros/humble/include/message_filters/message_filters/subscriber.h:191:3:[m[K [01;36m[Knote: [m[K  candidate expects 4 arguments, 3 provided
[332.381s] [01m[K/opt/ros/humble/include/message_filters/message_filters/subscriber.h:182:3:[m[K [01;36m[Knote: [m[Kcandidate: ‘[01m[Kmessage_filters::Subscriber<M, NodeType>::Subscriber(message_filters::Subscriber<M, NodeType>::NodePtr, const string&, rmw_qos_profile_t, rclcpp::SubscriptionOptions) [with M = sensor_msgs::msg::LaserScan_<std::allocator<void> >; NodeType = rclcpp_lifecycle::LifecycleNode; message_filters::Subscriber<M, NodeType>::NodePtr = std::shared_ptr<rclcpp_lifecycle::LifecycleNode>; std::string = std::__cxx11::basic_string<char>; rmw_qos_profile_t = rmw_qos_profile_s; rclcpp::SubscriptionOptions = rclcpp::SubscriptionOptionsWithAllocator<std::allocator<void> >][m[K’
[332.382s]   182 |   [01;36m[KSubscriber[m[K(
[332.383s]       |   [01;36m[K^~~~~~~~~~[m[K
[332.383s] [01m[K/opt/ros/humble/include/message_filters/message_filters/subscriber.h:182:3:[m[K [01;36m[Knote: [m[K  candidate expects 4 arguments, 3 provided
[332.384s] [01m[K/opt/ros/humble/include/message_filters/message_filters/subscriber.h:167:3:[m[K [01;36m[Knote: [m[Kcandidate: ‘[01m[Kmessage_filters::Subscriber<M, NodeType>::Subscriber(NodeType*, const string&, rmw_qos_profile_t) [with M = sensor_msgs::msg::LaserScan_<std::allocator<void> >; NodeType = rclcpp_lifecycle::LifecycleNode; std::string = std::__cxx11::basic_string<char>; rmw_qos_profile_t = rmw_qos_profile_s][m[K’
[332.384s]   167 |   [01;36m[KSubscriber[m[K(NodeType * node, const std::string& topic, const rmw_qos_profile_t qos = rmw_qos_profile_default)
[332.385s]       |   [01;36m[K^~~~~~~~~~[m[K
[332.386s] [01m[K/opt/ros/humble/include/message_filters/message_filters/subscriber.h:167:81:[m[K [01;36m[Knote: [m[K  no known conversion for argument 3 from ‘[01m[Krclcpp::SensorDataQoS[m[K’ to ‘[01m[Krmw_qos_profile_t[m[K’ {aka ‘[01m[Krmw_qos_profile_s[m[K’}
[332.386s]   167 |   Subscriber(NodeType * node, const std::string& topic, [01;36m[Kconst rmw_qos_profile_t qos = rmw_qos_profile_default[m[K)
[332.387s]       |                                                         [01;36m[K~~~~~~~~~~~~~~~~~~~~~~~~^~~~~~~~~~~~~~~~~~~~~~~~~~~~~[m[K
[332.388s] [01m[K/opt/ros/humble/include/message_filters/message_filters/subscriber.h:162:3:[m[K [01;36m[Knote: [m[Kcandidate: ‘[01m[Kmessage_filters::Subscriber<M, NodeType>::Subscriber(message_filters::Subscriber<M, NodeType>::NodePtr, const string&, rmw_qos_profile_t) [with M = sensor_msgs::msg::LaserScan_<std::allocator<void> >; NodeType = rclcpp_lifecycle::LifecycleNode; message_filters::Subscriber<M, NodeType>::NodePtr = std::shared_ptr<rclcpp_lifecycle::LifecycleNode>; std::string = std::__cxx11::basic_string<char>; rmw_qos_profile_t = rmw_qos_profile_s][m[K’
[332.389s]   162 |   [01;36m[KSubscriber[m[K(NodePtr node, const std::string& topic, const rmw_qos_profile_t qos = rmw_qos_profile_default)
[332.389s]       |   [01;36m[K^~~~~~~~~~[m[K
[332.390s] [01m[K/opt/ros/humble/include/message_filters/message_filters/subscriber.h:162:22:[m[K [01;36m[Knote: [m[K  no known conversion for argument 1 from ‘[01m[Krclcpp_lifecycle::LifecycleNode*[m[K’ to ‘[01m[Kmessage_filters::Subscriber<sensor_msgs::msg::LaserScan_<std::allocator<void> >, rclcpp_lifecycle::LifecycleNode>::NodePtr[m[K’ {aka ‘[01m[Kstd::shared_ptr<rclcpp_lifecycle::LifecycleNode>[m[K’}
[332.391s]   162 |   Subscriber([01;36m[KNodePtr node[m[K, const std::string& topic, const rmw_qos_profile_t qos = rmw_qos_profile_default)
[332.391s]       |              [01;36m[K~~~~~~~~^~~~[m[K
[354.880s] [ 69%] [32mBuilding CXX object CMakeFiles/toolbox_common.dir/src/loop_closure_assistant.cpp.o[0m
[358.420s] gmake[2]: *** [CMakeFiles/toolbox_common.dir/build.make:76: CMakeFiles/toolbox_common.dir/src/slam_toolbox_common.cpp.o] Error 1
[358.420s] gmake[2]: *** Waiting for unfinished jobs....
[430.992s] gmake[1]: *** [CMakeFiles/Makefile2:693: CMakeFiles/toolbox_common.dir/all] Error 2
[430.993s] gmake: *** [Makefile:146: all] Error 2
[431.002s] Invoked command in '/home/kingpooper/deepRacerWS/build/slam_toolbox' returned '2': CMAKE_PREFIX_PATH=${CMAKE_PREFIX_PATH}:/home/kingpooper/deepRacerWS/install/tape:/home/kingpooper/deepRacerWS/install/ros2_pca9685:/home/kingpooper/deepRacerWS/install/control:/opt/ros/humble /usr/bin/cmake --build /home/kingpooper/deepRacerWS/build/slam_toolbox -- -j4 -l4
