[4.578s] Invoking command in '/home/kingpooper/deepRacerWS/src/tape': PYTHONPATH=/home/kingpooper/deepRacerWS/build/tape/prefix_override:/usr/lib/python3/dist-packages/colcon_core/task/python/colcon_distutils_commands:/home/kingpooper/deepRacerWS/install/tape/lib/python3.10/site-packages:${PYTHONPATH} /usr/bin/python3 -W ignore:setup.py install is deprecated -W ignore:easy_install command is deprecated setup.py egg_info --egg-base ../../build/tape build --build-base /home/kingpooper/deepRacerWS/build/tape/build install --record /home/kingpooper/deepRacerWS/build/tape/install.log --single-version-externally-managed install_data
[6.357s] running egg_info
[6.360s] writing ../../build/tape/tape.egg-info/PKG-INFO
[6.377s] writing dependency_links to ../../build/tape/tape.egg-info/dependency_links.txt
[6.431s] writing entry points to ../../build/tape/tape.egg-info/entry_points.txt
[6.432s] writing requirements to ../../build/tape/tape.egg-info/requires.txt
[6.433s] writing top-level names to ../../build/tape/tape.egg-info/top_level.txt
[6.442s] reading manifest file '../../build/tape/tape.egg-info/SOURCES.txt'
[6.446s] adding license file 'LICENSE'
[6.448s] writing manifest file '../../build/tape/tape.egg-info/SOURCES.txt'
[6.474s] running build
[6.475s] running build_py
[6.476s] copying tape/james_blue_follower.py -> /home/kingpooper/deepRacerWS/build/tape/build/lib/tape
[6.483s] running install
[6.485s] running install_lib
[6.494s] copying /home/kingpooper/deepRacerWS/build/tape/build/lib/tape/james_blue_follower.py -> /home/kingpooper/deepRacerWS/install/tape/lib/python3.10/site-packages/tape
[6.497s] byte-compiling /home/kingpooper/deepRacerWS/install/tape/lib/python3.10/site-packages/tape/james_blue_follower.py to james_blue_follower.cpython-310.pyc
[6.529s] running install_data
[6.530s] running install_egg_info
[6.542s] removing '/home/kingpooper/deepRacerWS/install/tape/lib/python3.10/site-packages/tape-0.0.0-py3.10.egg-info' (and everything under it)
[6.547s] Copying ../../build/tape/tape.egg-info to /home/kingpooper/deepRacerWS/install/tape/lib/python3.10/site-packages/tape-0.0.0-py3.10.egg-info
[6.560s] running install_scripts
[6.672s] Installing image_subscriber script to /home/kingpooper/deepRacerWS/install/tape/lib/tape
[6.697s] Installing james_blue_follower script to /home/kingpooper/deepRacerWS/install/tape/lib/tape
[6.697s] Installing my_blue_tape_follower script to /home/kingpooper/deepRacerWS/install/tape/lib/tape
[6.698s] Installing my_sexy_tape_follower script to /home/kingpooper/deepRacerWS/install/tape/lib/tape
[6.699s] Installing my_tape_follower script to /home/kingpooper/deepRacerWS/install/tape/lib/tape
[6.700s] Installing obs_avoid script to /home/kingpooper/deepRacerWS/install/tape/lib/tape
[6.701s] Installing school_zone script to /home/kingpooper/deepRacerWS/install/tape/lib/tape
[6.707s] Installing shaya_blue script to /home/kingpooper/deepRacerWS/install/tape/lib/tape
[6.714s] Installing stop_sign script to /home/kingpooper/deepRacerWS/install/tape/lib/tape
[6.724s] Installing tape_follower script to /home/kingpooper/deepRacerWS/install/tape/lib/tape
[6.725s] Installing tom_blue_tape script to /home/kingpooper/deepRacerWS/install/tape/lib/tape
[6.727s] writing list of installed files to '/home/kingpooper/deepRacerWS/build/tape/install.log'
[6.920s] Invoked command in '/home/kingpooper/deepRacerWS/src/tape' returned '0': PYTHONPATH=/home/kingpooper/deepRacerWS/build/tape/prefix_override:/usr/lib/python3/dist-packages/colcon_core/task/python/colcon_distutils_commands:/home/kingpooper/deepRacerWS/install/tape/lib/python3.10/site-packages:${PYTHONPATH} /usr/bin/python3 -W ignore:setup.py install is deprecated -W ignore:easy_install command is deprecated setup.py egg_info --egg-base ../../build/tape build --build-base /home/kingpooper/deepRacerWS/build/tape/build install --record /home/kingpooper/deepRacerWS/build/tape/install.log --single-version-externally-managed install_data
