[0.480s] DEBUG:colcon:Command line arguments: ['/usr/bin/colcon', 'build', '--symlink-install']
[0.481s] DEBUG:colcon:Parsed command line arguments: Namespace(log_base=None, log_level=None, verb_name='build', build_base='build', install_base='install', merge_install=False, symlink_install=True, test_result_base=None, continue_on_error=False, executor='parallel', parallel_workers=4, event_handlers=None, ignore_user_meta=False, metas=['./colcon.meta'], base_paths=['.'], packages_ignore=None, packages_ignore_regex=None, paths=None, packages_up_to=None, packages_up_to_regex=None, packages_above=None, packages_above_and_dependencies=None, packages_above_depth=None, packages_select_by_dep=None, packages_skip_by_dep=None, packages_skip_up_to=None, packages_select_build_failed=False, packages_skip_build_finished=False, packages_select_test_failures=False, packages_skip_test_passed=False, packages_select=None, packages_skip=None, packages_select_regex=None, packages_skip_regex=None, packages_start=None, packages_end=None, allow_overriding=[], cmake_args=None, cmake_target=None, cmake_target_skip_unavailable=False, cmake_clean_cache=False, cmake_clean_first=False, cmake_force_configure=False, ament_cmake_args=None, catkin_cmake_args=None, catkin_skip_building_tests=False, mixin_files=None, mixin=None, verb_parser=<colcon_mixin.mixin.mixin_argument.MixinArgumentDecorator object at 0xffffa329d540>, verb_extension=<colcon_core.verb.build.BuildVerb object at 0xffffa34464d0>, main=<bound method BuildVerb.main of <colcon_core.verb.build.BuildVerb object at 0xffffa34464d0>>, mixin_verb=('build',))
[1.332s] Level 1:colcon.colcon_core.package_discovery:discover_packages(colcon_meta) check parameters
[1.332s] Level 1:colcon.colcon_core.package_discovery:discover_packages(recursive) check parameters
[1.333s] Level 1:colcon.colcon_core.package_discovery:discover_packages(ignore) check parameters
[1.333s] Level 1:colcon.colcon_core.package_discovery:discover_packages(path) check parameters
[1.333s] Level 1:colcon.colcon_core.package_discovery:discover_packages(colcon_meta) discover
[1.333s] Level 1:colcon.colcon_core.package_discovery:discover_packages(recursive) discover
[1.333s] INFO:colcon.colcon_core.package_discovery:Crawling recursively for packages in '/home/kingpooper/deepRacerWS/src'
[1.334s] Level 1:colcon.colcon_core.package_identification:_identify(.) by extensions ['ignore', 'ignore_ament_install']
[1.334s] Level 1:colcon.colcon_core.package_identification:_identify(.) by extension 'ignore'
[1.334s] Level 1:colcon.colcon_core.package_identification:_identify(.) by extension 'ignore_ament_install'
[1.334s] Level 1:colcon.colcon_core.package_identification:_identify(.) by extensions ['colcon_pkg']
[1.334s] Level 1:colcon.colcon_core.package_identification:_identify(.) by extension 'colcon_pkg'
[1.335s] Level 1:colcon.colcon_core.package_identification:_identify(.) by extensions ['colcon_meta']
[1.335s] Level 1:colcon.colcon_core.package_identification:_identify(.) by extension 'colcon_meta'
[1.335s] Level 1:colcon.colcon_core.package_identification:_identify(.) by extensions ['ros']
[1.335s] Level 1:colcon.colcon_core.package_identification:_identify(.) by extension 'ros'
[1.379s] Level 1:colcon.colcon_core.package_identification:_identify(.) by extensions ['cmake', 'python']
[1.380s] Level 1:colcon.colcon_core.package_identification:_identify(.) by extension 'cmake'
[1.380s] Level 1:colcon.colcon_core.package_identification:_identify(.) by extension 'python'
[1.380s] Level 1:colcon.colcon_core.package_identification:_identify(.) by extensions ['python_setup_py']
[1.380s] Level 1:colcon.colcon_core.package_identification:_identify(.) by extension 'python_setup_py'
[1.381s] Level 1:colcon.colcon_core.package_identification:_identify(build) by extensions ['ignore', 'ignore_ament_install']
[1.381s] Level 1:colcon.colcon_core.package_identification:_identify(build) by extension 'ignore'
[1.381s] Level 1:colcon.colcon_core.package_identification:_identify(build) ignored
[1.382s] Level 1:colcon.colcon_core.package_identification:_identify(install) by extensions ['ignore', 'ignore_ament_install']
[1.382s] Level 1:colcon.colcon_core.package_identification:_identify(install) by extension 'ignore'
[1.382s] Level 1:colcon.colcon_core.package_identification:_identify(install) ignored
[1.383s] Level 1:colcon.colcon_core.package_identification:_identify(log) by extensions ['ignore', 'ignore_ament_install']
[1.383s] Level 1:colcon.colcon_core.package_identification:_identify(log) by extension 'ignore'
[1.383s] Level 1:colcon.colcon_core.package_identification:_identify(log) ignored
[1.384s] Level 1:colcon.colcon_core.package_identification:_identify(ros2_pca9685) by extensions ['ignore', 'ignore_ament_install']
[1.384s] Level 1:colcon.colcon_core.package_identification:_identify(ros2_pca9685) by extension 'ignore'
[1.384s] Level 1:colcon.colcon_core.package_identification:_identify(ros2_pca9685) by extension 'ignore_ament_install'
[1.385s] Level 1:colcon.colcon_core.package_identification:_identify(ros2_pca9685) by extensions ['colcon_pkg']
[1.385s] Level 1:colcon.colcon_core.package_identification:_identify(ros2_pca9685) by extension 'colcon_pkg'
[1.385s] Level 1:colcon.colcon_core.package_identification:_identify(ros2_pca9685) by extensions ['colcon_meta']
[1.385s] Level 1:colcon.colcon_core.package_identification:_identify(ros2_pca9685) by extension 'colcon_meta'
[1.385s] Level 1:colcon.colcon_core.package_identification:_identify(ros2_pca9685) by extensions ['ros']
[1.385s] Level 1:colcon.colcon_core.package_identification:_identify(ros2_pca9685) by extension 'ros'
[1.393s] DEBUG:colcon.colcon_core.package_identification:Package 'ros2_pca9685' with type 'ros.ament_python' and name 'ros2_pca9685'
[1.394s] Level 1:colcon.colcon_core.package_identification:_identify(ros2_v4l2_camera) by extensions ['ignore', 'ignore_ament_install']
[1.395s] Level 1:colcon.colcon_core.package_identification:_identify(ros2_v4l2_camera) by extension 'ignore'
[1.395s] Level 1:colcon.colcon_core.package_identification:_identify(ros2_v4l2_camera) by extension 'ignore_ament_install'
[1.395s] Level 1:colcon.colcon_core.package_identification:_identify(ros2_v4l2_camera) by extensions ['colcon_pkg']
[1.395s] Level 1:colcon.colcon_core.package_identification:_identify(ros2_v4l2_camera) by extension 'colcon_pkg'
[1.395s] Level 1:colcon.colcon_core.package_identification:_identify(ros2_v4l2_camera) by extensions ['colcon_meta']
[1.396s] Level 1:colcon.colcon_core.package_identification:_identify(ros2_v4l2_camera) by extension 'colcon_meta'
[1.396s] Level 1:colcon.colcon_core.package_identification:_identify(ros2_v4l2_camera) by extensions ['ros']
[1.396s] Level 1:colcon.colcon_core.package_identification:_identify(ros2_v4l2_camera) by extension 'ros'
[1.400s] DEBUG:colcon.colcon_core.package_identification:Package 'ros2_v4l2_camera' with type 'ros.ament_cmake' and name 'v4l2_camera'
[1.400s] Level 1:colcon.colcon_core.package_identification:_identify(rplidar_ros) by extensions ['ignore', 'ignore_ament_install']
[1.401s] Level 1:colcon.colcon_core.package_identification:_identify(rplidar_ros) by extension 'ignore'
[1.401s] Level 1:colcon.colcon_core.package_identification:_identify(rplidar_ros) by extension 'ignore_ament_install'
[1.401s] Level 1:colcon.colcon_core.package_identification:_identify(rplidar_ros) by extensions ['colcon_pkg']
[1.401s] Level 1:colcon.colcon_core.package_identification:_identify(rplidar_ros) by extension 'colcon_pkg'
[1.401s] Level 1:colcon.colcon_core.package_identification:_identify(rplidar_ros) by extensions ['colcon_meta']
[1.401s] Level 1:colcon.colcon_core.package_identification:_identify(rplidar_ros) by extension 'colcon_meta'
[1.402s] Level 1:colcon.colcon_core.package_identification:_identify(rplidar_ros) by extensions ['ros']
[1.402s] Level 1:colcon.colcon_core.package_identification:_identify(rplidar_ros) by extension 'ros'
[1.404s] DEBUG:colcon.colcon_core.package_identification:Package 'rplidar_ros' with type 'ros.ament_cmake' and name 'rplidar_ros'
[1.405s] Level 1:colcon.colcon_core.package_discovery:discover_packages(recursive) using defaults
[1.405s] Level 1:colcon.colcon_core.package_discovery:discover_packages(ignore) discover
[1.405s] Level 1:colcon.colcon_core.package_discovery:discover_packages(ignore) using defaults
[1.405s] Level 1:colcon.colcon_core.package_discovery:discover_packages(path) discover
[1.405s] Level 1:colcon.colcon_core.package_discovery:discover_packages(path) using defaults
[1.527s] Level 1:colcon.colcon_core.package_discovery:discover_packages(prefix_path) check parameters
[1.527s] Level 1:colcon.colcon_core.package_discovery:discover_packages(prefix_path) discover
[1.537s] DEBUG:colcon.colcon_installed_package_information.package_discovery:Found 3 installed packages in /home/kingpooper/install
[1.547s] DEBUG:colcon.colcon_installed_package_information.package_discovery:Found 297 installed packages in /opt/ros/humble
[1.553s] Level 1:colcon.colcon_core.package_discovery:discover_packages(prefix_path) using defaults
[1.740s] Level 5:colcon.colcon_core.verb:set package 'ros2_pca9685' build argument 'cmake_args' from command line to 'None'
[1.740s] Level 5:colcon.colcon_core.verb:set package 'ros2_pca9685' build argument 'cmake_target' from command line to 'None'
[1.740s] Level 5:colcon.colcon_core.verb:set package 'ros2_pca9685' build argument 'cmake_target_skip_unavailable' from command line to 'False'
[1.740s] Level 5:colcon.colcon_core.verb:set package 'ros2_pca9685' build argument 'cmake_clean_cache' from command line to 'False'
[1.740s] Level 5:colcon.colcon_core.verb:set package 'ros2_pca9685' build argument 'cmake_clean_first' from command line to 'False'
[1.740s] Level 5:colcon.colcon_core.verb:set package 'ros2_pca9685' build argument 'cmake_force_configure' from command line to 'False'
[1.740s] Level 5:colcon.colcon_core.verb:set package 'ros2_pca9685' build argument 'ament_cmake_args' from command line to 'None'
[1.740s] Level 5:colcon.colcon_core.verb:set package 'ros2_pca9685' build argument 'catkin_cmake_args' from command line to 'None'
[1.741s] Level 5:colcon.colcon_core.verb:set package 'ros2_pca9685' build argument 'catkin_skip_building_tests' from command line to 'False'
[1.741s] DEBUG:colcon.colcon_core.verb:Building package 'ros2_pca9685' with the following arguments: {'ament_cmake_args': None, 'build_base': '/home/kingpooper/deepRacerWS/src/build/ros2_pca9685', 'catkin_cmake_args': None, 'catkin_skip_building_tests': False, 'cmake_args': None, 'cmake_clean_cache': False, 'cmake_clean_first': False, 'cmake_force_configure': False, 'cmake_target': None, 'cmake_target_skip_unavailable': False, 'install_base': '/home/kingpooper/deepRacerWS/src/install/ros2_pca9685', 'merge_install': False, 'path': '/home/kingpooper/deepRacerWS/src/ros2_pca9685', 'symlink_install': True, 'test_result_base': None}
[1.742s] Level 5:colcon.colcon_core.verb:set package 'rplidar_ros' build argument 'cmake_args' from command line to 'None'
[1.742s] Level 5:colcon.colcon_core.verb:set package 'rplidar_ros' build argument 'cmake_target' from command line to 'None'
[1.742s] Level 5:colcon.colcon_core.verb:set package 'rplidar_ros' build argument 'cmake_target_skip_unavailable' from command line to 'False'
[1.742s] Level 5:colcon.colcon_core.verb:set package 'rplidar_ros' build argument 'cmake_clean_cache' from command line to 'False'
[1.743s] Level 5:colcon.colcon_core.verb:set package 'rplidar_ros' build argument 'cmake_clean_first' from command line to 'False'
[1.743s] Level 5:colcon.colcon_core.verb:set package 'rplidar_ros' build argument 'cmake_force_configure' from command line to 'False'
[1.743s] Level 5:colcon.colcon_core.verb:set package 'rplidar_ros' build argument 'ament_cmake_args' from command line to 'None'
[1.743s] Level 5:colcon.colcon_core.verb:set package 'rplidar_ros' build argument 'catkin_cmake_args' from command line to 'None'
[1.743s] Level 5:colcon.colcon_core.verb:set package 'rplidar_ros' build argument 'catkin_skip_building_tests' from command line to 'False'
[1.743s] DEBUG:colcon.colcon_core.verb:Building package 'rplidar_ros' with the following arguments: {'ament_cmake_args': None, 'build_base': '/home/kingpooper/deepRacerWS/src/build/rplidar_ros', 'catkin_cmake_args': None, 'catkin_skip_building_tests': False, 'cmake_args': None, 'cmake_clean_cache': False, 'cmake_clean_first': False, 'cmake_force_configure': False, 'cmake_target': None, 'cmake_target_skip_unavailable': False, 'install_base': '/home/kingpooper/deepRacerWS/src/install/rplidar_ros', 'merge_install': False, 'path': '/home/kingpooper/deepRacerWS/src/rplidar_ros', 'symlink_install': True, 'test_result_base': None}
[1.745s] Level 5:colcon.colcon_core.verb:set package 'v4l2_camera' build argument 'cmake_args' from command line to 'None'
[1.745s] Level 5:colcon.colcon_core.verb:set package 'v4l2_camera' build argument 'cmake_target' from command line to 'None'
[1.745s] Level 5:colcon.colcon_core.verb:set package 'v4l2_camera' build argument 'cmake_target_skip_unavailable' from command line to 'False'
[1.745s] Level 5:colcon.colcon_core.verb:set package 'v4l2_camera' build argument 'cmake_clean_cache' from command line to 'False'
[1.745s] Level 5:colcon.colcon_core.verb:set package 'v4l2_camera' build argument 'cmake_clean_first' from command line to 'False'
[1.745s] Level 5:colcon.colcon_core.verb:set package 'v4l2_camera' build argument 'cmake_force_configure' from command line to 'False'
[1.745s] Level 5:colcon.colcon_core.verb:set package 'v4l2_camera' build argument 'ament_cmake_args' from command line to 'None'
[1.745s] Level 5:colcon.colcon_core.verb:set package 'v4l2_camera' build argument 'catkin_cmake_args' from command line to 'None'
[1.745s] Level 5:colcon.colcon_core.verb:set package 'v4l2_camera' build argument 'catkin_skip_building_tests' from command line to 'False'
[1.746s] DEBUG:colcon.colcon_core.verb:Building package 'v4l2_camera' with the following arguments: {'ament_cmake_args': None, 'build_base': '/home/kingpooper/deepRacerWS/src/build/v4l2_camera', 'catkin_cmake_args': None, 'catkin_skip_building_tests': False, 'cmake_args': None, 'cmake_clean_cache': False, 'cmake_clean_first': False, 'cmake_force_configure': False, 'cmake_target': None, 'cmake_target_skip_unavailable': False, 'install_base': '/home/kingpooper/deepRacerWS/src/install/v4l2_camera', 'merge_install': False, 'path': '/home/kingpooper/deepRacerWS/src/ros2_v4l2_camera', 'symlink_install': True, 'test_result_base': None}
[1.746s] INFO:colcon.colcon_core.executor:Executing jobs using 'parallel' executor
[1.749s] DEBUG:colcon.colcon_parallel_executor.executor.parallel:run_until_complete
[1.750s] INFO:colcon.colcon_ros.task.ament_python.build:Building ROS package in '/home/kingpooper/deepRacerWS/src/ros2_pca9685' with build type 'ament_python'
[1.751s] Level 1:colcon.colcon_core.shell:create_environment_hook('ros2_pca9685', 'ament_prefix_path')
[1.760s] INFO:colcon.colcon_core.plugin_system:Skipping extension 'colcon_core.shell.bat': Not used on non-Windows systems
[1.761s] INFO:colcon.colcon_core.shell:Creating environment hook '/home/kingpooper/deepRacerWS/src/install/ros2_pca9685/share/ros2_pca9685/hook/ament_prefix_path.ps1'
[1.764s] INFO:colcon.colcon_core.shell:Creating environment descriptor '/home/kingpooper/deepRacerWS/src/install/ros2_pca9685/share/ros2_pca9685/hook/ament_prefix_path.dsv'
[1.767s] INFO:colcon.colcon_core.shell:Creating environment hook '/home/kingpooper/deepRacerWS/src/install/ros2_pca9685/share/ros2_pca9685/hook/ament_prefix_path.sh'
[1.771s] INFO:colcon.colcon_core.shell:Skip shell extension 'powershell' for command environment: Not usable outside of PowerShell
[1.771s] DEBUG:colcon.colcon_core.shell:Skip shell extension 'dsv' for command environment
[1.792s] INFO:colcon.colcon_ros.task.ament_cmake.build:Building ROS package in '/home/kingpooper/deepRacerWS/src/rplidar_ros' with build type 'ament_cmake'
[1.793s] INFO:colcon.colcon_cmake.task.cmake.build:Building CMake package in '/home/kingpooper/deepRacerWS/src/rplidar_ros'
[1.795s] INFO:colcon.colcon_core.shell:Skip shell extension 'powershell' for command environment: Not usable outside of PowerShell
[1.796s] DEBUG:colcon.colcon_core.shell:Skip shell extension 'dsv' for command environment
[1.817s] INFO:colcon.colcon_ros.task.ament_cmake.build:Building ROS package in '/home/kingpooper/deepRacerWS/src/ros2_v4l2_camera' with build type 'ament_cmake'
[1.818s] INFO:colcon.colcon_cmake.task.cmake.build:Building CMake package in '/home/kingpooper/deepRacerWS/src/ros2_v4l2_camera'
[1.819s] INFO:colcon.colcon_core.shell:Skip shell extension 'powershell' for command environment: Not usable outside of PowerShell
[1.820s] DEBUG:colcon.colcon_core.shell:Skip shell extension 'dsv' for command environment
[3.166s] INFO:colcon.colcon_core.task.python.build:Building Python package in '/home/kingpooper/deepRacerWS/src/ros2_pca9685'
[3.168s] INFO:colcon.colcon_core.shell:Skip shell extension 'powershell' for command environment: Not usable outside of PowerShell
[3.168s] DEBUG:colcon.colcon_core.shell:Skip shell extension 'dsv' for command environment
[3.201s] DEBUG:colcon.colcon_core.event_handler.log_command:Invoking command in '/home/kingpooper/deepRacerWS/src/build/rplidar_ros': CMAKE_PREFIX_PATH=${CMAKE_PREFIX_PATH}:/home/kingpooper/install/ros2_pca9685:/opt/ros/humble /usr/bin/cmake /home/kingpooper/deepRacerWS/src/rplidar_ros -DAMENT_CMAKE_SYMLINK_INSTALL=1 -DCMAKE_INSTALL_PREFIX=/home/kingpooper/deepRacerWS/src/install/rplidar_ros
[3.230s] DEBUG:colcon.colcon_core.event_handler.log_command:Invoking command in '/home/kingpooper/deepRacerWS/src/build/v4l2_camera': CMAKE_PREFIX_PATH=${CMAKE_PREFIX_PATH}:/home/kingpooper/install/ros2_pca9685:/opt/ros/humble /usr/bin/cmake /home/kingpooper/deepRacerWS/src/ros2_v4l2_camera -DAMENT_CMAKE_SYMLINK_INSTALL=1 -DCMAKE_INSTALL_PREFIX=/home/kingpooper/deepRacerWS/src/install/v4l2_camera
[5.455s] DEBUG:colcon.colcon_core.task.python.build:While undoing a previous installation files outside the Python library path are being ignored: /home/kingpooper/deepRacerWS/src/install/ros2_pca9685/share/ament_index/resource_index/packages/ros2_pca9685
[5.455s] DEBUG:colcon.colcon_core.task.python.build:While undoing a previous installation files outside the Python library path are being ignored: /home/kingpooper/deepRacerWS/src/install/ros2_pca9685/share/ros2_pca9685/package.xml
[5.456s] DEBUG:colcon.colcon_core.task.python.build:While undoing a previous installation files outside the Python library path are being ignored: /home/kingpooper/deepRacerWS/src/install/ros2_pca9685/lib/ros2_pca9685/listener
[5.457s] DEBUG:colcon.colcon_core.task.python.build:While undoing a previous installation files outside the Python library path are being ignored: /home/kingpooper/deepRacerWS/src/install/ros2_pca9685/lib/ros2_pca9685/talker
[5.467s] DEBUG:colcon.colcon_core.event_handler.log_command:Invoking command in '/home/kingpooper/deepRacerWS/src/build/ros2_pca9685': PYTHONPATH=/home/kingpooper/deepRacerWS/src/build/ros2_pca9685/prefix_override:/usr/lib/python3/dist-packages/colcon_core/task/python/colcon_distutils_commands:/home/kingpooper/deepRacerWS/src/install/ros2_pca9685/lib/python3.10/site-packages:${PYTHONPATH} /usr/bin/python3 -W ignore:setup.py install is deprecated -W ignore:easy_install command is deprecated setup.py develop --editable --build-directory /home/kingpooper/deepRacerWS/src/build/ros2_pca9685/build --no-deps symlink_data --force
[7.225s] DEBUG:colcon.colcon_core.event_handler.log_command:Invoked command in '/home/kingpooper/deepRacerWS/src/build/rplidar_ros' returned '0': CMAKE_PREFIX_PATH=${CMAKE_PREFIX_PATH}:/home/kingpooper/install/ros2_pca9685:/opt/ros/humble /usr/bin/cmake /home/kingpooper/deepRacerWS/src/rplidar_ros -DAMENT_CMAKE_SYMLINK_INSTALL=1 -DCMAKE_INSTALL_PREFIX=/home/kingpooper/deepRacerWS/src/install/rplidar_ros
[7.230s] DEBUG:colcon.colcon_core.event_handler.log_command:Invoking command in '/home/kingpooper/deepRacerWS/src/build/rplidar_ros': CMAKE_PREFIX_PATH=${CMAKE_PREFIX_PATH}:/home/kingpooper/install/ros2_pca9685:/opt/ros/humble /usr/bin/cmake --build /home/kingpooper/deepRacerWS/src/build/rplidar_ros -- -j4 -l4
[8.062s] DEBUG:colcon.colcon_core.event_handler.log_command:Invoked command in '/home/kingpooper/deepRacerWS/src/build/v4l2_camera' returned '0': CMAKE_PREFIX_PATH=${CMAKE_PREFIX_PATH}:/home/kingpooper/install/ros2_pca9685:/opt/ros/humble /usr/bin/cmake /home/kingpooper/deepRacerWS/src/ros2_v4l2_camera -DAMENT_CMAKE_SYMLINK_INSTALL=1 -DCMAKE_INSTALL_PREFIX=/home/kingpooper/deepRacerWS/src/install/v4l2_camera
[8.066s] DEBUG:colcon.colcon_core.event_handler.log_command:Invoking command in '/home/kingpooper/deepRacerWS/src/build/v4l2_camera': CMAKE_PREFIX_PATH=${CMAKE_PREFIX_PATH}:/home/kingpooper/install/ros2_pca9685:/opt/ros/humble /usr/bin/cmake --build /home/kingpooper/deepRacerWS/src/build/v4l2_camera -- -j4 -l4
[10.604s] Level 1:colcon.colcon_core.shell:create_environment_hook('ros2_pca9685', 'pythonpath_develop')
[10.606s] INFO:colcon.colcon_core.shell:Creating environment hook '/home/kingpooper/deepRacerWS/src/build/ros2_pca9685/share/ros2_pca9685/hook/pythonpath_develop.ps1'
[10.611s] INFO:colcon.colcon_core.shell:Creating environment descriptor '/home/kingpooper/deepRacerWS/src/build/ros2_pca9685/share/ros2_pca9685/hook/pythonpath_develop.dsv'
[10.614s] INFO:colcon.colcon_core.shell:Creating environment hook '/home/kingpooper/deepRacerWS/src/build/ros2_pca9685/share/ros2_pca9685/hook/pythonpath_develop.sh'
[10.618s] DEBUG:colcon.colcon_core.event_handler.log_command:Invoked command in '/home/kingpooper/deepRacerWS/src/build/ros2_pca9685' returned '0': PYTHONPATH=/home/kingpooper/deepRacerWS/src/build/ros2_pca9685/prefix_override:/usr/lib/python3/dist-packages/colcon_core/task/python/colcon_distutils_commands:/home/kingpooper/deepRacerWS/src/install/ros2_pca9685/lib/python3.10/site-packages:${PYTHONPATH} /usr/bin/python3 -W ignore:setup.py install is deprecated -W ignore:easy_install command is deprecated setup.py develop --editable --build-directory /home/kingpooper/deepRacerWS/src/build/ros2_pca9685/build --no-deps symlink_data --force
[10.644s] Level 1:colcon.colcon_core.environment:checking '/home/kingpooper/deepRacerWS/src/install/ros2_pca9685' for CMake module files
[10.649s] Level 1:colcon.colcon_core.environment:checking '/home/kingpooper/deepRacerWS/src/install/ros2_pca9685' for CMake config files
[10.654s] Level 1:colcon.colcon_core.environment:checking '/home/kingpooper/deepRacerWS/src/install/ros2_pca9685/lib'
[10.657s] Level 1:colcon.colcon_core.environment:checking '/home/kingpooper/deepRacerWS/src/install/ros2_pca9685/bin'
[10.658s] Level 1:colcon.colcon_core.environment:checking '/home/kingpooper/deepRacerWS/src/install/ros2_pca9685/lib/pkgconfig/ros2_pca9685.pc'
[10.659s] Level 1:colcon.colcon_core.environment:checking '/home/kingpooper/deepRacerWS/src/install/ros2_pca9685/lib/python3.10/site-packages'
[10.660s] Level 1:colcon.colcon_core.shell:create_environment_hook('ros2_pca9685', 'pythonpath')
[10.668s] INFO:colcon.colcon_core.shell:Creating environment hook '/home/kingpooper/deepRacerWS/src/install/ros2_pca9685/share/ros2_pca9685/hook/pythonpath.ps1'
[10.674s] INFO:colcon.colcon_core.shell:Creating environment descriptor '/home/kingpooper/deepRacerWS/src/install/ros2_pca9685/share/ros2_pca9685/hook/pythonpath.dsv'
[10.679s] INFO:colcon.colcon_core.shell:Creating environment hook '/home/kingpooper/deepRacerWS/src/install/ros2_pca9685/share/ros2_pca9685/hook/pythonpath.sh'
[10.685s] Level 1:colcon.colcon_core.environment:checking '/home/kingpooper/deepRacerWS/src/install/ros2_pca9685/bin'
[10.685s] Level 1:colcon.colcon_core.environment:create_environment_scripts_only(ros2_pca9685)
[10.688s] INFO:colcon.colcon_core.shell:Creating package script '/home/kingpooper/deepRacerWS/src/install/ros2_pca9685/share/ros2_pca9685/package.ps1'
[10.695s] INFO:colcon.colcon_core.shell:Creating package descriptor '/home/kingpooper/deepRacerWS/src/install/ros2_pca9685/share/ros2_pca9685/package.dsv'
[10.701s] INFO:colcon.colcon_core.shell:Creating package script '/home/kingpooper/deepRacerWS/src/install/ros2_pca9685/share/ros2_pca9685/package.sh'
[10.707s] INFO:colcon.colcon_core.shell:Creating package script '/home/kingpooper/deepRacerWS/src/install/ros2_pca9685/share/ros2_pca9685/package.bash'
[10.715s] INFO:colcon.colcon_core.shell:Creating package script '/home/kingpooper/deepRacerWS/src/install/ros2_pca9685/share/ros2_pca9685/package.zsh'
[10.721s] Level 1:colcon.colcon_core.environment:create_file_with_runtime_dependencies(/home/kingpooper/deepRacerWS/src/install/ros2_pca9685/share/colcon-core/packages/ros2_pca9685)
[20.905s] DEBUG:colcon.colcon_core.event_handler.log_command:Invoked command in '/home/kingpooper/deepRacerWS/src/build/rplidar_ros' returned '0': CMAKE_PREFIX_PATH=${CMAKE_PREFIX_PATH}:/home/kingpooper/install/ros2_pca9685:/opt/ros/humble /usr/bin/cmake --build /home/kingpooper/deepRacerWS/src/build/rplidar_ros -- -j4 -l4
[20.977s] DEBUG:colcon.colcon_core.event_handler.log_command:Invoking command in '/home/kingpooper/deepRacerWS/src/build/rplidar_ros': CMAKE_PREFIX_PATH=${CMAKE_PREFIX_PATH}:/home/kingpooper/install/ros2_pca9685:/opt/ros/humble /usr/bin/cmake --install /home/kingpooper/deepRacerWS/src/build/rplidar_ros
[22.994s] Level 1:colcon.colcon_core.environment:create_environment_scripts_only(rplidar_ros)
[22.996s] Level 1:colcon.colcon_core.environment:checking '/home/kingpooper/deepRacerWS/src/install/rplidar_ros' for CMake module files
[22.998s] DEBUG:colcon.colcon_core.event_handler.log_command:Invoked command in '/home/kingpooper/deepRacerWS/src/build/rplidar_ros' returned '0': CMAKE_PREFIX_PATH=${CMAKE_PREFIX_PATH}:/home/kingpooper/install/ros2_pca9685:/opt/ros/humble /usr/bin/cmake --install /home/kingpooper/deepRacerWS/src/build/rplidar_ros
[23.001s] Level 1:colcon.colcon_core.environment:checking '/home/kingpooper/deepRacerWS/src/install/rplidar_ros' for CMake config files
[23.006s] Level 1:colcon.colcon_core.shell:create_environment_hook('rplidar_ros', 'cmake_prefix_path')
[23.008s] INFO:colcon.colcon_core.shell:Creating environment hook '/home/kingpooper/deepRacerWS/src/install/rplidar_ros/share/rplidar_ros/hook/cmake_prefix_path.ps1'
[23.011s] INFO:colcon.colcon_core.shell:Creating environment descriptor '/home/kingpooper/deepRacerWS/src/install/rplidar_ros/share/rplidar_ros/hook/cmake_prefix_path.dsv'
[23.013s] INFO:colcon.colcon_core.shell:Creating environment hook '/home/kingpooper/deepRacerWS/src/install/rplidar_ros/share/rplidar_ros/hook/cmake_prefix_path.sh'
[23.017s] Level 1:colcon.colcon_core.environment:checking '/home/kingpooper/deepRacerWS/src/install/rplidar_ros/lib'
[23.018s] Level 1:colcon.colcon_core.environment:checking '/home/kingpooper/deepRacerWS/src/install/rplidar_ros/bin'
[23.018s] Level 1:colcon.colcon_core.environment:checking '/home/kingpooper/deepRacerWS/src/install/rplidar_ros/lib/pkgconfig/rplidar_ros.pc'
[23.019s] Level 1:colcon.colcon_core.environment:checking '/home/kingpooper/deepRacerWS/src/install/rplidar_ros/lib/python3.10/site-packages'
[23.021s] Level 1:colcon.colcon_core.environment:checking '/home/kingpooper/deepRacerWS/src/install/rplidar_ros/bin'
[23.022s] INFO:colcon.colcon_core.shell:Creating package script '/home/kingpooper/deepRacerWS/src/install/rplidar_ros/share/rplidar_ros/package.ps1'
[23.025s] INFO:colcon.colcon_core.shell:Creating package descriptor '/home/kingpooper/deepRacerWS/src/install/rplidar_ros/share/rplidar_ros/package.dsv'
[23.028s] INFO:colcon.colcon_core.shell:Creating package script '/home/kingpooper/deepRacerWS/src/install/rplidar_ros/share/rplidar_ros/package.sh'
[23.031s] INFO:colcon.colcon_core.shell:Creating package script '/home/kingpooper/deepRacerWS/src/install/rplidar_ros/share/rplidar_ros/package.bash'
[23.034s] INFO:colcon.colcon_core.shell:Creating package script '/home/kingpooper/deepRacerWS/src/install/rplidar_ros/share/rplidar_ros/package.zsh'
[23.037s] Level 1:colcon.colcon_core.environment:create_file_with_runtime_dependencies(/home/kingpooper/deepRacerWS/src/install/rplidar_ros/share/colcon-core/packages/rplidar_ros)
[23.041s] Level 1:colcon.colcon_core.environment:create_environment_scripts_only(rplidar_ros)
[23.043s] Level 1:colcon.colcon_core.environment:checking '/home/kingpooper/deepRacerWS/src/install/rplidar_ros' for CMake module files
[23.048s] Level 1:colcon.colcon_core.environment:checking '/home/kingpooper/deepRacerWS/src/install/rplidar_ros' for CMake config files
[23.054s] Level 1:colcon.colcon_core.shell:create_environment_hook('rplidar_ros', 'cmake_prefix_path')
[23.056s] INFO:colcon.colcon_core.shell:Creating environment hook '/home/kingpooper/deepRacerWS/src/install/rplidar_ros/share/rplidar_ros/hook/cmake_prefix_path.ps1'
[23.059s] INFO:colcon.colcon_core.shell:Creating environment descriptor '/home/kingpooper/deepRacerWS/src/install/rplidar_ros/share/rplidar_ros/hook/cmake_prefix_path.dsv'
[23.063s] INFO:colcon.colcon_core.shell:Creating environment hook '/home/kingpooper/deepRacerWS/src/install/rplidar_ros/share/rplidar_ros/hook/cmake_prefix_path.sh'
[23.067s] Level 1:colcon.colcon_core.environment:checking '/home/kingpooper/deepRacerWS/src/install/rplidar_ros/lib'
[23.067s] Level 1:colcon.colcon_core.environment:checking '/home/kingpooper/deepRacerWS/src/install/rplidar_ros/bin'
[23.068s] Level 1:colcon.colcon_core.environment:checking '/home/kingpooper/deepRacerWS/src/install/rplidar_ros/lib/pkgconfig/rplidar_ros.pc'
[23.069s] Level 1:colcon.colcon_core.environment:checking '/home/kingpooper/deepRacerWS/src/install/rplidar_ros/lib/python3.10/site-packages'
[23.070s] Level 1:colcon.colcon_core.environment:checking '/home/kingpooper/deepRacerWS/src/install/rplidar_ros/bin'
[23.072s] INFO:colcon.colcon_core.shell:Creating package script '/home/kingpooper/deepRacerWS/src/install/rplidar_ros/share/rplidar_ros/package.ps1'
[23.075s] INFO:colcon.colcon_core.shell:Creating package descriptor '/home/kingpooper/deepRacerWS/src/install/rplidar_ros/share/rplidar_ros/package.dsv'
[23.078s] INFO:colcon.colcon_core.shell:Creating package script '/home/kingpooper/deepRacerWS/src/install/rplidar_ros/share/rplidar_ros/package.sh'
[23.082s] INFO:colcon.colcon_core.shell:Creating package script '/home/kingpooper/deepRacerWS/src/install/rplidar_ros/share/rplidar_ros/package.bash'
[23.084s] INFO:colcon.colcon_core.shell:Creating package script '/home/kingpooper/deepRacerWS/src/install/rplidar_ros/share/rplidar_ros/package.zsh'
[23.087s] Level 1:colcon.colcon_core.environment:create_file_with_runtime_dependencies(/home/kingpooper/deepRacerWS/src/install/rplidar_ros/share/colcon-core/packages/rplidar_ros)
[50.129s] DEBUG:colcon.colcon_core.event_handler.log_command:Invoked command in '/home/kingpooper/deepRacerWS/src/build/v4l2_camera' returned '0': CMAKE_PREFIX_PATH=${CMAKE_PREFIX_PATH}:/home/kingpooper/install/ros2_pca9685:/opt/ros/humble /usr/bin/cmake --build /home/kingpooper/deepRacerWS/src/build/v4l2_camera -- -j4 -l4
[50.140s] DEBUG:colcon.colcon_core.event_handler.log_command:Invoking command in '/home/kingpooper/deepRacerWS/src/build/v4l2_camera': CMAKE_PREFIX_PATH=${CMAKE_PREFIX_PATH}:/home/kingpooper/install/ros2_pca9685:/opt/ros/humble /usr/bin/cmake --install /home/kingpooper/deepRacerWS/src/build/v4l2_camera
[51.321s] Level 1:colcon.colcon_core.environment:create_environment_scripts_only(v4l2_camera)
[51.322s] Level 1:colcon.colcon_core.environment:checking '/home/kingpooper/deepRacerWS/src/install/v4l2_camera' for CMake module files
[51.324s] DEBUG:colcon.colcon_core.event_handler.log_command:Invoked command in '/home/kingpooper/deepRacerWS/src/build/v4l2_camera' returned '0': CMAKE_PREFIX_PATH=${CMAKE_PREFIX_PATH}:/home/kingpooper/install/ros2_pca9685:/opt/ros/humble /usr/bin/cmake --install /home/kingpooper/deepRacerWS/src/build/v4l2_camera
[51.326s] Level 1:colcon.colcon_core.environment:checking '/home/kingpooper/deepRacerWS/src/install/v4l2_camera' for CMake config files
[51.329s] Level 1:colcon.colcon_core.shell:create_environment_hook('v4l2_camera', 'cmake_prefix_path')
[51.330s] INFO:colcon.colcon_core.shell:Creating environment hook '/home/kingpooper/deepRacerWS/src/install/v4l2_camera/share/v4l2_camera/hook/cmake_prefix_path.ps1'
[51.332s] INFO:colcon.colcon_core.shell:Creating environment descriptor '/home/kingpooper/deepRacerWS/src/install/v4l2_camera/share/v4l2_camera/hook/cmake_prefix_path.dsv'
[51.333s] INFO:colcon.colcon_core.shell:Creating environment hook '/home/kingpooper/deepRacerWS/src/install/v4l2_camera/share/v4l2_camera/hook/cmake_prefix_path.sh'
[51.336s] Level 1:colcon.colcon_core.environment:checking '/home/kingpooper/deepRacerWS/src/install/v4l2_camera/lib'
[51.337s] Level 1:colcon.colcon_core.shell:create_environment_hook('v4l2_camera', 'ld_library_path_lib')
[51.337s] INFO:colcon.colcon_core.shell:Creating environment hook '/home/kingpooper/deepRacerWS/src/install/v4l2_camera/share/v4l2_camera/hook/ld_library_path_lib.ps1'
[51.340s] INFO:colcon.colcon_core.shell:Creating environment descriptor '/home/kingpooper/deepRacerWS/src/install/v4l2_camera/share/v4l2_camera/hook/ld_library_path_lib.dsv'
[51.341s] INFO:colcon.colcon_core.shell:Creating environment hook '/home/kingpooper/deepRacerWS/src/install/v4l2_camera/share/v4l2_camera/hook/ld_library_path_lib.sh'
[51.343s] Level 1:colcon.colcon_core.environment:checking '/home/kingpooper/deepRacerWS/src/install/v4l2_camera/bin'
[51.343s] Level 1:colcon.colcon_core.environment:checking '/home/kingpooper/deepRacerWS/src/install/v4l2_camera/lib/pkgconfig/v4l2_camera.pc'
[51.344s] Level 1:colcon.colcon_core.environment:checking '/home/kingpooper/deepRacerWS/src/install/v4l2_camera/lib/python3.10/site-packages'
[51.345s] Level 1:colcon.colcon_core.environment:checking '/home/kingpooper/deepRacerWS/src/install/v4l2_camera/bin'
[51.346s] INFO:colcon.colcon_core.shell:Creating package script '/home/kingpooper/deepRacerWS/src/install/v4l2_camera/share/v4l2_camera/package.ps1'
[51.349s] INFO:colcon.colcon_core.shell:Creating package descriptor '/home/kingpooper/deepRacerWS/src/install/v4l2_camera/share/v4l2_camera/package.dsv'
[51.351s] INFO:colcon.colcon_core.shell:Creating package script '/home/kingpooper/deepRacerWS/src/install/v4l2_camera/share/v4l2_camera/package.sh'
[51.353s] INFO:colcon.colcon_core.shell:Creating package script '/home/kingpooper/deepRacerWS/src/install/v4l2_camera/share/v4l2_camera/package.bash'
[51.354s] INFO:colcon.colcon_core.shell:Creating package script '/home/kingpooper/deepRacerWS/src/install/v4l2_camera/share/v4l2_camera/package.zsh'
[51.356s] Level 1:colcon.colcon_core.environment:create_file_with_runtime_dependencies(/home/kingpooper/deepRacerWS/src/install/v4l2_camera/share/colcon-core/packages/v4l2_camera)
[51.359s] Level 1:colcon.colcon_core.environment:create_environment_scripts_only(v4l2_camera)
[51.360s] Level 1:colcon.colcon_core.environment:checking '/home/kingpooper/deepRacerWS/src/install/v4l2_camera' for CMake module files
[51.363s] Level 1:colcon.colcon_core.environment:checking '/home/kingpooper/deepRacerWS/src/install/v4l2_camera' for CMake config files
[51.366s] Level 1:colcon.colcon_core.shell:create_environment_hook('v4l2_camera', 'cmake_prefix_path')
[51.367s] INFO:colcon.colcon_core.shell:Creating environment hook '/home/kingpooper/deepRacerWS/src/install/v4l2_camera/share/v4l2_camera/hook/cmake_prefix_path.ps1'
[51.369s] INFO:colcon.colcon_core.shell:Creating environment descriptor '/home/kingpooper/deepRacerWS/src/install/v4l2_camera/share/v4l2_camera/hook/cmake_prefix_path.dsv'
[51.371s] INFO:colcon.colcon_core.shell:Creating environment hook '/home/kingpooper/deepRacerWS/src/install/v4l2_camera/share/v4l2_camera/hook/cmake_prefix_path.sh'
[51.374s] Level 1:colcon.colcon_core.environment:checking '/home/kingpooper/deepRacerWS/src/install/v4l2_camera/lib'
[51.374s] Level 1:colcon.colcon_core.shell:create_environment_hook('v4l2_camera', 'ld_library_path_lib')
[51.375s] INFO:colcon.colcon_core.shell:Creating environment hook '/home/kingpooper/deepRacerWS/src/install/v4l2_camera/share/v4l2_camera/hook/ld_library_path_lib.ps1'
[51.377s] INFO:colcon.colcon_core.shell:Creating environment descriptor '/home/kingpooper/deepRacerWS/src/install/v4l2_camera/share/v4l2_camera/hook/ld_library_path_lib.dsv'
[51.379s] INFO:colcon.colcon_core.shell:Creating environment hook '/home/kingpooper/deepRacerWS/src/install/v4l2_camera/share/v4l2_camera/hook/ld_library_path_lib.sh'
[51.381s] Level 1:colcon.colcon_core.environment:checking '/home/kingpooper/deepRacerWS/src/install/v4l2_camera/bin'
[51.381s] Level 1:colcon.colcon_core.environment:checking '/home/kingpooper/deepRacerWS/src/install/v4l2_camera/lib/pkgconfig/v4l2_camera.pc'
[51.383s] Level 1:colcon.colcon_core.environment:checking '/home/kingpooper/deepRacerWS/src/install/v4l2_camera/lib/python3.10/site-packages'
[51.384s] Level 1:colcon.colcon_core.environment:checking '/home/kingpooper/deepRacerWS/src/install/v4l2_camera/bin'
[51.386s] INFO:colcon.colcon_core.shell:Creating package script '/home/kingpooper/deepRacerWS/src/install/v4l2_camera/share/v4l2_camera/package.ps1'
[51.389s] INFO:colcon.colcon_core.shell:Creating package descriptor '/home/kingpooper/deepRacerWS/src/install/v4l2_camera/share/v4l2_camera/package.dsv'
[51.392s] INFO:colcon.colcon_core.shell:Creating package script '/home/kingpooper/deepRacerWS/src/install/v4l2_camera/share/v4l2_camera/package.sh'
[51.395s] INFO:colcon.colcon_core.shell:Creating package script '/home/kingpooper/deepRacerWS/src/install/v4l2_camera/share/v4l2_camera/package.bash'
[51.397s] INFO:colcon.colcon_core.shell:Creating package script '/home/kingpooper/deepRacerWS/src/install/v4l2_camera/share/v4l2_camera/package.zsh'
[51.399s] Level 1:colcon.colcon_core.environment:create_file_with_runtime_dependencies(/home/kingpooper/deepRacerWS/src/install/v4l2_camera/share/colcon-core/packages/v4l2_camera)
[51.401s] DEBUG:colcon.colcon_parallel_executor.executor.parallel:closing loop
[51.402s] DEBUG:colcon.colcon_parallel_executor.executor.parallel:loop closed
[51.402s] DEBUG:colcon.colcon_parallel_executor.executor.parallel:run_until_complete finished with '0'
[51.402s] DEBUG:colcon.colcon_core.event_reactor:joining thread
[51.431s] INFO:colcon.colcon_core.plugin_system:Skipping extension 'colcon_notification.desktop_notification.terminal_notifier': Not used on non-Darwin systems
[51.431s] INFO:colcon.colcon_core.plugin_system:Skipping extension 'colcon_notification.desktop_notification.win32': Not used on non-Windows systems
[51.431s] INFO:colcon.colcon_notification.desktop_notification:Sending desktop notification using 'notify2'
[51.489s] DEBUG:colcon.colcon_core.event_reactor:joined thread
[51.490s] INFO:colcon.colcon_core.shell:Creating prefix script '/home/kingpooper/deepRacerWS/src/install/local_setup.ps1'
[51.495s] INFO:colcon.colcon_core.shell:Creating prefix util module '/home/kingpooper/deepRacerWS/src/install/_local_setup_util_ps1.py'
[51.503s] INFO:colcon.colcon_core.shell:Creating prefix chain script '/home/kingpooper/deepRacerWS/src/install/setup.ps1'
[51.510s] INFO:colcon.colcon_core.shell:Creating prefix script '/home/kingpooper/deepRacerWS/src/install/local_setup.sh'
[51.514s] INFO:colcon.colcon_core.shell:Creating prefix util module '/home/kingpooper/deepRacerWS/src/install/_local_setup_util_sh.py'
[51.517s] INFO:colcon.colcon_core.shell:Creating prefix chain script '/home/kingpooper/deepRacerWS/src/install/setup.sh'
[51.524s] INFO:colcon.colcon_core.shell:Creating prefix script '/home/kingpooper/deepRacerWS/src/install/local_setup.bash'
[51.528s] INFO:colcon.colcon_core.shell:Creating prefix chain script '/home/kingpooper/deepRacerWS/src/install/setup.bash'
[51.535s] INFO:colcon.colcon_core.shell:Creating prefix script '/home/kingpooper/deepRacerWS/src/install/local_setup.zsh'
[51.538s] INFO:colcon.colcon_core.shell:Creating prefix chain script '/home/kingpooper/deepRacerWS/src/install/setup.zsh'
