[4.374s] Invoking command in '/home/kingpooper/deepRacerWS/src/tape': PYTHONPATH=/home/kingpooper/deepRacerWS/build/tape/prefix_override:/usr/lib/python3/dist-packages/colcon_core/task/python/colcon_distutils_commands:/home/kingpooper/deepRacerWS/install/tape/lib/python3.10/site-packages:${PYTHONPATH} /usr/bin/python3 -W ignore:setup.py install is deprecated -W ignore:easy_install command is deprecated setup.py egg_info --egg-base ../../build/tape build --build-base /home/kingpooper/deepRacerWS/build/tape/build install --record /home/kingpooper/deepRacerWS/build/tape/install.log --single-version-externally-managed install_data
[6.075s] running egg_info
[6.081s] writing ../../build/tape/tape.egg-info/PKG-INFO
[6.088s] writing dependency_links to ../../build/tape/tape.egg-info/dependency_links.txt
[6.090s] writing entry points to ../../build/tape/tape.egg-info/entry_points.txt
[6.092s] writing requirements to ../../build/tape/tape.egg-info/requires.txt
[6.092s] writing top-level names to ../../build/tape/tape.egg-info/top_level.txt
[6.105s] reading manifest file '../../build/tape/tape.egg-info/SOURCES.txt'
[6.110s] adding license file 'LICENSE'
[6.122s] writing manifest file '../../build/tape/tape.egg-info/SOURCES.txt'
[6.123s] running build
[6.124s] running build_py
[6.127s] copying tape/james_blue_follower.py -> /home/kingpooper/deepRacerWS/build/tape/build/lib/tape
[6.131s] running install
[6.136s] running install_lib
[6.145s] copying /home/kingpooper/deepRacerWS/build/tape/build/lib/tape/james_blue_follower.py -> /home/kingpooper/deepRacerWS/install/tape/lib/python3.10/site-packages/tape
[6.156s] byte-compiling /home/kingpooper/deepRacerWS/install/tape/lib/python3.10/site-packages/tape/james_blue_follower.py to james_blue_follower.cpython-310.pyc
[6.165s] running install_data
[6.165s] running install_egg_info
[6.178s] removing '/home/kingpooper/deepRacerWS/install/tape/lib/python3.10/site-packages/tape-0.0.0-py3.10.egg-info' (and everything under it)
[6.182s] Copying ../../build/tape/tape.egg-info to /home/kingpooper/deepRacerWS/install/tape/lib/python3.10/site-packages/tape-0.0.0-py3.10.egg-info
[6.189s] running install_scripts
[6.296s] Installing image_subscriber script to /home/kingpooper/deepRacerWS/install/tape/lib/tape
[6.300s] Installing james_blue_follower script to /home/kingpooper/deepRacerWS/install/tape/lib/tape
[6.301s] Installing my_blue_tape_follower script to /home/kingpooper/deepRacerWS/install/tape/lib/tape
[6.303s] Installing my_sexy_tape_follower script to /home/kingpooper/deepRacerWS/install/tape/lib/tape
[6.305s] Installing my_tape_follower script to /home/kingpooper/deepRacerWS/install/tape/lib/tape
[6.308s] Installing obs_avoid script to /home/kingpooper/deepRacerWS/install/tape/lib/tape
[6.313s] Installing school_zone script to /home/kingpooper/deepRacerWS/install/tape/lib/tape
[6.325s] Installing shaya_blue script to /home/kingpooper/deepRacerWS/install/tape/lib/tape
[6.326s] Installing stop_sign script to /home/kingpooper/deepRacerWS/install/tape/lib/tape
[6.327s] Installing tape_follower script to /home/kingpooper/deepRacerWS/install/tape/lib/tape
[6.328s] Installing tom_blue_tape script to /home/kingpooper/deepRacerWS/install/tape/lib/tape
[6.330s] writing list of installed files to '/home/kingpooper/deepRacerWS/build/tape/install.log'
[6.492s] Invoked command in '/home/kingpooper/deepRacerWS/src/tape' returned '0': PYTHONPATH=/home/kingpooper/deepRacerWS/build/tape/prefix_override:/usr/lib/python3/dist-packages/colcon_core/task/python/colcon_distutils_commands:/home/kingpooper/deepRacerWS/install/tape/lib/python3.10/site-packages:${PYTHONPATH} /usr/bin/python3 -W ignore:setup.py install is deprecated -W ignore:easy_install command is deprecated setup.py egg_info --egg-base ../../build/tape build --build-base /home/kingpooper/deepRacerWS/build/tape/build install --record /home/kingpooper/deepRacerWS/build/tape/install.log --single-version-externally-managed install_data
