[4.924s] Invoking command in '/home/kingpooper/deepRacerWS/src/tape': PYTHONPATH=/home/kingpooper/deepRacerWS/build/tape/prefix_override:/usr/lib/python3/dist-packages/colcon_core/task/python/colcon_distutils_commands:/home/kingpooper/deepRacerWS/install/tape/lib/python3.10/site-packages:${PYTHONPATH} /usr/bin/python3 -W ignore:setup.py install is deprecated -W ignore:easy_install command is deprecated setup.py egg_info --egg-base ../../build/tape build --build-base /home/kingpooper/deepRacerWS/build/tape/build install --record /home/kingpooper/deepRacerWS/build/tape/install.log --single-version-externally-managed install_data
[7.036s] running egg_info
[7.040s] writing ../../build/tape/tape.egg-info/PKG-INFO
[7.042s] writing dependency_links to ../../build/tape/tape.egg-info/dependency_links.txt
[7.044s] writing entry points to ../../build/tape/tape.egg-info/entry_points.txt
[7.045s] writing requirements to ../../build/tape/tape.egg-info/requires.txt
[7.045s] writing top-level names to ../../build/tape/tape.egg-info/top_level.txt
[7.055s] reading manifest file '../../build/tape/tape.egg-info/SOURCES.txt'
[7.058s] adding license file 'LICENSE'
[7.062s] writing manifest file '../../build/tape/tape.egg-info/SOURCES.txt'
[7.063s] running build
[7.063s] running build_py
[7.066s] copying tape/stop_sign.py -> /home/kingpooper/deepRacerWS/build/tape/build/lib/tape
[7.072s] running install
[7.073s] running install_lib
[7.079s] copying /home/kingpooper/deepRacerWS/build/tape/build/lib/tape/stop_sign.py -> /home/kingpooper/deepRacerWS/install/tape/lib/python3.10/site-packages/tape
[7.084s] byte-compiling /home/kingpooper/deepRacerWS/install/tape/lib/python3.10/site-packages/tape/stop_sign.py to stop_sign.cpython-310.pyc
[7.089s] running install_data
[7.091s] running install_egg_info
[7.098s] removing '/home/kingpooper/deepRacerWS/install/tape/lib/python3.10/site-packages/tape-0.0.0-py3.10.egg-info' (and everything under it)
[7.101s] Copying ../../build/tape/tape.egg-info to /home/kingpooper/deepRacerWS/install/tape/lib/python3.10/site-packages/tape-0.0.0-py3.10.egg-info
[7.110s] running install_scripts
[7.223s] Installing image_subscriber script to /home/kingpooper/deepRacerWS/install/tape/lib/tape
[7.225s] Installing james_blue_follower script to /home/kingpooper/deepRacerWS/install/tape/lib/tape
[7.229s] Installing my_blue_tape_follower script to /home/kingpooper/deepRacerWS/install/tape/lib/tape
[7.232s] Installing my_sexy_tape_follower script to /home/kingpooper/deepRacerWS/install/tape/lib/tape
[7.233s] Installing my_tape_follower script to /home/kingpooper/deepRacerWS/install/tape/lib/tape
[7.235s] Installing obs_avoid script to /home/kingpooper/deepRacerWS/install/tape/lib/tape
[7.235s] Installing school_zone script to /home/kingpooper/deepRacerWS/install/tape/lib/tape
[7.235s] Installing shay_blue_follower script to /home/kingpooper/deepRacerWS/install/tape/lib/tape
[7.236s] Installing shaya_blue script to /home/kingpooper/deepRacerWS/install/tape/lib/tape
[7.238s] Installing stop_sign script to /home/kingpooper/deepRacerWS/install/tape/lib/tape
[7.241s] Installing tape_follower script to /home/kingpooper/deepRacerWS/install/tape/lib/tape
[7.242s] Installing tom_blue_tape script to /home/kingpooper/deepRacerWS/install/tape/lib/tape
[7.247s] writing list of installed files to '/home/kingpooper/deepRacerWS/build/tape/install.log'
[7.463s] Invoked command in '/home/kingpooper/deepRacerWS/src/tape' returned '0': PYTHONPATH=/home/kingpooper/deepRacerWS/build/tape/prefix_override:/usr/lib/python3/dist-packages/colcon_core/task/python/colcon_distutils_commands:/home/kingpooper/deepRacerWS/install/tape/lib/python3.10/site-packages:${PYTHONPATH} /usr/bin/python3 -W ignore:setup.py install is deprecated -W ignore:easy_install command is deprecated setup.py egg_info --egg-base ../../build/tape build --build-base /home/kingpooper/deepRacerWS/build/tape/build install --record /home/kingpooper/deepRacerWS/build/tape/install.log --single-version-externally-managed install_data
