[0.768s] DEBUG:colcon:Command line arguments: ['/usr/bin/colcon', 'build', '--packages-select', 'tape']
[0.769s] DEBUG:colcon:Parsed command line arguments: Namespace(log_base=None, log_level=None, verb_name='build', build_base='build', install_base='install', merge_install=False, symlink_install=False, test_result_base=None, continue_on_error=False, executor='parallel', parallel_workers=4, event_handlers=None, ignore_user_meta=False, metas=['./colcon.meta'], base_paths=['.'], packages_ignore=None, packages_ignore_regex=None, paths=None, packages_up_to=None, packages_up_to_regex=None, packages_above=None, packages_above_and_dependencies=None, packages_above_depth=None, packages_select_by_dep=None, packages_skip_by_dep=None, packages_skip_up_to=None, packages_select_build_failed=False, packages_skip_build_finished=False, packages_select_test_failures=False, packages_skip_test_passed=False, packages_select=['tape'], packages_skip=None, packages_select_regex=None, packages_skip_regex=None, packages_start=None, packages_end=None, allow_overriding=[], cmake_args=None, cmake_target=None, cmake_target_skip_unavailable=False, cmake_clean_cache=False, cmake_clean_first=False, cmake_force_configure=False, ament_cmake_args=None, catkin_cmake_args=None, catkin_skip_building_tests=False, mixin_files=None, mixin=None, verb_parser=<colcon_mixin.mixin.mixin_argument.MixinArgumentDecorator object at 0xffff93e061d0>, verb_extension=<colcon_core.verb.build.BuildVerb object at 0xffff93fbf0d0>, main=<bound method BuildVerb.main of <colcon_core.verb.build.BuildVerb object at 0xffff93fbf0d0>>, mixin_verb=('build',))
[2.464s] Level 1:colcon.colcon_core.package_discovery:discover_packages(colcon_meta) check parameters
[2.465s] Level 1:colcon.colcon_core.package_discovery:discover_packages(recursive) check parameters
[2.466s] Level 1:colcon.colcon_core.package_discovery:discover_packages(ignore) check parameters
[2.468s] Level 1:colcon.colcon_core.package_discovery:discover_packages(path) check parameters
[2.469s] Level 1:colcon.colcon_core.package_discovery:discover_packages(colcon_meta) discover
[2.470s] Level 1:colcon.colcon_core.package_discovery:discover_packages(recursive) discover
[2.471s] INFO:colcon.colcon_core.package_discovery:Crawling recursively for packages in '/home/kingpooper/deepRacerWS'
[2.472s] Level 1:colcon.colcon_core.package_identification:_identify(.) by extensions ['ignore', 'ignore_ament_install']
[2.474s] Level 1:colcon.colcon_core.package_identification:_identify(.) by extension 'ignore'
[2.475s] Level 1:colcon.colcon_core.package_identification:_identify(.) by extension 'ignore_ament_install'
[2.476s] Level 1:colcon.colcon_core.package_identification:_identify(.) by extensions ['colcon_pkg']
[2.476s] Level 1:colcon.colcon_core.package_identification:_identify(.) by extension 'colcon_pkg'
[2.477s] Level 1:colcon.colcon_core.package_identification:_identify(.) by extensions ['colcon_meta']
[2.478s] Level 1:colcon.colcon_core.package_identification:_identify(.) by extension 'colcon_meta'
[2.478s] Level 1:colcon.colcon_core.package_identification:_identify(.) by extensions ['ros']
[2.479s] Level 1:colcon.colcon_core.package_identification:_identify(.) by extension 'ros'
[2.570s] Level 1:colcon.colcon_core.package_identification:_identify(.) by extensions ['cmake', 'python']
[2.573s] Level 1:colcon.colcon_core.package_identification:_identify(.) by extension 'cmake'
[2.576s] Level 1:colcon.colcon_core.package_identification:_identify(.) by extension 'python'
[2.576s] Level 1:colcon.colcon_core.package_identification:_identify(.) by extensions ['python_setup_py']
[2.577s] Level 1:colcon.colcon_core.package_identification:_identify(.) by extension 'python_setup_py'
[2.580s] Level 1:colcon.colcon_core.package_identification:_identify(build) by extensions ['ignore', 'ignore_ament_install']
[2.581s] Level 1:colcon.colcon_core.package_identification:_identify(build) by extension 'ignore'
[2.581s] Level 1:colcon.colcon_core.package_identification:_identify(build) ignored
[2.583s] Level 1:colcon.colcon_core.package_identification:_identify(install) by extensions ['ignore', 'ignore_ament_install']
[2.584s] Level 1:colcon.colcon_core.package_identification:_identify(install) by extension 'ignore'
[2.584s] Level 1:colcon.colcon_core.package_identification:_identify(install) ignored
[2.585s] Level 1:colcon.colcon_core.package_identification:_identify(launch) by extensions ['ignore', 'ignore_ament_install']
[2.586s] Level 1:colcon.colcon_core.package_identification:_identify(launch) by extension 'ignore'
[2.587s] Level 1:colcon.colcon_core.package_identification:_identify(launch) by extension 'ignore_ament_install'
[2.588s] Level 1:colcon.colcon_core.package_identification:_identify(launch) by extensions ['colcon_pkg']
[2.588s] Level 1:colcon.colcon_core.package_identification:_identify(launch) by extension 'colcon_pkg'
[2.589s] Level 1:colcon.colcon_core.package_identification:_identify(launch) by extensions ['colcon_meta']
[2.589s] Level 1:colcon.colcon_core.package_identification:_identify(launch) by extension 'colcon_meta'
[2.590s] Level 1:colcon.colcon_core.package_identification:_identify(launch) by extensions ['ros']
[2.590s] Level 1:colcon.colcon_core.package_identification:_identify(launch) by extension 'ros'
[2.591s] Level 1:colcon.colcon_core.package_identification:_identify(launch) by extensions ['cmake', 'python']
[2.592s] Level 1:colcon.colcon_core.package_identification:_identify(launch) by extension 'cmake'
[2.592s] Level 1:colcon.colcon_core.package_identification:_identify(launch) by extension 'python'
[2.592s] Level 1:colcon.colcon_core.package_identification:_identify(launch) by extensions ['python_setup_py']
[2.593s] Level 1:colcon.colcon_core.package_identification:_identify(launch) by extension 'python_setup_py'
[2.594s] Level 1:colcon.colcon_core.package_identification:_identify(launch/__pycache__) by extensions ['ignore', 'ignore_ament_install']
[2.595s] Level 1:colcon.colcon_core.package_identification:_identify(launch/__pycache__) by extension 'ignore'
[2.595s] Level 1:colcon.colcon_core.package_identification:_identify(launch/__pycache__) by extension 'ignore_ament_install'
[2.596s] Level 1:colcon.colcon_core.package_identification:_identify(launch/__pycache__) by extensions ['colcon_pkg']
[2.596s] Level 1:colcon.colcon_core.package_identification:_identify(launch/__pycache__) by extension 'colcon_pkg'
[2.597s] Level 1:colcon.colcon_core.package_identification:_identify(launch/__pycache__) by extensions ['colcon_meta']
[2.597s] Level 1:colcon.colcon_core.package_identification:_identify(launch/__pycache__) by extension 'colcon_meta'
[2.598s] Level 1:colcon.colcon_core.package_identification:_identify(launch/__pycache__) by extensions ['ros']
[2.598s] Level 1:colcon.colcon_core.package_identification:_identify(launch/__pycache__) by extension 'ros'
[2.599s] Level 1:colcon.colcon_core.package_identification:_identify(launch/__pycache__) by extensions ['cmake', 'python']
[2.600s] Level 1:colcon.colcon_core.package_identification:_identify(launch/__pycache__) by extension 'cmake'
[2.600s] Level 1:colcon.colcon_core.package_identification:_identify(launch/__pycache__) by extension 'python'
[2.601s] Level 1:colcon.colcon_core.package_identification:_identify(launch/__pycache__) by extensions ['python_setup_py']
[2.602s] Level 1:colcon.colcon_core.package_identification:_identify(launch/__pycache__) by extension 'python_setup_py'
[2.604s] Level 1:colcon.colcon_core.package_identification:_identify(launch/build) by extensions ['ignore', 'ignore_ament_install']
[2.604s] Level 1:colcon.colcon_core.package_identification:_identify(launch/build) by extension 'ignore'
[2.606s] Level 1:colcon.colcon_core.package_identification:_identify(launch/build) ignored
[2.608s] Level 1:colcon.colcon_core.package_identification:_identify(launch/install) by extensions ['ignore', 'ignore_ament_install']
[2.609s] Level 1:colcon.colcon_core.package_identification:_identify(launch/install) by extension 'ignore'
[2.610s] Level 1:colcon.colcon_core.package_identification:_identify(launch/install) ignored
[2.611s] Level 1:colcon.colcon_core.package_identification:_identify(launch/log) by extensions ['ignore', 'ignore_ament_install']
[2.612s] Level 1:colcon.colcon_core.package_identification:_identify(launch/log) by extension 'ignore'
[2.613s] Level 1:colcon.colcon_core.package_identification:_identify(launch/log) ignored
[2.616s] Level 1:colcon.colcon_core.package_identification:_identify(log) by extensions ['ignore', 'ignore_ament_install']
[2.617s] Level 1:colcon.colcon_core.package_identification:_identify(log) by extension 'ignore'
[2.618s] Level 1:colcon.colcon_core.package_identification:_identify(log) ignored
[2.619s] Level 1:colcon.colcon_core.package_identification:_identify(src) by extensions ['ignore', 'ignore_ament_install']
[2.620s] Level 1:colcon.colcon_core.package_identification:_identify(src) by extension 'ignore'
[2.621s] Level 1:colcon.colcon_core.package_identification:_identify(src) by extension 'ignore_ament_install'
[2.621s] Level 1:colcon.colcon_core.package_identification:_identify(src) by extensions ['colcon_pkg']
[2.625s] Level 1:colcon.colcon_core.package_identification:_identify(src) by extension 'colcon_pkg'
[2.625s] Level 1:colcon.colcon_core.package_identification:_identify(src) by extensions ['colcon_meta']
[2.626s] Level 1:colcon.colcon_core.package_identification:_identify(src) by extension 'colcon_meta'
[2.626s] Level 1:colcon.colcon_core.package_identification:_identify(src) by extensions ['ros']
[2.627s] Level 1:colcon.colcon_core.package_identification:_identify(src) by extension 'ros'
[2.627s] Level 1:colcon.colcon_core.package_identification:_identify(src) by extensions ['cmake', 'python']
[2.628s] Level 1:colcon.colcon_core.package_identification:_identify(src) by extension 'cmake'
[2.628s] Level 1:colcon.colcon_core.package_identification:_identify(src) by extension 'python'
[2.629s] Level 1:colcon.colcon_core.package_identification:_identify(src) by extensions ['python_setup_py']
[2.629s] Level 1:colcon.colcon_core.package_identification:_identify(src) by extension 'python_setup_py'
[2.630s] Level 1:colcon.colcon_core.package_identification:_identify(src/build) by extensions ['ignore', 'ignore_ament_install']
[2.631s] Level 1:colcon.colcon_core.package_identification:_identify(src/build) by extension 'ignore'
[2.632s] Level 1:colcon.colcon_core.package_identification:_identify(src/build) ignored
[2.633s] Level 1:colcon.colcon_core.package_identification:_identify(src/control) by extensions ['ignore', 'ignore_ament_install']
[2.634s] Level 1:colcon.colcon_core.package_identification:_identify(src/control) by extension 'ignore'
[2.635s] Level 1:colcon.colcon_core.package_identification:_identify(src/control) by extension 'ignore_ament_install'
[2.636s] Level 1:colcon.colcon_core.package_identification:_identify(src/control) by extensions ['colcon_pkg']
[2.636s] Level 1:colcon.colcon_core.package_identification:_identify(src/control) by extension 'colcon_pkg'
[2.636s] Level 1:colcon.colcon_core.package_identification:_identify(src/control) by extensions ['colcon_meta']
[2.637s] Level 1:colcon.colcon_core.package_identification:_identify(src/control) by extension 'colcon_meta'
[2.637s] Level 1:colcon.colcon_core.package_identification:_identify(src/control) by extensions ['ros']
[2.642s] Level 1:colcon.colcon_core.package_identification:_identify(src/control) by extension 'ros'
[2.659s] DEBUG:colcon.colcon_core.package_identification:Package 'src/control' with type 'ros.ament_python' and name 'control'
[2.660s] Level 1:colcon.colcon_core.package_identification:_identify(src/install) by extensions ['ignore', 'ignore_ament_install']
[2.661s] Level 1:colcon.colcon_core.package_identification:_identify(src/install) by extension 'ignore'
[2.662s] Level 1:colcon.colcon_core.package_identification:_identify(src/install) ignored
[2.663s] Level 1:colcon.colcon_core.package_identification:_identify(src/log) by extensions ['ignore', 'ignore_ament_install']
[2.664s] Level 1:colcon.colcon_core.package_identification:_identify(src/log) by extension 'ignore'
[2.664s] Level 1:colcon.colcon_core.package_identification:_identify(src/log) ignored
[2.665s] Level 1:colcon.colcon_core.package_identification:_identify(src/robot_car) by extensions ['ignore', 'ignore_ament_install']
[2.667s] Level 1:colcon.colcon_core.package_identification:_identify(src/robot_car) by extension 'ignore'
[2.668s] Level 1:colcon.colcon_core.package_identification:_identify(src/robot_car) by extension 'ignore_ament_install'
[2.669s] Level 1:colcon.colcon_core.package_identification:_identify(src/robot_car) by extensions ['colcon_pkg']
[2.669s] Level 1:colcon.colcon_core.package_identification:_identify(src/robot_car) by extension 'colcon_pkg'
[2.670s] Level 1:colcon.colcon_core.package_identification:_identify(src/robot_car) by extensions ['colcon_meta']
[2.671s] Level 1:colcon.colcon_core.package_identification:_identify(src/robot_car) by extension 'colcon_meta'
[2.673s] Level 1:colcon.colcon_core.package_identification:_identify(src/robot_car) by extensions ['ros']
[2.673s] Level 1:colcon.colcon_core.package_identification:_identify(src/robot_car) by extension 'ros'
[2.740s] DEBUG:colcon.colcon_core.package_identification:Package 'src/robot_car' with type 'ros.ament_cmake' and name 'robot_car'
[2.741s] Level 1:colcon.colcon_core.package_identification:_identify(src/ros2_pca9685) by extensions ['ignore', 'ignore_ament_install']
[2.742s] Level 1:colcon.colcon_core.package_identification:_identify(src/ros2_pca9685) by extension 'ignore'
[2.743s] Level 1:colcon.colcon_core.package_identification:_identify(src/ros2_pca9685) by extension 'ignore_ament_install'
[2.743s] Level 1:colcon.colcon_core.package_identification:_identify(src/ros2_pca9685) by extensions ['colcon_pkg']
[2.744s] Level 1:colcon.colcon_core.package_identification:_identify(src/ros2_pca9685) by extension 'colcon_pkg'
[2.744s] Level 1:colcon.colcon_core.package_identification:_identify(src/ros2_pca9685) by extensions ['colcon_meta']
[2.744s] Level 1:colcon.colcon_core.package_identification:_identify(src/ros2_pca9685) by extension 'colcon_meta'
[2.745s] Level 1:colcon.colcon_core.package_identification:_identify(src/ros2_pca9685) by extensions ['ros']
[2.745s] Level 1:colcon.colcon_core.package_identification:_identify(src/ros2_pca9685) by extension 'ros'
[2.748s] DEBUG:colcon.colcon_core.package_identification:Package 'src/ros2_pca9685' with type 'ros.ament_python' and name 'ros2_pca9685'
[2.749s] Level 1:colcon.colcon_core.package_identification:_identify(src/ros2_v4l2_camera) by extensions ['ignore', 'ignore_ament_install']
[2.750s] Level 1:colcon.colcon_core.package_identification:_identify(src/ros2_v4l2_camera) by extension 'ignore'
[2.751s] Level 1:colcon.colcon_core.package_identification:_identify(src/ros2_v4l2_camera) by extension 'ignore_ament_install'
[2.751s] Level 1:colcon.colcon_core.package_identification:_identify(src/ros2_v4l2_camera) by extensions ['colcon_pkg']
[2.752s] Level 1:colcon.colcon_core.package_identification:_identify(src/ros2_v4l2_camera) by extension 'colcon_pkg'
[2.752s] Level 1:colcon.colcon_core.package_identification:_identify(src/ros2_v4l2_camera) by extensions ['colcon_meta']
[2.753s] Level 1:colcon.colcon_core.package_identification:_identify(src/ros2_v4l2_camera) by extension 'colcon_meta'
[2.753s] Level 1:colcon.colcon_core.package_identification:_identify(src/ros2_v4l2_camera) by extensions ['ros']
[2.753s] Level 1:colcon.colcon_core.package_identification:_identify(src/ros2_v4l2_camera) by extension 'ros'
[2.758s] DEBUG:colcon.colcon_core.package_identification:Package 'src/ros2_v4l2_camera' with type 'ros.ament_cmake' and name 'v4l2_camera'
[2.760s] Level 1:colcon.colcon_core.package_identification:_identify(src/rplidar_ros) by extensions ['ignore', 'ignore_ament_install']
[2.760s] Level 1:colcon.colcon_core.package_identification:_identify(src/rplidar_ros) by extension 'ignore'
[2.761s] Level 1:colcon.colcon_core.package_identification:_identify(src/rplidar_ros) by extension 'ignore_ament_install'
[2.762s] Level 1:colcon.colcon_core.package_identification:_identify(src/rplidar_ros) by extensions ['colcon_pkg']
[2.762s] Level 1:colcon.colcon_core.package_identification:_identify(src/rplidar_ros) by extension 'colcon_pkg'
[2.763s] Level 1:colcon.colcon_core.package_identification:_identify(src/rplidar_ros) by extensions ['colcon_meta']
[2.763s] Level 1:colcon.colcon_core.package_identification:_identify(src/rplidar_ros) by extension 'colcon_meta'
[2.764s] Level 1:colcon.colcon_core.package_identification:_identify(src/rplidar_ros) by extensions ['ros']
[2.764s] Level 1:colcon.colcon_core.package_identification:_identify(src/rplidar_ros) by extension 'ros'
[2.768s] DEBUG:colcon.colcon_core.package_identification:Package 'src/rplidar_ros' with type 'ros.ament_cmake' and name 'rplidar_ros'
[2.770s] Level 1:colcon.colcon_core.package_identification:_identify(src/slamconfig) by extensions ['ignore', 'ignore_ament_install']
[2.772s] Level 1:colcon.colcon_core.package_identification:_identify(src/slamconfig) by extension 'ignore'
[2.773s] Level 1:colcon.colcon_core.package_identification:_identify(src/slamconfig) by extension 'ignore_ament_install'
[2.773s] Level 1:colcon.colcon_core.package_identification:_identify(src/slamconfig) by extensions ['colcon_pkg']
[2.774s] Level 1:colcon.colcon_core.package_identification:_identify(src/slamconfig) by extension 'colcon_pkg'
[2.775s] Level 1:colcon.colcon_core.package_identification:_identify(src/slamconfig) by extensions ['colcon_meta']
[2.775s] Level 1:colcon.colcon_core.package_identification:_identify(src/slamconfig) by extension 'colcon_meta'
[2.776s] Level 1:colcon.colcon_core.package_identification:_identify(src/slamconfig) by extensions ['ros']
[2.776s] Level 1:colcon.colcon_core.package_identification:_identify(src/slamconfig) by extension 'ros'
[2.777s] Level 1:colcon.colcon_core.package_identification:_identify(src/slamconfig) by extensions ['cmake', 'python']
[2.778s] Level 1:colcon.colcon_core.package_identification:_identify(src/slamconfig) by extension 'cmake'
[2.778s] Level 1:colcon.colcon_core.package_identification:_identify(src/slamconfig) by extension 'python'
[2.779s] Level 1:colcon.colcon_core.package_identification:_identify(src/slamconfig) by extensions ['python_setup_py']
[2.780s] Level 1:colcon.colcon_core.package_identification:_identify(src/slamconfig) by extension 'python_setup_py'
[2.781s] Level 1:colcon.colcon_core.package_identification:_identify(src/tape) by extensions ['ignore', 'ignore_ament_install']
[2.782s] Level 1:colcon.colcon_core.package_identification:_identify(src/tape) by extension 'ignore'
[2.782s] Level 1:colcon.colcon_core.package_identification:_identify(src/tape) by extension 'ignore_ament_install'
[2.783s] Level 1:colcon.colcon_core.package_identification:_identify(src/tape) by extensions ['colcon_pkg']
[2.783s] Level 1:colcon.colcon_core.package_identification:_identify(src/tape) by extension 'colcon_pkg'
[2.784s] Level 1:colcon.colcon_core.package_identification:_identify(src/tape) by extensions ['colcon_meta']
[2.784s] Level 1:colcon.colcon_core.package_identification:_identify(src/tape) by extension 'colcon_meta'
[2.785s] Level 1:colcon.colcon_core.package_identification:_identify(src/tape) by extensions ['ros']
[2.785s] Level 1:colcon.colcon_core.package_identification:_identify(src/tape) by extension 'ros'
[2.788s] DEBUG:colcon.colcon_core.package_identification:Package 'src/tape' with type 'ros.ament_python' and name 'tape'
[2.788s] Level 1:colcon.colcon_core.package_discovery:discover_packages(recursive) using defaults
[2.789s] Level 1:colcon.colcon_core.package_discovery:discover_packages(ignore) discover
[2.789s] Level 1:colcon.colcon_core.package_discovery:discover_packages(ignore) using defaults
[2.789s] Level 1:colcon.colcon_core.package_discovery:discover_packages(path) discover
[2.789s] Level 1:colcon.colcon_core.package_discovery:discover_packages(path) using defaults
[2.928s] INFO:colcon.colcon_core.package_selection:Skipping not selected package 'control' in 'src/control'
[2.929s] INFO:colcon.colcon_core.package_selection:Skipping not selected package 'robot_car' in 'src/robot_car'
[2.929s] INFO:colcon.colcon_core.package_selection:Skipping not selected package 'ros2_pca9685' in 'src/ros2_pca9685'
[2.930s] INFO:colcon.colcon_core.package_selection:Skipping not selected package 'rplidar_ros' in 'src/rplidar_ros'
[2.930s] INFO:colcon.colcon_core.package_selection:Skipping not selected package 'v4l2_camera' in 'src/ros2_v4l2_camera'
[2.933s] Level 1:colcon.colcon_core.package_discovery:discover_packages(prefix_path) check parameters
[2.934s] Level 1:colcon.colcon_core.package_discovery:discover_packages(prefix_path) discover
[2.954s] DEBUG:colcon.colcon_installed_package_information.package_discovery:Found 6 installed packages in /home/kingpooper/deepRacerWS/install
[2.968s] DEBUG:colcon.colcon_installed_package_information.package_discovery:Found 359 installed packages in /opt/ros/humble
[2.984s] Level 1:colcon.colcon_core.package_discovery:discover_packages(prefix_path) using defaults
[3.408s] Level 5:colcon.colcon_core.verb:set package 'tape' build argument 'cmake_args' from command line to 'None'
[3.408s] Level 5:colcon.colcon_core.verb:set package 'tape' build argument 'cmake_target' from command line to 'None'
[3.408s] Level 5:colcon.colcon_core.verb:set package 'tape' build argument 'cmake_target_skip_unavailable' from command line to 'False'
[3.409s] Level 5:colcon.colcon_core.verb:set package 'tape' build argument 'cmake_clean_cache' from command line to 'False'
[3.409s] Level 5:colcon.colcon_core.verb:set package 'tape' build argument 'cmake_clean_first' from command line to 'False'
[3.409s] Level 5:colcon.colcon_core.verb:set package 'tape' build argument 'cmake_force_configure' from command line to 'False'
[3.409s] Level 5:colcon.colcon_core.verb:set package 'tape' build argument 'ament_cmake_args' from command line to 'None'
[3.409s] Level 5:colcon.colcon_core.verb:set package 'tape' build argument 'catkin_cmake_args' from command line to 'None'
[3.409s] Level 5:colcon.colcon_core.verb:set package 'tape' build argument 'catkin_skip_building_tests' from command line to 'False'
[3.409s] DEBUG:colcon.colcon_core.verb:Building package 'tape' with the following arguments: {'ament_cmake_args': None, 'build_base': '/home/kingpooper/deepRacerWS/build/tape', 'catkin_cmake_args': None, 'catkin_skip_building_tests': False, 'cmake_args': None, 'cmake_clean_cache': False, 'cmake_clean_first': False, 'cmake_force_configure': False, 'cmake_target': None, 'cmake_target_skip_unavailable': False, 'install_base': '/home/kingpooper/deepRacerWS/install/tape', 'merge_install': False, 'path': '/home/kingpooper/deepRacerWS/src/tape', 'symlink_install': False, 'test_result_base': None}
[3.410s] INFO:colcon.colcon_core.executor:Executing jobs using 'parallel' executor
[3.415s] DEBUG:colcon.colcon_parallel_executor.executor.parallel:run_until_complete
[3.417s] INFO:colcon.colcon_ros.task.ament_python.build:Building ROS package in '/home/kingpooper/deepRacerWS/src/tape' with build type 'ament_python'
[3.418s] Level 1:colcon.colcon_core.shell:create_environment_hook('tape', 'ament_prefix_path')
[3.435s] INFO:colcon.colcon_core.plugin_system:Skipping extension 'colcon_core.shell.bat': Not used on non-Windows systems
[3.438s] INFO:colcon.colcon_core.shell:Creating environment hook '/home/kingpooper/deepRacerWS/install/tape/share/tape/hook/ament_prefix_path.ps1'
[3.445s] INFO:colcon.colcon_core.shell:Creating environment descriptor '/home/kingpooper/deepRacerWS/install/tape/share/tape/hook/ament_prefix_path.dsv'
[3.453s] INFO:colcon.colcon_core.shell:Creating environment hook '/home/kingpooper/deepRacerWS/install/tape/share/tape/hook/ament_prefix_path.sh'
[3.460s] INFO:colcon.colcon_core.shell:Skip shell extension 'powershell' for command environment: Not usable outside of PowerShell
[3.461s] DEBUG:colcon.colcon_core.shell:Skip shell extension 'dsv' for command environment
[6.230s] INFO:colcon.colcon_core.task.python.build:Building Python package in '/home/kingpooper/deepRacerWS/src/tape'
[6.231s] INFO:colcon.colcon_core.shell:Skip shell extension 'powershell' for command environment: Not usable outside of PowerShell
[6.232s] DEBUG:colcon.colcon_core.shell:Skip shell extension 'dsv' for command environment
[9.291s] DEBUG:colcon.colcon_core.event_handler.log_command:Invoking command in '/home/kingpooper/deepRacerWS/src/tape': PYTHONPATH=/home/kingpooper/deepRacerWS/build/tape/prefix_override:/usr/lib/python3/dist-packages/colcon_core/task/python/colcon_distutils_commands:/home/kingpooper/deepRacerWS/install/tape/lib/python3.10/site-packages:${PYTHONPATH} /usr/bin/python3 -W ignore:setup.py install is deprecated -W ignore:easy_install command is deprecated setup.py egg_info --egg-base ../../build/tape build --build-base /home/kingpooper/deepRacerWS/build/tape/build install --record /home/kingpooper/deepRacerWS/build/tape/install.log --single-version-externally-managed install_data
[12.247s] DEBUG:colcon.colcon_core.event_handler.log_command:Invoked command in '/home/kingpooper/deepRacerWS/src/tape' returned '0': PYTHONPATH=/home/kingpooper/deepRacerWS/build/tape/prefix_override:/usr/lib/python3/dist-packages/colcon_core/task/python/colcon_distutils_commands:/home/kingpooper/deepRacerWS/install/tape/lib/python3.10/site-packages:${PYTHONPATH} /usr/bin/python3 -W ignore:setup.py install is deprecated -W ignore:easy_install command is deprecated setup.py egg_info --egg-base ../../build/tape build --build-base /home/kingpooper/deepRacerWS/build/tape/build install --record /home/kingpooper/deepRacerWS/build/tape/install.log --single-version-externally-managed install_data
[12.262s] Level 1:colcon.colcon_core.environment:checking '/home/kingpooper/deepRacerWS/install/tape' for CMake module files
[12.269s] Level 1:colcon.colcon_core.environment:checking '/home/kingpooper/deepRacerWS/install/tape' for CMake config files
[12.284s] Level 1:colcon.colcon_core.environment:checking '/home/kingpooper/deepRacerWS/install/tape/lib'
[12.286s] Level 1:colcon.colcon_core.environment:checking '/home/kingpooper/deepRacerWS/install/tape/bin'
[12.287s] Level 1:colcon.colcon_core.environment:checking '/home/kingpooper/deepRacerWS/install/tape/lib/pkgconfig/tape.pc'
[12.289s] Level 1:colcon.colcon_core.environment:checking '/home/kingpooper/deepRacerWS/install/tape/lib/python3.10/site-packages'
[12.289s] Level 1:colcon.colcon_core.shell:create_environment_hook('tape', 'pythonpath')
[12.299s] INFO:colcon.colcon_core.shell:Creating environment hook '/home/kingpooper/deepRacerWS/install/tape/share/tape/hook/pythonpath.ps1'
[12.306s] INFO:colcon.colcon_core.shell:Creating environment descriptor '/home/kingpooper/deepRacerWS/install/tape/share/tape/hook/pythonpath.dsv'
[12.310s] INFO:colcon.colcon_core.shell:Creating environment hook '/home/kingpooper/deepRacerWS/install/tape/share/tape/hook/pythonpath.sh'
[12.316s] Level 1:colcon.colcon_core.environment:checking '/home/kingpooper/deepRacerWS/install/tape/bin'
[12.317s] Level 1:colcon.colcon_core.environment:create_environment_scripts_only(tape)
[12.320s] INFO:colcon.colcon_core.shell:Creating package script '/home/kingpooper/deepRacerWS/install/tape/share/tape/package.ps1'
[12.326s] INFO:colcon.colcon_core.shell:Creating package descriptor '/home/kingpooper/deepRacerWS/install/tape/share/tape/package.dsv'
[12.331s] INFO:colcon.colcon_core.shell:Creating package script '/home/kingpooper/deepRacerWS/install/tape/share/tape/package.sh'
[12.337s] INFO:colcon.colcon_core.shell:Creating package script '/home/kingpooper/deepRacerWS/install/tape/share/tape/package.bash'
[12.347s] INFO:colcon.colcon_core.shell:Creating package script '/home/kingpooper/deepRacerWS/install/tape/share/tape/package.zsh'
[12.353s] Level 1:colcon.colcon_core.environment:create_file_with_runtime_dependencies(/home/kingpooper/deepRacerWS/install/tape/share/colcon-core/packages/tape)
[12.365s] DEBUG:colcon.colcon_parallel_executor.executor.parallel:closing loop
[12.369s] DEBUG:colcon.colcon_parallel_executor.executor.parallel:loop closed
[12.370s] DEBUG:colcon.colcon_parallel_executor.executor.parallel:run_until_complete finished with '0'
[12.371s] DEBUG:colcon.colcon_core.event_reactor:joining thread
[12.471s] INFO:colcon.colcon_core.plugin_system:Skipping extension 'colcon_notification.desktop_notification.terminal_notifier': Not used on non-Darwin systems
[12.472s] INFO:colcon.colcon_core.plugin_system:Skipping extension 'colcon_notification.desktop_notification.win32': Not used on non-Windows systems
[12.472s] INFO:colcon.colcon_notification.desktop_notification:Sending desktop notification using 'notify2'
[12.607s] DEBUG:colcon.colcon_core.event_reactor:joined thread
[12.608s] INFO:colcon.colcon_core.shell:Creating prefix script '/home/kingpooper/deepRacerWS/install/local_setup.ps1'
[12.632s] INFO:colcon.colcon_core.shell:Creating prefix util module '/home/kingpooper/deepRacerWS/install/_local_setup_util_ps1.py'
[12.662s] INFO:colcon.colcon_core.shell:Creating prefix chain script '/home/kingpooper/deepRacerWS/install/setup.ps1'
[12.683s] INFO:colcon.colcon_core.shell:Creating prefix script '/home/kingpooper/deepRacerWS/install/local_setup.sh'
[12.688s] INFO:colcon.colcon_core.shell:Creating prefix util module '/home/kingpooper/deepRacerWS/install/_local_setup_util_sh.py'
[12.692s] INFO:colcon.colcon_core.shell:Creating prefix chain script '/home/kingpooper/deepRacerWS/install/setup.sh'
[12.703s] INFO:colcon.colcon_core.shell:Creating prefix script '/home/kingpooper/deepRacerWS/install/local_setup.bash'
[12.706s] INFO:colcon.colcon_core.shell:Creating prefix chain script '/home/kingpooper/deepRacerWS/install/setup.bash'
[12.716s] INFO:colcon.colcon_core.shell:Creating prefix script '/home/kingpooper/deepRacerWS/install/local_setup.zsh'
[12.720s] INFO:colcon.colcon_core.shell:Creating prefix chain script '/home/kingpooper/deepRacerWS/install/setup.zsh'
