[0.862s] DEBUG:colcon:Command line arguments: ['/usr/bin/colcon', 'build', '--packages-select', 'robot_car']
[0.862s] DEBUG:colcon:Parsed command line arguments: Namespace(log_base=None, log_level=None, verb_name='build', build_base='build', install_base='install', merge_install=False, symlink_install=False, test_result_base=None, continue_on_error=False, executor='parallel', parallel_workers=4, event_handlers=None, ignore_user_meta=False, metas=['./colcon.meta'], base_paths=['.'], packages_ignore=None, packages_ignore_regex=None, paths=None, packages_up_to=None, packages_up_to_regex=None, packages_above=None, packages_above_and_dependencies=None, packages_above_depth=None, packages_select_by_dep=None, packages_skip_by_dep=None, packages_skip_up_to=None, packages_select_build_failed=False, packages_skip_build_finished=False, packages_select_test_failures=False, packages_skip_test_passed=False, packages_select=['robot_car'], packages_skip=None, packages_select_regex=None, packages_skip_regex=None, packages_start=None, packages_end=None, allow_overriding=[], cmake_args=None, cmake_target=None, cmake_target_skip_unavailable=False, cmake_clean_cache=False, cmake_clean_first=False, cmake_force_configure=False, ament_cmake_args=None, catkin_cmake_args=None, catkin_skip_building_tests=False, mixin_files=None, mixin=None, verb_parser=<colcon_mixin.mixin.mixin_argument.MixinArgumentDecorator object at 0xffffa7676140>, verb_extension=<colcon_core.verb.build.BuildVerb object at 0xffffa782e6b0>, main=<bound method BuildVerb.main of <colcon_core.verb.build.BuildVerb object at 0xffffa782e6b0>>, mixin_verb=('build',))
[2.469s] Level 1:colcon.colcon_core.package_discovery:discover_packages(colcon_meta) check parameters
[2.470s] Level 1:colcon.colcon_core.package_discovery:discover_packages(recursive) check parameters
[2.471s] Level 1:colcon.colcon_core.package_discovery:discover_packages(ignore) check parameters
[2.471s] Level 1:colcon.colcon_core.package_discovery:discover_packages(path) check parameters
[2.471s] Level 1:colcon.colcon_core.package_discovery:discover_packages(colcon_meta) discover
[2.472s] Level 1:colcon.colcon_core.package_discovery:discover_packages(recursive) discover
[2.472s] INFO:colcon.colcon_core.package_discovery:Crawling recursively for packages in '/home/kingpooper/deepRacerWS'
[2.473s] Level 1:colcon.colcon_core.package_identification:_identify(.) by extensions ['ignore', 'ignore_ament_install']
[2.475s] Level 1:colcon.colcon_core.package_identification:_identify(.) by extension 'ignore'
[2.475s] Level 1:colcon.colcon_core.package_identification:_identify(.) by extension 'ignore_ament_install'
[2.476s] Level 1:colcon.colcon_core.package_identification:_identify(.) by extensions ['colcon_pkg']
[2.476s] Level 1:colcon.colcon_core.package_identification:_identify(.) by extension 'colcon_pkg'
[2.477s] Level 1:colcon.colcon_core.package_identification:_identify(.) by extensions ['colcon_meta']
[2.477s] Level 1:colcon.colcon_core.package_identification:_identify(.) by extension 'colcon_meta'
[2.478s] Level 1:colcon.colcon_core.package_identification:_identify(.) by extensions ['ros']
[2.478s] Level 1:colcon.colcon_core.package_identification:_identify(.) by extension 'ros'
[2.574s] Level 1:colcon.colcon_core.package_identification:_identify(.) by extensions ['cmake', 'python']
[2.576s] Level 1:colcon.colcon_core.package_identification:_identify(.) by extension 'cmake'
[2.576s] Level 1:colcon.colcon_core.package_identification:_identify(.) by extension 'python'
[2.577s] Level 1:colcon.colcon_core.package_identification:_identify(.) by extensions ['python_setup_py']
[2.577s] Level 1:colcon.colcon_core.package_identification:_identify(.) by extension 'python_setup_py'
[2.578s] Level 1:colcon.colcon_core.package_identification:_identify(build) by extensions ['ignore', 'ignore_ament_install']
[2.579s] Level 1:colcon.colcon_core.package_identification:_identify(build) by extension 'ignore'
[2.580s] Level 1:colcon.colcon_core.package_identification:_identify(build) ignored
[2.581s] Level 1:colcon.colcon_core.package_identification:_identify(install) by extensions ['ignore', 'ignore_ament_install']
[2.585s] Level 1:colcon.colcon_core.package_identification:_identify(install) by extension 'ignore'
[2.585s] Level 1:colcon.colcon_core.package_identification:_identify(install) ignored
[2.586s] Level 1:colcon.colcon_core.package_identification:_identify(launch) by extensions ['ignore', 'ignore_ament_install']
[2.587s] Level 1:colcon.colcon_core.package_identification:_identify(launch) by extension 'ignore'
[2.587s] Level 1:colcon.colcon_core.package_identification:_identify(launch) by extension 'ignore_ament_install'
[2.588s] Level 1:colcon.colcon_core.package_identification:_identify(launch) by extensions ['colcon_pkg']
[2.588s] Level 1:colcon.colcon_core.package_identification:_identify(launch) by extension 'colcon_pkg'
[2.588s] Level 1:colcon.colcon_core.package_identification:_identify(launch) by extensions ['colcon_meta']
[2.589s] Level 1:colcon.colcon_core.package_identification:_identify(launch) by extension 'colcon_meta'
[2.589s] Level 1:colcon.colcon_core.package_identification:_identify(launch) by extensions ['ros']
[2.589s] Level 1:colcon.colcon_core.package_identification:_identify(launch) by extension 'ros'
[2.590s] Level 1:colcon.colcon_core.package_identification:_identify(launch) by extensions ['cmake', 'python']
[2.590s] Level 1:colcon.colcon_core.package_identification:_identify(launch) by extension 'cmake'
[2.591s] Level 1:colcon.colcon_core.package_identification:_identify(launch) by extension 'python'
[2.591s] Level 1:colcon.colcon_core.package_identification:_identify(launch) by extensions ['python_setup_py']
[2.592s] Level 1:colcon.colcon_core.package_identification:_identify(launch) by extension 'python_setup_py'
[2.593s] Level 1:colcon.colcon_core.package_identification:_identify(launch/__pycache__) by extensions ['ignore', 'ignore_ament_install']
[2.594s] Level 1:colcon.colcon_core.package_identification:_identify(launch/__pycache__) by extension 'ignore'
[2.595s] Level 1:colcon.colcon_core.package_identification:_identify(launch/__pycache__) by extension 'ignore_ament_install'
[2.595s] Level 1:colcon.colcon_core.package_identification:_identify(launch/__pycache__) by extensions ['colcon_pkg']
[2.595s] Level 1:colcon.colcon_core.package_identification:_identify(launch/__pycache__) by extension 'colcon_pkg'
[2.596s] Level 1:colcon.colcon_core.package_identification:_identify(launch/__pycache__) by extensions ['colcon_meta']
[2.596s] Level 1:colcon.colcon_core.package_identification:_identify(launch/__pycache__) by extension 'colcon_meta'
[2.596s] Level 1:colcon.colcon_core.package_identification:_identify(launch/__pycache__) by extensions ['ros']
[2.597s] Level 1:colcon.colcon_core.package_identification:_identify(launch/__pycache__) by extension 'ros'
[2.598s] Level 1:colcon.colcon_core.package_identification:_identify(launch/__pycache__) by extensions ['cmake', 'python']
[2.598s] Level 1:colcon.colcon_core.package_identification:_identify(launch/__pycache__) by extension 'cmake'
[2.598s] Level 1:colcon.colcon_core.package_identification:_identify(launch/__pycache__) by extension 'python'
[2.599s] Level 1:colcon.colcon_core.package_identification:_identify(launch/__pycache__) by extensions ['python_setup_py']
[2.599s] Level 1:colcon.colcon_core.package_identification:_identify(launch/__pycache__) by extension 'python_setup_py'
[2.601s] Level 1:colcon.colcon_core.package_identification:_identify(launch/build) by extensions ['ignore', 'ignore_ament_install']
[2.602s] Level 1:colcon.colcon_core.package_identification:_identify(launch/build) by extension 'ignore'
[2.603s] Level 1:colcon.colcon_core.package_identification:_identify(launch/build) ignored
[2.604s] Level 1:colcon.colcon_core.package_identification:_identify(launch/install) by extensions ['ignore', 'ignore_ament_install']
[2.604s] Level 1:colcon.colcon_core.package_identification:_identify(launch/install) by extension 'ignore'
[2.605s] Level 1:colcon.colcon_core.package_identification:_identify(launch/install) ignored
[2.606s] Level 1:colcon.colcon_core.package_identification:_identify(launch/log) by extensions ['ignore', 'ignore_ament_install']
[2.606s] Level 1:colcon.colcon_core.package_identification:_identify(launch/log) by extension 'ignore'
[2.607s] Level 1:colcon.colcon_core.package_identification:_identify(launch/log) ignored
[2.609s] Level 1:colcon.colcon_core.package_identification:_identify(log) by extensions ['ignore', 'ignore_ament_install']
[2.610s] Level 1:colcon.colcon_core.package_identification:_identify(log) by extension 'ignore'
[2.610s] Level 1:colcon.colcon_core.package_identification:_identify(log) ignored
[2.610s] Level 1:colcon.colcon_core.package_identification:_identify(src) by extensions ['ignore', 'ignore_ament_install']
[2.611s] Level 1:colcon.colcon_core.package_identification:_identify(src) by extension 'ignore'
[2.611s] Level 1:colcon.colcon_core.package_identification:_identify(src) by extension 'ignore_ament_install'
[2.611s] Level 1:colcon.colcon_core.package_identification:_identify(src) by extensions ['colcon_pkg']
[2.611s] Level 1:colcon.colcon_core.package_identification:_identify(src) by extension 'colcon_pkg'
[2.611s] Level 1:colcon.colcon_core.package_identification:_identify(src) by extensions ['colcon_meta']
[2.612s] Level 1:colcon.colcon_core.package_identification:_identify(src) by extension 'colcon_meta'
[2.612s] Level 1:colcon.colcon_core.package_identification:_identify(src) by extensions ['ros']
[2.612s] Level 1:colcon.colcon_core.package_identification:_identify(src) by extension 'ros'
[2.612s] Level 1:colcon.colcon_core.package_identification:_identify(src) by extensions ['cmake', 'python']
[2.613s] Level 1:colcon.colcon_core.package_identification:_identify(src) by extension 'cmake'
[2.613s] Level 1:colcon.colcon_core.package_identification:_identify(src) by extension 'python'
[2.613s] Level 1:colcon.colcon_core.package_identification:_identify(src) by extensions ['python_setup_py']
[2.613s] Level 1:colcon.colcon_core.package_identification:_identify(src) by extension 'python_setup_py'
[2.614s] Level 1:colcon.colcon_core.package_identification:_identify(src/build) by extensions ['ignore', 'ignore_ament_install']
[2.614s] Level 1:colcon.colcon_core.package_identification:_identify(src/build) by extension 'ignore'
[2.615s] Level 1:colcon.colcon_core.package_identification:_identify(src/build) ignored
[2.615s] Level 1:colcon.colcon_core.package_identification:_identify(src/control) by extensions ['ignore', 'ignore_ament_install']
[2.615s] Level 1:colcon.colcon_core.package_identification:_identify(src/control) by extension 'ignore'
[2.616s] Level 1:colcon.colcon_core.package_identification:_identify(src/control) by extension 'ignore_ament_install'
[2.616s] Level 1:colcon.colcon_core.package_identification:_identify(src/control) by extensions ['colcon_pkg']
[2.616s] Level 1:colcon.colcon_core.package_identification:_identify(src/control) by extension 'colcon_pkg'
[2.616s] Level 1:colcon.colcon_core.package_identification:_identify(src/control) by extensions ['colcon_meta']
[2.616s] Level 1:colcon.colcon_core.package_identification:_identify(src/control) by extension 'colcon_meta'
[2.617s] Level 1:colcon.colcon_core.package_identification:_identify(src/control) by extensions ['ros']
[2.617s] Level 1:colcon.colcon_core.package_identification:_identify(src/control) by extension 'ros'
[2.627s] DEBUG:colcon.colcon_core.package_identification:Package 'src/control' with type 'ros.ament_python' and name 'control'
[2.628s] Level 1:colcon.colcon_core.package_identification:_identify(src/install) by extensions ['ignore', 'ignore_ament_install']
[2.629s] Level 1:colcon.colcon_core.package_identification:_identify(src/install) by extension 'ignore'
[2.630s] Level 1:colcon.colcon_core.package_identification:_identify(src/install) ignored
[2.630s] Level 1:colcon.colcon_core.package_identification:_identify(src/log) by extensions ['ignore', 'ignore_ament_install']
[2.631s] Level 1:colcon.colcon_core.package_identification:_identify(src/log) by extension 'ignore'
[2.631s] Level 1:colcon.colcon_core.package_identification:_identify(src/log) ignored
[2.632s] Level 1:colcon.colcon_core.package_identification:_identify(src/robot_car) by extensions ['ignore', 'ignore_ament_install']
[2.633s] Level 1:colcon.colcon_core.package_identification:_identify(src/robot_car) by extension 'ignore'
[2.633s] Level 1:colcon.colcon_core.package_identification:_identify(src/robot_car) by extension 'ignore_ament_install'
[2.633s] Level 1:colcon.colcon_core.package_identification:_identify(src/robot_car) by extensions ['colcon_pkg']
[2.634s] Level 1:colcon.colcon_core.package_identification:_identify(src/robot_car) by extension 'colcon_pkg'
[2.634s] Level 1:colcon.colcon_core.package_identification:_identify(src/robot_car) by extensions ['colcon_meta']
[2.634s] Level 1:colcon.colcon_core.package_identification:_identify(src/robot_car) by extension 'colcon_meta'
[2.634s] Level 1:colcon.colcon_core.package_identification:_identify(src/robot_car) by extensions ['ros']
[2.635s] Level 1:colcon.colcon_core.package_identification:_identify(src/robot_car) by extension 'ros'
[2.683s] DEBUG:colcon.colcon_core.package_identification:Package 'src/robot_car' with type 'ros.ament_cmake' and name 'robot_car'
[2.685s] Level 1:colcon.colcon_core.package_identification:_identify(src/ros2_pca9685) by extensions ['ignore', 'ignore_ament_install']
[2.686s] Level 1:colcon.colcon_core.package_identification:_identify(src/ros2_pca9685) by extension 'ignore'
[2.686s] Level 1:colcon.colcon_core.package_identification:_identify(src/ros2_pca9685) by extension 'ignore_ament_install'
[2.687s] Level 1:colcon.colcon_core.package_identification:_identify(src/ros2_pca9685) by extensions ['colcon_pkg']
[2.687s] Level 1:colcon.colcon_core.package_identification:_identify(src/ros2_pca9685) by extension 'colcon_pkg'
[2.688s] Level 1:colcon.colcon_core.package_identification:_identify(src/ros2_pca9685) by extensions ['colcon_meta']
[2.688s] Level 1:colcon.colcon_core.package_identification:_identify(src/ros2_pca9685) by extension 'colcon_meta'
[2.689s] Level 1:colcon.colcon_core.package_identification:_identify(src/ros2_pca9685) by extensions ['ros']
[2.689s] Level 1:colcon.colcon_core.package_identification:_identify(src/ros2_pca9685) by extension 'ros'
[2.691s] DEBUG:colcon.colcon_core.package_identification:Package 'src/ros2_pca9685' with type 'ros.ament_python' and name 'ros2_pca9685'
[2.692s] Level 1:colcon.colcon_core.package_identification:_identify(src/ros2_v4l2_camera) by extensions ['ignore', 'ignore_ament_install']
[2.693s] Level 1:colcon.colcon_core.package_identification:_identify(src/ros2_v4l2_camera) by extension 'ignore'
[2.694s] Level 1:colcon.colcon_core.package_identification:_identify(src/ros2_v4l2_camera) by extension 'ignore_ament_install'
[2.695s] Level 1:colcon.colcon_core.package_identification:_identify(src/ros2_v4l2_camera) by extensions ['colcon_pkg']
[2.696s] Level 1:colcon.colcon_core.package_identification:_identify(src/ros2_v4l2_camera) by extension 'colcon_pkg'
[2.696s] Level 1:colcon.colcon_core.package_identification:_identify(src/ros2_v4l2_camera) by extensions ['colcon_meta']
[2.697s] Level 1:colcon.colcon_core.package_identification:_identify(src/ros2_v4l2_camera) by extension 'colcon_meta'
[2.697s] Level 1:colcon.colcon_core.package_identification:_identify(src/ros2_v4l2_camera) by extensions ['ros']
[2.697s] Level 1:colcon.colcon_core.package_identification:_identify(src/ros2_v4l2_camera) by extension 'ros'
[2.701s] DEBUG:colcon.colcon_core.package_identification:Package 'src/ros2_v4l2_camera' with type 'ros.ament_cmake' and name 'v4l2_camera'
[2.702s] Level 1:colcon.colcon_core.package_identification:_identify(src/rplidar_ros) by extensions ['ignore', 'ignore_ament_install']
[2.703s] Level 1:colcon.colcon_core.package_identification:_identify(src/rplidar_ros) by extension 'ignore'
[2.703s] Level 1:colcon.colcon_core.package_identification:_identify(src/rplidar_ros) by extension 'ignore_ament_install'
[2.704s] Level 1:colcon.colcon_core.package_identification:_identify(src/rplidar_ros) by extensions ['colcon_pkg']
[2.704s] Level 1:colcon.colcon_core.package_identification:_identify(src/rplidar_ros) by extension 'colcon_pkg'
[2.705s] Level 1:colcon.colcon_core.package_identification:_identify(src/rplidar_ros) by extensions ['colcon_meta']
[2.705s] Level 1:colcon.colcon_core.package_identification:_identify(src/rplidar_ros) by extension 'colcon_meta'
[2.705s] Level 1:colcon.colcon_core.package_identification:_identify(src/rplidar_ros) by extensions ['ros']
[2.706s] Level 1:colcon.colcon_core.package_identification:_identify(src/rplidar_ros) by extension 'ros'
[2.709s] DEBUG:colcon.colcon_core.package_identification:Package 'src/rplidar_ros' with type 'ros.ament_cmake' and name 'rplidar_ros'
[2.710s] Level 1:colcon.colcon_core.package_identification:_identify(src/slamconfig) by extensions ['ignore', 'ignore_ament_install']
[2.711s] Level 1:colcon.colcon_core.package_identification:_identify(src/slamconfig) by extension 'ignore'
[2.711s] Level 1:colcon.colcon_core.package_identification:_identify(src/slamconfig) by extension 'ignore_ament_install'
[2.711s] Level 1:colcon.colcon_core.package_identification:_identify(src/slamconfig) by extensions ['colcon_pkg']
[2.712s] Level 1:colcon.colcon_core.package_identification:_identify(src/slamconfig) by extension 'colcon_pkg'
[2.712s] Level 1:colcon.colcon_core.package_identification:_identify(src/slamconfig) by extensions ['colcon_meta']
[2.712s] Level 1:colcon.colcon_core.package_identification:_identify(src/slamconfig) by extension 'colcon_meta'
[2.713s] Level 1:colcon.colcon_core.package_identification:_identify(src/slamconfig) by extensions ['ros']
[2.713s] Level 1:colcon.colcon_core.package_identification:_identify(src/slamconfig) by extension 'ros'
[2.714s] Level 1:colcon.colcon_core.package_identification:_identify(src/slamconfig) by extensions ['cmake', 'python']
[2.714s] Level 1:colcon.colcon_core.package_identification:_identify(src/slamconfig) by extension 'cmake'
[2.714s] Level 1:colcon.colcon_core.package_identification:_identify(src/slamconfig) by extension 'python'
[2.714s] Level 1:colcon.colcon_core.package_identification:_identify(src/slamconfig) by extensions ['python_setup_py']
[2.715s] Level 1:colcon.colcon_core.package_identification:_identify(src/slamconfig) by extension 'python_setup_py'
[2.715s] Level 1:colcon.colcon_core.package_identification:_identify(src/tape) by extensions ['ignore', 'ignore_ament_install']
[2.716s] Level 1:colcon.colcon_core.package_identification:_identify(src/tape) by extension 'ignore'
[2.716s] Level 1:colcon.colcon_core.package_identification:_identify(src/tape) by extension 'ignore_ament_install'
[2.716s] Level 1:colcon.colcon_core.package_identification:_identify(src/tape) by extensions ['colcon_pkg']
[2.717s] Level 1:colcon.colcon_core.package_identification:_identify(src/tape) by extension 'colcon_pkg'
[2.717s] Level 1:colcon.colcon_core.package_identification:_identify(src/tape) by extensions ['colcon_meta']
[2.717s] Level 1:colcon.colcon_core.package_identification:_identify(src/tape) by extension 'colcon_meta'
[2.718s] Level 1:colcon.colcon_core.package_identification:_identify(src/tape) by extensions ['ros']
[2.718s] Level 1:colcon.colcon_core.package_identification:_identify(src/tape) by extension 'ros'
[2.721s] DEBUG:colcon.colcon_core.package_identification:Package 'src/tape' with type 'ros.ament_python' and name 'tape'
[2.721s] Level 1:colcon.colcon_core.package_discovery:discover_packages(recursive) using defaults
[2.722s] Level 1:colcon.colcon_core.package_discovery:discover_packages(ignore) discover
[2.722s] Level 1:colcon.colcon_core.package_discovery:discover_packages(ignore) using defaults
[2.722s] Level 1:colcon.colcon_core.package_discovery:discover_packages(path) discover
[2.722s] Level 1:colcon.colcon_core.package_discovery:discover_packages(path) using defaults
[2.815s] INFO:colcon.colcon_core.package_selection:Skipping not selected package 'control' in 'src/control'
[2.816s] INFO:colcon.colcon_core.package_selection:Skipping not selected package 'ros2_pca9685' in 'src/ros2_pca9685'
[2.816s] INFO:colcon.colcon_core.package_selection:Skipping not selected package 'rplidar_ros' in 'src/rplidar_ros'
[2.816s] INFO:colcon.colcon_core.package_selection:Skipping not selected package 'tape' in 'src/tape'
[2.817s] INFO:colcon.colcon_core.package_selection:Skipping not selected package 'v4l2_camera' in 'src/ros2_v4l2_camera'
[2.819s] Level 1:colcon.colcon_core.package_discovery:discover_packages(prefix_path) check parameters
[2.820s] Level 1:colcon.colcon_core.package_discovery:discover_packages(prefix_path) discover
[2.836s] DEBUG:colcon.colcon_installed_package_information.package_discovery:Found 6 installed packages in /home/kingpooper/deepRacerWS/install
[2.848s] DEBUG:colcon.colcon_installed_package_information.package_discovery:Found 359 installed packages in /opt/ros/humble
[2.862s] Level 1:colcon.colcon_core.package_discovery:discover_packages(prefix_path) using defaults
[3.179s] Level 5:colcon.colcon_core.verb:set package 'robot_car' build argument 'cmake_args' from command line to 'None'
[3.180s] Level 5:colcon.colcon_core.verb:set package 'robot_car' build argument 'cmake_target' from command line to 'None'
[3.181s] Level 5:colcon.colcon_core.verb:set package 'robot_car' build argument 'cmake_target_skip_unavailable' from command line to 'False'
[3.182s] Level 5:colcon.colcon_core.verb:set package 'robot_car' build argument 'cmake_clean_cache' from command line to 'False'
[3.183s] Level 5:colcon.colcon_core.verb:set package 'robot_car' build argument 'cmake_clean_first' from command line to 'False'
[3.184s] Level 5:colcon.colcon_core.verb:set package 'robot_car' build argument 'cmake_force_configure' from command line to 'False'
[3.186s] Level 5:colcon.colcon_core.verb:set package 'robot_car' build argument 'ament_cmake_args' from command line to 'None'
[3.187s] Level 5:colcon.colcon_core.verb:set package 'robot_car' build argument 'catkin_cmake_args' from command line to 'None'
[3.188s] Level 5:colcon.colcon_core.verb:set package 'robot_car' build argument 'catkin_skip_building_tests' from command line to 'False'
[3.189s] DEBUG:colcon.colcon_core.verb:Building package 'robot_car' with the following arguments: {'ament_cmake_args': None, 'build_base': '/home/kingpooper/deepRacerWS/build/robot_car', 'catkin_cmake_args': None, 'catkin_skip_building_tests': False, 'cmake_args': None, 'cmake_clean_cache': False, 'cmake_clean_first': False, 'cmake_force_configure': False, 'cmake_target': None, 'cmake_target_skip_unavailable': False, 'install_base': '/home/kingpooper/deepRacerWS/install/robot_car', 'merge_install': False, 'path': '/home/kingpooper/deepRacerWS/src/robot_car', 'symlink_install': False, 'test_result_base': None}
[3.191s] INFO:colcon.colcon_core.executor:Executing jobs using 'parallel' executor
[3.196s] DEBUG:colcon.colcon_parallel_executor.executor.parallel:run_until_complete
[3.198s] INFO:colcon.colcon_ros.task.ament_cmake.build:Building ROS package in '/home/kingpooper/deepRacerWS/src/robot_car' with build type 'ament_cmake'
[3.200s] INFO:colcon.colcon_cmake.task.cmake.build:Building CMake package in '/home/kingpooper/deepRacerWS/src/robot_car'
[3.218s] INFO:colcon.colcon_core.plugin_system:Skipping extension 'colcon_core.shell.bat': Not used on non-Windows systems
[3.220s] INFO:colcon.colcon_core.shell:Skip shell extension 'powershell' for command environment: Not usable outside of PowerShell
[3.221s] DEBUG:colcon.colcon_core.shell:Skip shell extension 'dsv' for command environment
[3.300s] DEBUG:colcon.colcon_core.event_handler.log_command:Invoking command in '/home/kingpooper/deepRacerWS/build/robot_car': CMAKE_PREFIX_PATH=${CMAKE_PREFIX_PATH}:/home/kingpooper/deepRacerWS/install/tape:/home/kingpooper/deepRacerWS/install/ros2_pca9685:/home/kingpooper/deepRacerWS/install/control:/opt/ros/humble /usr/bin/cmake --build /home/kingpooper/deepRacerWS/build/robot_car -- -j4 -l4
[3.527s] DEBUG:colcon.colcon_core.event_handler.log_command:Invoked command in '/home/kingpooper/deepRacerWS/build/robot_car' returned '0': CMAKE_PREFIX_PATH=${CMAKE_PREFIX_PATH}:/home/kingpooper/deepRacerWS/install/tape:/home/kingpooper/deepRacerWS/install/ros2_pca9685:/home/kingpooper/deepRacerWS/install/control:/opt/ros/humble /usr/bin/cmake --build /home/kingpooper/deepRacerWS/build/robot_car -- -j4 -l4
[3.593s] DEBUG:colcon.colcon_core.event_handler.log_command:Invoking command in '/home/kingpooper/deepRacerWS/build/robot_car': CMAKE_PREFIX_PATH=${CMAKE_PREFIX_PATH}:/home/kingpooper/deepRacerWS/install/tape:/home/kingpooper/deepRacerWS/install/ros2_pca9685:/home/kingpooper/deepRacerWS/install/control:/opt/ros/humble /usr/bin/cmake --install /home/kingpooper/deepRacerWS/build/robot_car
[3.666s] Level 1:colcon.colcon_core.environment:create_environment_scripts_only(robot_car)
[3.693s] Level 1:colcon.colcon_core.environment:checking '/home/kingpooper/deepRacerWS/install/robot_car' for CMake module files
[3.698s] Level 1:colcon.colcon_core.environment:checking '/home/kingpooper/deepRacerWS/install/robot_car' for CMake config files
[3.708s] DEBUG:colcon.colcon_core.event_handler.log_command:Invoked command in '/home/kingpooper/deepRacerWS/build/robot_car' returned '0': CMAKE_PREFIX_PATH=${CMAKE_PREFIX_PATH}:/home/kingpooper/deepRacerWS/install/tape:/home/kingpooper/deepRacerWS/install/ros2_pca9685:/home/kingpooper/deepRacerWS/install/control:/opt/ros/humble /usr/bin/cmake --install /home/kingpooper/deepRacerWS/build/robot_car
[3.710s] Level 1:colcon.colcon_core.shell:create_environment_hook('robot_car', 'cmake_prefix_path')
[3.712s] INFO:colcon.colcon_core.shell:Creating environment hook '/home/kingpooper/deepRacerWS/install/robot_car/share/robot_car/hook/cmake_prefix_path.ps1'
[3.717s] INFO:colcon.colcon_core.shell:Creating environment descriptor '/home/kingpooper/deepRacerWS/install/robot_car/share/robot_car/hook/cmake_prefix_path.dsv'
[3.722s] INFO:colcon.colcon_core.shell:Creating environment hook '/home/kingpooper/deepRacerWS/install/robot_car/share/robot_car/hook/cmake_prefix_path.sh'
[3.731s] Level 1:colcon.colcon_core.environment:checking '/home/kingpooper/deepRacerWS/install/robot_car/lib'
[3.733s] Level 1:colcon.colcon_core.environment:checking '/home/kingpooper/deepRacerWS/install/robot_car/bin'
[3.734s] Level 1:colcon.colcon_core.environment:checking '/home/kingpooper/deepRacerWS/install/robot_car/lib/pkgconfig/robot_car.pc'
[3.735s] Level 1:colcon.colcon_core.environment:checking '/home/kingpooper/deepRacerWS/install/robot_car/lib/python3.10/site-packages'
[3.737s] Level 1:colcon.colcon_core.environment:checking '/home/kingpooper/deepRacerWS/install/robot_car/bin'
[3.740s] INFO:colcon.colcon_core.shell:Creating package script '/home/kingpooper/deepRacerWS/install/robot_car/share/robot_car/package.ps1'
[3.744s] INFO:colcon.colcon_core.shell:Creating package descriptor '/home/kingpooper/deepRacerWS/install/robot_car/share/robot_car/package.dsv'
[3.749s] INFO:colcon.colcon_core.shell:Creating package script '/home/kingpooper/deepRacerWS/install/robot_car/share/robot_car/package.sh'
[3.753s] INFO:colcon.colcon_core.shell:Creating package script '/home/kingpooper/deepRacerWS/install/robot_car/share/robot_car/package.bash'
[3.757s] INFO:colcon.colcon_core.shell:Creating package script '/home/kingpooper/deepRacerWS/install/robot_car/share/robot_car/package.zsh'
[3.761s] Level 1:colcon.colcon_core.environment:create_file_with_runtime_dependencies(/home/kingpooper/deepRacerWS/install/robot_car/share/colcon-core/packages/robot_car)
[3.765s] Level 1:colcon.colcon_core.environment:create_environment_scripts_only(robot_car)
[3.766s] Level 1:colcon.colcon_core.environment:checking '/home/kingpooper/deepRacerWS/install/robot_car' for CMake module files
[3.770s] Level 1:colcon.colcon_core.environment:checking '/home/kingpooper/deepRacerWS/install/robot_car' for CMake config files
[3.772s] Level 1:colcon.colcon_core.shell:create_environment_hook('robot_car', 'cmake_prefix_path')
[3.773s] INFO:colcon.colcon_core.shell:Creating environment hook '/home/kingpooper/deepRacerWS/install/robot_car/share/robot_car/hook/cmake_prefix_path.ps1'
[3.776s] INFO:colcon.colcon_core.shell:Creating environment descriptor '/home/kingpooper/deepRacerWS/install/robot_car/share/robot_car/hook/cmake_prefix_path.dsv'
[3.779s] INFO:colcon.colcon_core.shell:Creating environment hook '/home/kingpooper/deepRacerWS/install/robot_car/share/robot_car/hook/cmake_prefix_path.sh'
[3.783s] Level 1:colcon.colcon_core.environment:checking '/home/kingpooper/deepRacerWS/install/robot_car/lib'
[3.784s] Level 1:colcon.colcon_core.environment:checking '/home/kingpooper/deepRacerWS/install/robot_car/bin'
[3.785s] Level 1:colcon.colcon_core.environment:checking '/home/kingpooper/deepRacerWS/install/robot_car/lib/pkgconfig/robot_car.pc'
[3.786s] Level 1:colcon.colcon_core.environment:checking '/home/kingpooper/deepRacerWS/install/robot_car/lib/python3.10/site-packages'
[3.787s] Level 1:colcon.colcon_core.environment:checking '/home/kingpooper/deepRacerWS/install/robot_car/bin'
[3.788s] INFO:colcon.colcon_core.shell:Creating package script '/home/kingpooper/deepRacerWS/install/robot_car/share/robot_car/package.ps1'
[3.792s] INFO:colcon.colcon_core.shell:Creating package descriptor '/home/kingpooper/deepRacerWS/install/robot_car/share/robot_car/package.dsv'
[3.795s] INFO:colcon.colcon_core.shell:Creating package script '/home/kingpooper/deepRacerWS/install/robot_car/share/robot_car/package.sh'
[3.799s] INFO:colcon.colcon_core.shell:Creating package script '/home/kingpooper/deepRacerWS/install/robot_car/share/robot_car/package.bash'
[3.805s] INFO:colcon.colcon_core.shell:Creating package script '/home/kingpooper/deepRacerWS/install/robot_car/share/robot_car/package.zsh'
[3.811s] Level 1:colcon.colcon_core.environment:create_file_with_runtime_dependencies(/home/kingpooper/deepRacerWS/install/robot_car/share/colcon-core/packages/robot_car)
[3.814s] DEBUG:colcon.colcon_parallel_executor.executor.parallel:closing loop
[3.816s] DEBUG:colcon.colcon_parallel_executor.executor.parallel:loop closed
[3.816s] DEBUG:colcon.colcon_parallel_executor.executor.parallel:run_until_complete finished with '0'
[3.817s] DEBUG:colcon.colcon_core.event_reactor:joining thread
[3.850s] INFO:colcon.colcon_core.plugin_system:Skipping extension 'colcon_notification.desktop_notification.terminal_notifier': Not used on non-Darwin systems
[3.851s] INFO:colcon.colcon_core.plugin_system:Skipping extension 'colcon_notification.desktop_notification.win32': Not used on non-Windows systems
[3.851s] INFO:colcon.colcon_notification.desktop_notification:Sending desktop notification using 'notify2'
[3.859s] DEBUG:colcon.colcon_notification.desktop_notification.notify2:Failed to initialize notify2: org.freedesktop.DBus.Error.ServiceUnknown: The name org.freedesktop.Notifications was not provided by any .service files
[3.859s] DEBUG:colcon.colcon_core.event_reactor:joined thread
[3.861s] INFO:colcon.colcon_core.shell:Creating prefix script '/home/kingpooper/deepRacerWS/install/local_setup.ps1'
[3.866s] INFO:colcon.colcon_core.shell:Creating prefix util module '/home/kingpooper/deepRacerWS/install/_local_setup_util_ps1.py'
[3.872s] INFO:colcon.colcon_core.shell:Creating prefix chain script '/home/kingpooper/deepRacerWS/install/setup.ps1'
[3.879s] INFO:colcon.colcon_core.shell:Creating prefix script '/home/kingpooper/deepRacerWS/install/local_setup.sh'
[3.882s] INFO:colcon.colcon_core.shell:Creating prefix util module '/home/kingpooper/deepRacerWS/install/_local_setup_util_sh.py'
[3.885s] INFO:colcon.colcon_core.shell:Creating prefix chain script '/home/kingpooper/deepRacerWS/install/setup.sh'
[3.892s] INFO:colcon.colcon_core.shell:Creating prefix script '/home/kingpooper/deepRacerWS/install/local_setup.bash'
[3.894s] INFO:colcon.colcon_core.shell:Creating prefix chain script '/home/kingpooper/deepRacerWS/install/setup.bash'
[3.900s] INFO:colcon.colcon_core.shell:Creating prefix script '/home/kingpooper/deepRacerWS/install/local_setup.zsh'
[3.903s] INFO:colcon.colcon_core.shell:Creating prefix chain script '/home/kingpooper/deepRacerWS/install/setup.zsh'
