[0.171s] Invoking command in '/home/kingpooper/deepRacerWS/build/robot_car': CMAKE_PREFIX_PATH=${CMAKE_PREFIX_PATH}:/home/kingpooper/deepRacerWS/install/tape:/home/kingpooper/deepRacerWS/install/ros2_pca9685:/home/kingpooper/deepRacerWS/install/control:/opt/ros/humble /usr/bin/cmake --build /home/kingpooper/deepRacerWS/build/robot_car -- -j4 -l4
[0.748s] Invoked command in '/home/kingpooper/deepRacerWS/build/robot_car' returned '0': CMAKE_PREFIX_PATH=${CMAKE_PREFIX_PATH}:/home/kingpooper/deepRacerWS/install/tape:/home/kingpooper/deepRacerWS/install/ros2_pca9685:/home/kingpooper/deepRacerWS/install/control:/opt/ros/humble /usr/bin/cmake --build /home/kingpooper/deepRacerWS/build/robot_car -- -j4 -l4
[0.813s] Invoking command in '/home/kingpooper/deepRacerWS/build/robot_car': CMAKE_PREFIX_PATH=${CMAKE_PREFIX_PATH}:/home/kingpooper/deepRacerWS/install/tape:/home/kingpooper/deepRacerWS/install/ros2_pca9685:/home/kingpooper/deepRacerWS/install/control:/opt/ros/humble /usr/bin/cmake --install /home/kingpooper/deepRacerWS/build/robot_car
[0.865s] -- Install configuration: ""
[0.869s] -- Up-to-date: /home/kingpooper/deepRacerWS/install/robot_car/lib/robot_car/bicycle_model_scott.py
[0.871s] -- Up-to-date: /home/kingpooper/deepRacerWS/install/robot_car/share/robot_car/launch
[0.872s] -- Installing: /home/kingpooper/deepRacerWS/install/robot_car/share/robot_car/launch/display.launch.py
[0.876s] -- Up-to-date: /home/kingpooper/deepRacerWS/install/robot_car/share/robot_car/launch/__pycache__
[0.878s] -- Up-to-date: /home/kingpooper/deepRacerWS/install/robot_car/share/robot_car/launch/__pycache__/display.launch.cpython-310.pyc
[0.879s] -- Installing: /home/kingpooper/deepRacerWS/install/robot_car/share/robot_car/launch/localization.launch.py
[0.882s] -- Up-to-date: /home/kingpooper/deepRacerWS/install/robot_car/share/robot_car/urdf
[0.883s] -- Up-to-date: /home/kingpooper/deepRacerWS/install/robot_car/share/robot_car/urdf/description
[0.885s] -- Up-to-date: /home/kingpooper/deepRacerWS/install/robot_car/share/robot_car/urdf/description/robot_car_description.urdf
[0.891s] -- Up-to-date: /home/kingpooper/deepRacerWS/install/robot_car/share/robot_car/config
[0.892s] -- Installing: /home/kingpooper/deepRacerWS/install/robot_car/share/robot_car/config/localization_params.yaml
[0.895s] -- Installing: /home/kingpooper/deepRacerWS/install/robot_car/share/robot_car/config/mapper_params_online_async.yaml
[0.897s] -- Up-to-date: /home/kingpooper/deepRacerWS/install/robot_car/share/robot_car/rviz
[0.899s] -- Up-to-date: /home/kingpooper/deepRacerWS/install/robot_car/share/robot_car/rviz/config.rviz
[0.902s] -- Up-to-date: /home/kingpooper/deepRacerWS/install/robot_car/share/ament_index/resource_index/package_run_dependencies/robot_car
[0.904s] -- Up-to-date: /home/kingpooper/deepRacerWS/install/robot_car/share/ament_index/resource_index/parent_prefix_path/robot_car
[0.906s] -- Up-to-date: /home/kingpooper/deepRacerWS/install/robot_car/share/robot_car/environment/ament_prefix_path.sh
[0.908s] -- Up-to-date: /home/kingpooper/deepRacerWS/install/robot_car/share/robot_car/environment/ament_prefix_path.dsv
[0.910s] -- Up-to-date: /home/kingpooper/deepRacerWS/install/robot_car/share/robot_car/environment/path.sh
[0.912s] -- Up-to-date: /home/kingpooper/deepRacerWS/install/robot_car/share/robot_car/environment/path.dsv
[0.914s] -- Up-to-date: /home/kingpooper/deepRacerWS/install/robot_car/share/robot_car/local_setup.bash
[0.915s] -- Up-to-date: /home/kingpooper/deepRacerWS/install/robot_car/share/robot_car/local_setup.sh
[0.917s] -- Up-to-date: /home/kingpooper/deepRacerWS/install/robot_car/share/robot_car/local_setup.zsh
[0.919s] -- Up-to-date: /home/kingpooper/deepRacerWS/install/robot_car/share/robot_car/local_setup.dsv
[0.921s] -- Installing: /home/kingpooper/deepRacerWS/install/robot_car/share/robot_car/package.dsv
[0.925s] -- Up-to-date: /home/kingpooper/deepRacerWS/install/robot_car/share/ament_index/resource_index/packages/robot_car
[0.927s] -- Up-to-date: /home/kingpooper/deepRacerWS/install/robot_car/share/robot_car/cmake/robot_carConfig.cmake
[0.929s] -- Up-to-date: /home/kingpooper/deepRacerWS/install/robot_car/share/robot_car/cmake/robot_carConfig-version.cmake
[0.931s] -- Up-to-date: /home/kingpooper/deepRacerWS/install/robot_car/share/robot_car/package.xml
[0.951s] Invoked command in '/home/kingpooper/deepRacerWS/build/robot_car' returned '0': CMAKE_PREFIX_PATH=${CMAKE_PREFIX_PATH}:/home/kingpooper/deepRacerWS/install/tape:/home/kingpooper/deepRacerWS/install/ros2_pca9685:/home/kingpooper/deepRacerWS/install/control:/opt/ros/humble /usr/bin/cmake --install /home/kingpooper/deepRacerWS/build/robot_car
