[1.411s] Invoking command in '/home/kingpooper/deepRacerWS/build/v4l2_camera': CMAKE_PREFIX_PATH=/opt/ros/humble /usr/bin/cmake --build /home/kingpooper/deepRacerWS/build/v4l2_camera -- -j4 -l4
[2.204s] [ 42%] Built target v4l2_camera
[2.377s] [ 71%] Built target v4l2_camera_node
[2.377s] [100%] Built target v4l2_camera_compose_test
[2.420s] Invoked command in '/home/kingpooper/deepRacerWS/build/v4l2_camera' returned '0': CMAKE_PREFIX_PATH=/opt/ros/humble /usr/bin/cmake --build /home/kingpooper/deepRacerWS/build/v4l2_camera -- -j4 -l4
[2.433s] Invoking command in '/home/kingpooper/deepRacerWS/build/v4l2_camera': CMAKE_PREFIX_PATH=/opt/ros/humble /usr/bin/cmake --install /home/kingpooper/deepRacerWS/build/v4l2_camera
[2.471s] -- Install configuration: ""
[2.474s] -- Execute custom install script
[2.480s] -- Up-to-date symlink: /home/kingpooper/deepRacerWS/install/v4l2_camera/include/v4l2_camera/control.hpp
[2.484s] -- Up-to-date symlink: /home/kingpooper/deepRacerWS/install/v4l2_camera/include/v4l2_camera/fourcc.hpp
[2.485s] -- Up-to-date symlink: /home/kingpooper/deepRacerWS/install/v4l2_camera/include/v4l2_camera/image_format.hpp
[2.487s] -- Up-to-date symlink: /home/kingpooper/deepRacerWS/install/v4l2_camera/include/v4l2_camera/pixel_format.hpp
[2.489s] -- Up-to-date symlink: /home/kingpooper/deepRacerWS/install/v4l2_camera/include/v4l2_camera/v4l2_camera.hpp
[2.490s] -- Up-to-date symlink: /home/kingpooper/deepRacerWS/install/v4l2_camera/include/v4l2_camera/v4l2_camera_device.hpp
[2.492s] -- Up-to-date symlink: /home/kingpooper/deepRacerWS/install/v4l2_camera/include/v4l2_camera/visibility_control.h
[2.496s] -- Up-to-date symlink: /home/kingpooper/deepRacerWS/install/v4l2_camera/share/v4l2_camera/environment/library_path.sh
[2.498s] -- Up-to-date symlink: /home/kingpooper/deepRacerWS/install/v4l2_camera/share/v4l2_camera/environment/library_path.dsv
[2.499s] -- Up-to-date symlink: /home/kingpooper/deepRacerWS/install/v4l2_camera/include/v4l2_camera/control.hpp
[2.501s] -- Up-to-date symlink: /home/kingpooper/deepRacerWS/install/v4l2_camera/include/v4l2_camera/fourcc.hpp
[2.503s] -- Up-to-date symlink: /home/kingpooper/deepRacerWS/install/v4l2_camera/include/v4l2_camera/image_format.hpp
[2.504s] -- Up-to-date symlink: /home/kingpooper/deepRacerWS/install/v4l2_camera/include/v4l2_camera/pixel_format.hpp
[2.505s] -- Up-to-date symlink: /home/kingpooper/deepRacerWS/install/v4l2_camera/include/v4l2_camera/v4l2_camera.hpp
[2.506s] -- Up-to-date symlink: /home/kingpooper/deepRacerWS/install/v4l2_camera/include/v4l2_camera/v4l2_camera_device.hpp
[2.507s] -- Up-to-date symlink: /home/kingpooper/deepRacerWS/install/v4l2_camera/include/v4l2_camera/visibility_control.h
[2.511s] -- Up-to-date symlink: /home/kingpooper/deepRacerWS/install/v4l2_camera/share/v4l2_camera/launch/v4l2_camera.launch.py
[2.515s] -- Up-to-date symlink: /home/kingpooper/deepRacerWS/install/v4l2_camera/share/ament_index/resource_index/package_run_dependencies/v4l2_camera
[2.517s] -- Up-to-date symlink: /home/kingpooper/deepRacerWS/install/v4l2_camera/share/ament_index/resource_index/parent_prefix_path/v4l2_camera
[2.519s] -- Up-to-date symlink: /home/kingpooper/deepRacerWS/install/v4l2_camera/share/v4l2_camera/environment/ament_prefix_path.sh
[2.521s] -- Up-to-date symlink: /home/kingpooper/deepRacerWS/install/v4l2_camera/share/v4l2_camera/environment/ament_prefix_path.dsv
[2.523s] -- Up-to-date symlink: /home/kingpooper/deepRacerWS/install/v4l2_camera/share/v4l2_camera/environment/path.sh
[2.525s] -- Up-to-date symlink: /home/kingpooper/deepRacerWS/install/v4l2_camera/share/v4l2_camera/environment/path.dsv
[2.527s] -- Up-to-date symlink: /home/kingpooper/deepRacerWS/install/v4l2_camera/share/v4l2_camera/local_setup.bash
[2.529s] -- Up-to-date symlink: /home/kingpooper/deepRacerWS/install/v4l2_camera/share/v4l2_camera/local_setup.sh
[2.531s] -- Up-to-date symlink: /home/kingpooper/deepRacerWS/install/v4l2_camera/share/v4l2_camera/local_setup.zsh
[2.534s] -- Up-to-date symlink: /home/kingpooper/deepRacerWS/install/v4l2_camera/share/v4l2_camera/local_setup.dsv
[2.536s] -- Symlinking: /home/kingpooper/deepRacerWS/install/v4l2_camera/share/v4l2_camera/package.dsv
[2.580s] -- Up-to-date symlink: /home/kingpooper/deepRacerWS/install/v4l2_camera/share/ament_index/resource_index/packages/v4l2_camera
[2.582s] -- Up-to-date symlink: /home/kingpooper/deepRacerWS/install/v4l2_camera/share/ament_index/resource_index/rclcpp_components/v4l2_camera
[2.586s] -- Up-to-date symlink: /home/kingpooper/deepRacerWS/install/v4l2_camera/share/v4l2_camera/cmake/ament_cmake_export_include_directories-extras.cmake
[2.587s] -- Up-to-date symlink: /home/kingpooper/deepRacerWS/install/v4l2_camera/share/v4l2_camera/cmake/ament_cmake_export_targets-extras.cmake
[2.589s] -- Up-to-date symlink: /home/kingpooper/deepRacerWS/install/v4l2_camera/share/v4l2_camera/cmake/ament_cmake_export_libraries-extras.cmake
[2.593s] -- Up-to-date symlink: /home/kingpooper/deepRacerWS/install/v4l2_camera/share/v4l2_camera/cmake/ament_cmake_export_dependencies-extras.cmake
[2.594s] -- Up-to-date symlink: /home/kingpooper/deepRacerWS/install/v4l2_camera/share/v4l2_camera/cmake/v4l2_cameraConfig.cmake
[2.595s] -- Up-to-date symlink: /home/kingpooper/deepRacerWS/install/v4l2_camera/share/v4l2_camera/cmake/v4l2_cameraConfig-version.cmake
[2.597s] -- Up-to-date symlink: /home/kingpooper/deepRacerWS/install/v4l2_camera/share/v4l2_camera/package.xml
[2.602s] -- Up-to-date: /home/kingpooper/deepRacerWS/install/v4l2_camera/lib/libv4l2_camera.so
[2.609s] -- Up-to-date: /home/kingpooper/deepRacerWS/install/v4l2_camera/lib/v4l2_camera/v4l2_camera_node
[2.614s] -- Up-to-date: /home/kingpooper/deepRacerWS/install/v4l2_camera/lib/v4l2_camera/v4l2_camera_compose_test
[2.619s] -- Up-to-date: /home/kingpooper/deepRacerWS/install/v4l2_camera/share/v4l2_camera/cmake/export_v4l2_cameraExport.cmake
[2.620s] -- Up-to-date: /home/kingpooper/deepRacerWS/install/v4l2_camera/share/v4l2_camera/cmake/export_v4l2_cameraExport-noconfig.cmake
[2.713s] Invoked command in '/home/kingpooper/deepRacerWS/build/v4l2_camera' returned '0': CMAKE_PREFIX_PATH=/opt/ros/humble /usr/bin/cmake --install /home/kingpooper/deepRacerWS/build/v4l2_camera
