[4.711s] Invoking command in '/home/kingpooper/deepRacerWS/src/tape': PYTHONPATH=/home/kingpooper/deepRacerWS/build/tape/prefix_override:/usr/lib/python3/dist-packages/colcon_core/task/python/colcon_distutils_commands:/home/kingpooper/deepRacerWS/install/tape/lib/python3.10/site-packages:${PYTHONPATH} /usr/bin/python3 -W ignore:setup.py install is deprecated -W ignore:easy_install command is deprecated setup.py egg_info --egg-base ../../build/tape build --build-base /home/kingpooper/deepRacerWS/build/tape/build install --record /home/kingpooper/deepRacerWS/build/tape/install.log --single-version-externally-managed install_data
[6.420s] running egg_info
[6.423s] writing ../../build/tape/tape.egg-info/PKG-INFO
[6.424s] writing dependency_links to ../../build/tape/tape.egg-info/dependency_links.txt
[6.425s] writing entry points to ../../build/tape/tape.egg-info/entry_points.txt
[6.433s] writing requirements to ../../build/tape/tape.egg-info/requires.txt
[6.434s] writing top-level names to ../../build/tape/tape.egg-info/top_level.txt
[6.438s] reading manifest file '../../build/tape/tape.egg-info/SOURCES.txt'
[6.440s] adding license file 'LICENSE'
[6.443s] writing manifest file '../../build/tape/tape.egg-info/SOURCES.txt'
[6.444s] running build
[6.444s] running build_py
[6.445s] copying tape/james_blue_follower.py -> /home/kingpooper/deepRacerWS/build/tape/build/lib/tape
[6.451s] running install
[6.452s] running install_lib
[6.456s] copying /home/kingpooper/deepRacerWS/build/tape/build/lib/tape/james_blue_follower.py -> /home/kingpooper/deepRacerWS/install/tape/lib/python3.10/site-packages/tape
[6.462s] byte-compiling /home/kingpooper/deepRacerWS/install/tape/lib/python3.10/site-packages/tape/james_blue_follower.py to james_blue_follower.cpython-310.pyc
[6.469s] running install_data
[6.470s] running install_egg_info
[6.480s] removing '/home/kingpooper/deepRacerWS/install/tape/lib/python3.10/site-packages/tape-0.0.0-py3.10.egg-info' (and everything under it)
[6.482s] Copying ../../build/tape/tape.egg-info to /home/kingpooper/deepRacerWS/install/tape/lib/python3.10/site-packages/tape-0.0.0-py3.10.egg-info
[6.491s] running install_scripts
[6.596s] Installing image_subscriber script to /home/kingpooper/deepRacerWS/install/tape/lib/tape
[6.598s] Installing james_blue_follower script to /home/kingpooper/deepRacerWS/install/tape/lib/tape
[6.599s] Installing my_blue_tape_follower script to /home/kingpooper/deepRacerWS/install/tape/lib/tape
[6.600s] Installing my_sexy_tape_follower script to /home/kingpooper/deepRacerWS/install/tape/lib/tape
[6.600s] Installing my_tape_follower script to /home/kingpooper/deepRacerWS/install/tape/lib/tape
[6.601s] Installing obs_avoid script to /home/kingpooper/deepRacerWS/install/tape/lib/tape
[6.602s] Installing school_zone script to /home/kingpooper/deepRacerWS/install/tape/lib/tape
[6.602s] Installing shaya_blue script to /home/kingpooper/deepRacerWS/install/tape/lib/tape
[6.617s] Installing stop_sign script to /home/kingpooper/deepRacerWS/install/tape/lib/tape
[6.618s] Installing tape_follower script to /home/kingpooper/deepRacerWS/install/tape/lib/tape
[6.620s] Installing tom_blue_tape script to /home/kingpooper/deepRacerWS/install/tape/lib/tape
[6.622s] writing list of installed files to '/home/kingpooper/deepRacerWS/build/tape/install.log'
[6.817s] Invoked command in '/home/kingpooper/deepRacerWS/src/tape' returned '0': PYTHONPATH=/home/kingpooper/deepRacerWS/build/tape/prefix_override:/usr/lib/python3/dist-packages/colcon_core/task/python/colcon_distutils_commands:/home/kingpooper/deepRacerWS/install/tape/lib/python3.10/site-packages:${PYTHONPATH} /usr/bin/python3 -W ignore:setup.py install is deprecated -W ignore:easy_install command is deprecated setup.py egg_info --egg-base ../../build/tape build --build-base /home/kingpooper/deepRacerWS/build/tape/build install --record /home/kingpooper/deepRacerWS/build/tape/install.log --single-version-externally-managed install_data
