[4.299s] Invoking command in '/home/kingpooper/deepRacerWS/src/build/ros2_pca9685': PYTHONPATH=/home/kingpooper/deepRacerWS/src/build/ros2_pca9685/prefix_override:/usr/lib/python3/dist-packages/colcon_core/task/python/colcon_distutils_commands:/home/kingpooper/deepRacerWS/src/install/ros2_pca9685/lib/python3.10/site-packages:${PYTHONPATH} /usr/bin/python3 -W ignore:setup.py install is deprecated -W ignore:easy_install command is deprecated setup.py develop --editable --build-directory /home/kingpooper/deepRacerWS/src/build/ros2_pca9685/build --no-deps symlink_data
[5.440s] /usr/lib/python3/dist-packages/setuptools/dist.py:723: UserWarning: Usage of dash-separated 'script-dir' will not be supported in future versions. Please use the underscore name 'script_dir' instead
[5.441s]   warnings.warn(
[5.559s] running develop
[6.562s] running egg_info
[6.563s] writing ros2_pca9685.egg-info/PKG-INFO
[6.565s] writing dependency_links to ros2_pca9685.egg-info/dependency_links.txt
[6.568s] writing entry points to ros2_pca9685.egg-info/entry_points.txt
[6.570s] writing requirements to ros2_pca9685.egg-info/requires.txt
[6.573s] writing top-level names to ros2_pca9685.egg-info/top_level.txt
[6.591s] reading manifest file 'ros2_pca9685.egg-info/SOURCES.txt'
[6.598s] writing manifest file 'ros2_pca9685.egg-info/SOURCES.txt'
[6.608s] running build_ext
[6.609s] Creating /home/kingpooper/deepRacerWS/src/install/ros2_pca9685/lib/python3.10/site-packages/ros2-pca9685.egg-link (link to .)
[6.618s] Installing listener script to /home/kingpooper/deepRacerWS/src/install/ros2_pca9685/lib/ros2_pca9685
[6.620s] Installing talker script to /home/kingpooper/deepRacerWS/src/install/ros2_pca9685/lib/ros2_pca9685
[6.622s] 
[6.622s] Installed /home/kingpooper/deepRacerWS/src/build/ros2_pca9685
[6.623s] running symlink_data
[6.867s] Invoked command in '/home/kingpooper/deepRacerWS/src/build/ros2_pca9685' returned '0': PYTHONPATH=/home/kingpooper/deepRacerWS/src/build/ros2_pca9685/prefix_override:/usr/lib/python3/dist-packages/colcon_core/task/python/colcon_distutils_commands:/home/kingpooper/deepRacerWS/src/install/ros2_pca9685/lib/python3.10/site-packages:${PYTHONPATH} /usr/bin/python3 -W ignore:setup.py install is deprecated -W ignore:easy_install command is deprecated setup.py develop --editable --build-directory /home/kingpooper/deepRacerWS/src/build/ros2_pca9685/build --no-deps symlink_data
