[5.215s] Invoking command in '/home/kingpooper/deepRacerWS/src/tape': PYTHONPATH=/home/kingpooper/deepRacerWS/build/tape/prefix_override:/usr/lib/python3/dist-packages/colcon_core/task/python/colcon_distutils_commands:/home/kingpooper/deepRacerWS/install/tape/lib/python3.10/site-packages:${PYTHONPATH} /usr/bin/python3 -W ignore:setup.py install is deprecated -W ignore:easy_install command is deprecated setup.py egg_info --egg-base ../../build/tape build --build-base /home/kingpooper/deepRacerWS/build/tape/build install --record /home/kingpooper/deepRacerWS/build/tape/install.log --single-version-externally-managed install_data
[7.485s] running egg_info
[7.508s] writing ../../build/tape/tape.egg-info/PKG-INFO
[7.512s] writing dependency_links to ../../build/tape/tape.egg-info/dependency_links.txt
[7.513s] writing entry points to ../../build/tape/tape.egg-info/entry_points.txt
[7.514s] writing requirements to ../../build/tape/tape.egg-info/requires.txt
[7.525s] writing top-level names to ../../build/tape/tape.egg-info/top_level.txt
[7.544s] reading manifest file '../../build/tape/tape.egg-info/SOURCES.txt'
[7.545s] adding license file 'LICENSE'
[7.545s] writing manifest file '../../build/tape/tape.egg-info/SOURCES.txt'
[7.552s] running build
[7.553s] running build_py
[7.554s] copying tape/james_blue_follower.py -> /home/kingpooper/deepRacerWS/build/tape/build/lib/tape
[7.559s] running install
[7.580s] running install_lib
[7.583s] copying /home/kingpooper/deepRacerWS/build/tape/build/lib/tape/james_blue_follower.py -> /home/kingpooper/deepRacerWS/install/tape/lib/python3.10/site-packages/tape
[7.593s] byte-compiling /home/kingpooper/deepRacerWS/install/tape/lib/python3.10/site-packages/tape/james_blue_follower.py to james_blue_follower.cpython-310.pyc
[7.616s] running install_data
[7.620s] running install_egg_info
[7.624s] removing '/home/kingpooper/deepRacerWS/install/tape/lib/python3.10/site-packages/tape-0.0.0-py3.10.egg-info' (and everything under it)
[7.629s] Copying ../../build/tape/tape.egg-info to /home/kingpooper/deepRacerWS/install/tape/lib/python3.10/site-packages/tape-0.0.0-py3.10.egg-info
[7.644s] running install_scripts
[7.791s] Installing image_subscriber script to /home/kingpooper/deepRacerWS/install/tape/lib/tape
[7.793s] Installing james_blue_follower script to /home/kingpooper/deepRacerWS/install/tape/lib/tape
[7.796s] Installing my_blue_tape_follower script to /home/kingpooper/deepRacerWS/install/tape/lib/tape
[7.798s] Installing my_sexy_tape_follower script to /home/kingpooper/deepRacerWS/install/tape/lib/tape
[7.799s] Installing my_tape_follower script to /home/kingpooper/deepRacerWS/install/tape/lib/tape
[7.832s] Installing obs_avoid script to /home/kingpooper/deepRacerWS/install/tape/lib/tape
[7.836s] Installing school_zone script to /home/kingpooper/deepRacerWS/install/tape/lib/tape
[7.838s] Installing stop_sign script to /home/kingpooper/deepRacerWS/install/tape/lib/tape
[7.846s] Installing tape_follower script to /home/kingpooper/deepRacerWS/install/tape/lib/tape
[7.850s] Installing tom_blue_tape script to /home/kingpooper/deepRacerWS/install/tape/lib/tape
[7.855s] writing list of installed files to '/home/kingpooper/deepRacerWS/build/tape/install.log'
[8.029s] Invoked command in '/home/kingpooper/deepRacerWS/src/tape' returned '0': PYTHONPATH=/home/kingpooper/deepRacerWS/build/tape/prefix_override:/usr/lib/python3/dist-packages/colcon_core/task/python/colcon_distutils_commands:/home/kingpooper/deepRacerWS/install/tape/lib/python3.10/site-packages:${PYTHONPATH} /usr/bin/python3 -W ignore:setup.py install is deprecated -W ignore:easy_install command is deprecated setup.py egg_info --egg-base ../../build/tape build --build-base /home/kingpooper/deepRacerWS/build/tape/build install --record /home/kingpooper/deepRacerWS/build/tape/install.log --single-version-externally-managed install_data
