[2.496s] DEBUG:colcon:Command line arguments: ['/usr/bin/colcon', 'build', '--packages-select', 'robot_car']
[2.497s] DEBUG:colcon:Parsed command line arguments: Namespace(log_base=None, log_level=None, verb_name='build', build_base='build', install_base='install', merge_install=False, symlink_install=False, test_result_base=None, continue_on_error=False, executor='parallel', parallel_workers=4, event_handlers=None, ignore_user_meta=False, metas=['./colcon.meta'], base_paths=['.'], packages_ignore=None, packages_ignore_regex=None, paths=None, packages_up_to=None, packages_up_to_regex=None, packages_above=None, packages_above_and_dependencies=None, packages_above_depth=None, packages_select_by_dep=None, packages_skip_by_dep=None, packages_skip_up_to=None, packages_select_build_failed=False, packages_skip_build_finished=False, packages_select_test_failures=False, packages_skip_test_passed=False, packages_select=['robot_car'], packages_skip=None, packages_select_regex=None, packages_skip_regex=None, packages_start=None, packages_end=None, allow_overriding=[], cmake_args=None, cmake_target=None, cmake_target_skip_unavailable=False, cmake_clean_cache=False, cmake_clean_first=False, cmake_force_configure=False, ament_cmake_args=None, catkin_cmake_args=None, catkin_skip_building_tests=False, mixin_files=None, mixin=None, verb_parser=<colcon_mixin.mixin.mixin_argument.MixinArgumentDecorator object at 0xffffa8776170>, verb_extension=<colcon_core.verb.build.BuildVerb object at 0xffffa892f070>, main=<bound method BuildVerb.main of <colcon_core.verb.build.BuildVerb object at 0xffffa892f070>>, mixin_verb=('build',))
[5.549s] Level 1:colcon.colcon_core.package_discovery:discover_packages(colcon_meta) check parameters
[5.550s] Level 1:colcon.colcon_core.package_discovery:discover_packages(recursive) check parameters
[5.550s] Level 1:colcon.colcon_core.package_discovery:discover_packages(ignore) check parameters
[5.551s] Level 1:colcon.colcon_core.package_discovery:discover_packages(path) check parameters
[5.551s] Level 1:colcon.colcon_core.package_discovery:discover_packages(colcon_meta) discover
[5.551s] Level 1:colcon.colcon_core.package_discovery:discover_packages(recursive) discover
[5.551s] INFO:colcon.colcon_core.package_discovery:Crawling recursively for packages in '/home/kingpooper/deepRacerWS'
[5.553s] Level 1:colcon.colcon_core.package_identification:_identify(.) by extensions ['ignore', 'ignore_ament_install']
[5.554s] Level 1:colcon.colcon_core.package_identification:_identify(.) by extension 'ignore'
[5.555s] Level 1:colcon.colcon_core.package_identification:_identify(.) by extension 'ignore_ament_install'
[5.555s] Level 1:colcon.colcon_core.package_identification:_identify(.) by extensions ['colcon_pkg']
[5.556s] Level 1:colcon.colcon_core.package_identification:_identify(.) by extension 'colcon_pkg'
[5.557s] Level 1:colcon.colcon_core.package_identification:_identify(.) by extensions ['colcon_meta']
[5.557s] Level 1:colcon.colcon_core.package_identification:_identify(.) by extension 'colcon_meta'
[5.557s] Level 1:colcon.colcon_core.package_identification:_identify(.) by extensions ['ros']
[5.558s] Level 1:colcon.colcon_core.package_identification:_identify(.) by extension 'ros'
[5.662s] Level 1:colcon.colcon_core.package_identification:_identify(.) by extensions ['cmake', 'python']
[5.663s] Level 1:colcon.colcon_core.package_identification:_identify(.) by extension 'cmake'
[5.663s] Level 1:colcon.colcon_core.package_identification:_identify(.) by extension 'python'
[5.664s] Level 1:colcon.colcon_core.package_identification:_identify(.) by extensions ['python_setup_py']
[5.664s] Level 1:colcon.colcon_core.package_identification:_identify(.) by extension 'python_setup_py'
[5.665s] Level 1:colcon.colcon_core.package_identification:_identify(build) by extensions ['ignore', 'ignore_ament_install']
[5.666s] Level 1:colcon.colcon_core.package_identification:_identify(build) by extension 'ignore'
[5.667s] Level 1:colcon.colcon_core.package_identification:_identify(build) ignored
[5.668s] Level 1:colcon.colcon_core.package_identification:_identify(install) by extensions ['ignore', 'ignore_ament_install']
[5.669s] Level 1:colcon.colcon_core.package_identification:_identify(install) by extension 'ignore'
[5.670s] Level 1:colcon.colcon_core.package_identification:_identify(install) ignored
[5.670s] Level 1:colcon.colcon_core.package_identification:_identify(launch) by extensions ['ignore', 'ignore_ament_install']
[5.671s] Level 1:colcon.colcon_core.package_identification:_identify(launch) by extension 'ignore'
[5.672s] Level 1:colcon.colcon_core.package_identification:_identify(launch) by extension 'ignore_ament_install'
[5.673s] Level 1:colcon.colcon_core.package_identification:_identify(launch) by extensions ['colcon_pkg']
[5.673s] Level 1:colcon.colcon_core.package_identification:_identify(launch) by extension 'colcon_pkg'
[5.674s] Level 1:colcon.colcon_core.package_identification:_identify(launch) by extensions ['colcon_meta']
[5.674s] Level 1:colcon.colcon_core.package_identification:_identify(launch) by extension 'colcon_meta'
[5.675s] Level 1:colcon.colcon_core.package_identification:_identify(launch) by extensions ['ros']
[5.675s] Level 1:colcon.colcon_core.package_identification:_identify(launch) by extension 'ros'
[5.676s] Level 1:colcon.colcon_core.package_identification:_identify(launch) by extensions ['cmake', 'python']
[5.676s] Level 1:colcon.colcon_core.package_identification:_identify(launch) by extension 'cmake'
[5.677s] Level 1:colcon.colcon_core.package_identification:_identify(launch) by extension 'python'
[5.677s] Level 1:colcon.colcon_core.package_identification:_identify(launch) by extensions ['python_setup_py']
[5.678s] Level 1:colcon.colcon_core.package_identification:_identify(launch) by extension 'python_setup_py'
[5.679s] Level 1:colcon.colcon_core.package_identification:_identify(launch/__pycache__) by extensions ['ignore', 'ignore_ament_install']
[5.680s] Level 1:colcon.colcon_core.package_identification:_identify(launch/__pycache__) by extension 'ignore'
[5.680s] Level 1:colcon.colcon_core.package_identification:_identify(launch/__pycache__) by extension 'ignore_ament_install'
[5.681s] Level 1:colcon.colcon_core.package_identification:_identify(launch/__pycache__) by extensions ['colcon_pkg']
[5.681s] Level 1:colcon.colcon_core.package_identification:_identify(launch/__pycache__) by extension 'colcon_pkg'
[5.682s] Level 1:colcon.colcon_core.package_identification:_identify(launch/__pycache__) by extensions ['colcon_meta']
[5.682s] Level 1:colcon.colcon_core.package_identification:_identify(launch/__pycache__) by extension 'colcon_meta'
[5.683s] Level 1:colcon.colcon_core.package_identification:_identify(launch/__pycache__) by extensions ['ros']
[5.684s] Level 1:colcon.colcon_core.package_identification:_identify(launch/__pycache__) by extension 'ros'
[5.684s] Level 1:colcon.colcon_core.package_identification:_identify(launch/__pycache__) by extensions ['cmake', 'python']
[5.685s] Level 1:colcon.colcon_core.package_identification:_identify(launch/__pycache__) by extension 'cmake'
[5.685s] Level 1:colcon.colcon_core.package_identification:_identify(launch/__pycache__) by extension 'python'
[5.686s] Level 1:colcon.colcon_core.package_identification:_identify(launch/__pycache__) by extensions ['python_setup_py']
[5.687s] Level 1:colcon.colcon_core.package_identification:_identify(launch/__pycache__) by extension 'python_setup_py'
[5.688s] Level 1:colcon.colcon_core.package_identification:_identify(launch/build) by extensions ['ignore', 'ignore_ament_install']
[5.688s] Level 1:colcon.colcon_core.package_identification:_identify(launch/build) by extension 'ignore'
[5.689s] Level 1:colcon.colcon_core.package_identification:_identify(launch/build) ignored
[5.690s] Level 1:colcon.colcon_core.package_identification:_identify(launch/install) by extensions ['ignore', 'ignore_ament_install']
[5.691s] Level 1:colcon.colcon_core.package_identification:_identify(launch/install) by extension 'ignore'
[5.692s] Level 1:colcon.colcon_core.package_identification:_identify(launch/install) ignored
[5.693s] Level 1:colcon.colcon_core.package_identification:_identify(launch/log) by extensions ['ignore', 'ignore_ament_install']
[5.693s] Level 1:colcon.colcon_core.package_identification:_identify(launch/log) by extension 'ignore'
[5.694s] Level 1:colcon.colcon_core.package_identification:_identify(launch/log) ignored
[5.697s] Level 1:colcon.colcon_core.package_identification:_identify(log) by extensions ['ignore', 'ignore_ament_install']
[5.697s] Level 1:colcon.colcon_core.package_identification:_identify(log) by extension 'ignore'
[5.698s] Level 1:colcon.colcon_core.package_identification:_identify(log) ignored
[5.699s] Level 1:colcon.colcon_core.package_identification:_identify(src) by extensions ['ignore', 'ignore_ament_install']
[5.700s] Level 1:colcon.colcon_core.package_identification:_identify(src) by extension 'ignore'
[5.701s] Level 1:colcon.colcon_core.package_identification:_identify(src) by extension 'ignore_ament_install'
[5.701s] Level 1:colcon.colcon_core.package_identification:_identify(src) by extensions ['colcon_pkg']
[5.702s] Level 1:colcon.colcon_core.package_identification:_identify(src) by extension 'colcon_pkg'
[5.702s] Level 1:colcon.colcon_core.package_identification:_identify(src) by extensions ['colcon_meta']
[5.703s] Level 1:colcon.colcon_core.package_identification:_identify(src) by extension 'colcon_meta'
[5.703s] Level 1:colcon.colcon_core.package_identification:_identify(src) by extensions ['ros']
[5.704s] Level 1:colcon.colcon_core.package_identification:_identify(src) by extension 'ros'
[5.704s] Level 1:colcon.colcon_core.package_identification:_identify(src) by extensions ['cmake', 'python']
[5.705s] Level 1:colcon.colcon_core.package_identification:_identify(src) by extension 'cmake'
[5.705s] Level 1:colcon.colcon_core.package_identification:_identify(src) by extension 'python'
[5.706s] Level 1:colcon.colcon_core.package_identification:_identify(src) by extensions ['python_setup_py']
[5.706s] Level 1:colcon.colcon_core.package_identification:_identify(src) by extension 'python_setup_py'
[5.708s] Level 1:colcon.colcon_core.package_identification:_identify(src/build) by extensions ['ignore', 'ignore_ament_install']
[5.708s] Level 1:colcon.colcon_core.package_identification:_identify(src/build) by extension 'ignore'
[5.709s] Level 1:colcon.colcon_core.package_identification:_identify(src/build) ignored
[5.710s] Level 1:colcon.colcon_core.package_identification:_identify(src/control) by extensions ['ignore', 'ignore_ament_install']
[5.710s] Level 1:colcon.colcon_core.package_identification:_identify(src/control) by extension 'ignore'
[5.711s] Level 1:colcon.colcon_core.package_identification:_identify(src/control) by extension 'ignore_ament_install'
[5.713s] Level 1:colcon.colcon_core.package_identification:_identify(src/control) by extensions ['colcon_pkg']
[5.713s] Level 1:colcon.colcon_core.package_identification:_identify(src/control) by extension 'colcon_pkg'
[5.714s] Level 1:colcon.colcon_core.package_identification:_identify(src/control) by extensions ['colcon_meta']
[5.715s] Level 1:colcon.colcon_core.package_identification:_identify(src/control) by extension 'colcon_meta'
[5.715s] Level 1:colcon.colcon_core.package_identification:_identify(src/control) by extensions ['ros']
[5.716s] Level 1:colcon.colcon_core.package_identification:_identify(src/control) by extension 'ros'
[5.735s] DEBUG:colcon.colcon_core.package_identification:Package 'src/control' with type 'ros.ament_python' and name 'control'
[5.736s] Level 1:colcon.colcon_core.package_identification:_identify(src/install) by extensions ['ignore', 'ignore_ament_install']
[5.737s] Level 1:colcon.colcon_core.package_identification:_identify(src/install) by extension 'ignore'
[5.738s] Level 1:colcon.colcon_core.package_identification:_identify(src/install) ignored
[5.739s] Level 1:colcon.colcon_core.package_identification:_identify(src/log) by extensions ['ignore', 'ignore_ament_install']
[5.739s] Level 1:colcon.colcon_core.package_identification:_identify(src/log) by extension 'ignore'
[5.740s] Level 1:colcon.colcon_core.package_identification:_identify(src/log) ignored
[5.741s] Level 1:colcon.colcon_core.package_identification:_identify(src/robot_car) by extensions ['ignore', 'ignore_ament_install']
[5.742s] Level 1:colcon.colcon_core.package_identification:_identify(src/robot_car) by extension 'ignore'
[5.742s] Level 1:colcon.colcon_core.package_identification:_identify(src/robot_car) by extension 'ignore_ament_install'
[5.743s] Level 1:colcon.colcon_core.package_identification:_identify(src/robot_car) by extensions ['colcon_pkg']
[5.743s] Level 1:colcon.colcon_core.package_identification:_identify(src/robot_car) by extension 'colcon_pkg'
[5.744s] Level 1:colcon.colcon_core.package_identification:_identify(src/robot_car) by extensions ['colcon_meta']
[5.744s] Level 1:colcon.colcon_core.package_identification:_identify(src/robot_car) by extension 'colcon_meta'
[5.745s] Level 1:colcon.colcon_core.package_identification:_identify(src/robot_car) by extensions ['ros']
[5.745s] Level 1:colcon.colcon_core.package_identification:_identify(src/robot_car) by extension 'ros'
[5.812s] DEBUG:colcon.colcon_core.package_identification:Package 'src/robot_car' with type 'ros.ament_cmake' and name 'robot_car'
[5.814s] Level 1:colcon.colcon_core.package_identification:_identify(src/ros2_pca9685) by extensions ['ignore', 'ignore_ament_install']
[5.815s] Level 1:colcon.colcon_core.package_identification:_identify(src/ros2_pca9685) by extension 'ignore'
[5.816s] Level 1:colcon.colcon_core.package_identification:_identify(src/ros2_pca9685) by extension 'ignore_ament_install'
[5.817s] Level 1:colcon.colcon_core.package_identification:_identify(src/ros2_pca9685) by extensions ['colcon_pkg']
[5.818s] Level 1:colcon.colcon_core.package_identification:_identify(src/ros2_pca9685) by extension 'colcon_pkg'
[5.818s] Level 1:colcon.colcon_core.package_identification:_identify(src/ros2_pca9685) by extensions ['colcon_meta']
[5.819s] Level 1:colcon.colcon_core.package_identification:_identify(src/ros2_pca9685) by extension 'colcon_meta'
[5.820s] Level 1:colcon.colcon_core.package_identification:_identify(src/ros2_pca9685) by extensions ['ros']
[5.820s] Level 1:colcon.colcon_core.package_identification:_identify(src/ros2_pca9685) by extension 'ros'
[5.825s] DEBUG:colcon.colcon_core.package_identification:Package 'src/ros2_pca9685' with type 'ros.ament_python' and name 'ros2_pca9685'
[5.827s] Level 1:colcon.colcon_core.package_identification:_identify(src/ros2_v4l2_camera) by extensions ['ignore', 'ignore_ament_install']
[5.828s] Level 1:colcon.colcon_core.package_identification:_identify(src/ros2_v4l2_camera) by extension 'ignore'
[5.829s] Level 1:colcon.colcon_core.package_identification:_identify(src/ros2_v4l2_camera) by extension 'ignore_ament_install'
[5.829s] Level 1:colcon.colcon_core.package_identification:_identify(src/ros2_v4l2_camera) by extensions ['colcon_pkg']
[5.830s] Level 1:colcon.colcon_core.package_identification:_identify(src/ros2_v4l2_camera) by extension 'colcon_pkg'
[5.831s] Level 1:colcon.colcon_core.package_identification:_identify(src/ros2_v4l2_camera) by extensions ['colcon_meta']
[5.831s] Level 1:colcon.colcon_core.package_identification:_identify(src/ros2_v4l2_camera) by extension 'colcon_meta'
[5.832s] Level 1:colcon.colcon_core.package_identification:_identify(src/ros2_v4l2_camera) by extensions ['ros']
[5.832s] Level 1:colcon.colcon_core.package_identification:_identify(src/ros2_v4l2_camera) by extension 'ros'
[5.838s] DEBUG:colcon.colcon_core.package_identification:Package 'src/ros2_v4l2_camera' with type 'ros.ament_cmake' and name 'v4l2_camera'
[5.839s] Level 1:colcon.colcon_core.package_identification:_identify(src/rplidar_ros) by extensions ['ignore', 'ignore_ament_install']
[5.840s] Level 1:colcon.colcon_core.package_identification:_identify(src/rplidar_ros) by extension 'ignore'
[5.840s] Level 1:colcon.colcon_core.package_identification:_identify(src/rplidar_ros) by extension 'ignore_ament_install'
[5.841s] Level 1:colcon.colcon_core.package_identification:_identify(src/rplidar_ros) by extensions ['colcon_pkg']
[5.842s] Level 1:colcon.colcon_core.package_identification:_identify(src/rplidar_ros) by extension 'colcon_pkg'
[5.843s] Level 1:colcon.colcon_core.package_identification:_identify(src/rplidar_ros) by extensions ['colcon_meta']
[5.843s] Level 1:colcon.colcon_core.package_identification:_identify(src/rplidar_ros) by extension 'colcon_meta'
[5.844s] Level 1:colcon.colcon_core.package_identification:_identify(src/rplidar_ros) by extensions ['ros']
[5.844s] Level 1:colcon.colcon_core.package_identification:_identify(src/rplidar_ros) by extension 'ros'
[5.848s] DEBUG:colcon.colcon_core.package_identification:Package 'src/rplidar_ros' with type 'ros.ament_cmake' and name 'rplidar_ros'
[5.849s] Level 1:colcon.colcon_core.package_identification:_identify(src/slamconfig) by extensions ['ignore', 'ignore_ament_install']
[5.850s] Level 1:colcon.colcon_core.package_identification:_identify(src/slamconfig) by extension 'ignore'
[5.850s] Level 1:colcon.colcon_core.package_identification:_identify(src/slamconfig) by extension 'ignore_ament_install'
[5.851s] Level 1:colcon.colcon_core.package_identification:_identify(src/slamconfig) by extensions ['colcon_pkg']
[5.852s] Level 1:colcon.colcon_core.package_identification:_identify(src/slamconfig) by extension 'colcon_pkg'
[5.852s] Level 1:colcon.colcon_core.package_identification:_identify(src/slamconfig) by extensions ['colcon_meta']
[5.852s] Level 1:colcon.colcon_core.package_identification:_identify(src/slamconfig) by extension 'colcon_meta'
[5.853s] Level 1:colcon.colcon_core.package_identification:_identify(src/slamconfig) by extensions ['ros']
[5.853s] Level 1:colcon.colcon_core.package_identification:_identify(src/slamconfig) by extension 'ros'
[5.855s] Level 1:colcon.colcon_core.package_identification:_identify(src/slamconfig) by extensions ['cmake', 'python']
[5.855s] Level 1:colcon.colcon_core.package_identification:_identify(src/slamconfig) by extension 'cmake'
[5.856s] Level 1:colcon.colcon_core.package_identification:_identify(src/slamconfig) by extension 'python'
[5.857s] Level 1:colcon.colcon_core.package_identification:_identify(src/slamconfig) by extensions ['python_setup_py']
[5.857s] Level 1:colcon.colcon_core.package_identification:_identify(src/slamconfig) by extension 'python_setup_py'
[5.858s] Level 1:colcon.colcon_core.package_identification:_identify(src/tape) by extensions ['ignore', 'ignore_ament_install']
[5.859s] Level 1:colcon.colcon_core.package_identification:_identify(src/tape) by extension 'ignore'
[5.860s] Level 1:colcon.colcon_core.package_identification:_identify(src/tape) by extension 'ignore_ament_install'
[5.860s] Level 1:colcon.colcon_core.package_identification:_identify(src/tape) by extensions ['colcon_pkg']
[5.861s] Level 1:colcon.colcon_core.package_identification:_identify(src/tape) by extension 'colcon_pkg'
[5.862s] Level 1:colcon.colcon_core.package_identification:_identify(src/tape) by extensions ['colcon_meta']
[5.862s] Level 1:colcon.colcon_core.package_identification:_identify(src/tape) by extension 'colcon_meta'
[5.863s] Level 1:colcon.colcon_core.package_identification:_identify(src/tape) by extensions ['ros']
[5.863s] Level 1:colcon.colcon_core.package_identification:_identify(src/tape) by extension 'ros'
[5.866s] DEBUG:colcon.colcon_core.package_identification:Package 'src/tape' with type 'ros.ament_python' and name 'tape'
[5.867s] Level 1:colcon.colcon_core.package_discovery:discover_packages(recursive) using defaults
[5.868s] Level 1:colcon.colcon_core.package_discovery:discover_packages(ignore) discover
[5.868s] Level 1:colcon.colcon_core.package_discovery:discover_packages(ignore) using defaults
[5.868s] Level 1:colcon.colcon_core.package_discovery:discover_packages(path) discover
[5.868s] Level 1:colcon.colcon_core.package_discovery:discover_packages(path) using defaults
[6.060s] INFO:colcon.colcon_core.package_selection:Skipping not selected package 'control' in 'src/control'
[6.060s] INFO:colcon.colcon_core.package_selection:Skipping not selected package 'ros2_pca9685' in 'src/ros2_pca9685'
[6.061s] INFO:colcon.colcon_core.package_selection:Skipping not selected package 'rplidar_ros' in 'src/rplidar_ros'
[6.061s] INFO:colcon.colcon_core.package_selection:Skipping not selected package 'tape' in 'src/tape'
[6.061s] INFO:colcon.colcon_core.package_selection:Skipping not selected package 'v4l2_camera' in 'src/ros2_v4l2_camera'
[6.066s] Level 1:colcon.colcon_core.package_discovery:discover_packages(prefix_path) check parameters
[6.066s] Level 1:colcon.colcon_core.package_discovery:discover_packages(prefix_path) discover
[6.092s] DEBUG:colcon.colcon_installed_package_information.package_discovery:Found 6 installed packages in /home/kingpooper/deepRacerWS/install
[6.110s] DEBUG:colcon.colcon_installed_package_information.package_discovery:Found 359 installed packages in /opt/ros/humble
[6.124s] Level 1:colcon.colcon_core.package_discovery:discover_packages(prefix_path) using defaults
[6.871s] Level 5:colcon.colcon_core.verb:set package 'robot_car' build argument 'cmake_args' from command line to 'None'
[6.872s] Level 5:colcon.colcon_core.verb:set package 'robot_car' build argument 'cmake_target' from command line to 'None'
[6.873s] Level 5:colcon.colcon_core.verb:set package 'robot_car' build argument 'cmake_target_skip_unavailable' from command line to 'False'
[6.873s] Level 5:colcon.colcon_core.verb:set package 'robot_car' build argument 'cmake_clean_cache' from command line to 'False'
[6.873s] Level 5:colcon.colcon_core.verb:set package 'robot_car' build argument 'cmake_clean_first' from command line to 'False'
[6.873s] Level 5:colcon.colcon_core.verb:set package 'robot_car' build argument 'cmake_force_configure' from command line to 'False'
[6.874s] Level 5:colcon.colcon_core.verb:set package 'robot_car' build argument 'ament_cmake_args' from command line to 'None'
[6.874s] Level 5:colcon.colcon_core.verb:set package 'robot_car' build argument 'catkin_cmake_args' from command line to 'None'
[6.874s] Level 5:colcon.colcon_core.verb:set package 'robot_car' build argument 'catkin_skip_building_tests' from command line to 'False'
[6.875s] DEBUG:colcon.colcon_core.verb:Building package 'robot_car' with the following arguments: {'ament_cmake_args': None, 'build_base': '/home/kingpooper/deepRacerWS/build/robot_car', 'catkin_cmake_args': None, 'catkin_skip_building_tests': False, 'cmake_args': None, 'cmake_clean_cache': False, 'cmake_clean_first': False, 'cmake_force_configure': False, 'cmake_target': None, 'cmake_target_skip_unavailable': False, 'install_base': '/home/kingpooper/deepRacerWS/install/robot_car', 'merge_install': False, 'path': '/home/kingpooper/deepRacerWS/src/robot_car', 'symlink_install': False, 'test_result_base': None}
[6.876s] INFO:colcon.colcon_core.executor:Executing jobs using 'parallel' executor
[6.881s] DEBUG:colcon.colcon_parallel_executor.executor.parallel:run_until_complete
[6.883s] INFO:colcon.colcon_ros.task.ament_cmake.build:Building ROS package in '/home/kingpooper/deepRacerWS/src/robot_car' with build type 'ament_cmake'
[6.884s] INFO:colcon.colcon_cmake.task.cmake.build:Building CMake package in '/home/kingpooper/deepRacerWS/src/robot_car'
[6.920s] INFO:colcon.colcon_core.plugin_system:Skipping extension 'colcon_core.shell.bat': Not used on non-Windows systems
[6.922s] INFO:colcon.colcon_core.shell:Skip shell extension 'powershell' for command environment: Not usable outside of PowerShell
[6.923s] DEBUG:colcon.colcon_core.shell:Skip shell extension 'dsv' for command environment
[6.993s] DEBUG:colcon.colcon_core.event_handler.log_command:Invoking command in '/home/kingpooper/deepRacerWS/build/robot_car': CMAKE_PREFIX_PATH=${CMAKE_PREFIX_PATH}:/home/kingpooper/deepRacerWS/install/tape:/home/kingpooper/deepRacerWS/install/ros2_pca9685:/home/kingpooper/deepRacerWS/install/control:/opt/ros/humble /usr/bin/cmake --build /home/kingpooper/deepRacerWS/build/robot_car -- -j4 -l4
[7.705s] DEBUG:colcon.colcon_core.event_handler.log_command:Invoked command in '/home/kingpooper/deepRacerWS/build/robot_car' returned '0': CMAKE_PREFIX_PATH=${CMAKE_PREFIX_PATH}:/home/kingpooper/deepRacerWS/install/tape:/home/kingpooper/deepRacerWS/install/ros2_pca9685:/home/kingpooper/deepRacerWS/install/control:/opt/ros/humble /usr/bin/cmake --build /home/kingpooper/deepRacerWS/build/robot_car -- -j4 -l4
[7.764s] DEBUG:colcon.colcon_core.event_handler.log_command:Invoking command in '/home/kingpooper/deepRacerWS/build/robot_car': CMAKE_PREFIX_PATH=${CMAKE_PREFIX_PATH}:/home/kingpooper/deepRacerWS/install/tape:/home/kingpooper/deepRacerWS/install/ros2_pca9685:/home/kingpooper/deepRacerWS/install/control:/opt/ros/humble /usr/bin/cmake --install /home/kingpooper/deepRacerWS/build/robot_car
[7.899s] Level 1:colcon.colcon_core.environment:create_environment_scripts_only(robot_car)
[7.924s] DEBUG:colcon.colcon_core.event_handler.log_command:Invoked command in '/home/kingpooper/deepRacerWS/build/robot_car' returned '0': CMAKE_PREFIX_PATH=${CMAKE_PREFIX_PATH}:/home/kingpooper/deepRacerWS/install/tape:/home/kingpooper/deepRacerWS/install/ros2_pca9685:/home/kingpooper/deepRacerWS/install/control:/opt/ros/humble /usr/bin/cmake --install /home/kingpooper/deepRacerWS/build/robot_car
[7.952s] Level 1:colcon.colcon_core.environment:checking '/home/kingpooper/deepRacerWS/install/robot_car' for CMake module files
[7.956s] Level 1:colcon.colcon_core.environment:checking '/home/kingpooper/deepRacerWS/install/robot_car' for CMake config files
[7.960s] Level 1:colcon.colcon_core.shell:create_environment_hook('robot_car', 'cmake_prefix_path')
[7.962s] INFO:colcon.colcon_core.shell:Creating environment hook '/home/kingpooper/deepRacerWS/install/robot_car/share/robot_car/hook/cmake_prefix_path.ps1'
[7.971s] INFO:colcon.colcon_core.shell:Creating environment descriptor '/home/kingpooper/deepRacerWS/install/robot_car/share/robot_car/hook/cmake_prefix_path.dsv'
[7.981s] INFO:colcon.colcon_core.shell:Creating environment hook '/home/kingpooper/deepRacerWS/install/robot_car/share/robot_car/hook/cmake_prefix_path.sh'
[7.989s] Level 1:colcon.colcon_core.environment:checking '/home/kingpooper/deepRacerWS/install/robot_car/lib'
[7.990s] Level 1:colcon.colcon_core.environment:checking '/home/kingpooper/deepRacerWS/install/robot_car/bin'
[7.991s] Level 1:colcon.colcon_core.environment:checking '/home/kingpooper/deepRacerWS/install/robot_car/lib/pkgconfig/robot_car.pc'
[7.992s] Level 1:colcon.colcon_core.environment:checking '/home/kingpooper/deepRacerWS/install/robot_car/lib/python3.10/site-packages'
[7.994s] Level 1:colcon.colcon_core.environment:checking '/home/kingpooper/deepRacerWS/install/robot_car/bin'
[7.996s] INFO:colcon.colcon_core.shell:Creating package script '/home/kingpooper/deepRacerWS/install/robot_car/share/robot_car/package.ps1'
[8.006s] INFO:colcon.colcon_core.shell:Creating package descriptor '/home/kingpooper/deepRacerWS/install/robot_car/share/robot_car/package.dsv'
[8.011s] INFO:colcon.colcon_core.shell:Creating package script '/home/kingpooper/deepRacerWS/install/robot_car/share/robot_car/package.sh'
[8.047s] INFO:colcon.colcon_core.shell:Creating package script '/home/kingpooper/deepRacerWS/install/robot_car/share/robot_car/package.bash'
[8.057s] INFO:colcon.colcon_core.shell:Creating package script '/home/kingpooper/deepRacerWS/install/robot_car/share/robot_car/package.zsh'
[8.065s] Level 1:colcon.colcon_core.environment:create_file_with_runtime_dependencies(/home/kingpooper/deepRacerWS/install/robot_car/share/colcon-core/packages/robot_car)
[8.071s] Level 1:colcon.colcon_core.environment:create_environment_scripts_only(robot_car)
[8.073s] Level 1:colcon.colcon_core.environment:checking '/home/kingpooper/deepRacerWS/install/robot_car' for CMake module files
[8.081s] Level 1:colcon.colcon_core.environment:checking '/home/kingpooper/deepRacerWS/install/robot_car' for CMake config files
[8.086s] Level 1:colcon.colcon_core.shell:create_environment_hook('robot_car', 'cmake_prefix_path')
[8.087s] INFO:colcon.colcon_core.shell:Creating environment hook '/home/kingpooper/deepRacerWS/install/robot_car/share/robot_car/hook/cmake_prefix_path.ps1'
[8.093s] INFO:colcon.colcon_core.shell:Creating environment descriptor '/home/kingpooper/deepRacerWS/install/robot_car/share/robot_car/hook/cmake_prefix_path.dsv'
[8.106s] INFO:colcon.colcon_core.shell:Creating environment hook '/home/kingpooper/deepRacerWS/install/robot_car/share/robot_car/hook/cmake_prefix_path.sh'
[8.112s] Level 1:colcon.colcon_core.environment:checking '/home/kingpooper/deepRacerWS/install/robot_car/lib'
[8.113s] Level 1:colcon.colcon_core.environment:checking '/home/kingpooper/deepRacerWS/install/robot_car/bin'
[8.114s] Level 1:colcon.colcon_core.environment:checking '/home/kingpooper/deepRacerWS/install/robot_car/lib/pkgconfig/robot_car.pc'
[8.115s] Level 1:colcon.colcon_core.environment:checking '/home/kingpooper/deepRacerWS/install/robot_car/lib/python3.10/site-packages'
[8.117s] Level 1:colcon.colcon_core.environment:checking '/home/kingpooper/deepRacerWS/install/robot_car/bin'
[8.119s] INFO:colcon.colcon_core.shell:Creating package script '/home/kingpooper/deepRacerWS/install/robot_car/share/robot_car/package.ps1'
[8.124s] INFO:colcon.colcon_core.shell:Creating package descriptor '/home/kingpooper/deepRacerWS/install/robot_car/share/robot_car/package.dsv'
[8.128s] INFO:colcon.colcon_core.shell:Creating package script '/home/kingpooper/deepRacerWS/install/robot_car/share/robot_car/package.sh'
[8.132s] INFO:colcon.colcon_core.shell:Creating package script '/home/kingpooper/deepRacerWS/install/robot_car/share/robot_car/package.bash'
[8.137s] INFO:colcon.colcon_core.shell:Creating package script '/home/kingpooper/deepRacerWS/install/robot_car/share/robot_car/package.zsh'
[8.140s] Level 1:colcon.colcon_core.environment:create_file_with_runtime_dependencies(/home/kingpooper/deepRacerWS/install/robot_car/share/colcon-core/packages/robot_car)
[8.143s] DEBUG:colcon.colcon_parallel_executor.executor.parallel:closing loop
[8.148s] DEBUG:colcon.colcon_parallel_executor.executor.parallel:loop closed
[8.148s] DEBUG:colcon.colcon_parallel_executor.executor.parallel:run_until_complete finished with '0'
[8.149s] DEBUG:colcon.colcon_core.event_reactor:joining thread
[8.200s] INFO:colcon.colcon_core.plugin_system:Skipping extension 'colcon_notification.desktop_notification.terminal_notifier': Not used on non-Darwin systems
[8.201s] INFO:colcon.colcon_core.plugin_system:Skipping extension 'colcon_notification.desktop_notification.win32': Not used on non-Windows systems
[8.201s] INFO:colcon.colcon_notification.desktop_notification:Sending desktop notification using 'notify2'
[8.212s] DEBUG:colcon.colcon_notification.desktop_notification.notify2:Failed to initialize notify2: org.freedesktop.DBus.Error.ServiceUnknown: The name org.freedesktop.Notifications was not provided by any .service files
[8.214s] DEBUG:colcon.colcon_core.event_reactor:joined thread
[8.216s] INFO:colcon.colcon_core.shell:Creating prefix script '/home/kingpooper/deepRacerWS/install/local_setup.ps1'
[8.229s] INFO:colcon.colcon_core.shell:Creating prefix util module '/home/kingpooper/deepRacerWS/install/_local_setup_util_ps1.py'
[8.248s] INFO:colcon.colcon_core.shell:Creating prefix chain script '/home/kingpooper/deepRacerWS/install/setup.ps1'
[8.271s] INFO:colcon.colcon_core.shell:Creating prefix script '/home/kingpooper/deepRacerWS/install/local_setup.sh'
[8.282s] INFO:colcon.colcon_core.shell:Creating prefix util module '/home/kingpooper/deepRacerWS/install/_local_setup_util_sh.py'
[8.294s] INFO:colcon.colcon_core.shell:Creating prefix chain script '/home/kingpooper/deepRacerWS/install/setup.sh'
[8.313s] INFO:colcon.colcon_core.shell:Creating prefix script '/home/kingpooper/deepRacerWS/install/local_setup.bash'
[8.323s] INFO:colcon.colcon_core.shell:Creating prefix chain script '/home/kingpooper/deepRacerWS/install/setup.bash'
[8.338s] INFO:colcon.colcon_core.shell:Creating prefix script '/home/kingpooper/deepRacerWS/install/local_setup.zsh'
[8.346s] INFO:colcon.colcon_core.shell:Creating prefix chain script '/home/kingpooper/deepRacerWS/install/setup.zsh'
