[3.425s] Invoking command in '/home/kingpooper/deepRacerWS/src/tape': PYTHONPATH=/home/kingpooper/deepRacerWS/build/tape/prefix_override:/usr/lib/python3/dist-packages/colcon_core/task/python/colcon_distutils_commands:/home/kingpooper/deepRacerWS/install/tape/lib/python3.10/site-packages:${PYTHONPATH} /usr/bin/python3 -W ignore:setup.py install is deprecated -W ignore:easy_install command is deprecated setup.py egg_info --egg-base ../../build/tape build --build-base /home/kingpooper/deepRacerWS/build/tape/build install --record /home/kingpooper/deepRacerWS/build/tape/install.log --single-version-externally-managed install_data
[4.820s] running egg_info
[4.822s] writing ../../build/tape/tape.egg-info/PKG-INFO
[4.823s] writing dependency_links to ../../build/tape/tape.egg-info/dependency_links.txt
[4.824s] writing entry points to ../../build/tape/tape.egg-info/entry_points.txt
[4.825s] writing requirements to ../../build/tape/tape.egg-info/requires.txt
[4.825s] writing top-level names to ../../build/tape/tape.egg-info/top_level.txt
[4.835s] reading manifest file '../../build/tape/tape.egg-info/SOURCES.txt'
[4.837s] adding license file 'LICENSE'
[4.839s] writing manifest file '../../build/tape/tape.egg-info/SOURCES.txt'
[4.840s] running build
[4.840s] running build_py
[4.841s] copying tape/tape_follower.py -> /home/kingpooper/deepRacerWS/build/tape/build/lib/tape
[4.844s] running install
[4.845s] running install_lib
[4.848s] copying /home/kingpooper/deepRacerWS/build/tape/build/lib/tape/tape_follower.py -> /home/kingpooper/deepRacerWS/install/tape/lib/python3.10/site-packages/tape
[4.852s] byte-compiling /home/kingpooper/deepRacerWS/install/tape/lib/python3.10/site-packages/tape/tape_follower.py to tape_follower.cpython-310.pyc
[4.856s] running install_data
[4.857s] running install_egg_info
[4.865s] removing '/home/kingpooper/deepRacerWS/install/tape/lib/python3.10/site-packages/tape-0.0.0-py3.10.egg-info' (and everything under it)
[4.867s] Copying ../../build/tape/tape.egg-info to /home/kingpooper/deepRacerWS/install/tape/lib/python3.10/site-packages/tape-0.0.0-py3.10.egg-info
[4.876s] running install_scripts
[4.963s] Installing image_subscriber script to /home/kingpooper/deepRacerWS/install/tape/lib/tape
[4.964s] Installing tape_follower script to /home/kingpooper/deepRacerWS/install/tape/lib/tape
[4.967s] writing list of installed files to '/home/kingpooper/deepRacerWS/build/tape/install.log'
[5.122s] Invoked command in '/home/kingpooper/deepRacerWS/src/tape' returned '0': PYTHONPATH=/home/kingpooper/deepRacerWS/build/tape/prefix_override:/usr/lib/python3/dist-packages/colcon_core/task/python/colcon_distutils_commands:/home/kingpooper/deepRacerWS/install/tape/lib/python3.10/site-packages:${PYTHONPATH} /usr/bin/python3 -W ignore:setup.py install is deprecated -W ignore:easy_install command is deprecated setup.py egg_info --egg-base ../../build/tape build --build-base /home/kingpooper/deepRacerWS/build/tape/build install --record /home/kingpooper/deepRacerWS/build/tape/install.log --single-version-externally-managed install_data
