[4.275s] Invoking command in '/home/kingpooper/deepRacerWS/src/tape': PYTHONPATH=/home/kingpooper/deepRacerWS/build/tape/prefix_override:/usr/lib/python3/dist-packages/colcon_core/task/python/colcon_distutils_commands:/home/kingpooper/deepRacerWS/install/tape/lib/python3.10/site-packages:${PYTHONPATH} /usr/bin/python3 -W ignore:setup.py install is deprecated -W ignore:easy_install command is deprecated setup.py egg_info --egg-base ../../build/tape build --build-base /home/kingpooper/deepRacerWS/build/tape/build install --record /home/kingpooper/deepRacerWS/build/tape/install.log --single-version-externally-managed install_data
[6.210s] running egg_info
[6.213s] writing ../../build/tape/tape.egg-info/PKG-INFO
[6.215s] writing dependency_links to ../../build/tape/tape.egg-info/dependency_links.txt
[6.216s] writing entry points to ../../build/tape/tape.egg-info/entry_points.txt
[6.217s] writing requirements to ../../build/tape/tape.egg-info/requires.txt
[6.218s] writing top-level names to ../../build/tape/tape.egg-info/top_level.txt
[6.230s] reading manifest file '../../build/tape/tape.egg-info/SOURCES.txt'
[6.232s] adding license file 'LICENSE'
[6.236s] writing manifest file '../../build/tape/tape.egg-info/SOURCES.txt'
[6.238s] running build
[6.239s] running build_py
[6.240s] copying tape/james_blue_follower.py -> /home/kingpooper/deepRacerWS/build/tape/build/lib/tape
[6.244s] running install
[6.246s] running install_lib
[6.250s] copying /home/kingpooper/deepRacerWS/build/tape/build/lib/tape/james_blue_follower.py -> /home/kingpooper/deepRacerWS/install/tape/lib/python3.10/site-packages/tape
[6.259s] byte-compiling /home/kingpooper/deepRacerWS/install/tape/lib/python3.10/site-packages/tape/james_blue_follower.py to james_blue_follower.cpython-310.pyc
[6.266s] running install_data
[6.267s] running install_egg_info
[6.277s] removing '/home/kingpooper/deepRacerWS/install/tape/lib/python3.10/site-packages/tape-0.0.0-py3.10.egg-info' (and everything under it)
[6.280s] Copying ../../build/tape/tape.egg-info to /home/kingpooper/deepRacerWS/install/tape/lib/python3.10/site-packages/tape-0.0.0-py3.10.egg-info
[6.288s] running install_scripts
[6.409s] Installing image_subscriber script to /home/kingpooper/deepRacerWS/install/tape/lib/tape
[6.410s] Installing james_blue_follower script to /home/kingpooper/deepRacerWS/install/tape/lib/tape
[6.411s] Installing my_blue_tape_follower script to /home/kingpooper/deepRacerWS/install/tape/lib/tape
[6.414s] Installing my_sexy_tape_follower script to /home/kingpooper/deepRacerWS/install/tape/lib/tape
[6.415s] Installing my_tape_follower script to /home/kingpooper/deepRacerWS/install/tape/lib/tape
[6.415s] Installing obs_avoid script to /home/kingpooper/deepRacerWS/install/tape/lib/tape
[6.416s] Installing school_zone script to /home/kingpooper/deepRacerWS/install/tape/lib/tape
[6.417s] Installing shaya_blue script to /home/kingpooper/deepRacerWS/install/tape/lib/tape
[6.418s] Installing stop_sign script to /home/kingpooper/deepRacerWS/install/tape/lib/tape
[6.422s] Installing tape_follower script to /home/kingpooper/deepRacerWS/install/tape/lib/tape
[6.423s] Installing tom_blue_tape script to /home/kingpooper/deepRacerWS/install/tape/lib/tape
[6.424s] writing list of installed files to '/home/kingpooper/deepRacerWS/build/tape/install.log'
[6.581s] Invoked command in '/home/kingpooper/deepRacerWS/src/tape' returned '0': PYTHONPATH=/home/kingpooper/deepRacerWS/build/tape/prefix_override:/usr/lib/python3/dist-packages/colcon_core/task/python/colcon_distutils_commands:/home/kingpooper/deepRacerWS/install/tape/lib/python3.10/site-packages:${PYTHONPATH} /usr/bin/python3 -W ignore:setup.py install is deprecated -W ignore:easy_install command is deprecated setup.py egg_info --egg-base ../../build/tape build --build-base /home/kingpooper/deepRacerWS/build/tape/build install --record /home/kingpooper/deepRacerWS/build/tape/install.log --single-version-externally-managed install_data
