[5.026s] Invoking command in '/home/kingpooper/deepRacerWS/src/tape': PYTHONPATH=/home/kingpooper/deepRacerWS/build/tape/prefix_override:/usr/lib/python3/dist-packages/colcon_core/task/python/colcon_distutils_commands:/home/kingpooper/deepRacerWS/install/tape/lib/python3.10/site-packages:${PYTHONPATH} /usr/bin/python3 -W ignore:setup.py install is deprecated -W ignore:easy_install command is deprecated setup.py egg_info --egg-base ../../build/tape build --build-base /home/kingpooper/deepRacerWS/build/tape/build install --record /home/kingpooper/deepRacerWS/build/tape/install.log --single-version-externally-managed install_data
[7.288s] running egg_info
[7.297s] writing ../../build/tape/tape.egg-info/PKG-INFO
[7.298s] writing dependency_links to ../../build/tape/tape.egg-info/dependency_links.txt
[7.299s] writing entry points to ../../build/tape/tape.egg-info/entry_points.txt
[7.309s] writing requirements to ../../build/tape/tape.egg-info/requires.txt
[7.314s] writing top-level names to ../../build/tape/tape.egg-info/top_level.txt
[7.330s] reading manifest file '../../build/tape/tape.egg-info/SOURCES.txt'
[7.331s] adding license file 'LICENSE'
[7.334s] writing manifest file '../../build/tape/tape.egg-info/SOURCES.txt'
[7.335s] running build
[7.336s] running build_py
[7.339s] copying tape/obs_avoid.py -> /home/kingpooper/deepRacerWS/build/tape/build/lib/tape
[7.343s] running install
[7.346s] running install_lib
[7.354s] copying /home/kingpooper/deepRacerWS/build/tape/build/lib/tape/obs_avoid.py -> /home/kingpooper/deepRacerWS/install/tape/lib/python3.10/site-packages/tape
[7.359s] byte-compiling /home/kingpooper/deepRacerWS/install/tape/lib/python3.10/site-packages/tape/obs_avoid.py to obs_avoid.cpython-310.pyc
[7.367s] running install_data
[7.368s] running install_egg_info
[7.393s] removing '/home/kingpooper/deepRacerWS/install/tape/lib/python3.10/site-packages/tape-0.0.0-py3.10.egg-info' (and everything under it)
[7.394s] Copying ../../build/tape/tape.egg-info to /home/kingpooper/deepRacerWS/install/tape/lib/python3.10/site-packages/tape-0.0.0-py3.10.egg-info
[7.398s] running install_scripts
[7.535s] Installing image_subscriber script to /home/kingpooper/deepRacerWS/install/tape/lib/tape
[7.539s] Installing james_blue_follower script to /home/kingpooper/deepRacerWS/install/tape/lib/tape
[7.541s] Installing my_blue_tape_follower script to /home/kingpooper/deepRacerWS/install/tape/lib/tape
[7.543s] Installing my_sexy_tape_follower script to /home/kingpooper/deepRacerWS/install/tape/lib/tape
[7.544s] Installing my_tape_follower script to /home/kingpooper/deepRacerWS/install/tape/lib/tape
[7.546s] Installing obs_avoid script to /home/kingpooper/deepRacerWS/install/tape/lib/tape
[7.547s] Installing school_zone script to /home/kingpooper/deepRacerWS/install/tape/lib/tape
[7.549s] Installing stop_sign script to /home/kingpooper/deepRacerWS/install/tape/lib/tape
[7.549s] Installing tape_follower script to /home/kingpooper/deepRacerWS/install/tape/lib/tape
[7.551s] Installing tom_blue_tape script to /home/kingpooper/deepRacerWS/install/tape/lib/tape
[7.552s] writing list of installed files to '/home/kingpooper/deepRacerWS/build/tape/install.log'
[7.804s] Invoked command in '/home/kingpooper/deepRacerWS/src/tape' returned '0': PYTHONPATH=/home/kingpooper/deepRacerWS/build/tape/prefix_override:/usr/lib/python3/dist-packages/colcon_core/task/python/colcon_distutils_commands:/home/kingpooper/deepRacerWS/install/tape/lib/python3.10/site-packages:${PYTHONPATH} /usr/bin/python3 -W ignore:setup.py install is deprecated -W ignore:easy_install command is deprecated setup.py egg_info --egg-base ../../build/tape build --build-base /home/kingpooper/deepRacerWS/build/tape/build install --record /home/kingpooper/deepRacerWS/build/tape/install.log --single-version-externally-managed install_data
