[4.183s] Invoking command in '/home/kingpooper/deepRacerWS/src/tape': PYTHONPATH=/home/kingpooper/deepRacerWS/build/tape/prefix_override:/usr/lib/python3/dist-packages/colcon_core/task/python/colcon_distutils_commands:/home/kingpooper/deepRacerWS/install/tape/lib/python3.10/site-packages:${PYTHONPATH} /usr/bin/python3 -W ignore:setup.py install is deprecated -W ignore:easy_install command is deprecated setup.py egg_info --egg-base ../../build/tape build --build-base /home/kingpooper/deepRacerWS/build/tape/build install --record /home/kingpooper/deepRacerWS/build/tape/install.log --single-version-externally-managed install_data
[5.722s] running egg_info
[5.725s] writing ../../build/tape/tape.egg-info/PKG-INFO
[5.727s] writing dependency_links to ../../build/tape/tape.egg-info/dependency_links.txt
[5.728s] writing entry points to ../../build/tape/tape.egg-info/entry_points.txt
[5.729s] writing requirements to ../../build/tape/tape.egg-info/requires.txt
[5.731s] writing top-level names to ../../build/tape/tape.egg-info/top_level.txt
[5.740s] reading manifest file '../../build/tape/tape.egg-info/SOURCES.txt'
[5.742s] adding license file 'LICENSE'
[5.745s] writing manifest file '../../build/tape/tape.egg-info/SOURCES.txt'
[5.747s] running build
[5.748s] running build_py
[5.752s] copying tape/school_zone.py -> /home/kingpooper/deepRacerWS/build/tape/build/lib/tape
[5.757s] running install
[5.760s] running install_lib
[5.765s] copying /home/kingpooper/deepRacerWS/build/tape/build/lib/tape/school_zone.py -> /home/kingpooper/deepRacerWS/install/tape/lib/python3.10/site-packages/tape
[5.773s] byte-compiling /home/kingpooper/deepRacerWS/install/tape/lib/python3.10/site-packages/tape/school_zone.py to school_zone.cpython-310.pyc
[5.777s] running install_data
[5.778s] running install_egg_info
[5.787s] removing '/home/kingpooper/deepRacerWS/install/tape/lib/python3.10/site-packages/tape-0.0.0-py3.10.egg-info' (and everything under it)
[5.790s] Copying ../../build/tape/tape.egg-info to /home/kingpooper/deepRacerWS/install/tape/lib/python3.10/site-packages/tape-0.0.0-py3.10.egg-info
[5.799s] running install_scripts
[5.896s] Installing image_subscriber script to /home/kingpooper/deepRacerWS/install/tape/lib/tape
[5.897s] Installing james_blue_tape script to /home/kingpooper/deepRacerWS/install/tape/lib/tape
[5.899s] Installing my_blue_tape_follower script to /home/kingpooper/deepRacerWS/install/tape/lib/tape
[5.903s] Installing my_sexy_tape_follower script to /home/kingpooper/deepRacerWS/install/tape/lib/tape
[5.906s] Installing my_tape_follower script to /home/kingpooper/deepRacerWS/install/tape/lib/tape
[5.907s] Installing obs_avoid script to /home/kingpooper/deepRacerWS/install/tape/lib/tape
[5.908s] Installing school_zone script to /home/kingpooper/deepRacerWS/install/tape/lib/tape
[5.908s] Installing stop_sign script to /home/kingpooper/deepRacerWS/install/tape/lib/tape
[5.909s] Installing tape_follower script to /home/kingpooper/deepRacerWS/install/tape/lib/tape
[5.909s] Installing tom_blue_tape script to /home/kingpooper/deepRacerWS/install/tape/lib/tape
[5.910s] writing list of installed files to '/home/kingpooper/deepRacerWS/build/tape/install.log'
[6.081s] Invoked command in '/home/kingpooper/deepRacerWS/src/tape' returned '0': PYTHONPATH=/home/kingpooper/deepRacerWS/build/tape/prefix_override:/usr/lib/python3/dist-packages/colcon_core/task/python/colcon_distutils_commands:/home/kingpooper/deepRacerWS/install/tape/lib/python3.10/site-packages:${PYTHONPATH} /usr/bin/python3 -W ignore:setup.py install is deprecated -W ignore:easy_install command is deprecated setup.py egg_info --egg-base ../../build/tape build --build-base /home/kingpooper/deepRacerWS/build/tape/build install --record /home/kingpooper/deepRacerWS/build/tape/install.log --single-version-externally-managed install_data
