[6.162s] Invoking command in '/home/kingpooper/deepRacerWS/src/tape': PYTHONPATH=/home/kingpooper/deepRacerWS/build/tape/prefix_override:/usr/lib/python3/dist-packages/colcon_core/task/python/colcon_distutils_commands:/home/kingpooper/deepRacerWS/install/tape/lib/python3.10/site-packages:${PYTHONPATH} /usr/bin/python3 -W ignore:setup.py install is deprecated -W ignore:easy_install command is deprecated setup.py egg_info --egg-base ../../build/tape build --build-base /home/kingpooper/deepRacerWS/build/tape/build install --record /home/kingpooper/deepRacerWS/build/tape/install.log --single-version-externally-managed install_data
[8.300s] running egg_info
[8.305s] writing ../../build/tape/tape.egg-info/PKG-INFO
[8.318s] writing dependency_links to ../../build/tape/tape.egg-info/dependency_links.txt
[8.372s] writing entry points to ../../build/tape/tape.egg-info/entry_points.txt
[8.376s] writing requirements to ../../build/tape/tape.egg-info/requires.txt
[8.377s] writing top-level names to ../../build/tape/tape.egg-info/top_level.txt
[8.386s] reading manifest file '../../build/tape/tape.egg-info/SOURCES.txt'
[8.388s] adding license file 'LICENSE'
[8.393s] writing manifest file '../../build/tape/tape.egg-info/SOURCES.txt'
[8.394s] running build
[8.398s] running build_py
[8.406s] copying tape/shay_blue_follower.py -> /home/kingpooper/deepRacerWS/build/tape/build/lib/tape
[8.408s] running install
[8.411s] running install_lib
[8.413s] copying /home/kingpooper/deepRacerWS/build/tape/build/lib/tape/shay_blue_follower.py -> /home/kingpooper/deepRacerWS/install/tape/lib/python3.10/site-packages/tape
[8.421s] byte-compiling /home/kingpooper/deepRacerWS/install/tape/lib/python3.10/site-packages/tape/shay_blue_follower.py to shay_blue_follower.cpython-310.pyc
[8.460s] running install_data
[8.461s] running install_egg_info
[8.475s] removing '/home/kingpooper/deepRacerWS/install/tape/lib/python3.10/site-packages/tape-0.0.0-py3.10.egg-info' (and everything under it)
[8.482s] Copying ../../build/tape/tape.egg-info to /home/kingpooper/deepRacerWS/install/tape/lib/python3.10/site-packages/tape-0.0.0-py3.10.egg-info
[8.502s] running install_scripts
[8.636s] Installing image_subscriber script to /home/kingpooper/deepRacerWS/install/tape/lib/tape
[8.674s] Installing james_blue_follower script to /home/kingpooper/deepRacerWS/install/tape/lib/tape
[8.675s] Installing my_blue_tape_follower script to /home/kingpooper/deepRacerWS/install/tape/lib/tape
[8.675s] Installing my_sexy_tape_follower script to /home/kingpooper/deepRacerWS/install/tape/lib/tape
[8.676s] Installing my_tape_follower script to /home/kingpooper/deepRacerWS/install/tape/lib/tape
[8.677s] Installing obs_avoid script to /home/kingpooper/deepRacerWS/install/tape/lib/tape
[8.677s] Installing school_zone script to /home/kingpooper/deepRacerWS/install/tape/lib/tape
[8.678s] Installing shay_blue_follower script to /home/kingpooper/deepRacerWS/install/tape/lib/tape
[8.678s] Installing shaya_blue script to /home/kingpooper/deepRacerWS/install/tape/lib/tape
[8.686s] Installing stop_sign script to /home/kingpooper/deepRacerWS/install/tape/lib/tape
[8.686s] Installing tape_follower script to /home/kingpooper/deepRacerWS/install/tape/lib/tape
[8.687s] Installing tom_blue_tape script to /home/kingpooper/deepRacerWS/install/tape/lib/tape
[8.688s] writing list of installed files to '/home/kingpooper/deepRacerWS/build/tape/install.log'
[8.925s] Invoked command in '/home/kingpooper/deepRacerWS/src/tape' returned '0': PYTHONPATH=/home/kingpooper/deepRacerWS/build/tape/prefix_override:/usr/lib/python3/dist-packages/colcon_core/task/python/colcon_distutils_commands:/home/kingpooper/deepRacerWS/install/tape/lib/python3.10/site-packages:${PYTHONPATH} /usr/bin/python3 -W ignore:setup.py install is deprecated -W ignore:easy_install command is deprecated setup.py egg_info --egg-base ../../build/tape build --build-base /home/kingpooper/deepRacerWS/build/tape/build install --record /home/kingpooper/deepRacerWS/build/tape/install.log --single-version-externally-managed install_data
