[4.994s] Invoking command in '/home/kingpooper/deepRacerWS/src/tape': PYTHONPATH=/home/kingpooper/deepRacerWS/build/tape/prefix_override:/usr/lib/python3/dist-packages/colcon_core/task/python/colcon_distutils_commands:/home/kingpooper/deepRacerWS/install/tape/lib/python3.10/site-packages:${PYTHONPATH} /usr/bin/python3 -W ignore:setup.py install is deprecated -W ignore:easy_install command is deprecated setup.py egg_info --egg-base ../../build/tape build --build-base /home/kingpooper/deepRacerWS/build/tape/build install --record /home/kingpooper/deepRacerWS/build/tape/install.log --single-version-externally-managed install_data
[6.967s] running egg_info
[6.969s] writing ../../build/tape/tape.egg-info/PKG-INFO
[6.972s] writing dependency_links to ../../build/tape/tape.egg-info/dependency_links.txt
[6.976s] writing entry points to ../../build/tape/tape.egg-info/entry_points.txt
[6.982s] writing requirements to ../../build/tape/tape.egg-info/requires.txt
[6.986s] writing top-level names to ../../build/tape/tape.egg-info/top_level.txt
[6.992s] reading manifest file '../../build/tape/tape.egg-info/SOURCES.txt'
[6.995s] adding license file 'LICENSE'
[6.999s] writing manifest file '../../build/tape/tape.egg-info/SOURCES.txt'
[7.003s] running build
[7.003s] running build_py
[7.004s] copying tape/james_blue_follower.py -> /home/kingpooper/deepRacerWS/build/tape/build/lib/tape
[7.004s] running install
[7.009s] running install_lib
[7.015s] copying /home/kingpooper/deepRacerWS/build/tape/build/lib/tape/james_blue_follower.py -> /home/kingpooper/deepRacerWS/install/tape/lib/python3.10/site-packages/tape
[7.026s] byte-compiling /home/kingpooper/deepRacerWS/install/tape/lib/python3.10/site-packages/tape/james_blue_follower.py to james_blue_follower.cpython-310.pyc
[7.031s] running install_data
[7.035s] running install_egg_info
[7.050s] removing '/home/kingpooper/deepRacerWS/install/tape/lib/python3.10/site-packages/tape-0.0.0-py3.10.egg-info' (and everything under it)
[7.065s] Copying ../../build/tape/tape.egg-info to /home/kingpooper/deepRacerWS/install/tape/lib/python3.10/site-packages/tape-0.0.0-py3.10.egg-info
[7.087s] running install_scripts
[7.233s] Installing image_subscriber script to /home/kingpooper/deepRacerWS/install/tape/lib/tape
[7.236s] Installing james_blue_follower script to /home/kingpooper/deepRacerWS/install/tape/lib/tape
[7.241s] Installing my_blue_tape_follower script to /home/kingpooper/deepRacerWS/install/tape/lib/tape
[7.245s] Installing my_sexy_tape_follower script to /home/kingpooper/deepRacerWS/install/tape/lib/tape
[7.249s] Installing my_tape_follower script to /home/kingpooper/deepRacerWS/install/tape/lib/tape
[7.267s] Installing obs_avoid script to /home/kingpooper/deepRacerWS/install/tape/lib/tape
[7.269s] Installing school_zone script to /home/kingpooper/deepRacerWS/install/tape/lib/tape
[7.271s] Installing stop_sign script to /home/kingpooper/deepRacerWS/install/tape/lib/tape
[7.296s] Installing tape_follower script to /home/kingpooper/deepRacerWS/install/tape/lib/tape
[7.300s] Installing tom_blue_tape script to /home/kingpooper/deepRacerWS/install/tape/lib/tape
[7.316s] writing list of installed files to '/home/kingpooper/deepRacerWS/build/tape/install.log'
[7.522s] Invoked command in '/home/kingpooper/deepRacerWS/src/tape' returned '0': PYTHONPATH=/home/kingpooper/deepRacerWS/build/tape/prefix_override:/usr/lib/python3/dist-packages/colcon_core/task/python/colcon_distutils_commands:/home/kingpooper/deepRacerWS/install/tape/lib/python3.10/site-packages:${PYTHONPATH} /usr/bin/python3 -W ignore:setup.py install is deprecated -W ignore:easy_install command is deprecated setup.py egg_info --egg-base ../../build/tape build --build-base /home/kingpooper/deepRacerWS/build/tape/build install --record /home/kingpooper/deepRacerWS/build/tape/install.log --single-version-externally-managed install_data
