[0.084s] Invoking command in '/home/kingpooper/deepRacerWS/build/robot_car': CMAKE_PREFIX_PATH=${CMAKE_PREFIX_PATH}:/home/kingpooper/deepRacerWS/install/tape:/home/kingpooper/deepRacerWS/install/ros2_pca9685:/home/kingpooper/deepRacerWS/install/control:/opt/ros/humble /usr/bin/cmake --build /home/kingpooper/deepRacerWS/build/robot_car -- -j4 -l4
[0.342s] Invoked command in '/home/kingpooper/deepRacerWS/build/robot_car' returned '0': CMAKE_PREFIX_PATH=${CMAKE_PREFIX_PATH}:/home/kingpooper/deepRacerWS/install/tape:/home/kingpooper/deepRacerWS/install/ros2_pca9685:/home/kingpooper/deepRacerWS/install/control:/opt/ros/humble /usr/bin/cmake --build /home/kingpooper/deepRacerWS/build/robot_car -- -j4 -l4
[0.397s] Invoking command in '/home/kingpooper/deepRacerWS/build/robot_car': CMAKE_PREFIX_PATH=${CMAKE_PREFIX_PATH}:/home/kingpooper/deepRacerWS/install/tape:/home/kingpooper/deepRacerWS/install/ros2_pca9685:/home/kingpooper/deepRacerWS/install/control:/opt/ros/humble /usr/bin/cmake --install /home/kingpooper/deepRacerWS/build/robot_car
[0.461s] -- Install configuration: ""
[0.464s] -- Up-to-date: /home/kingpooper/deepRacerWS/install/robot_car/lib/robot_car/bicycle_model_scott.py
[0.466s] -- Up-to-date: /home/kingpooper/deepRacerWS/install/robot_car/share/robot_car/launch
[0.468s] -- Up-to-date: /home/kingpooper/deepRacerWS/install/robot_car/share/robot_car/launch/display.launch.py
[0.469s] -- Up-to-date: /home/kingpooper/deepRacerWS/install/robot_car/share/robot_car/launch/__pycache__
[0.471s] -- Up-to-date: /home/kingpooper/deepRacerWS/install/robot_car/share/robot_car/launch/__pycache__/display.launch.cpython-310.pyc
[0.473s] -- Up-to-date: /home/kingpooper/deepRacerWS/install/robot_car/share/robot_car/launch/__pycache__/test_localization_launch.cpython-310.pyc
[0.474s] -- Up-to-date: /home/kingpooper/deepRacerWS/install/robot_car/share/robot_car/launch/__pycache__/localization.launch.cpython-310.pyc
[0.476s] -- Up-to-date: /home/kingpooper/deepRacerWS/install/robot_car/share/robot_car/launch/localization.launch.py
[0.479s] -- Installing: /home/kingpooper/deepRacerWS/install/robot_car/share/robot_car/launch/test_localization_launch.py
[0.482s] -- Up-to-date: /home/kingpooper/deepRacerWS/install/robot_car/share/robot_car/urdf
[0.484s] -- Up-to-date: /home/kingpooper/deepRacerWS/install/robot_car/share/robot_car/urdf/description
[0.486s] -- Up-to-date: /home/kingpooper/deepRacerWS/install/robot_car/share/robot_car/urdf/description/robot_car_description.urdf
[0.488s] -- Up-to-date: /home/kingpooper/deepRacerWS/install/robot_car/share/robot_car/config
[0.490s] -- Up-to-date: /home/kingpooper/deepRacerWS/install/robot_car/share/robot_car/config/localization_params.yaml
[0.492s] -- Installing: /home/kingpooper/deepRacerWS/install/robot_car/share/robot_car/config/nav2_params.yaml
[0.497s] -- Up-to-date: /home/kingpooper/deepRacerWS/install/robot_car/share/robot_car/config/mapper_params_online_async.yaml
[0.499s] -- Up-to-date: /home/kingpooper/deepRacerWS/install/robot_car/share/robot_car/rviz
[0.503s] -- Up-to-date: /home/kingpooper/deepRacerWS/install/robot_car/share/robot_car/rviz/config.rviz
[0.505s] -- Up-to-date: /home/kingpooper/deepRacerWS/install/robot_car/share/ament_index/resource_index/package_run_dependencies/robot_car
[0.510s] -- Up-to-date: /home/kingpooper/deepRacerWS/install/robot_car/share/ament_index/resource_index/parent_prefix_path/robot_car
[0.512s] -- Up-to-date: /home/kingpooper/deepRacerWS/install/robot_car/share/robot_car/environment/ament_prefix_path.sh
[0.514s] -- Up-to-date: /home/kingpooper/deepRacerWS/install/robot_car/share/robot_car/environment/ament_prefix_path.dsv
[0.516s] -- Up-to-date: /home/kingpooper/deepRacerWS/install/robot_car/share/robot_car/environment/path.sh
[0.518s] -- Up-to-date: /home/kingpooper/deepRacerWS/install/robot_car/share/robot_car/environment/path.dsv
[0.521s] -- Up-to-date: /home/kingpooper/deepRacerWS/install/robot_car/share/robot_car/local_setup.bash
[0.521s] -- Up-to-date: /home/kingpooper/deepRacerWS/install/robot_car/share/robot_car/local_setup.sh
[0.529s] -- Up-to-date: /home/kingpooper/deepRacerWS/install/robot_car/share/robot_car/local_setup.zsh
[0.531s] -- Up-to-date: /home/kingpooper/deepRacerWS/install/robot_car/share/robot_car/local_setup.dsv
[0.532s] -- Installing: /home/kingpooper/deepRacerWS/install/robot_car/share/robot_car/package.dsv
[0.533s] -- Up-to-date: /home/kingpooper/deepRacerWS/install/robot_car/share/ament_index/resource_index/packages/robot_car
[0.534s] -- Up-to-date: /home/kingpooper/deepRacerWS/install/robot_car/share/robot_car/cmake/robot_carConfig.cmake
[0.535s] -- Up-to-date: /home/kingpooper/deepRacerWS/install/robot_car/share/robot_car/cmake/robot_carConfig-version.cmake
[0.537s] -- Up-to-date: /home/kingpooper/deepRacerWS/install/robot_car/share/robot_car/package.xml
[0.560s] Invoked command in '/home/kingpooper/deepRacerWS/build/robot_car' returned '0': CMAKE_PREFIX_PATH=${CMAKE_PREFIX_PATH}:/home/kingpooper/deepRacerWS/install/tape:/home/kingpooper/deepRacerWS/install/ros2_pca9685:/home/kingpooper/deepRacerWS/install/control:/opt/ros/humble /usr/bin/cmake --install /home/kingpooper/deepRacerWS/build/robot_car
