[5.231s] Invoking command in '/home/kingpooper/deepRacerWS/src/tape': PYTHONPATH=/home/kingpooper/deepRacerWS/build/tape/prefix_override:/usr/lib/python3/dist-packages/colcon_core/task/python/colcon_distutils_commands:/home/kingpooper/deepRacerWS/install/tape/lib/python3.10/site-packages:${PYTHONPATH} /usr/bin/python3 -W ignore:setup.py install is deprecated -W ignore:easy_install command is deprecated setup.py egg_info --egg-base ../../build/tape build --build-base /home/kingpooper/deepRacerWS/build/tape/build install --record /home/kingpooper/deepRacerWS/build/tape/install.log --single-version-externally-managed install_data
[7.145s] running egg_info
[7.149s] writing ../../build/tape/tape.egg-info/PKG-INFO
[7.150s] writing dependency_links to ../../build/tape/tape.egg-info/dependency_links.txt
[7.151s] writing entry points to ../../build/tape/tape.egg-info/entry_points.txt
[7.152s] writing requirements to ../../build/tape/tape.egg-info/requires.txt
[7.153s] writing top-level names to ../../build/tape/tape.egg-info/top_level.txt
[7.168s] reading manifest file '../../build/tape/tape.egg-info/SOURCES.txt'
[7.171s] adding license file 'LICENSE'
[7.175s] writing manifest file '../../build/tape/tape.egg-info/SOURCES.txt'
[7.180s] running build
[7.181s] running build_py
[7.182s] copying tape/stop_sign.py -> /home/kingpooper/deepRacerWS/build/tape/build/lib/tape
[7.184s] running install
[7.185s] running install_lib
[7.192s] copying /home/kingpooper/deepRacerWS/build/tape/build/lib/tape/stop_sign.py -> /home/kingpooper/deepRacerWS/install/tape/lib/python3.10/site-packages/tape
[7.202s] byte-compiling /home/kingpooper/deepRacerWS/install/tape/lib/python3.10/site-packages/tape/stop_sign.py to stop_sign.cpython-310.pyc
[7.205s] running install_data
[7.206s] running install_egg_info
[7.216s] removing '/home/kingpooper/deepRacerWS/install/tape/lib/python3.10/site-packages/tape-0.0.0-py3.10.egg-info' (and everything under it)
[7.219s] Copying ../../build/tape/tape.egg-info to /home/kingpooper/deepRacerWS/install/tape/lib/python3.10/site-packages/tape-0.0.0-py3.10.egg-info
[7.231s] running install_scripts
[7.364s] Installing image_subscriber script to /home/kingpooper/deepRacerWS/install/tape/lib/tape
[7.366s] Installing james_blue_follower script to /home/kingpooper/deepRacerWS/install/tape/lib/tape
[7.367s] Installing my_blue_tape_follower script to /home/kingpooper/deepRacerWS/install/tape/lib/tape
[7.368s] Installing my_sexy_tape_follower script to /home/kingpooper/deepRacerWS/install/tape/lib/tape
[7.370s] Installing my_tape_follower script to /home/kingpooper/deepRacerWS/install/tape/lib/tape
[7.371s] Installing obs_avoid script to /home/kingpooper/deepRacerWS/install/tape/lib/tape
[7.376s] Installing school_zone script to /home/kingpooper/deepRacerWS/install/tape/lib/tape
[7.395s] Installing shay_blue_follower script to /home/kingpooper/deepRacerWS/install/tape/lib/tape
[7.421s] Installing shaya_blue script to /home/kingpooper/deepRacerWS/install/tape/lib/tape
[7.441s] Installing stop_sign script to /home/kingpooper/deepRacerWS/install/tape/lib/tape
[7.443s] Installing tape_follower script to /home/kingpooper/deepRacerWS/install/tape/lib/tape
[7.449s] Installing tom_blue_tape script to /home/kingpooper/deepRacerWS/install/tape/lib/tape
[7.451s] writing list of installed files to '/home/kingpooper/deepRacerWS/build/tape/install.log'
[7.605s] Invoked command in '/home/kingpooper/deepRacerWS/src/tape' returned '0': PYTHONPATH=/home/kingpooper/deepRacerWS/build/tape/prefix_override:/usr/lib/python3/dist-packages/colcon_core/task/python/colcon_distutils_commands:/home/kingpooper/deepRacerWS/install/tape/lib/python3.10/site-packages:${PYTHONPATH} /usr/bin/python3 -W ignore:setup.py install is deprecated -W ignore:easy_install command is deprecated setup.py egg_info --egg-base ../../build/tape build --build-base /home/kingpooper/deepRacerWS/build/tape/build install --record /home/kingpooper/deepRacerWS/build/tape/install.log --single-version-externally-managed install_data
