[3.361s] Invoking command in '/home/kingpooper/deepRacerWS/src/tape': PYTHONPATH=/home/kingpooper/deepRacerWS/build/tape/prefix_override:/usr/lib/python3/dist-packages/colcon_core/task/python/colcon_distutils_commands:/home/kingpooper/deepRacerWS/install/tape/lib/python3.10/site-packages:${PYTHONPATH} /usr/bin/python3 -W ignore:setup.py install is deprecated -W ignore:easy_install command is deprecated setup.py egg_info --egg-base ../../build/tape build --build-base /home/kingpooper/deepRacerWS/build/tape/build install --record /home/kingpooper/deepRacerWS/build/tape/install.log --single-version-externally-managed install_data
[4.974s] running egg_info
[4.977s] writing ../../build/tape/tape.egg-info/PKG-INFO
[4.979s] writing dependency_links to ../../build/tape/tape.egg-info/dependency_links.txt
[4.980s] writing entry points to ../../build/tape/tape.egg-info/entry_points.txt
[4.981s] writing requirements to ../../build/tape/tape.egg-info/requires.txt
[4.981s] writing top-level names to ../../build/tape/tape.egg-info/top_level.txt
[4.991s] reading manifest file '../../build/tape/tape.egg-info/SOURCES.txt'
[4.993s] adding license file 'LICENSE'
[4.996s] writing manifest file '../../build/tape/tape.egg-info/SOURCES.txt'
[4.997s] running build
[4.997s] running build_py
[5.002s] running install
[5.003s] running install_lib
[5.009s] running install_data
[5.010s] running install_egg_info
[5.018s] removing '/home/kingpooper/deepRacerWS/install/tape/lib/python3.10/site-packages/tape-0.0.0-py3.10.egg-info' (and everything under it)
[5.020s] Copying ../../build/tape/tape.egg-info to /home/kingpooper/deepRacerWS/install/tape/lib/python3.10/site-packages/tape-0.0.0-py3.10.egg-info
[5.026s] running install_scripts
[5.115s] Installing tape_follower script to /home/kingpooper/deepRacerWS/install/tape/lib/tape
[5.117s] writing list of installed files to '/home/kingpooper/deepRacerWS/build/tape/install.log'
[5.252s] Invoked command in '/home/kingpooper/deepRacerWS/src/tape' returned '0': PYTHONPATH=/home/kingpooper/deepRacerWS/build/tape/prefix_override:/usr/lib/python3/dist-packages/colcon_core/task/python/colcon_distutils_commands:/home/kingpooper/deepRacerWS/install/tape/lib/python3.10/site-packages:${PYTHONPATH} /usr/bin/python3 -W ignore:setup.py install is deprecated -W ignore:easy_install command is deprecated setup.py egg_info --egg-base ../../build/tape build --build-base /home/kingpooper/deepRacerWS/build/tape/build install --record /home/kingpooper/deepRacerWS/build/tape/install.log --single-version-externally-managed install_data
