[4.616s] Invoking command in '/home/kingpooper/deepRacerWS/src/ros2_pca9685': PYTHONPATH=/home/kingpooper/deepRacerWS/build/ros2_pca9685/prefix_override:/usr/lib/python3/dist-packages/colcon_core/task/python/colcon_distutils_commands:/home/kingpooper/deepRacerWS/install/ros2_pca9685/lib/python3.10/site-packages:${PYTHONPATH} /usr/bin/python3 -W ignore:setup.py install is deprecated -W ignore:easy_install command is deprecated setup.py egg_info --egg-base ../../build/ros2_pca9685 build --build-base /home/kingpooper/deepRacerWS/build/ros2_pca9685/build install --record /home/kingpooper/deepRacerWS/build/ros2_pca9685/install.log --install-scripts $base/lib/ros2_pca9685 --single-version-externally-managed install_data
[6.275s] /usr/lib/python3/dist-packages/setuptools/dist.py:723: UserWarning: Usage of dash-separated 'script-dir' will not be supported in future versions. Please use the underscore name 'script_dir' instead
[6.276s]   warnings.warn(
[6.331s] running egg_info
[6.358s] writing ../../build/ros2_pca9685/ros2_pca9685.egg-info/PKG-INFO
[6.359s] writing dependency_links to ../../build/ros2_pca9685/ros2_pca9685.egg-info/dependency_links.txt
[6.360s] writing entry points to ../../build/ros2_pca9685/ros2_pca9685.egg-info/entry_points.txt
[6.361s] writing requirements to ../../build/ros2_pca9685/ros2_pca9685.egg-info/requires.txt
[6.361s] writing top-level names to ../../build/ros2_pca9685/ros2_pca9685.egg-info/top_level.txt
[6.366s] reading manifest file '../../build/ros2_pca9685/ros2_pca9685.egg-info/SOURCES.txt'
[6.367s] adding license file 'LICENSE'
[6.368s] writing manifest file '../../build/ros2_pca9685/ros2_pca9685.egg-info/SOURCES.txt'
[6.368s] running build
[6.369s] running build_py
[6.390s] copying ros2_pca9685/subscriber_member_function.py -> /home/kingpooper/deepRacerWS/build/ros2_pca9685/build/lib/ros2_pca9685
[6.391s] running install
[6.391s] running install_lib
[6.392s] copying /home/kingpooper/deepRacerWS/build/ros2_pca9685/build/lib/ros2_pca9685/subscriber_member_function.py -> /home/kingpooper/deepRacerWS/install/ros2_pca9685/lib/python3.10/site-packages/ros2_pca9685
[6.393s] byte-compiling /home/kingpooper/deepRacerWS/install/ros2_pca9685/lib/python3.10/site-packages/ros2_pca9685/subscriber_member_function.py to subscriber_member_function.cpython-310.pyc
[6.393s] running install_data
[6.404s] running install_egg_info
[6.405s] removing '/home/kingpooper/deepRacerWS/install/ros2_pca9685/lib/python3.10/site-packages/ros2_pca9685-0.0.0-py3.10.egg-info' (and everything under it)
[6.431s] Copying ../../build/ros2_pca9685/ros2_pca9685.egg-info to /home/kingpooper/deepRacerWS/install/ros2_pca9685/lib/python3.10/site-packages/ros2_pca9685-0.0.0-py3.10.egg-info
[6.432s] running install_scripts
[6.583s] Installing listener script to /home/kingpooper/deepRacerWS/install/ros2_pca9685/lib/ros2_pca9685
[6.586s] Installing talker script to /home/kingpooper/deepRacerWS/install/ros2_pca9685/lib/ros2_pca9685
[6.589s] writing list of installed files to '/home/kingpooper/deepRacerWS/build/ros2_pca9685/install.log'
[6.794s] Invoked command in '/home/kingpooper/deepRacerWS/src/ros2_pca9685' returned '0': PYTHONPATH=/home/kingpooper/deepRacerWS/build/ros2_pca9685/prefix_override:/usr/lib/python3/dist-packages/colcon_core/task/python/colcon_distutils_commands:/home/kingpooper/deepRacerWS/install/ros2_pca9685/lib/python3.10/site-packages:${PYTHONPATH} /usr/bin/python3 -W ignore:setup.py install is deprecated -W ignore:easy_install command is deprecated setup.py egg_info --egg-base ../../build/ros2_pca9685 build --build-base /home/kingpooper/deepRacerWS/build/ros2_pca9685/build install --record /home/kingpooper/deepRacerWS/build/ros2_pca9685/install.log --install-scripts $base/lib/ros2_pca9685 --single-version-externally-managed install_data
