[5.426s] Invoking command in '/home/kingpooper/deepRacerWS/src/tape': PYTHONPATH=/home/kingpooper/deepRacerWS/build/tape/prefix_override:/usr/lib/python3/dist-packages/colcon_core/task/python/colcon_distutils_commands:/home/kingpooper/deepRacerWS/install/tape/lib/python3.10/site-packages:${PYTHONPATH} /usr/bin/python3 -W ignore:setup.py install is deprecated -W ignore:easy_install command is deprecated setup.py egg_info --egg-base ../../build/tape build --build-base /home/kingpooper/deepRacerWS/build/tape/build install --record /home/kingpooper/deepRacerWS/build/tape/install.log --single-version-externally-managed install_data
[8.178s] running egg_info
[8.184s] writing ../../build/tape/tape.egg-info/PKG-INFO
[8.185s] writing dependency_links to ../../build/tape/tape.egg-info/dependency_links.txt
[8.190s] writing entry points to ../../build/tape/tape.egg-info/entry_points.txt
[8.195s] writing requirements to ../../build/tape/tape.egg-info/requires.txt
[8.197s] writing top-level names to ../../build/tape/tape.egg-info/top_level.txt
[8.216s] reading manifest file '../../build/tape/tape.egg-info/SOURCES.txt'
[8.217s] adding license file 'LICENSE'
[8.221s] writing manifest file '../../build/tape/tape.egg-info/SOURCES.txt'
[8.222s] running build
[8.222s] running build_py
[8.223s] copying tape/james_blue_follower.py -> /home/kingpooper/deepRacerWS/build/tape/build/lib/tape
[8.226s] copying tape/shay_blue_follower.py -> /home/kingpooper/deepRacerWS/build/tape/build/lib/tape
[8.231s] running install
[8.232s] running install_lib
[8.240s] copying /home/kingpooper/deepRacerWS/build/tape/build/lib/tape/james_blue_follower.py -> /home/kingpooper/deepRacerWS/install/tape/lib/python3.10/site-packages/tape
[8.249s] copying /home/kingpooper/deepRacerWS/build/tape/build/lib/tape/shay_blue_follower.py -> /home/kingpooper/deepRacerWS/install/tape/lib/python3.10/site-packages/tape
[8.256s] byte-compiling /home/kingpooper/deepRacerWS/install/tape/lib/python3.10/site-packages/tape/james_blue_follower.py to james_blue_follower.cpython-310.pyc
[8.266s] byte-compiling /home/kingpooper/deepRacerWS/install/tape/lib/python3.10/site-packages/tape/shay_blue_follower.py to shay_blue_follower.cpython-310.pyc
[8.280s] running install_data
[8.281s] running install_egg_info
[8.301s] removing '/home/kingpooper/deepRacerWS/install/tape/lib/python3.10/site-packages/tape-0.0.0-py3.10.egg-info' (and everything under it)
[8.304s] Copying ../../build/tape/tape.egg-info to /home/kingpooper/deepRacerWS/install/tape/lib/python3.10/site-packages/tape-0.0.0-py3.10.egg-info
[8.324s] running install_scripts
[8.467s] Installing image_subscriber script to /home/kingpooper/deepRacerWS/install/tape/lib/tape
[8.470s] Installing james_blue_follower script to /home/kingpooper/deepRacerWS/install/tape/lib/tape
[8.471s] Installing my_blue_tape_follower script to /home/kingpooper/deepRacerWS/install/tape/lib/tape
[8.472s] Installing my_sexy_tape_follower script to /home/kingpooper/deepRacerWS/install/tape/lib/tape
[8.474s] Installing my_tape_follower script to /home/kingpooper/deepRacerWS/install/tape/lib/tape
[8.476s] Installing obs_avoid script to /home/kingpooper/deepRacerWS/install/tape/lib/tape
[8.477s] Installing school_zone script to /home/kingpooper/deepRacerWS/install/tape/lib/tape
[8.479s] Installing shaya_blue script to /home/kingpooper/deepRacerWS/install/tape/lib/tape
[8.480s] Installing stop_sign script to /home/kingpooper/deepRacerWS/install/tape/lib/tape
[8.480s] Installing tape_follower script to /home/kingpooper/deepRacerWS/install/tape/lib/tape
[8.484s] Installing tom_blue_tape script to /home/kingpooper/deepRacerWS/install/tape/lib/tape
[8.484s] writing list of installed files to '/home/kingpooper/deepRacerWS/build/tape/install.log'
[8.690s] Invoked command in '/home/kingpooper/deepRacerWS/src/tape' returned '0': PYTHONPATH=/home/kingpooper/deepRacerWS/build/tape/prefix_override:/usr/lib/python3/dist-packages/colcon_core/task/python/colcon_distutils_commands:/home/kingpooper/deepRacerWS/install/tape/lib/python3.10/site-packages:${PYTHONPATH} /usr/bin/python3 -W ignore:setup.py install is deprecated -W ignore:easy_install command is deprecated setup.py egg_info --egg-base ../../build/tape build --build-base /home/kingpooper/deepRacerWS/build/tape/build install --record /home/kingpooper/deepRacerWS/build/tape/install.log --single-version-externally-managed install_data
