[4.792s] Invoking command in '/home/kingpooper/deepRacerWS/src/tape': PYTHONPATH=/home/kingpooper/deepRacerWS/build/tape/prefix_override:/usr/lib/python3/dist-packages/colcon_core/task/python/colcon_distutils_commands:/home/kingpooper/deepRacerWS/install/tape/lib/python3.10/site-packages:${PYTHONPATH} /usr/bin/python3 -W ignore:setup.py install is deprecated -W ignore:easy_install command is deprecated setup.py egg_info --egg-base ../../build/tape build --build-base /home/kingpooper/deepRacerWS/build/tape/build install --record /home/kingpooper/deepRacerWS/build/tape/install.log --single-version-externally-managed install_data
[6.621s] running egg_info
[6.625s] writing ../../build/tape/tape.egg-info/PKG-INFO
[6.626s] writing dependency_links to ../../build/tape/tape.egg-info/dependency_links.txt
[6.629s] writing entry points to ../../build/tape/tape.egg-info/entry_points.txt
[6.635s] writing requirements to ../../build/tape/tape.egg-info/requires.txt
[6.643s] writing top-level names to ../../build/tape/tape.egg-info/top_level.txt
[6.654s] reading manifest file '../../build/tape/tape.egg-info/SOURCES.txt'
[6.664s] adding license file 'LICENSE'
[6.670s] writing manifest file '../../build/tape/tape.egg-info/SOURCES.txt'
[6.676s] running build
[6.684s] running build_py
[6.691s] copying tape/tape_follower.py -> /home/kingpooper/deepRacerWS/build/tape/build/lib/tape
[6.698s] running install
[6.706s] running install_lib
[6.712s] copying /home/kingpooper/deepRacerWS/build/tape/build/lib/tape/tape_follower.py -> /home/kingpooper/deepRacerWS/install/tape/lib/python3.10/site-packages/tape
[6.717s] byte-compiling /home/kingpooper/deepRacerWS/install/tape/lib/python3.10/site-packages/tape/tape_follower.py to tape_follower.cpython-310.pyc
[6.722s] running install_data
[6.728s] running install_egg_info
[6.733s] removing '/home/kingpooper/deepRacerWS/install/tape/lib/python3.10/site-packages/tape-0.0.0-py3.10.egg-info' (and everything under it)
[6.737s] Copying ../../build/tape/tape.egg-info to /home/kingpooper/deepRacerWS/install/tape/lib/python3.10/site-packages/tape-0.0.0-py3.10.egg-info
[6.741s] running install_scripts
[6.805s] Installing image_subscriber script to /home/kingpooper/deepRacerWS/install/tape/lib/tape
[6.806s] Installing my_tape_follower script to /home/kingpooper/deepRacerWS/install/tape/lib/tape
[6.808s] Installing tape_follower script to /home/kingpooper/deepRacerWS/install/tape/lib/tape
[6.810s] writing list of installed files to '/home/kingpooper/deepRacerWS/build/tape/install.log'
[6.992s] Invoked command in '/home/kingpooper/deepRacerWS/src/tape' returned '0': PYTHONPATH=/home/kingpooper/deepRacerWS/build/tape/prefix_override:/usr/lib/python3/dist-packages/colcon_core/task/python/colcon_distutils_commands:/home/kingpooper/deepRacerWS/install/tape/lib/python3.10/site-packages:${PYTHONPATH} /usr/bin/python3 -W ignore:setup.py install is deprecated -W ignore:easy_install command is deprecated setup.py egg_info --egg-base ../../build/tape build --build-base /home/kingpooper/deepRacerWS/build/tape/build install --record /home/kingpooper/deepRacerWS/build/tape/install.log --single-version-externally-managed install_data
