[7.493s] Invoking command in '/home/kingpooper/deepRacerWS/src/tape': PYTHONPATH=/home/kingpooper/deepRacerWS/build/tape/prefix_override:/usr/lib/python3/dist-packages/colcon_core/task/python/colcon_distutils_commands:/home/kingpooper/deepRacerWS/install/tape/lib/python3.10/site-packages:${PYTHONPATH} /usr/bin/python3 -W ignore:setup.py install is deprecated -W ignore:easy_install command is deprecated setup.py egg_info --egg-base ../../build/tape build --build-base /home/kingpooper/deepRacerWS/build/tape/build install --record /home/kingpooper/deepRacerWS/build/tape/install.log --single-version-externally-managed install_data
[10.786s] running egg_info
[10.791s] writing ../../build/tape/tape.egg-info/PKG-INFO
[10.887s] writing dependency_links to ../../build/tape/tape.egg-info/dependency_links.txt
[10.888s] writing entry points to ../../build/tape/tape.egg-info/entry_points.txt
[10.889s] writing requirements to ../../build/tape/tape.egg-info/requires.txt
[10.890s] writing top-level names to ../../build/tape/tape.egg-info/top_level.txt
[10.912s] reading manifest file '../../build/tape/tape.egg-info/SOURCES.txt'
[10.915s] adding license file 'LICENSE'
[10.918s] writing manifest file '../../build/tape/tape.egg-info/SOURCES.txt'
[10.922s] running build
[10.924s] running build_py
[10.933s] running install
[10.935s] running install_lib
[10.951s] byte-compiling /home/kingpooper/deepRacerWS/install/tape/lib/python3.10/site-packages/tape/my_tape_follower.py to my_tape_follower.cpython-310.pyc
[10.952s] Sorry: TabError: inconsistent use of tabs and spaces in indentation (my_tape_follower.py, line 13)
[10.953s] running install_data
[10.954s] running install_egg_info
[10.979s] removing '/home/kingpooper/deepRacerWS/install/tape/lib/python3.10/site-packages/tape-0.0.0-py3.10.egg-info' (and everything under it)
[10.983s] Copying ../../build/tape/tape.egg-info to /home/kingpooper/deepRacerWS/install/tape/lib/python3.10/site-packages/tape-0.0.0-py3.10.egg-info
[11.001s] running install_scripts
[11.411s] Installing image_subscriber script to /home/kingpooper/deepRacerWS/install/tape/lib/tape
[11.425s] Installing my_tape_follower script to /home/kingpooper/deepRacerWS/install/tape/lib/tape
[11.425s] Installing tape_follower script to /home/kingpooper/deepRacerWS/install/tape/lib/tape
[11.426s] writing list of installed files to '/home/kingpooper/deepRacerWS/build/tape/install.log'
[12.016s] Invoked command in '/home/kingpooper/deepRacerWS/src/tape' returned '0': PYTHONPATH=/home/kingpooper/deepRacerWS/build/tape/prefix_override:/usr/lib/python3/dist-packages/colcon_core/task/python/colcon_distutils_commands:/home/kingpooper/deepRacerWS/install/tape/lib/python3.10/site-packages:${PYTHONPATH} /usr/bin/python3 -W ignore:setup.py install is deprecated -W ignore:easy_install command is deprecated setup.py egg_info --egg-base ../../build/tape build --build-base /home/kingpooper/deepRacerWS/build/tape/build install --record /home/kingpooper/deepRacerWS/build/tape/install.log --single-version-externally-managed install_data
