[5.545s] Invoking command in '/home/kingpooper/deepRacerWS/src/tape': PYTHONPATH=/home/kingpooper/deepRacerWS/build/tape/prefix_override:/usr/lib/python3/dist-packages/colcon_core/task/python/colcon_distutils_commands:/home/kingpooper/deepRacerWS/install/tape/lib/python3.10/site-packages:${PYTHONPATH} /usr/bin/python3 -W ignore:setup.py install is deprecated -W ignore:easy_install command is deprecated setup.py egg_info --egg-base ../../build/tape build --build-base /home/kingpooper/deepRacerWS/build/tape/build install --record /home/kingpooper/deepRacerWS/build/tape/install.log --single-version-externally-managed install_data
[7.721s] running egg_info
[7.725s] writing ../../build/tape/tape.egg-info/PKG-INFO
[7.730s] writing dependency_links to ../../build/tape/tape.egg-info/dependency_links.txt
[7.737s] writing entry points to ../../build/tape/tape.egg-info/entry_points.txt
[7.737s] writing requirements to ../../build/tape/tape.egg-info/requires.txt
[7.738s] writing top-level names to ../../build/tape/tape.egg-info/top_level.txt
[7.744s] reading manifest file '../../build/tape/tape.egg-info/SOURCES.txt'
[7.748s] adding license file 'LICENSE'
[7.754s] writing manifest file '../../build/tape/tape.egg-info/SOURCES.txt'
[7.755s] running build
[7.756s] running build_py
[7.756s] copying tape/stop_sign.py -> /home/kingpooper/deepRacerWS/build/tape/build/lib/tape
[7.761s] running install
[7.765s] running install_lib
[7.769s] copying /home/kingpooper/deepRacerWS/build/tape/build/lib/tape/stop_sign.py -> /home/kingpooper/deepRacerWS/install/tape/lib/python3.10/site-packages/tape
[7.775s] byte-compiling /home/kingpooper/deepRacerWS/install/tape/lib/python3.10/site-packages/tape/stop_sign.py to stop_sign.cpython-310.pyc
[7.781s] running install_data
[7.786s] running install_egg_info
[7.793s] removing '/home/kingpooper/deepRacerWS/install/tape/lib/python3.10/site-packages/tape-0.0.0-py3.10.egg-info' (and everything under it)
[7.803s] Copying ../../build/tape/tape.egg-info to /home/kingpooper/deepRacerWS/install/tape/lib/python3.10/site-packages/tape-0.0.0-py3.10.egg-info
[7.817s] running install_scripts
[7.936s] Installing image_subscriber script to /home/kingpooper/deepRacerWS/install/tape/lib/tape
[7.936s] Installing james_blue_follower script to /home/kingpooper/deepRacerWS/install/tape/lib/tape
[7.937s] Installing my_blue_tape_follower script to /home/kingpooper/deepRacerWS/install/tape/lib/tape
[7.937s] Installing my_sexy_tape_follower script to /home/kingpooper/deepRacerWS/install/tape/lib/tape
[7.938s] Installing my_tape_follower script to /home/kingpooper/deepRacerWS/install/tape/lib/tape
[7.938s] Installing obs_avoid script to /home/kingpooper/deepRacerWS/install/tape/lib/tape
[7.939s] Installing school_zone script to /home/kingpooper/deepRacerWS/install/tape/lib/tape
[7.956s] Installing shay_blue_follower script to /home/kingpooper/deepRacerWS/install/tape/lib/tape
[7.957s] Installing shaya_blue script to /home/kingpooper/deepRacerWS/install/tape/lib/tape
[7.962s] Installing stop_sign script to /home/kingpooper/deepRacerWS/install/tape/lib/tape
[7.965s] Installing tape_follower script to /home/kingpooper/deepRacerWS/install/tape/lib/tape
[7.966s] Installing tom_blue_tape script to /home/kingpooper/deepRacerWS/install/tape/lib/tape
[7.972s] writing list of installed files to '/home/kingpooper/deepRacerWS/build/tape/install.log'
[8.193s] Invoked command in '/home/kingpooper/deepRacerWS/src/tape' returned '0': PYTHONPATH=/home/kingpooper/deepRacerWS/build/tape/prefix_override:/usr/lib/python3/dist-packages/colcon_core/task/python/colcon_distutils_commands:/home/kingpooper/deepRacerWS/install/tape/lib/python3.10/site-packages:${PYTHONPATH} /usr/bin/python3 -W ignore:setup.py install is deprecated -W ignore:easy_install command is deprecated setup.py egg_info --egg-base ../../build/tape build --build-base /home/kingpooper/deepRacerWS/build/tape/build install --record /home/kingpooper/deepRacerWS/build/tape/install.log --single-version-externally-managed install_data
