[5.183s] Invoking command in '/home/kingpooper/deepRacerWS/src/tape': PYTHONPATH=/home/kingpooper/deepRacerWS/build/tape/prefix_override:/usr/lib/python3/dist-packages/colcon_core/task/python/colcon_distutils_commands:/home/kingpooper/deepRacerWS/install/tape/lib/python3.10/site-packages:${PYTHONPATH} /usr/bin/python3 -W ignore:setup.py install is deprecated -W ignore:easy_install command is deprecated setup.py egg_info --egg-base ../../build/tape build --build-base /home/kingpooper/deepRacerWS/build/tape/build install --record /home/kingpooper/deepRacerWS/build/tape/install.log --single-version-externally-managed install_data
[7.132s] running egg_info
[7.135s] writing ../../build/tape/tape.egg-info/PKG-INFO
[7.138s] writing dependency_links to ../../build/tape/tape.egg-info/dependency_links.txt
[7.142s] writing entry points to ../../build/tape/tape.egg-info/entry_points.txt
[7.143s] writing requirements to ../../build/tape/tape.egg-info/requires.txt
[7.143s] writing top-level names to ../../build/tape/tape.egg-info/top_level.txt
[7.153s] reading manifest file '../../build/tape/tape.egg-info/SOURCES.txt'
[7.154s] adding license file 'LICENSE'
[7.156s] writing manifest file '../../build/tape/tape.egg-info/SOURCES.txt'
[7.160s] running build
[7.161s] running build_py
[7.165s] copying tape/james_blue_follower.py -> /home/kingpooper/deepRacerWS/build/tape/build/lib/tape
[7.174s] copying tape/obs_avoid.py -> /home/kingpooper/deepRacerWS/build/tape/build/lib/tape
[7.175s] running install
[7.175s] running install_lib
[7.176s] copying /home/kingpooper/deepRacerWS/build/tape/build/lib/tape/james_blue_follower.py -> /home/kingpooper/deepRacerWS/install/tape/lib/python3.10/site-packages/tape
[7.176s] copying /home/kingpooper/deepRacerWS/build/tape/build/lib/tape/obs_avoid.py -> /home/kingpooper/deepRacerWS/install/tape/lib/python3.10/site-packages/tape
[7.180s] byte-compiling /home/kingpooper/deepRacerWS/install/tape/lib/python3.10/site-packages/tape/james_blue_follower.py to james_blue_follower.cpython-310.pyc
[7.188s] byte-compiling /home/kingpooper/deepRacerWS/install/tape/lib/python3.10/site-packages/tape/obs_avoid.py to obs_avoid.cpython-310.pyc
[7.189s] running install_data
[7.190s] running install_egg_info
[7.199s] removing '/home/kingpooper/deepRacerWS/install/tape/lib/python3.10/site-packages/tape-0.0.0-py3.10.egg-info' (and everything under it)
[7.201s] Copying ../../build/tape/tape.egg-info to /home/kingpooper/deepRacerWS/install/tape/lib/python3.10/site-packages/tape-0.0.0-py3.10.egg-info
[7.219s] running install_scripts
[7.329s] Installing image_subscriber script to /home/kingpooper/deepRacerWS/install/tape/lib/tape
[7.331s] Installing james_blue_follower script to /home/kingpooper/deepRacerWS/install/tape/lib/tape
[7.335s] Installing my_blue_tape_follower script to /home/kingpooper/deepRacerWS/install/tape/lib/tape
[7.336s] Installing my_sexy_tape_follower script to /home/kingpooper/deepRacerWS/install/tape/lib/tape
[7.336s] Installing my_tape_follower script to /home/kingpooper/deepRacerWS/install/tape/lib/tape
[7.338s] Installing obs_avoid script to /home/kingpooper/deepRacerWS/install/tape/lib/tape
[7.342s] Installing school_zone script to /home/kingpooper/deepRacerWS/install/tape/lib/tape
[7.343s] Installing stop_sign script to /home/kingpooper/deepRacerWS/install/tape/lib/tape
[7.346s] Installing tape_follower script to /home/kingpooper/deepRacerWS/install/tape/lib/tape
[7.348s] Installing tom_blue_tape script to /home/kingpooper/deepRacerWS/install/tape/lib/tape
[7.353s] writing list of installed files to '/home/kingpooper/deepRacerWS/build/tape/install.log'
[7.567s] Invoked command in '/home/kingpooper/deepRacerWS/src/tape' returned '0': PYTHONPATH=/home/kingpooper/deepRacerWS/build/tape/prefix_override:/usr/lib/python3/dist-packages/colcon_core/task/python/colcon_distutils_commands:/home/kingpooper/deepRacerWS/install/tape/lib/python3.10/site-packages:${PYTHONPATH} /usr/bin/python3 -W ignore:setup.py install is deprecated -W ignore:easy_install command is deprecated setup.py egg_info --egg-base ../../build/tape build --build-base /home/kingpooper/deepRacerWS/build/tape/build install --record /home/kingpooper/deepRacerWS/build/tape/install.log --single-version-externally-managed install_data
