[6.500s] Invoking command in '/home/kingpooper/deepRacerWS/src/ros2_pca9685': PYTHONPATH=/home/kingpooper/deepRacerWS/build/ros2_pca9685/prefix_override:/usr/lib/python3/dist-packages/colcon_core/task/python/colcon_distutils_commands:/home/kingpooper/deepRacerWS/install/ros2_pca9685/lib/python3.10/site-packages:${PYTHONPATH} /usr/bin/python3 -W ignore:setup.py install is deprecated -W ignore:easy_install command is deprecated setup.py egg_info --egg-base ../../build/ros2_pca9685 build --build-base /home/kingpooper/deepRacerWS/build/ros2_pca9685/build install --record /home/kingpooper/deepRacerWS/build/ros2_pca9685/install.log --install-scripts $base/lib/ros2_pca9685 --single-version-externally-managed install_data
[9.851s] /usr/lib/python3/dist-packages/setuptools/dist.py:723: UserWarning: Usage of dash-separated 'script-dir' will not be supported in future versions. Please use the underscore name 'script_dir' instead
[9.852s]   warnings.warn(
[9.996s] running egg_info
[10.003s] writing ../../build/ros2_pca9685/ros2_pca9685.egg-info/PKG-INFO
[10.007s] writing dependency_links to ../../build/ros2_pca9685/ros2_pca9685.egg-info/dependency_links.txt
[10.011s] writing entry points to ../../build/ros2_pca9685/ros2_pca9685.egg-info/entry_points.txt
[10.012s] writing requirements to ../../build/ros2_pca9685/ros2_pca9685.egg-info/requires.txt
[10.013s] writing top-level names to ../../build/ros2_pca9685/ros2_pca9685.egg-info/top_level.txt
[10.029s] reading manifest file '../../build/ros2_pca9685/ros2_pca9685.egg-info/SOURCES.txt'
[10.032s] adding license file 'LICENSE'
[10.035s] writing manifest file '../../build/ros2_pca9685/ros2_pca9685.egg-info/SOURCES.txt'
[10.036s] running build
[10.037s] running build_py
[10.040s] running install
[10.042s] running install_lib
[10.057s] running install_data
[10.058s] running install_egg_info
[10.071s] removing '/home/kingpooper/deepRacerWS/install/ros2_pca9685/lib/python3.10/site-packages/ros2_pca9685-0.0.0-py3.10.egg-info' (and everything under it)
[10.072s] Copying ../../build/ros2_pca9685/ros2_pca9685.egg-info to /home/kingpooper/deepRacerWS/install/ros2_pca9685/lib/python3.10/site-packages/ros2_pca9685-0.0.0-py3.10.egg-info
[10.086s] running install_scripts
[10.267s] Installing listener script to /home/kingpooper/deepRacerWS/install/ros2_pca9685/lib/ros2_pca9685
[10.281s] Installing talker script to /home/kingpooper/deepRacerWS/install/ros2_pca9685/lib/ros2_pca9685
[10.286s] writing list of installed files to '/home/kingpooper/deepRacerWS/build/ros2_pca9685/install.log'
[10.908s] Invoked command in '/home/kingpooper/deepRacerWS/src/ros2_pca9685' returned '0': PYTHONPATH=/home/kingpooper/deepRacerWS/build/ros2_pca9685/prefix_override:/usr/lib/python3/dist-packages/colcon_core/task/python/colcon_distutils_commands:/home/kingpooper/deepRacerWS/install/ros2_pca9685/lib/python3.10/site-packages:${PYTHONPATH} /usr/bin/python3 -W ignore:setup.py install is deprecated -W ignore:easy_install command is deprecated setup.py egg_info --egg-base ../../build/ros2_pca9685 build --build-base /home/kingpooper/deepRacerWS/build/ros2_pca9685/build install --record /home/kingpooper/deepRacerWS/build/ros2_pca9685/install.log --install-scripts $base/lib/ros2_pca9685 --single-version-externally-managed install_data
