[8.584s] Invoking command in '/home/kingpooper/deepRacerWS/src/control': PYTHONPATH=/home/kingpooper/deepRacerWS/build/control/prefix_override:/usr/lib/python3/dist-packages/colcon_core/task/python/colcon_distutils_commands:/home/kingpooper/deepRacerWS/install/control/lib/python3.10/site-packages:${PYTHONPATH} /usr/bin/python3 -W ignore:setup.py install is deprecated -W ignore:easy_install command is deprecated setup.py egg_info --egg-base ../../build/control build --build-base /home/kingpooper/deepRacerWS/build/control/build install --record /home/kingpooper/deepRacerWS/build/control/install.log --single-version-externally-managed install_data
[12.591s] running egg_info
[12.596s] creating ../../build/control/control.egg-info
[12.612s] writing ../../build/control/control.egg-info/PKG-INFO
[12.613s] writing dependency_links to ../../build/control/control.egg-info/dependency_links.txt
[12.624s] writing entry points to ../../build/control/control.egg-info/entry_points.txt
[12.630s] writing requirements to ../../build/control/control.egg-info/requires.txt
[12.631s] writing top-level names to ../../build/control/control.egg-info/top_level.txt
[12.632s] writing manifest file '../../build/control/control.egg-info/SOURCES.txt'
[12.664s] reading manifest file '../../build/control/control.egg-info/SOURCES.txt'
[12.671s] adding license file 'LICENSE'
[12.678s] writing manifest file '../../build/control/control.egg-info/SOURCES.txt'
[12.687s] running build
[12.689s] running build_py
[12.690s] creating /home/kingpooper/deepRacerWS/build/control/build
[12.691s] creating /home/kingpooper/deepRacerWS/build/control/build/lib
[12.693s] creating /home/kingpooper/deepRacerWS/build/control/build/lib/control
[12.694s] copying control/__init__.py -> /home/kingpooper/deepRacerWS/build/control/build/lib/control
[12.695s] copying control/subscriber.py -> /home/kingpooper/deepRacerWS/build/control/build/lib/control
[12.695s] running install
[12.701s] running install_lib
[12.710s] creating /home/kingpooper/deepRacerWS/install/control/lib/python3.10/site-packages/control
[12.716s] copying /home/kingpooper/deepRacerWS/build/control/build/lib/control/__init__.py -> /home/kingpooper/deepRacerWS/install/control/lib/python3.10/site-packages/control
[12.718s] copying /home/kingpooper/deepRacerWS/build/control/build/lib/control/subscriber.py -> /home/kingpooper/deepRacerWS/install/control/lib/python3.10/site-packages/control
[12.726s] byte-compiling /home/kingpooper/deepRacerWS/install/control/lib/python3.10/site-packages/control/__init__.py to __init__.cpython-310.pyc
[12.733s] byte-compiling /home/kingpooper/deepRacerWS/install/control/lib/python3.10/site-packages/control/subscriber.py to subscriber.cpython-310.pyc
[12.735s] running install_data
[12.739s] creating /home/kingpooper/deepRacerWS/install/control/share/ament_index
[12.746s] creating /home/kingpooper/deepRacerWS/install/control/share/ament_index/resource_index
[12.747s] creating /home/kingpooper/deepRacerWS/install/control/share/ament_index/resource_index/packages
[12.748s] copying resource/control -> /home/kingpooper/deepRacerWS/install/control/share/ament_index/resource_index/packages
[12.758s] copying package.xml -> /home/kingpooper/deepRacerWS/install/control/share/control
[12.759s] running install_egg_info
[12.778s] Copying ../../build/control/control.egg-info to /home/kingpooper/deepRacerWS/install/control/lib/python3.10/site-packages/control-0.0.0-py3.10.egg-info
[12.791s] running install_scripts
[12.989s] Installing subscriber script to /home/kingpooper/deepRacerWS/install/control/lib/control
[12.990s] writing list of installed files to '/home/kingpooper/deepRacerWS/build/control/install.log'
[13.329s] Invoked command in '/home/kingpooper/deepRacerWS/src/control' returned '0': PYTHONPATH=/home/kingpooper/deepRacerWS/build/control/prefix_override:/usr/lib/python3/dist-packages/colcon_core/task/python/colcon_distutils_commands:/home/kingpooper/deepRacerWS/install/control/lib/python3.10/site-packages:${PYTHONPATH} /usr/bin/python3 -W ignore:setup.py install is deprecated -W ignore:easy_install command is deprecated setup.py egg_info --egg-base ../../build/control build --build-base /home/kingpooper/deepRacerWS/build/control/build install --record /home/kingpooper/deepRacerWS/build/control/install.log --single-version-externally-managed install_data
