[0.091s] Invoking command in '/home/kingpooper/deepRacerWS/build/robot_car': CMAKE_PREFIX_PATH=${CMAKE_PREFIX_PATH}:/home/kingpooper/deepRacerWS/install/tape:/home/kingpooper/deepRacerWS/install/ros2_pca9685:/home/kingpooper/deepRacerWS/install/control:/opt/ros/humble /usr/bin/cmake --build /home/kingpooper/deepRacerWS/build/robot_car -- -j4 -l4
[0.383s] Invoked command in '/home/kingpooper/deepRacerWS/build/robot_car' returned '0': CMAKE_PREFIX_PATH=${CMAKE_PREFIX_PATH}:/home/kingpooper/deepRacerWS/install/tape:/home/kingpooper/deepRacerWS/install/ros2_pca9685:/home/kingpooper/deepRacerWS/install/control:/opt/ros/humble /usr/bin/cmake --build /home/kingpooper/deepRacerWS/build/robot_car -- -j4 -l4
[0.449s] Invoking command in '/home/kingpooper/deepRacerWS/build/robot_car': CMAKE_PREFIX_PATH=${CMAKE_PREFIX_PATH}:/home/kingpooper/deepRacerWS/install/tape:/home/kingpooper/deepRacerWS/install/ros2_pca9685:/home/kingpooper/deepRacerWS/install/control:/opt/ros/humble /usr/bin/cmake --install /home/kingpooper/deepRacerWS/build/robot_car
[0.511s] -- Install configuration: ""
[0.513s] -- Up-to-date: /home/kingpooper/deepRacerWS/install/robot_car/lib/robot_car/bicycle_model_scott.py
[0.515s] -- Up-to-date: /home/kingpooper/deepRacerWS/install/robot_car/share/robot_car/behavior_trees
[0.517s] -- Up-to-date: /home/kingpooper/deepRacerWS/install/robot_car/share/robot_car/behavior_trees/navigate_through_poses.xml
[0.523s] -- Up-to-date: /home/kingpooper/deepRacerWS/install/robot_car/share/robot_car/behavior_trees/navigate_w_replanning_and_recovery.xml
[0.525s] -- Up-to-date: /home/kingpooper/deepRacerWS/install/robot_car/share/robot_car/launch
[0.527s] -- Up-to-date: /home/kingpooper/deepRacerWS/install/robot_car/share/robot_car/launch/display.launch.py
[0.529s] -- Up-to-date: /home/kingpooper/deepRacerWS/install/robot_car/share/robot_car/launch/__pycache__
[0.530s] -- Up-to-date: /home/kingpooper/deepRacerWS/install/robot_car/share/robot_car/launch/__pycache__/test_map_only_launch.cpython-310.pyc
[0.532s] -- Up-to-date: /home/kingpooper/deepRacerWS/install/robot_car/share/robot_car/launch/__pycache__/display.launch.cpython-310.pyc
[0.534s] -- Up-to-date: /home/kingpooper/deepRacerWS/install/robot_car/share/robot_car/launch/__pycache__/james_launch.cpython-310.pyc
[0.539s] -- Up-to-date: /home/kingpooper/deepRacerWS/install/robot_car/share/robot_car/launch/__pycache__/trent_launch_file.cpython-310.pyc
[0.541s] -- Up-to-date: /home/kingpooper/deepRacerWS/install/robot_car/share/robot_car/launch/__pycache__/test_localization_launch.cpython-310.pyc
[0.543s] -- Up-to-date: /home/kingpooper/deepRacerWS/install/robot_car/share/robot_car/launch/__pycache__/localization.launch.cpython-310.pyc
[0.544s] -- Up-to-date: /home/kingpooper/deepRacerWS/install/robot_car/share/robot_car/launch/minimal_launch.py
[0.546s] -- Up-to-date: /home/kingpooper/deepRacerWS/install/robot_car/share/robot_car/launch/test_map_only_launch.py
[0.548s] -- Up-to-date: /home/kingpooper/deepRacerWS/install/robot_car/share/robot_car/launch/localization.launch.py
[0.556s] -- Up-to-date: /home/kingpooper/deepRacerWS/install/robot_car/share/robot_car/launch/james_launch.py
[0.558s] -- Up-to-date: /home/kingpooper/deepRacerWS/install/robot_car/share/robot_car/launch/lifecycle_diagnostics.py
[0.559s] -- Up-to-date: /home/kingpooper/deepRacerWS/install/robot_car/share/robot_car/launch/test_localization_launch.py
[0.560s] -- Up-to-date: /home/kingpooper/deepRacerWS/install/robot_car/share/robot_car/launch/map_server_test.py
[0.564s] -- Up-to-date: /home/kingpooper/deepRacerWS/install/robot_car/share/robot_car/launch/trent_launch_file.py
[0.565s] -- Up-to-date: /home/kingpooper/deepRacerWS/install/robot_car/share/robot_car/urdf
[0.565s] -- Up-to-date: /home/kingpooper/deepRacerWS/install/robot_car/share/robot_car/urdf/description
[0.570s] -- Up-to-date: /home/kingpooper/deepRacerWS/install/robot_car/share/robot_car/urdf/description/robot_car_description.urdf
[0.571s] -- Up-to-date: /home/kingpooper/deepRacerWS/install/robot_car/share/robot_car/config
[0.572s] -- Up-to-date: /home/kingpooper/deepRacerWS/install/robot_car/share/robot_car/config/localization_params.yaml
[0.573s] -- Up-to-date: /home/kingpooper/deepRacerWS/install/robot_car/share/robot_car/config/nav2_params.yaml
[0.574s] -- Up-to-date: /home/kingpooper/deepRacerWS/install/robot_car/share/robot_car/config/trent_nav_params.yaml
[0.575s] -- Up-to-date: /home/kingpooper/deepRacerWS/install/robot_car/share/robot_car/config/mapper_params_online_async.yaml
[0.576s] -- Up-to-date: /home/kingpooper/deepRacerWS/install/robot_car/share/robot_car/config/minimal_nav_params.yaml
[0.577s] -- Up-to-date: /home/kingpooper/deepRacerWS/install/robot_car/share/robot_car/rviz
[0.578s] -- Up-to-date: /home/kingpooper/deepRacerWS/install/robot_car/share/robot_car/rviz/config.rviz
[0.592s] -- Up-to-date: /home/kingpooper/deepRacerWS/install/robot_car/share/ament_index/resource_index/package_run_dependencies/robot_car
[0.593s] -- Up-to-date: /home/kingpooper/deepRacerWS/install/robot_car/share/ament_index/resource_index/parent_prefix_path/robot_car
[0.594s] -- Up-to-date: /home/kingpooper/deepRacerWS/install/robot_car/share/robot_car/environment/ament_prefix_path.sh
[0.594s] -- Up-to-date: /home/kingpooper/deepRacerWS/install/robot_car/share/robot_car/environment/ament_prefix_path.dsv
[0.595s] -- Up-to-date: /home/kingpooper/deepRacerWS/install/robot_car/share/robot_car/environment/path.sh
[0.596s] -- Up-to-date: /home/kingpooper/deepRacerWS/install/robot_car/share/robot_car/environment/path.dsv
[0.610s] -- Up-to-date: /home/kingpooper/deepRacerWS/install/robot_car/share/robot_car/local_setup.bash
[0.611s] -- Up-to-date: /home/kingpooper/deepRacerWS/install/robot_car/share/robot_car/local_setup.sh
[0.612s] -- Up-to-date: /home/kingpooper/deepRacerWS/install/robot_car/share/robot_car/local_setup.zsh
[0.613s] -- Up-to-date: /home/kingpooper/deepRacerWS/install/robot_car/share/robot_car/local_setup.dsv
[0.614s] -- Installing: /home/kingpooper/deepRacerWS/install/robot_car/share/robot_car/package.dsv
[0.615s] -- Up-to-date: /home/kingpooper/deepRacerWS/install/robot_car/share/ament_index/resource_index/packages/robot_car
[0.616s] -- Up-to-date: /home/kingpooper/deepRacerWS/install/robot_car/share/robot_car/cmake/robot_carConfig.cmake
[0.616s] -- Up-to-date: /home/kingpooper/deepRacerWS/install/robot_car/share/robot_car/cmake/robot_carConfig-version.cmake
[0.617s] -- Up-to-date: /home/kingpooper/deepRacerWS/install/robot_car/share/robot_car/package.xml
[0.636s] Invoked command in '/home/kingpooper/deepRacerWS/build/robot_car' returned '0': CMAKE_PREFIX_PATH=${CMAKE_PREFIX_PATH}:/home/kingpooper/deepRacerWS/install/tape:/home/kingpooper/deepRacerWS/install/ros2_pca9685:/home/kingpooper/deepRacerWS/install/control:/opt/ros/humble /usr/bin/cmake --install /home/kingpooper/deepRacerWS/build/robot_car
