[5.663s] Invoking command in '/home/kingpooper/deepRacerWS/src/tape': PYTHONPATH=/home/kingpooper/deepRacerWS/build/tape/prefix_override:/usr/lib/python3/dist-packages/colcon_core/task/python/colcon_distutils_commands:/home/kingpooper/deepRacerWS/install/tape/lib/python3.10/site-packages:${PYTHONPATH} /usr/bin/python3 -W ignore:setup.py install is deprecated -W ignore:easy_install command is deprecated setup.py egg_info --egg-base ../../build/tape build --build-base /home/kingpooper/deepRacerWS/build/tape/build install --record /home/kingpooper/deepRacerWS/build/tape/install.log --single-version-externally-managed install_data
[8.290s] running egg_info
[8.301s] writing ../../build/tape/tape.egg-info/PKG-INFO
[8.303s] writing dependency_links to ../../build/tape/tape.egg-info/dependency_links.txt
[8.306s] writing entry points to ../../build/tape/tape.egg-info/entry_points.txt
[8.309s] writing requirements to ../../build/tape/tape.egg-info/requires.txt
[8.314s] writing top-level names to ../../build/tape/tape.egg-info/top_level.txt
[8.327s] reading manifest file '../../build/tape/tape.egg-info/SOURCES.txt'
[8.331s] adding license file 'LICENSE'
[8.335s] writing manifest file '../../build/tape/tape.egg-info/SOURCES.txt'
[8.339s] running build
[8.340s] running build_py
[8.343s] copying tape/james_blue_follower.py -> /home/kingpooper/deepRacerWS/build/tape/build/lib/tape
[8.352s] running install
[8.360s] running install_lib
[8.363s] copying /home/kingpooper/deepRacerWS/build/tape/build/lib/tape/james_blue_follower.py -> /home/kingpooper/deepRacerWS/install/tape/lib/python3.10/site-packages/tape
[8.377s] byte-compiling /home/kingpooper/deepRacerWS/install/tape/lib/python3.10/site-packages/tape/james_blue_follower.py to james_blue_follower.cpython-310.pyc
[8.386s] running install_data
[8.389s] running install_egg_info
[8.404s] removing '/home/kingpooper/deepRacerWS/install/tape/lib/python3.10/site-packages/tape-0.0.0-py3.10.egg-info' (and everything under it)
[8.408s] Copying ../../build/tape/tape.egg-info to /home/kingpooper/deepRacerWS/install/tape/lib/python3.10/site-packages/tape-0.0.0-py3.10.egg-info
[8.435s] running install_scripts
[8.565s] Installing image_subscriber script to /home/kingpooper/deepRacerWS/install/tape/lib/tape
[8.567s] Installing james_blue_follower script to /home/kingpooper/deepRacerWS/install/tape/lib/tape
[8.569s] Installing my_blue_tape_follower script to /home/kingpooper/deepRacerWS/install/tape/lib/tape
[8.571s] Installing my_sexy_tape_follower script to /home/kingpooper/deepRacerWS/install/tape/lib/tape
[8.574s] Installing my_tape_follower script to /home/kingpooper/deepRacerWS/install/tape/lib/tape
[8.578s] Installing obs_avoid script to /home/kingpooper/deepRacerWS/install/tape/lib/tape
[8.582s] Installing school_zone script to /home/kingpooper/deepRacerWS/install/tape/lib/tape
[8.593s] Installing stop_sign script to /home/kingpooper/deepRacerWS/install/tape/lib/tape
[8.605s] Installing tape_follower script to /home/kingpooper/deepRacerWS/install/tape/lib/tape
[8.616s] Installing tom_blue_tape script to /home/kingpooper/deepRacerWS/install/tape/lib/tape
[8.626s] writing list of installed files to '/home/kingpooper/deepRacerWS/build/tape/install.log'
[8.816s] Invoked command in '/home/kingpooper/deepRacerWS/src/tape' returned '0': PYTHONPATH=/home/kingpooper/deepRacerWS/build/tape/prefix_override:/usr/lib/python3/dist-packages/colcon_core/task/python/colcon_distutils_commands:/home/kingpooper/deepRacerWS/install/tape/lib/python3.10/site-packages:${PYTHONPATH} /usr/bin/python3 -W ignore:setup.py install is deprecated -W ignore:easy_install command is deprecated setup.py egg_info --egg-base ../../build/tape build --build-base /home/kingpooper/deepRacerWS/build/tape/build install --record /home/kingpooper/deepRacerWS/build/tape/install.log --single-version-externally-managed install_data
