[0.756s] DEBUG:colcon:Command line arguments: ['/usr/bin/colcon', 'build', '--packages-select', 'ros2_pca9685']
[0.757s] DEBUG:colcon:Parsed command line arguments: Namespace(log_base=None, log_level=None, verb_name='build', build_base='build', install_base='install', merge_install=False, symlink_install=False, test_result_base=None, continue_on_error=False, executor='parallel', parallel_workers=4, event_handlers=None, ignore_user_meta=False, metas=['./colcon.meta'], base_paths=['.'], packages_ignore=None, packages_ignore_regex=None, paths=None, packages_up_to=None, packages_up_to_regex=None, packages_above=None, packages_above_and_dependencies=None, packages_above_depth=None, packages_select_by_dep=None, packages_skip_by_dep=None, packages_skip_up_to=None, packages_select_build_failed=False, packages_skip_build_finished=False, packages_select_test_failures=False, packages_skip_test_passed=False, packages_select=['ros2_pca9685'], packages_skip=None, packages_select_regex=None, packages_skip_regex=None, packages_start=None, packages_end=None, allow_overriding=[], cmake_args=None, cmake_target=None, cmake_target_skip_unavailable=False, cmake_clean_cache=False, cmake_clean_first=False, cmake_force_configure=False, ament_cmake_args=None, catkin_cmake_args=None, catkin_skip_building_tests=False, mixin_files=None, mixin=None, verb_parser=<colcon_mixin.mixin.mixin_argument.MixinArgumentDecorator object at 0xffffa020d7e0>, verb_extension=<colcon_core.verb.build.BuildVerb object at 0xffffa03ba770>, main=<bound method BuildVerb.main of <colcon_core.verb.build.BuildVerb object at 0xffffa03ba770>>, mixin_verb=('build',))
[2.137s] Level 1:colcon.colcon_core.package_discovery:discover_packages(colcon_meta) check parameters
[2.138s] Level 1:colcon.colcon_core.package_discovery:discover_packages(recursive) check parameters
[2.138s] Level 1:colcon.colcon_core.package_discovery:discover_packages(ignore) check parameters
[2.138s] Level 1:colcon.colcon_core.package_discovery:discover_packages(path) check parameters
[2.138s] Level 1:colcon.colcon_core.package_discovery:discover_packages(colcon_meta) discover
[2.139s] Level 1:colcon.colcon_core.package_discovery:discover_packages(recursive) discover
[2.139s] INFO:colcon.colcon_core.package_discovery:Crawling recursively for packages in '/home/kingpooper/deepRacerWS'
[2.139s] Level 1:colcon.colcon_core.package_identification:_identify(.) by extensions ['ignore', 'ignore_ament_install']
[2.140s] Level 1:colcon.colcon_core.package_identification:_identify(.) by extension 'ignore'
[2.140s] Level 1:colcon.colcon_core.package_identification:_identify(.) by extension 'ignore_ament_install'
[2.140s] Level 1:colcon.colcon_core.package_identification:_identify(.) by extensions ['colcon_pkg']
[2.140s] Level 1:colcon.colcon_core.package_identification:_identify(.) by extension 'colcon_pkg'
[2.141s] Level 1:colcon.colcon_core.package_identification:_identify(.) by extensions ['colcon_meta']
[2.141s] Level 1:colcon.colcon_core.package_identification:_identify(.) by extension 'colcon_meta'
[2.141s] Level 1:colcon.colcon_core.package_identification:_identify(.) by extensions ['ros']
[2.141s] Level 1:colcon.colcon_core.package_identification:_identify(.) by extension 'ros'
[2.186s] Level 1:colcon.colcon_core.package_identification:_identify(.) by extensions ['cmake', 'python']
[2.186s] Level 1:colcon.colcon_core.package_identification:_identify(.) by extension 'cmake'
[2.187s] Level 1:colcon.colcon_core.package_identification:_identify(.) by extension 'python'
[2.187s] Level 1:colcon.colcon_core.package_identification:_identify(.) by extensions ['python_setup_py']
[2.187s] Level 1:colcon.colcon_core.package_identification:_identify(.) by extension 'python_setup_py'
[2.187s] Level 1:colcon.colcon_core.package_identification:_identify(build) by extensions ['ignore', 'ignore_ament_install']
[2.188s] Level 1:colcon.colcon_core.package_identification:_identify(build) by extension 'ignore'
[2.188s] Level 1:colcon.colcon_core.package_identification:_identify(build) ignored
[2.188s] Level 1:colcon.colcon_core.package_identification:_identify(install) by extensions ['ignore', 'ignore_ament_install']
[2.189s] Level 1:colcon.colcon_core.package_identification:_identify(install) by extension 'ignore'
[2.189s] Level 1:colcon.colcon_core.package_identification:_identify(install) ignored
[2.190s] Level 1:colcon.colcon_core.package_identification:_identify(log) by extensions ['ignore', 'ignore_ament_install']
[2.190s] Level 1:colcon.colcon_core.package_identification:_identify(log) by extension 'ignore'
[2.190s] Level 1:colcon.colcon_core.package_identification:_identify(log) ignored
[2.191s] Level 1:colcon.colcon_core.package_identification:_identify(src) by extensions ['ignore', 'ignore_ament_install']
[2.191s] Level 1:colcon.colcon_core.package_identification:_identify(src) by extension 'ignore'
[2.191s] Level 1:colcon.colcon_core.package_identification:_identify(src) by extension 'ignore_ament_install'
[2.191s] Level 1:colcon.colcon_core.package_identification:_identify(src) by extensions ['colcon_pkg']
[2.192s] Level 1:colcon.colcon_core.package_identification:_identify(src) by extension 'colcon_pkg'
[2.192s] Level 1:colcon.colcon_core.package_identification:_identify(src) by extensions ['colcon_meta']
[2.192s] Level 1:colcon.colcon_core.package_identification:_identify(src) by extension 'colcon_meta'
[2.192s] Level 1:colcon.colcon_core.package_identification:_identify(src) by extensions ['ros']
[2.192s] Level 1:colcon.colcon_core.package_identification:_identify(src) by extension 'ros'
[2.192s] Level 1:colcon.colcon_core.package_identification:_identify(src) by extensions ['cmake', 'python']
[2.193s] Level 1:colcon.colcon_core.package_identification:_identify(src) by extension 'cmake'
[2.193s] Level 1:colcon.colcon_core.package_identification:_identify(src) by extension 'python'
[2.193s] Level 1:colcon.colcon_core.package_identification:_identify(src) by extensions ['python_setup_py']
[2.193s] Level 1:colcon.colcon_core.package_identification:_identify(src) by extension 'python_setup_py'
[2.193s] Level 1:colcon.colcon_core.package_identification:_identify(src/build) by extensions ['ignore', 'ignore_ament_install']
[2.194s] Level 1:colcon.colcon_core.package_identification:_identify(src/build) by extension 'ignore'
[2.194s] Level 1:colcon.colcon_core.package_identification:_identify(src/build) ignored
[2.195s] Level 1:colcon.colcon_core.package_identification:_identify(src/install) by extensions ['ignore', 'ignore_ament_install']
[2.195s] Level 1:colcon.colcon_core.package_identification:_identify(src/install) by extension 'ignore'
[2.195s] Level 1:colcon.colcon_core.package_identification:_identify(src/install) ignored
[2.195s] Level 1:colcon.colcon_core.package_identification:_identify(src/log) by extensions ['ignore', 'ignore_ament_install']
[2.196s] Level 1:colcon.colcon_core.package_identification:_identify(src/log) by extension 'ignore'
[2.196s] Level 1:colcon.colcon_core.package_identification:_identify(src/log) ignored
[2.196s] Level 1:colcon.colcon_core.package_identification:_identify(src/ros2_pca9685) by extensions ['ignore', 'ignore_ament_install']
[2.197s] Level 1:colcon.colcon_core.package_identification:_identify(src/ros2_pca9685) by extension 'ignore'
[2.197s] Level 1:colcon.colcon_core.package_identification:_identify(src/ros2_pca9685) by extension 'ignore_ament_install'
[2.197s] Level 1:colcon.colcon_core.package_identification:_identify(src/ros2_pca9685) by extensions ['colcon_pkg']
[2.197s] Level 1:colcon.colcon_core.package_identification:_identify(src/ros2_pca9685) by extension 'colcon_pkg'
[2.197s] Level 1:colcon.colcon_core.package_identification:_identify(src/ros2_pca9685) by extensions ['colcon_meta']
[2.197s] Level 1:colcon.colcon_core.package_identification:_identify(src/ros2_pca9685) by extension 'colcon_meta'
[2.198s] Level 1:colcon.colcon_core.package_identification:_identify(src/ros2_pca9685) by extensions ['ros']
[2.198s] Level 1:colcon.colcon_core.package_identification:_identify(src/ros2_pca9685) by extension 'ros'
[2.206s] DEBUG:colcon.colcon_core.package_identification:Package 'src/ros2_pca9685' with type 'ros.ament_python' and name 'ros2_pca9685'
[2.207s] Level 1:colcon.colcon_core.package_identification:_identify(src/ros2_v4l2_camera) by extensions ['ignore', 'ignore_ament_install']
[2.207s] Level 1:colcon.colcon_core.package_identification:_identify(src/ros2_v4l2_camera) by extension 'ignore'
[2.208s] Level 1:colcon.colcon_core.package_identification:_identify(src/ros2_v4l2_camera) by extension 'ignore_ament_install'
[2.208s] Level 1:colcon.colcon_core.package_identification:_identify(src/ros2_v4l2_camera) by extensions ['colcon_pkg']
[2.208s] Level 1:colcon.colcon_core.package_identification:_identify(src/ros2_v4l2_camera) by extension 'colcon_pkg'
[2.208s] Level 1:colcon.colcon_core.package_identification:_identify(src/ros2_v4l2_camera) by extensions ['colcon_meta']
[2.208s] Level 1:colcon.colcon_core.package_identification:_identify(src/ros2_v4l2_camera) by extension 'colcon_meta'
[2.208s] Level 1:colcon.colcon_core.package_identification:_identify(src/ros2_v4l2_camera) by extensions ['ros']
[2.209s] Level 1:colcon.colcon_core.package_identification:_identify(src/ros2_v4l2_camera) by extension 'ros'
[2.212s] DEBUG:colcon.colcon_core.package_identification:Package 'src/ros2_v4l2_camera' with type 'ros.ament_cmake' and name 'v4l2_camera'
[2.213s] Level 1:colcon.colcon_core.package_identification:_identify(src/rplidar_ros) by extensions ['ignore', 'ignore_ament_install']
[2.213s] Level 1:colcon.colcon_core.package_identification:_identify(src/rplidar_ros) by extension 'ignore'
[2.214s] Level 1:colcon.colcon_core.package_identification:_identify(src/rplidar_ros) by extension 'ignore_ament_install'
[2.214s] Level 1:colcon.colcon_core.package_identification:_identify(src/rplidar_ros) by extensions ['colcon_pkg']
[2.214s] Level 1:colcon.colcon_core.package_identification:_identify(src/rplidar_ros) by extension 'colcon_pkg'
[2.214s] Level 1:colcon.colcon_core.package_identification:_identify(src/rplidar_ros) by extensions ['colcon_meta']
[2.214s] Level 1:colcon.colcon_core.package_identification:_identify(src/rplidar_ros) by extension 'colcon_meta'
[2.215s] Level 1:colcon.colcon_core.package_identification:_identify(src/rplidar_ros) by extensions ['ros']
[2.215s] Level 1:colcon.colcon_core.package_identification:_identify(src/rplidar_ros) by extension 'ros'
[2.217s] DEBUG:colcon.colcon_core.package_identification:Package 'src/rplidar_ros' with type 'ros.ament_cmake' and name 'rplidar_ros'
[2.218s] Level 1:colcon.colcon_core.package_discovery:discover_packages(recursive) using defaults
[2.218s] Level 1:colcon.colcon_core.package_discovery:discover_packages(ignore) discover
[2.218s] Level 1:colcon.colcon_core.package_discovery:discover_packages(ignore) using defaults
[2.218s] Level 1:colcon.colcon_core.package_discovery:discover_packages(path) discover
[2.218s] Level 1:colcon.colcon_core.package_discovery:discover_packages(path) using defaults
[2.404s] INFO:colcon.colcon_core.package_selection:Skipping not selected package 'rplidar_ros' in 'src/rplidar_ros'
[2.404s] INFO:colcon.colcon_core.package_selection:Skipping not selected package 'v4l2_camera' in 'src/ros2_v4l2_camera'
[2.407s] Level 1:colcon.colcon_core.package_discovery:discover_packages(prefix_path) check parameters
[2.408s] Level 1:colcon.colcon_core.package_discovery:discover_packages(prefix_path) discover
[2.426s] DEBUG:colcon.colcon_installed_package_information.package_discovery:Found 3 installed packages in /home/kingpooper/deepRacerWS/install
[2.437s] DEBUG:colcon.colcon_installed_package_information.package_discovery:Found 297 installed packages in /opt/ros/humble
[2.443s] Level 1:colcon.colcon_core.package_discovery:discover_packages(prefix_path) using defaults
[2.640s] Level 5:colcon.colcon_core.verb:set package 'ros2_pca9685' build argument 'cmake_args' from command line to 'None'
[2.640s] Level 5:colcon.colcon_core.verb:set package 'ros2_pca9685' build argument 'cmake_target' from command line to 'None'
[2.640s] Level 5:colcon.colcon_core.verb:set package 'ros2_pca9685' build argument 'cmake_target_skip_unavailable' from command line to 'False'
[2.641s] Level 5:colcon.colcon_core.verb:set package 'ros2_pca9685' build argument 'cmake_clean_cache' from command line to 'False'
[2.641s] Level 5:colcon.colcon_core.verb:set package 'ros2_pca9685' build argument 'cmake_clean_first' from command line to 'False'
[2.641s] Level 5:colcon.colcon_core.verb:set package 'ros2_pca9685' build argument 'cmake_force_configure' from command line to 'False'
[2.641s] Level 5:colcon.colcon_core.verb:set package 'ros2_pca9685' build argument 'ament_cmake_args' from command line to 'None'
[2.642s] Level 5:colcon.colcon_core.verb:set package 'ros2_pca9685' build argument 'catkin_cmake_args' from command line to 'None'
[2.642s] Level 5:colcon.colcon_core.verb:set package 'ros2_pca9685' build argument 'catkin_skip_building_tests' from command line to 'False'
[2.642s] DEBUG:colcon.colcon_core.verb:Building package 'ros2_pca9685' with the following arguments: {'ament_cmake_args': None, 'build_base': '/home/kingpooper/deepRacerWS/build/ros2_pca9685', 'catkin_cmake_args': None, 'catkin_skip_building_tests': False, 'cmake_args': None, 'cmake_clean_cache': False, 'cmake_clean_first': False, 'cmake_force_configure': False, 'cmake_target': None, 'cmake_target_skip_unavailable': False, 'install_base': '/home/kingpooper/deepRacerWS/install/ros2_pca9685', 'merge_install': False, 'path': '/home/kingpooper/deepRacerWS/src/ros2_pca9685', 'symlink_install': False, 'test_result_base': None}
[2.643s] INFO:colcon.colcon_core.executor:Executing jobs using 'parallel' executor
[2.647s] DEBUG:colcon.colcon_parallel_executor.executor.parallel:run_until_complete
[2.647s] INFO:colcon.colcon_ros.task.ament_python.build:Building ROS package in '/home/kingpooper/deepRacerWS/src/ros2_pca9685' with build type 'ament_python'
[2.648s] Level 1:colcon.colcon_core.shell:create_environment_hook('ros2_pca9685', 'ament_prefix_path')
[2.740s] INFO:colcon.colcon_core.plugin_system:Skipping extension 'colcon_core.shell.bat': Not used on non-Windows systems
[2.742s] INFO:colcon.colcon_core.shell:Creating environment hook '/home/kingpooper/deepRacerWS/install/ros2_pca9685/share/ros2_pca9685/hook/ament_prefix_path.ps1'
[2.747s] INFO:colcon.colcon_core.shell:Creating environment descriptor '/home/kingpooper/deepRacerWS/install/ros2_pca9685/share/ros2_pca9685/hook/ament_prefix_path.dsv'
[2.752s] INFO:colcon.colcon_core.shell:Creating environment hook '/home/kingpooper/deepRacerWS/install/ros2_pca9685/share/ros2_pca9685/hook/ament_prefix_path.sh'
[2.758s] INFO:colcon.colcon_core.shell:Skip shell extension 'powershell' for command environment: Not usable outside of PowerShell
[2.758s] DEBUG:colcon.colcon_core.shell:Skip shell extension 'dsv' for command environment
[4.143s] INFO:colcon.colcon_core.task.python.build:Building Python package in '/home/kingpooper/deepRacerWS/src/ros2_pca9685'
[4.144s] INFO:colcon.colcon_core.shell:Skip shell extension 'powershell' for command environment: Not usable outside of PowerShell
[4.144s] DEBUG:colcon.colcon_core.shell:Skip shell extension 'dsv' for command environment
[6.128s] DEBUG:colcon.colcon_core.event_handler.log_command:Invoking command in '/home/kingpooper/deepRacerWS/build/ros2_pca9685': PYTHONPATH=/home/kingpooper/deepRacerWS/build/ros2_pca9685/prefix_override:/usr/lib/python3/dist-packages/colcon_core/task/python/colcon_distutils_commands:/home/kingpooper/deepRacerWS/install/ros2_pca9685/lib/python3.10/site-packages:${PYTHONPATH} /usr/bin/python3 -W ignore:setup.py install is deprecated -W ignore:easy_install command is deprecated setup.py develop --uninstall --editable --build-directory /home/kingpooper/deepRacerWS/build/ros2_pca9685/build
[8.625s] DEBUG:colcon.colcon_core.event_handler.log_command:Invoked command in '/home/kingpooper/deepRacerWS/build/ros2_pca9685' returned '0': PYTHONPATH=/home/kingpooper/deepRacerWS/build/ros2_pca9685/prefix_override:/usr/lib/python3/dist-packages/colcon_core/task/python/colcon_distutils_commands:/home/kingpooper/deepRacerWS/install/ros2_pca9685/lib/python3.10/site-packages:${PYTHONPATH} /usr/bin/python3 -W ignore:setup.py install is deprecated -W ignore:easy_install command is deprecated setup.py develop --uninstall --editable --build-directory /home/kingpooper/deepRacerWS/build/ros2_pca9685/build
[8.635s] DEBUG:colcon.colcon_core.event_handler.log_command:Invoking command in '/home/kingpooper/deepRacerWS/src/ros2_pca9685': PYTHONPATH=/home/kingpooper/deepRacerWS/build/ros2_pca9685/prefix_override:/usr/lib/python3/dist-packages/colcon_core/task/python/colcon_distutils_commands:/home/kingpooper/deepRacerWS/install/ros2_pca9685/lib/python3.10/site-packages:${PYTHONPATH} /usr/bin/python3 -W ignore:setup.py install is deprecated -W ignore:easy_install command is deprecated setup.py egg_info --egg-base ../../build/ros2_pca9685 build --build-base /home/kingpooper/deepRacerWS/build/ros2_pca9685/build install --record /home/kingpooper/deepRacerWS/build/ros2_pca9685/install.log --install-scripts $base/lib/ros2_pca9685 --single-version-externally-managed install_data --force
[10.154s] DEBUG:colcon.colcon_core.event_handler.log_command:Invoked command in '/home/kingpooper/deepRacerWS/src/ros2_pca9685' returned '0': PYTHONPATH=/home/kingpooper/deepRacerWS/build/ros2_pca9685/prefix_override:/usr/lib/python3/dist-packages/colcon_core/task/python/colcon_distutils_commands:/home/kingpooper/deepRacerWS/install/ros2_pca9685/lib/python3.10/site-packages:${PYTHONPATH} /usr/bin/python3 -W ignore:setup.py install is deprecated -W ignore:easy_install command is deprecated setup.py egg_info --egg-base ../../build/ros2_pca9685 build --build-base /home/kingpooper/deepRacerWS/build/ros2_pca9685/build install --record /home/kingpooper/deepRacerWS/build/ros2_pca9685/install.log --install-scripts $base/lib/ros2_pca9685 --single-version-externally-managed install_data --force
[10.181s] Level 1:colcon.colcon_core.environment:checking '/home/kingpooper/deepRacerWS/install/ros2_pca9685' for CMake module files
[10.184s] Level 1:colcon.colcon_core.environment:checking '/home/kingpooper/deepRacerWS/install/ros2_pca9685' for CMake config files
[10.189s] Level 1:colcon.colcon_core.environment:checking '/home/kingpooper/deepRacerWS/install/ros2_pca9685/lib'
[10.191s] Level 1:colcon.colcon_core.environment:checking '/home/kingpooper/deepRacerWS/install/ros2_pca9685/bin'
[10.191s] Level 1:colcon.colcon_core.environment:checking '/home/kingpooper/deepRacerWS/install/ros2_pca9685/lib/pkgconfig/ros2_pca9685.pc'
[10.192s] Level 1:colcon.colcon_core.environment:checking '/home/kingpooper/deepRacerWS/install/ros2_pca9685/lib/python3.10/site-packages'
[10.193s] Level 1:colcon.colcon_core.shell:create_environment_hook('ros2_pca9685', 'pythonpath')
[10.194s] INFO:colcon.colcon_core.shell:Creating environment hook '/home/kingpooper/deepRacerWS/install/ros2_pca9685/share/ros2_pca9685/hook/pythonpath.ps1'
[10.198s] INFO:colcon.colcon_core.shell:Creating environment descriptor '/home/kingpooper/deepRacerWS/install/ros2_pca9685/share/ros2_pca9685/hook/pythonpath.dsv'
[10.201s] INFO:colcon.colcon_core.shell:Creating environment hook '/home/kingpooper/deepRacerWS/install/ros2_pca9685/share/ros2_pca9685/hook/pythonpath.sh'
[10.204s] Level 1:colcon.colcon_core.environment:checking '/home/kingpooper/deepRacerWS/install/ros2_pca9685/bin'
[10.205s] Level 1:colcon.colcon_core.environment:create_environment_scripts_only(ros2_pca9685)
[10.207s] INFO:colcon.colcon_core.shell:Creating package script '/home/kingpooper/deepRacerWS/install/ros2_pca9685/share/ros2_pca9685/package.ps1'
[10.212s] INFO:colcon.colcon_core.shell:Creating package descriptor '/home/kingpooper/deepRacerWS/install/ros2_pca9685/share/ros2_pca9685/package.dsv'
[10.218s] INFO:colcon.colcon_core.shell:Creating package script '/home/kingpooper/deepRacerWS/install/ros2_pca9685/share/ros2_pca9685/package.sh'
[10.226s] INFO:colcon.colcon_core.shell:Creating package script '/home/kingpooper/deepRacerWS/install/ros2_pca9685/share/ros2_pca9685/package.bash'
[10.235s] INFO:colcon.colcon_core.shell:Creating package script '/home/kingpooper/deepRacerWS/install/ros2_pca9685/share/ros2_pca9685/package.zsh'
[10.244s] Level 1:colcon.colcon_core.environment:create_file_with_runtime_dependencies(/home/kingpooper/deepRacerWS/install/ros2_pca9685/share/colcon-core/packages/ros2_pca9685)
[10.246s] DEBUG:colcon.colcon_parallel_executor.executor.parallel:closing loop
[10.247s] DEBUG:colcon.colcon_parallel_executor.executor.parallel:loop closed
[10.248s] DEBUG:colcon.colcon_parallel_executor.executor.parallel:run_until_complete finished with '0'
[10.249s] DEBUG:colcon.colcon_core.event_reactor:joining thread
[10.284s] INFO:colcon.colcon_core.plugin_system:Skipping extension 'colcon_notification.desktop_notification.terminal_notifier': Not used on non-Darwin systems
[10.284s] INFO:colcon.colcon_core.plugin_system:Skipping extension 'colcon_notification.desktop_notification.win32': Not used on non-Windows systems
[10.285s] INFO:colcon.colcon_notification.desktop_notification:Sending desktop notification using 'notify2'
[10.411s] DEBUG:colcon.colcon_core.event_reactor:joined thread
[10.413s] INFO:colcon.colcon_core.shell:Creating prefix script '/home/kingpooper/deepRacerWS/install/local_setup.ps1'
[10.419s] INFO:colcon.colcon_core.shell:Creating prefix util module '/home/kingpooper/deepRacerWS/install/_local_setup_util_ps1.py'
[10.432s] INFO:colcon.colcon_core.shell:Creating prefix chain script '/home/kingpooper/deepRacerWS/install/setup.ps1'
[10.443s] INFO:colcon.colcon_core.shell:Creating prefix script '/home/kingpooper/deepRacerWS/install/local_setup.sh'
[10.450s] INFO:colcon.colcon_core.shell:Creating prefix util module '/home/kingpooper/deepRacerWS/install/_local_setup_util_sh.py'
[10.455s] INFO:colcon.colcon_core.shell:Creating prefix chain script '/home/kingpooper/deepRacerWS/install/setup.sh'
[10.463s] INFO:colcon.colcon_core.shell:Creating prefix script '/home/kingpooper/deepRacerWS/install/local_setup.bash'
[10.471s] INFO:colcon.colcon_core.shell:Creating prefix chain script '/home/kingpooper/deepRacerWS/install/setup.bash'
[10.479s] INFO:colcon.colcon_core.shell:Creating prefix script '/home/kingpooper/deepRacerWS/install/local_setup.zsh'
[10.486s] INFO:colcon.colcon_core.shell:Creating prefix chain script '/home/kingpooper/deepRacerWS/install/setup.zsh'
