[2.437s] Invoking command in '/home/kingpooper/deepRacerWS/build/rplidar_ros': CMAKE_PREFIX_PATH=/opt/ros/humble /usr/bin/cmake --build /home/kingpooper/deepRacerWS/build/rplidar_ros -- -j4 -l4
[3.028s] [ 47%] Built target rplidar_composition
[3.070s] [ 52%] Built target rplidar_client
[3.107s] [100%] Built target rplidar_node
[3.181s] Invoked command in '/home/kingpooper/deepRacerWS/build/rplidar_ros' returned '0': CMAKE_PREFIX_PATH=/opt/ros/humble /usr/bin/cmake --build /home/kingpooper/deepRacerWS/build/rplidar_ros -- -j4 -l4
[3.232s] Invoking command in '/home/kingpooper/deepRacerWS/build/rplidar_ros': CMAKE_PREFIX_PATH=/opt/ros/humble /usr/bin/cmake --install /home/kingpooper/deepRacerWS/build/rplidar_ros
[3.284s] -- Install configuration: ""
[3.286s] -- Execute custom install script
[3.291s] -- Up-to-date symlink: /home/kingpooper/deepRacerWS/install/rplidar_ros/share/rplidar_ros/launch/rplidar_a1_launch.py
[3.292s] -- Up-to-date symlink: /home/kingpooper/deepRacerWS/install/rplidar_ros/share/rplidar_ros/launch/rplidar_a2m12_launch.py
[3.293s] -- Up-to-date symlink: /home/kingpooper/deepRacerWS/install/rplidar_ros/share/rplidar_ros/launch/rplidar_a2m7_launch.py
[3.294s] -- Up-to-date symlink: /home/kingpooper/deepRacerWS/install/rplidar_ros/share/rplidar_ros/launch/rplidar_a2m8_launch.py
[3.295s] -- Up-to-date symlink: /home/kingpooper/deepRacerWS/install/rplidar_ros/share/rplidar_ros/launch/rplidar_a3_launch.py
[3.296s] -- Up-to-date symlink: /home/kingpooper/deepRacerWS/install/rplidar_ros/share/rplidar_ros/launch/rplidar_c1_launch.py
[3.297s] -- Up-to-date symlink: /home/kingpooper/deepRacerWS/install/rplidar_ros/share/rplidar_ros/launch/rplidar_s1_launch.py
[3.298s] -- Up-to-date symlink: /home/kingpooper/deepRacerWS/install/rplidar_ros/share/rplidar_ros/launch/rplidar_s1_tcp_launch.py
[3.300s] -- Up-to-date symlink: /home/kingpooper/deepRacerWS/install/rplidar_ros/share/rplidar_ros/launch/rplidar_s2_launch.py
[3.301s] -- Up-to-date symlink: /home/kingpooper/deepRacerWS/install/rplidar_ros/share/rplidar_ros/launch/rplidar_s2e_launch.py
[3.302s] -- Up-to-date symlink: /home/kingpooper/deepRacerWS/install/rplidar_ros/share/rplidar_ros/launch/rplidar_s3_launch.py
[3.303s] -- Up-to-date symlink: /home/kingpooper/deepRacerWS/install/rplidar_ros/share/rplidar_ros/launch/rplidar_t1_launch.py
[3.315s] -- Up-to-date symlink: /home/kingpooper/deepRacerWS/install/rplidar_ros/share/rplidar_ros/launch/view_rplidar_a1_launch.py
[3.316s] -- Up-to-date symlink: /home/kingpooper/deepRacerWS/install/rplidar_ros/share/rplidar_ros/launch/view_rplidar_a2m12_launch.py
[3.317s] -- Up-to-date symlink: /home/kingpooper/deepRacerWS/install/rplidar_ros/share/rplidar_ros/launch/view_rplidar_a2m7_launch.py
[3.317s] -- Up-to-date symlink: /home/kingpooper/deepRacerWS/install/rplidar_ros/share/rplidar_ros/launch/view_rplidar_a2m8_launch.py
[3.318s] -- Up-to-date symlink: /home/kingpooper/deepRacerWS/install/rplidar_ros/share/rplidar_ros/launch/view_rplidar_a3_launch.py
[3.319s] -- Up-to-date symlink: /home/kingpooper/deepRacerWS/install/rplidar_ros/share/rplidar_ros/launch/view_rplidar_c1_launch.py
[3.319s] -- Up-to-date symlink: /home/kingpooper/deepRacerWS/install/rplidar_ros/share/rplidar_ros/launch/view_rplidar_s1_launch.py
[3.320s] -- Up-to-date symlink: /home/kingpooper/deepRacerWS/install/rplidar_ros/share/rplidar_ros/launch/view_rplidar_s1_tcp_launch.py
[3.321s] -- Up-to-date symlink: /home/kingpooper/deepRacerWS/install/rplidar_ros/share/rplidar_ros/launch/view_rplidar_s2_launch.py
[3.321s] -- Up-to-date symlink: /home/kingpooper/deepRacerWS/install/rplidar_ros/share/rplidar_ros/launch/view_rplidar_s2e_launch.py
[3.323s] -- Up-to-date symlink: /home/kingpooper/deepRacerWS/install/rplidar_ros/share/rplidar_ros/launch/view_rplidar_s3_launch.py
[3.343s] -- Up-to-date symlink: /home/kingpooper/deepRacerWS/install/rplidar_ros/share/rplidar_ros/launch/view_rplidar_t1_launch.py
[3.344s] -- Up-to-date symlink: /home/kingpooper/deepRacerWS/install/rplidar_ros/share/rplidar_ros/rviz/rplidar_ros.rviz
[3.367s] -- Up-to-date symlink: /home/kingpooper/deepRacerWS/install/rplidar_ros/lib/rplidar_ros/rplidar_node
[3.367s] -- Up-to-date symlink: /home/kingpooper/deepRacerWS/install/rplidar_ros/lib/rplidar_ros/rplidar_composition
[3.368s] -- Up-to-date symlink: /home/kingpooper/deepRacerWS/install/rplidar_ros/lib/rplidar_ros/rplidar_client
[3.369s] -- Up-to-date symlink: /home/kingpooper/deepRacerWS/install/rplidar_ros/share/ament_index/resource_index/package_run_dependencies/rplidar_ros
[3.370s] -- Up-to-date symlink: /home/kingpooper/deepRacerWS/install/rplidar_ros/share/ament_index/resource_index/parent_prefix_path/rplidar_ros
[3.370s] -- Up-to-date symlink: /home/kingpooper/deepRacerWS/install/rplidar_ros/share/rplidar_ros/environment/ament_prefix_path.sh
[3.371s] -- Up-to-date symlink: /home/kingpooper/deepRacerWS/install/rplidar_ros/share/rplidar_ros/environment/ament_prefix_path.dsv
[3.384s] -- Up-to-date symlink: /home/kingpooper/deepRacerWS/install/rplidar_ros/share/rplidar_ros/environment/path.sh
[3.403s] -- Up-to-date symlink: /home/kingpooper/deepRacerWS/install/rplidar_ros/share/rplidar_ros/environment/path.dsv
[3.404s] -- Up-to-date symlink: /home/kingpooper/deepRacerWS/install/rplidar_ros/share/rplidar_ros/local_setup.bash
[3.405s] -- Up-to-date symlink: /home/kingpooper/deepRacerWS/install/rplidar_ros/share/rplidar_ros/local_setup.sh
[3.419s] -- Up-to-date symlink: /home/kingpooper/deepRacerWS/install/rplidar_ros/share/rplidar_ros/local_setup.zsh
[3.420s] -- Up-to-date symlink: /home/kingpooper/deepRacerWS/install/rplidar_ros/share/rplidar_ros/local_setup.dsv
[3.421s] -- Symlinking: /home/kingpooper/deepRacerWS/install/rplidar_ros/share/rplidar_ros/package.dsv
[3.465s] -- Up-to-date symlink: /home/kingpooper/deepRacerWS/install/rplidar_ros/share/ament_index/resource_index/packages/rplidar_ros
[3.471s] -- Up-to-date symlink: /home/kingpooper/deepRacerWS/install/rplidar_ros/share/rplidar_ros/cmake/ament_cmake_export_dependencies-extras.cmake
[3.476s] -- Up-to-date symlink: /home/kingpooper/deepRacerWS/install/rplidar_ros/share/rplidar_ros/cmake/ament_cmake_export_include_directories-extras.cmake
[3.488s] -- Up-to-date symlink: /home/kingpooper/deepRacerWS/install/rplidar_ros/share/rplidar_ros/cmake/rplidar_rosConfig.cmake
[3.491s] -- Up-to-date symlink: /home/kingpooper/deepRacerWS/install/rplidar_ros/share/rplidar_ros/cmake/rplidar_rosConfig-version.cmake
[3.493s] -- Up-to-date symlink: /home/kingpooper/deepRacerWS/install/rplidar_ros/share/rplidar_ros/package.xml
[3.505s] Invoked command in '/home/kingpooper/deepRacerWS/build/rplidar_ros' returned '0': CMAKE_PREFIX_PATH=/opt/ros/humble /usr/bin/cmake --install /home/kingpooper/deepRacerWS/build/rplidar_ros
