[4.096s] Invoking command in '/home/kingpooper/deepRacerWS/src/tape': PYTHONPATH=/home/kingpooper/deepRacerWS/build/tape/prefix_override:/usr/lib/python3/dist-packages/colcon_core/task/python/colcon_distutils_commands:/home/kingpooper/deepRacerWS/install/tape/lib/python3.10/site-packages:${PYTHONPATH} /usr/bin/python3 -W ignore:setup.py install is deprecated -W ignore:easy_install command is deprecated setup.py egg_info --egg-base ../../build/tape build --build-base /home/kingpooper/deepRacerWS/build/tape/build install --record /home/kingpooper/deepRacerWS/build/tape/install.log --single-version-externally-managed install_data
[5.869s] running egg_info
[5.872s] writing ../../build/tape/tape.egg-info/PKG-INFO
[5.873s] writing dependency_links to ../../build/tape/tape.egg-info/dependency_links.txt
[5.874s] writing entry points to ../../build/tape/tape.egg-info/entry_points.txt
[5.875s] writing requirements to ../../build/tape/tape.egg-info/requires.txt
[5.876s] writing top-level names to ../../build/tape/tape.egg-info/top_level.txt
[5.885s] reading manifest file '../../build/tape/tape.egg-info/SOURCES.txt'
[5.887s] adding license file 'LICENSE'
[5.891s] writing manifest file '../../build/tape/tape.egg-info/SOURCES.txt'
[5.892s] running build
[5.900s] running build_py
[5.900s] copying tape/my_sexy_tape_follower.py -> /home/kingpooper/deepRacerWS/build/tape/build/lib/tape
[5.901s] running install
[5.902s] running install_lib
[5.905s] copying /home/kingpooper/deepRacerWS/build/tape/build/lib/tape/my_sexy_tape_follower.py -> /home/kingpooper/deepRacerWS/install/tape/lib/python3.10/site-packages/tape
[5.907s] byte-compiling /home/kingpooper/deepRacerWS/install/tape/lib/python3.10/site-packages/tape/my_sexy_tape_follower.py to my_sexy_tape_follower.cpython-310.pyc
[5.911s] running install_data
[5.912s] running install_egg_info
[5.920s] removing '/home/kingpooper/deepRacerWS/install/tape/lib/python3.10/site-packages/tape-0.0.0-py3.10.egg-info' (and everything under it)
[5.922s] Copying ../../build/tape/tape.egg-info to /home/kingpooper/deepRacerWS/install/tape/lib/python3.10/site-packages/tape-0.0.0-py3.10.egg-info
[5.931s] running install_scripts
[6.049s] Installing image_subscriber script to /home/kingpooper/deepRacerWS/install/tape/lib/tape
[6.051s] Installing my_sexy_tape_follower script to /home/kingpooper/deepRacerWS/install/tape/lib/tape
[6.052s] Installing my_tape_follower script to /home/kingpooper/deepRacerWS/install/tape/lib/tape
[6.056s] Installing tape_follower script to /home/kingpooper/deepRacerWS/install/tape/lib/tape
[6.061s] writing list of installed files to '/home/kingpooper/deepRacerWS/build/tape/install.log'
[6.226s] Invoked command in '/home/kingpooper/deepRacerWS/src/tape' returned '0': PYTHONPATH=/home/kingpooper/deepRacerWS/build/tape/prefix_override:/usr/lib/python3/dist-packages/colcon_core/task/python/colcon_distutils_commands:/home/kingpooper/deepRacerWS/install/tape/lib/python3.10/site-packages:${PYTHONPATH} /usr/bin/python3 -W ignore:setup.py install is deprecated -W ignore:easy_install command is deprecated setup.py egg_info --egg-base ../../build/tape build --build-base /home/kingpooper/deepRacerWS/build/tape/build install --record /home/kingpooper/deepRacerWS/build/tape/install.log --single-version-externally-managed install_data
