[3.714s] Invoking command in '/home/kingpooper/deepRacerWS/src/build/ros2_pca9685': PYTHONPATH=/home/kingpooper/deepRacerWS/src/build/ros2_pca9685/prefix_override:/usr/lib/python3/dist-packages/colcon_core/task/python/colcon_distutils_commands:/home/kingpooper/deepRacerWS/src/install/ros2_pca9685/lib/python3.10/site-packages:${PYTHONPATH} /usr/bin/python3 -W ignore:setup.py install is deprecated -W ignore:easy_install command is deprecated setup.py develop --editable --build-directory /home/kingpooper/deepRacerWS/src/build/ros2_pca9685/build --no-deps symlink_data --force
[6.279s] /usr/lib/python3/dist-packages/setuptools/dist.py:723: UserWarning: Usage of dash-separated 'script-dir' will not be supported in future versions. Please use the underscore name 'script_dir' instead
[6.281s]   warnings.warn(
[6.551s] running develop
[8.542s] running egg_info
[8.543s] writing ros2_pca9685.egg-info/PKG-INFO
[8.545s] writing dependency_links to ros2_pca9685.egg-info/dependency_links.txt
[8.547s] writing entry points to ros2_pca9685.egg-info/entry_points.txt
[8.549s] writing requirements to ros2_pca9685.egg-info/requires.txt
[8.550s] writing top-level names to ros2_pca9685.egg-info/top_level.txt
[8.562s] reading manifest file 'ros2_pca9685.egg-info/SOURCES.txt'
[8.567s] writing manifest file 'ros2_pca9685.egg-info/SOURCES.txt'
[8.577s] running build_ext
[8.578s] Creating /home/kingpooper/deepRacerWS/src/install/ros2_pca9685/lib/python3.10/site-packages/ros2-pca9685.egg-link (link to .)
[8.583s] Installing listener script to /home/kingpooper/deepRacerWS/src/install/ros2_pca9685/lib/ros2_pca9685
[8.584s] Installing talker script to /home/kingpooper/deepRacerWS/src/install/ros2_pca9685/lib/ros2_pca9685
[8.587s] 
[8.592s] Installed /home/kingpooper/deepRacerWS/src/build/ros2_pca9685
[8.593s] running symlink_data
[8.595s] symbolically linking /home/kingpooper/deepRacerWS/src/build/ros2_pca9685/resource/ros2_pca9685 -> /home/kingpooper/deepRacerWS/src/install/ros2_pca9685/share/ament_index/resource_index/packages
[8.597s] symbolically linking /home/kingpooper/deepRacerWS/src/build/ros2_pca9685/package.xml -> /home/kingpooper/deepRacerWS/src/install/ros2_pca9685/share/ros2_pca9685
[8.864s] Invoked command in '/home/kingpooper/deepRacerWS/src/build/ros2_pca9685' returned '0': PYTHONPATH=/home/kingpooper/deepRacerWS/src/build/ros2_pca9685/prefix_override:/usr/lib/python3/dist-packages/colcon_core/task/python/colcon_distutils_commands:/home/kingpooper/deepRacerWS/src/install/ros2_pca9685/lib/python3.10/site-packages:${PYTHONPATH} /usr/bin/python3 -W ignore:setup.py install is deprecated -W ignore:easy_install command is deprecated setup.py develop --editable --build-directory /home/kingpooper/deepRacerWS/src/build/ros2_pca9685/build --no-deps symlink_data --force
