[3.013s] Invoking command in '/home/kingpooper/deepRacerWS/src/control': PYTHONPATH=/home/kingpooper/deepRacerWS/build/control/prefix_override:/usr/lib/python3/dist-packages/colcon_core/task/python/colcon_distutils_commands:/home/kingpooper/deepRacerWS/install/control/lib/python3.10/site-packages:${PYTHONPATH} /usr/bin/python3 -W ignore:setup.py install is deprecated -W ignore:easy_install command is deprecated setup.py egg_info --egg-base ../../build/control build --build-base /home/kingpooper/deepRacerWS/build/control/build install --record /home/kingpooper/deepRacerWS/build/control/install.log --single-version-externally-managed install_data
[4.246s] running egg_info
[4.249s] writing ../../build/control/control.egg-info/PKG-INFO
[4.250s] writing dependency_links to ../../build/control/control.egg-info/dependency_links.txt
[4.251s] writing entry points to ../../build/control/control.egg-info/entry_points.txt
[4.252s] writing requirements to ../../build/control/control.egg-info/requires.txt
[4.253s] writing top-level names to ../../build/control/control.egg-info/top_level.txt
[4.262s] reading manifest file '../../build/control/control.egg-info/SOURCES.txt'
[4.264s] adding license file 'LICENSE'
[4.266s] writing manifest file '../../build/control/control.egg-info/SOURCES.txt'
[4.267s] running build
[4.268s] running build_py
[4.269s] copying control/subscriber.py -> /home/kingpooper/deepRacerWS/build/control/build/lib/control
[4.270s] running install
[4.271s] running install_lib
[4.275s] copying /home/kingpooper/deepRacerWS/build/control/build/lib/control/subscriber.py -> /home/kingpooper/deepRacerWS/install/control/lib/python3.10/site-packages/control
[4.278s] byte-compiling /home/kingpooper/deepRacerWS/install/control/lib/python3.10/site-packages/control/subscriber.py to subscriber.cpython-310.pyc
[4.280s] running install_data
[4.281s] copying package.xml -> /home/kingpooper/deepRacerWS/install/control/share/control
[4.282s] running install_egg_info
[4.289s] removing '/home/kingpooper/deepRacerWS/install/control/lib/python3.10/site-packages/control-0.0.0-py3.10.egg-info' (and everything under it)
[4.291s] Copying ../../build/control/control.egg-info to /home/kingpooper/deepRacerWS/install/control/lib/python3.10/site-packages/control-0.0.0-py3.10.egg-info
[4.296s] running install_scripts
[4.377s] Installing subscriber script to /home/kingpooper/deepRacerWS/install/control/lib/control
[4.379s] writing list of installed files to '/home/kingpooper/deepRacerWS/build/control/install.log'
[4.507s] Invoked command in '/home/kingpooper/deepRacerWS/src/control' returned '0': PYTHONPATH=/home/kingpooper/deepRacerWS/build/control/prefix_override:/usr/lib/python3/dist-packages/colcon_core/task/python/colcon_distutils_commands:/home/kingpooper/deepRacerWS/install/control/lib/python3.10/site-packages:${PYTHONPATH} /usr/bin/python3 -W ignore:setup.py install is deprecated -W ignore:easy_install command is deprecated setup.py egg_info --egg-base ../../build/control build --build-base /home/kingpooper/deepRacerWS/build/control/build install --record /home/kingpooper/deepRacerWS/build/control/install.log --single-version-externally-managed install_data
