[6.152s] Invoking command in '/home/kingpooper/deepRacerWS/src/tape': PYTHONPATH=/home/kingpooper/deepRacerWS/build/tape/prefix_override:/usr/lib/python3/dist-packages/colcon_core/task/python/colcon_distutils_commands:/home/kingpooper/deepRacerWS/install/tape/lib/python3.10/site-packages:${PYTHONPATH} /usr/bin/python3 -W ignore:setup.py install is deprecated -W ignore:easy_install command is deprecated setup.py egg_info --egg-base ../../build/tape build --build-base /home/kingpooper/deepRacerWS/build/tape/build install --record /home/kingpooper/deepRacerWS/build/tape/install.log --single-version-externally-managed install_data
[8.923s] running egg_info
[8.928s] writing ../../build/tape/tape.egg-info/PKG-INFO
[8.931s] writing dependency_links to ../../build/tape/tape.egg-info/dependency_links.txt
[8.932s] writing entry points to ../../build/tape/tape.egg-info/entry_points.txt
[8.933s] writing requirements to ../../build/tape/tape.egg-info/requires.txt
[8.934s] writing top-level names to ../../build/tape/tape.egg-info/top_level.txt
[8.948s] reading manifest file '../../build/tape/tape.egg-info/SOURCES.txt'
[8.952s] adding license file 'LICENSE'
[8.955s] writing manifest file '../../build/tape/tape.egg-info/SOURCES.txt'
[8.956s] running build
[8.957s] running build_py
[8.963s] copying tape/stop_sign.py -> /home/kingpooper/deepRacerWS/build/tape/build/lib/tape
[8.965s] running install
[8.966s] running install_lib
[8.973s] copying /home/kingpooper/deepRacerWS/build/tape/build/lib/tape/stop_sign.py -> /home/kingpooper/deepRacerWS/install/tape/lib/python3.10/site-packages/tape
[8.978s] byte-compiling /home/kingpooper/deepRacerWS/install/tape/lib/python3.10/site-packages/tape/stop_sign.py to stop_sign.cpython-310.pyc
[8.983s] running install_data
[8.985s] running install_egg_info
[8.996s] removing '/home/kingpooper/deepRacerWS/install/tape/lib/python3.10/site-packages/tape-0.0.0-py3.10.egg-info' (and everything under it)
[9.001s] Copying ../../build/tape/tape.egg-info to /home/kingpooper/deepRacerWS/install/tape/lib/python3.10/site-packages/tape-0.0.0-py3.10.egg-info
[9.010s] running install_scripts
[9.157s] Installing image_subscriber script to /home/kingpooper/deepRacerWS/install/tape/lib/tape
[9.159s] Installing james_blue_follower script to /home/kingpooper/deepRacerWS/install/tape/lib/tape
[9.162s] Installing my_blue_tape_follower script to /home/kingpooper/deepRacerWS/install/tape/lib/tape
[9.163s] Installing my_sexy_tape_follower script to /home/kingpooper/deepRacerWS/install/tape/lib/tape
[9.167s] Installing my_tape_follower script to /home/kingpooper/deepRacerWS/install/tape/lib/tape
[9.168s] Installing obs_avoid script to /home/kingpooper/deepRacerWS/install/tape/lib/tape
[9.169s] Installing school_zone script to /home/kingpooper/deepRacerWS/install/tape/lib/tape
[9.170s] Installing shay_blue_follower script to /home/kingpooper/deepRacerWS/install/tape/lib/tape
[9.178s] Installing shaya_blue script to /home/kingpooper/deepRacerWS/install/tape/lib/tape
[9.179s] Installing stop_sign script to /home/kingpooper/deepRacerWS/install/tape/lib/tape
[9.179s] Installing tape_follower script to /home/kingpooper/deepRacerWS/install/tape/lib/tape
[9.180s] Installing tom_blue_tape script to /home/kingpooper/deepRacerWS/install/tape/lib/tape
[9.188s] writing list of installed files to '/home/kingpooper/deepRacerWS/build/tape/install.log'
[9.399s] Invoked command in '/home/kingpooper/deepRacerWS/src/tape' returned '0': PYTHONPATH=/home/kingpooper/deepRacerWS/build/tape/prefix_override:/usr/lib/python3/dist-packages/colcon_core/task/python/colcon_distutils_commands:/home/kingpooper/deepRacerWS/install/tape/lib/python3.10/site-packages:${PYTHONPATH} /usr/bin/python3 -W ignore:setup.py install is deprecated -W ignore:easy_install command is deprecated setup.py egg_info --egg-base ../../build/tape build --build-base /home/kingpooper/deepRacerWS/build/tape/build install --record /home/kingpooper/deepRacerWS/build/tape/install.log --single-version-externally-managed install_data
