[5.418s] Invoking command in '/home/kingpooper/deepRacerWS/src/tape': PYTHONPATH=/home/kingpooper/deepRacerWS/build/tape/prefix_override:/usr/lib/python3/dist-packages/colcon_core/task/python/colcon_distutils_commands:/home/kingpooper/deepRacerWS/install/tape/lib/python3.10/site-packages:${PYTHONPATH} /usr/bin/python3 -W ignore:setup.py install is deprecated -W ignore:easy_install command is deprecated setup.py egg_info --egg-base ../../build/tape build --build-base /home/kingpooper/deepRacerWS/build/tape/build install --record /home/kingpooper/deepRacerWS/build/tape/install.log --single-version-externally-managed install_data
[7.547s] running egg_info
[7.551s] writing ../../build/tape/tape.egg-info/PKG-INFO
[7.552s] writing dependency_links to ../../build/tape/tape.egg-info/dependency_links.txt
[7.555s] writing entry points to ../../build/tape/tape.egg-info/entry_points.txt
[7.556s] writing requirements to ../../build/tape/tape.egg-info/requires.txt
[7.559s] writing top-level names to ../../build/tape/tape.egg-info/top_level.txt
[7.569s] reading manifest file '../../build/tape/tape.egg-info/SOURCES.txt'
[7.571s] adding license file 'LICENSE'
[7.575s] writing manifest file '../../build/tape/tape.egg-info/SOURCES.txt'
[7.576s] running build
[7.577s] running build_py
[7.579s] copying tape/shay_blue_follower.py -> /home/kingpooper/deepRacerWS/build/tape/build/lib/tape
[7.584s] running install
[7.585s] running install_lib
[7.592s] copying /home/kingpooper/deepRacerWS/build/tape/build/lib/tape/shay_blue_follower.py -> /home/kingpooper/deepRacerWS/install/tape/lib/python3.10/site-packages/tape
[7.598s] byte-compiling /home/kingpooper/deepRacerWS/install/tape/lib/python3.10/site-packages/tape/shay_blue_follower.py to shay_blue_follower.cpython-310.pyc
[7.608s] running install_data
[7.609s] running install_egg_info
[7.620s] removing '/home/kingpooper/deepRacerWS/install/tape/lib/python3.10/site-packages/tape-0.0.0-py3.10.egg-info' (and everything under it)
[7.623s] Copying ../../build/tape/tape.egg-info to /home/kingpooper/deepRacerWS/install/tape/lib/python3.10/site-packages/tape-0.0.0-py3.10.egg-info
[7.633s] running install_scripts
[7.746s] Installing image_subscriber script to /home/kingpooper/deepRacerWS/install/tape/lib/tape
[7.747s] Installing james_blue_follower script to /home/kingpooper/deepRacerWS/install/tape/lib/tape
[7.748s] Installing my_blue_tape_follower script to /home/kingpooper/deepRacerWS/install/tape/lib/tape
[7.751s] Installing my_sexy_tape_follower script to /home/kingpooper/deepRacerWS/install/tape/lib/tape
[7.754s] Installing my_tape_follower script to /home/kingpooper/deepRacerWS/install/tape/lib/tape
[7.757s] Installing obs_avoid script to /home/kingpooper/deepRacerWS/install/tape/lib/tape
[7.762s] Installing school_zone script to /home/kingpooper/deepRacerWS/install/tape/lib/tape
[7.768s] Installing shay_blue_follower script to /home/kingpooper/deepRacerWS/install/tape/lib/tape
[7.770s] Installing shaya_blue script to /home/kingpooper/deepRacerWS/install/tape/lib/tape
[7.772s] Installing stop_sign script to /home/kingpooper/deepRacerWS/install/tape/lib/tape
[7.774s] Installing tape_follower script to /home/kingpooper/deepRacerWS/install/tape/lib/tape
[7.791s] Installing tom_blue_tape script to /home/kingpooper/deepRacerWS/install/tape/lib/tape
[7.792s] writing list of installed files to '/home/kingpooper/deepRacerWS/build/tape/install.log'
[7.989s] Invoked command in '/home/kingpooper/deepRacerWS/src/tape' returned '0': PYTHONPATH=/home/kingpooper/deepRacerWS/build/tape/prefix_override:/usr/lib/python3/dist-packages/colcon_core/task/python/colcon_distutils_commands:/home/kingpooper/deepRacerWS/install/tape/lib/python3.10/site-packages:${PYTHONPATH} /usr/bin/python3 -W ignore:setup.py install is deprecated -W ignore:easy_install command is deprecated setup.py egg_info --egg-base ../../build/tape build --build-base /home/kingpooper/deepRacerWS/build/tape/build install --record /home/kingpooper/deepRacerWS/build/tape/install.log --single-version-externally-managed install_data
