[0.079s] Invoking command in '/home/kingpooper/deepRacerWS/build/v4l2_camera': CMAKE_PREFIX_PATH=${CMAKE_PREFIX_PATH}:/home/kingpooper/deepRacerWS/install/tape:/home/kingpooper/deepRacerWS/install/ros2_pca9685:/home/kingpooper/deepRacerWS/install/control:/opt/ros/humble /usr/bin/cmake --build /home/kingpooper/deepRacerWS/build/v4l2_camera -- -j4 -l4
[0.417s] [ 42%] Built target v4l2_camera
[0.557s] [ 71%] Built target v4l2_camera_node
[0.575s] [100%] Built target v4l2_camera_compose_test
[0.631s] Invoked command in '/home/kingpooper/deepRacerWS/build/v4l2_camera' returned '0': CMAKE_PREFIX_PATH=${CMAKE_PREFIX_PATH}:/home/kingpooper/deepRacerWS/install/tape:/home/kingpooper/deepRacerWS/install/ros2_pca9685:/home/kingpooper/deepRacerWS/install/control:/opt/ros/humble /usr/bin/cmake --build /home/kingpooper/deepRacerWS/build/v4l2_camera -- -j4 -l4
[0.645s] Invoking command in '/home/kingpooper/deepRacerWS/build/v4l2_camera': CMAKE_PREFIX_PATH=${CMAKE_PREFIX_PATH}:/home/kingpooper/deepRacerWS/install/tape:/home/kingpooper/deepRacerWS/install/ros2_pca9685:/home/kingpooper/deepRacerWS/install/control:/opt/ros/humble /usr/bin/cmake --install /home/kingpooper/deepRacerWS/build/v4l2_camera
[0.691s] -- Install configuration: ""
[0.696s] -- Execute custom install script
[0.701s] -- Up-to-date symlink: /home/kingpooper/deepRacerWS/install/v4l2_camera/include/v4l2_camera/control.hpp
[0.705s] -- Up-to-date symlink: /home/kingpooper/deepRacerWS/install/v4l2_camera/include/v4l2_camera/fourcc.hpp
[0.708s] -- Up-to-date symlink: /home/kingpooper/deepRacerWS/install/v4l2_camera/include/v4l2_camera/image_format.hpp
[0.710s] -- Up-to-date symlink: /home/kingpooper/deepRacerWS/install/v4l2_camera/include/v4l2_camera/pixel_format.hpp
[0.715s] -- Up-to-date symlink: /home/kingpooper/deepRacerWS/install/v4l2_camera/include/v4l2_camera/v4l2_camera.hpp
[0.718s] -- Up-to-date symlink: /home/kingpooper/deepRacerWS/install/v4l2_camera/include/v4l2_camera/v4l2_camera_device.hpp
[0.720s] -- Up-to-date symlink: /home/kingpooper/deepRacerWS/install/v4l2_camera/include/v4l2_camera/visibility_control.h
[0.723s] -- Up-to-date symlink: /home/kingpooper/deepRacerWS/install/v4l2_camera/share/v4l2_camera/environment/library_path.sh
[0.726s] -- Up-to-date symlink: /home/kingpooper/deepRacerWS/install/v4l2_camera/share/v4l2_camera/environment/library_path.dsv
[0.730s] -- Up-to-date symlink: /home/kingpooper/deepRacerWS/install/v4l2_camera/include/v4l2_camera/control.hpp
[0.733s] -- Up-to-date symlink: /home/kingpooper/deepRacerWS/install/v4l2_camera/include/v4l2_camera/fourcc.hpp
[0.736s] -- Up-to-date symlink: /home/kingpooper/deepRacerWS/install/v4l2_camera/include/v4l2_camera/image_format.hpp
[0.738s] -- Up-to-date symlink: /home/kingpooper/deepRacerWS/install/v4l2_camera/include/v4l2_camera/pixel_format.hpp
[0.740s] -- Up-to-date symlink: /home/kingpooper/deepRacerWS/install/v4l2_camera/include/v4l2_camera/v4l2_camera.hpp
[0.743s] -- Up-to-date symlink: /home/kingpooper/deepRacerWS/install/v4l2_camera/include/v4l2_camera/v4l2_camera_device.hpp
[0.744s] -- Up-to-date symlink: /home/kingpooper/deepRacerWS/install/v4l2_camera/include/v4l2_camera/visibility_control.h
[0.746s] -- Up-to-date symlink: /home/kingpooper/deepRacerWS/install/v4l2_camera/share/v4l2_camera/launch/v4l2_camera.launch.py
[0.748s] -- Up-to-date symlink: /home/kingpooper/deepRacerWS/install/v4l2_camera/share/ament_index/resource_index/package_run_dependencies/v4l2_camera
[0.749s] -- Up-to-date symlink: /home/kingpooper/deepRacerWS/install/v4l2_camera/share/ament_index/resource_index/parent_prefix_path/v4l2_camera
[0.750s] -- Up-to-date symlink: /home/kingpooper/deepRacerWS/install/v4l2_camera/share/v4l2_camera/environment/ament_prefix_path.sh
[0.752s] -- Up-to-date symlink: /home/kingpooper/deepRacerWS/install/v4l2_camera/share/v4l2_camera/environment/ament_prefix_path.dsv
[0.753s] -- Up-to-date symlink: /home/kingpooper/deepRacerWS/install/v4l2_camera/share/v4l2_camera/environment/path.sh
[0.755s] -- Up-to-date symlink: /home/kingpooper/deepRacerWS/install/v4l2_camera/share/v4l2_camera/environment/path.dsv
[0.756s] -- Up-to-date symlink: /home/kingpooper/deepRacerWS/install/v4l2_camera/share/v4l2_camera/local_setup.bash
[0.757s] -- Up-to-date symlink: /home/kingpooper/deepRacerWS/install/v4l2_camera/share/v4l2_camera/local_setup.sh
[0.759s] -- Up-to-date symlink: /home/kingpooper/deepRacerWS/install/v4l2_camera/share/v4l2_camera/local_setup.zsh
[0.762s] -- Up-to-date symlink: /home/kingpooper/deepRacerWS/install/v4l2_camera/share/v4l2_camera/local_setup.dsv
[0.763s] -- Symlinking: /home/kingpooper/deepRacerWS/install/v4l2_camera/share/v4l2_camera/package.dsv
[0.805s] -- Up-to-date symlink: /home/kingpooper/deepRacerWS/install/v4l2_camera/share/ament_index/resource_index/packages/v4l2_camera
[0.806s] -- Up-to-date symlink: /home/kingpooper/deepRacerWS/install/v4l2_camera/share/ament_index/resource_index/rclcpp_components/v4l2_camera
[0.815s] -- Up-to-date symlink: /home/kingpooper/deepRacerWS/install/v4l2_camera/share/v4l2_camera/cmake/ament_cmake_export_include_directories-extras.cmake
[0.816s] -- Up-to-date symlink: /home/kingpooper/deepRacerWS/install/v4l2_camera/share/v4l2_camera/cmake/ament_cmake_export_targets-extras.cmake
[0.816s] -- Up-to-date symlink: /home/kingpooper/deepRacerWS/install/v4l2_camera/share/v4l2_camera/cmake/ament_cmake_export_libraries-extras.cmake
[0.818s] -- Up-to-date symlink: /home/kingpooper/deepRacerWS/install/v4l2_camera/share/v4l2_camera/cmake/ament_cmake_export_dependencies-extras.cmake
[0.819s] -- Up-to-date symlink: /home/kingpooper/deepRacerWS/install/v4l2_camera/share/v4l2_camera/cmake/v4l2_cameraConfig.cmake
[0.820s] -- Up-to-date symlink: /home/kingpooper/deepRacerWS/install/v4l2_camera/share/v4l2_camera/cmake/v4l2_cameraConfig-version.cmake
[0.820s] -- Up-to-date symlink: /home/kingpooper/deepRacerWS/install/v4l2_camera/share/v4l2_camera/package.xml
[0.821s] -- Up-to-date: /home/kingpooper/deepRacerWS/install/v4l2_camera/lib/libv4l2_camera.so
[0.822s] -- Up-to-date: /home/kingpooper/deepRacerWS/install/v4l2_camera/lib/v4l2_camera/v4l2_camera_node
[0.825s] -- Up-to-date: /home/kingpooper/deepRacerWS/install/v4l2_camera/lib/v4l2_camera/v4l2_camera_compose_test
[0.827s] -- Up-to-date: /home/kingpooper/deepRacerWS/install/v4l2_camera/share/v4l2_camera/cmake/export_v4l2_cameraExport.cmake
[0.828s] -- Up-to-date: /home/kingpooper/deepRacerWS/install/v4l2_camera/share/v4l2_camera/cmake/export_v4l2_cameraExport-noconfig.cmake
[0.839s] Invoked command in '/home/kingpooper/deepRacerWS/build/v4l2_camera' returned '0': CMAKE_PREFIX_PATH=${CMAKE_PREFIX_PATH}:/home/kingpooper/deepRacerWS/install/tape:/home/kingpooper/deepRacerWS/install/ros2_pca9685:/home/kingpooper/deepRacerWS/install/control:/opt/ros/humble /usr/bin/cmake --install /home/kingpooper/deepRacerWS/build/v4l2_camera
