[5.824s] Invoking command in '/home/kingpooper/deepRacerWS/src/tape': PYTHONPATH=/home/kingpooper/deepRacerWS/build/tape/prefix_override:/usr/lib/python3/dist-packages/colcon_core/task/python/colcon_distutils_commands:/home/kingpooper/deepRacerWS/install/tape/lib/python3.10/site-packages:${PYTHONPATH} /usr/bin/python3 -W ignore:setup.py install is deprecated -W ignore:easy_install command is deprecated setup.py egg_info --egg-base ../../build/tape build --build-base /home/kingpooper/deepRacerWS/build/tape/build install --record /home/kingpooper/deepRacerWS/build/tape/install.log --single-version-externally-managed install_data
[7.849s] running egg_info
[7.855s] writing ../../build/tape/tape.egg-info/PKG-INFO
[7.859s] writing dependency_links to ../../build/tape/tape.egg-info/dependency_links.txt
[7.862s] writing entry points to ../../build/tape/tape.egg-info/entry_points.txt
[7.865s] writing requirements to ../../build/tape/tape.egg-info/requires.txt
[7.866s] writing top-level names to ../../build/tape/tape.egg-info/top_level.txt
[7.877s] reading manifest file '../../build/tape/tape.egg-info/SOURCES.txt'
[7.879s] adding license file 'LICENSE'
[7.882s] writing manifest file '../../build/tape/tape.egg-info/SOURCES.txt'
[7.883s] running build
[7.884s] running build_py
[7.886s] copying tape/shay_blue_follower.py -> /home/kingpooper/deepRacerWS/build/tape/build/lib/tape
[7.891s] running install
[7.892s] running install_lib
[7.899s] copying /home/kingpooper/deepRacerWS/build/tape/build/lib/tape/shay_blue_follower.py -> /home/kingpooper/deepRacerWS/install/tape/lib/python3.10/site-packages/tape
[7.905s] byte-compiling /home/kingpooper/deepRacerWS/install/tape/lib/python3.10/site-packages/tape/shay_blue_follower.py to shay_blue_follower.cpython-310.pyc
[7.913s] running install_data
[7.915s] running install_egg_info
[7.926s] removing '/home/kingpooper/deepRacerWS/install/tape/lib/python3.10/site-packages/tape-0.0.0-py3.10.egg-info' (and everything under it)
[7.928s] Copying ../../build/tape/tape.egg-info to /home/kingpooper/deepRacerWS/install/tape/lib/python3.10/site-packages/tape-0.0.0-py3.10.egg-info
[7.937s] running install_scripts
[8.034s] Installing image_subscriber script to /home/kingpooper/deepRacerWS/install/tape/lib/tape
[8.035s] Installing james_blue_follower script to /home/kingpooper/deepRacerWS/install/tape/lib/tape
[8.043s] Installing my_blue_tape_follower script to /home/kingpooper/deepRacerWS/install/tape/lib/tape
[8.046s] Installing my_sexy_tape_follower script to /home/kingpooper/deepRacerWS/install/tape/lib/tape
[8.047s] Installing my_tape_follower script to /home/kingpooper/deepRacerWS/install/tape/lib/tape
[8.047s] Installing obs_avoid script to /home/kingpooper/deepRacerWS/install/tape/lib/tape
[8.047s] Installing school_zone script to /home/kingpooper/deepRacerWS/install/tape/lib/tape
[8.048s] Installing shay_blue_follower script to /home/kingpooper/deepRacerWS/install/tape/lib/tape
[8.049s] Installing shaya_blue script to /home/kingpooper/deepRacerWS/install/tape/lib/tape
[8.050s] Installing stop_sign script to /home/kingpooper/deepRacerWS/install/tape/lib/tape
[8.052s] Installing tape_follower script to /home/kingpooper/deepRacerWS/install/tape/lib/tape
[8.054s] Installing tom_blue_tape script to /home/kingpooper/deepRacerWS/install/tape/lib/tape
[8.064s] writing list of installed files to '/home/kingpooper/deepRacerWS/build/tape/install.log'
[8.261s] Invoked command in '/home/kingpooper/deepRacerWS/src/tape' returned '0': PYTHONPATH=/home/kingpooper/deepRacerWS/build/tape/prefix_override:/usr/lib/python3/dist-packages/colcon_core/task/python/colcon_distutils_commands:/home/kingpooper/deepRacerWS/install/tape/lib/python3.10/site-packages:${PYTHONPATH} /usr/bin/python3 -W ignore:setup.py install is deprecated -W ignore:easy_install command is deprecated setup.py egg_info --egg-base ../../build/tape build --build-base /home/kingpooper/deepRacerWS/build/tape/build install --record /home/kingpooper/deepRacerWS/build/tape/install.log --single-version-externally-managed install_data
