[7.498s] Invoking command in '/home/kingpooper/deepRacerWS/src/tape': PYTHONPATH=/home/kingpooper/deepRacerWS/build/tape/prefix_override:/usr/lib/python3/dist-packages/colcon_core/task/python/colcon_distutils_commands:/home/kingpooper/deepRacerWS/install/tape/lib/python3.10/site-packages:${PYTHONPATH} /usr/bin/python3 -W ignore:setup.py install is deprecated -W ignore:easy_install command is deprecated setup.py egg_info --egg-base ../../build/tape build --build-base /home/kingpooper/deepRacerWS/build/tape/build install --record /home/kingpooper/deepRacerWS/build/tape/install.log --single-version-externally-managed install_data
[10.299s] running egg_info
[10.303s] writing ../../build/tape/tape.egg-info/PKG-INFO
[10.305s] writing dependency_links to ../../build/tape/tape.egg-info/dependency_links.txt
[10.306s] writing entry points to ../../build/tape/tape.egg-info/entry_points.txt
[10.307s] writing requirements to ../../build/tape/tape.egg-info/requires.txt
[10.309s] writing top-level names to ../../build/tape/tape.egg-info/top_level.txt
[10.321s] reading manifest file '../../build/tape/tape.egg-info/SOURCES.txt'
[10.326s] adding license file 'LICENSE'
[10.330s] writing manifest file '../../build/tape/tape.egg-info/SOURCES.txt'
[10.331s] running build
[10.331s] running build_py
[10.334s] copying tape/shay_blue_follower.py -> /home/kingpooper/deepRacerWS/build/tape/build/lib/tape
[10.339s] running install
[10.340s] running install_lib
[10.347s] copying /home/kingpooper/deepRacerWS/build/tape/build/lib/tape/shay_blue_follower.py -> /home/kingpooper/deepRacerWS/install/tape/lib/python3.10/site-packages/tape
[10.354s] byte-compiling /home/kingpooper/deepRacerWS/install/tape/lib/python3.10/site-packages/tape/shay_blue_follower.py to shay_blue_follower.cpython-310.pyc
[10.362s] running install_data
[10.363s] running install_egg_info
[10.373s] removing '/home/kingpooper/deepRacerWS/install/tape/lib/python3.10/site-packages/tape-0.0.0-py3.10.egg-info' (and everything under it)
[10.376s] Copying ../../build/tape/tape.egg-info to /home/kingpooper/deepRacerWS/install/tape/lib/python3.10/site-packages/tape-0.0.0-py3.10.egg-info
[10.387s] running install_scripts
[10.534s] Installing image_subscriber script to /home/kingpooper/deepRacerWS/install/tape/lib/tape
[10.538s] Installing james_blue_follower script to /home/kingpooper/deepRacerWS/install/tape/lib/tape
[10.538s] Installing my_blue_tape_follower script to /home/kingpooper/deepRacerWS/install/tape/lib/tape
[10.542s] Installing my_sexy_tape_follower script to /home/kingpooper/deepRacerWS/install/tape/lib/tape
[10.543s] Installing my_tape_follower script to /home/kingpooper/deepRacerWS/install/tape/lib/tape
[10.544s] Installing obs_avoid script to /home/kingpooper/deepRacerWS/install/tape/lib/tape
[10.545s] Installing school_zone script to /home/kingpooper/deepRacerWS/install/tape/lib/tape
[10.547s] Installing shay_blue_follower script to /home/kingpooper/deepRacerWS/install/tape/lib/tape
[10.550s] Installing shaya_blue script to /home/kingpooper/deepRacerWS/install/tape/lib/tape
[10.556s] Installing stop_sign script to /home/kingpooper/deepRacerWS/install/tape/lib/tape
[10.560s] Installing tape_follower script to /home/kingpooper/deepRacerWS/install/tape/lib/tape
[10.566s] Installing tom_blue_tape script to /home/kingpooper/deepRacerWS/install/tape/lib/tape
[10.567s] writing list of installed files to '/home/kingpooper/deepRacerWS/build/tape/install.log'
[10.864s] Invoked command in '/home/kingpooper/deepRacerWS/src/tape' returned '0': PYTHONPATH=/home/kingpooper/deepRacerWS/build/tape/prefix_override:/usr/lib/python3/dist-packages/colcon_core/task/python/colcon_distutils_commands:/home/kingpooper/deepRacerWS/install/tape/lib/python3.10/site-packages:${PYTHONPATH} /usr/bin/python3 -W ignore:setup.py install is deprecated -W ignore:easy_install command is deprecated setup.py egg_info --egg-base ../../build/tape build --build-base /home/kingpooper/deepRacerWS/build/tape/build install --record /home/kingpooper/deepRacerWS/build/tape/install.log --single-version-externally-managed install_data
