[3.650s] Invoking command in '/home/kingpooper/deepRacerWS/src/tape': PYTHONPATH=/home/kingpooper/deepRacerWS/build/tape/prefix_override:/usr/lib/python3/dist-packages/colcon_core/task/python/colcon_distutils_commands:/home/kingpooper/deepRacerWS/install/tape/lib/python3.10/site-packages:${PYTHONPATH} /usr/bin/python3 -W ignore:setup.py install is deprecated -W ignore:easy_install command is deprecated setup.py egg_info --egg-base ../../build/tape build --build-base /home/kingpooper/deepRacerWS/build/tape/build install --record /home/kingpooper/deepRacerWS/build/tape/install.log --single-version-externally-managed install_data
[5.094s] running egg_info
[5.097s] writing ../../build/tape/tape.egg-info/PKG-INFO
[5.101s] writing dependency_links to ../../build/tape/tape.egg-info/dependency_links.txt
[5.104s] writing entry points to ../../build/tape/tape.egg-info/entry_points.txt
[5.106s] writing requirements to ../../build/tape/tape.egg-info/requires.txt
[5.109s] writing top-level names to ../../build/tape/tape.egg-info/top_level.txt
[5.119s] reading manifest file '../../build/tape/tape.egg-info/SOURCES.txt'
[5.121s] adding license file 'LICENSE'
[5.126s] writing manifest file '../../build/tape/tape.egg-info/SOURCES.txt'
[5.128s] running build
[5.128s] running build_py
[5.132s] copying tape/shay_blue_follower.py -> /home/kingpooper/deepRacerWS/build/tape/build/lib/tape
[5.135s] running install
[5.135s] running install_lib
[5.143s] copying /home/kingpooper/deepRacerWS/build/tape/build/lib/tape/shay_blue_follower.py -> /home/kingpooper/deepRacerWS/install/tape/lib/python3.10/site-packages/tape
[5.150s] byte-compiling /home/kingpooper/deepRacerWS/install/tape/lib/python3.10/site-packages/tape/shay_blue_follower.py to shay_blue_follower.cpython-310.pyc
[5.158s] running install_data
[5.159s] running install_egg_info
[5.168s] removing '/home/kingpooper/deepRacerWS/install/tape/lib/python3.10/site-packages/tape-0.0.0-py3.10.egg-info' (and everything under it)
[5.172s] Copying ../../build/tape/tape.egg-info to /home/kingpooper/deepRacerWS/install/tape/lib/python3.10/site-packages/tape-0.0.0-py3.10.egg-info
[5.184s] running install_scripts
[5.281s] Installing image_subscriber script to /home/kingpooper/deepRacerWS/install/tape/lib/tape
[5.282s] Installing james_blue_follower script to /home/kingpooper/deepRacerWS/install/tape/lib/tape
[5.283s] Installing my_blue_tape_follower script to /home/kingpooper/deepRacerWS/install/tape/lib/tape
[5.285s] Installing my_sexy_tape_follower script to /home/kingpooper/deepRacerWS/install/tape/lib/tape
[5.285s] Installing my_tape_follower script to /home/kingpooper/deepRacerWS/install/tape/lib/tape
[5.286s] Installing obs_avoid script to /home/kingpooper/deepRacerWS/install/tape/lib/tape
[5.288s] Installing school_zone script to /home/kingpooper/deepRacerWS/install/tape/lib/tape
[5.289s] Installing shay_blue_follower script to /home/kingpooper/deepRacerWS/install/tape/lib/tape
[5.290s] Installing shaya_blue script to /home/kingpooper/deepRacerWS/install/tape/lib/tape
[5.291s] Installing stop_sign script to /home/kingpooper/deepRacerWS/install/tape/lib/tape
[5.292s] Installing tape_follower script to /home/kingpooper/deepRacerWS/install/tape/lib/tape
[5.293s] Installing tom_blue_tape script to /home/kingpooper/deepRacerWS/install/tape/lib/tape
[5.296s] writing list of installed files to '/home/kingpooper/deepRacerWS/build/tape/install.log'
[5.438s] Invoked command in '/home/kingpooper/deepRacerWS/src/tape' returned '0': PYTHONPATH=/home/kingpooper/deepRacerWS/build/tape/prefix_override:/usr/lib/python3/dist-packages/colcon_core/task/python/colcon_distutils_commands:/home/kingpooper/deepRacerWS/install/tape/lib/python3.10/site-packages:${PYTHONPATH} /usr/bin/python3 -W ignore:setup.py install is deprecated -W ignore:easy_install command is deprecated setup.py egg_info --egg-base ../../build/tape build --build-base /home/kingpooper/deepRacerWS/build/tape/build install --record /home/kingpooper/deepRacerWS/build/tape/install.log --single-version-externally-managed install_data
