[3.547s] Invoking command in '/home/kingpooper/deepRacerWS/src/control': PYTHONPATH=/home/kingpooper/deepRacerWS/build/control/prefix_override:/usr/lib/python3/dist-packages/colcon_core/task/python/colcon_distutils_commands:/home/kingpooper/deepRacerWS/install/control/lib/python3.10/site-packages:${PYTHONPATH} /usr/bin/python3 -W ignore:setup.py install is deprecated -W ignore:easy_install command is deprecated setup.py egg_info --egg-base ../../build/control build --build-base /home/kingpooper/deepRacerWS/build/control/build install --record /home/kingpooper/deepRacerWS/build/control/install.log --single-version-externally-managed install_data
[5.049s] running egg_info
[5.052s] writing ../../build/control/control.egg-info/PKG-INFO
[5.053s] writing dependency_links to ../../build/control/control.egg-info/dependency_links.txt
[5.054s] writing entry points to ../../build/control/control.egg-info/entry_points.txt
[5.055s] writing requirements to ../../build/control/control.egg-info/requires.txt
[5.055s] writing top-level names to ../../build/control/control.egg-info/top_level.txt
[5.064s] reading manifest file '../../build/control/control.egg-info/SOURCES.txt'
[5.066s] adding license file 'LICENSE'
[5.069s] writing manifest file '../../build/control/control.egg-info/SOURCES.txt'
[5.070s] running build
[5.070s] running build_py
[5.072s] copying control/subscriber.py -> /home/kingpooper/deepRacerWS/build/control/build/lib/control
[5.073s] running install
[5.075s] running install_lib
[5.078s] copying /home/kingpooper/deepRacerWS/build/control/build/lib/control/subscriber.py -> /home/kingpooper/deepRacerWS/install/control/lib/python3.10/site-packages/control
[5.081s] byte-compiling /home/kingpooper/deepRacerWS/install/control/lib/python3.10/site-packages/control/subscriber.py to subscriber.cpython-310.pyc
[5.084s] running install_data
[5.084s] running install_egg_info
[5.095s] removing '/home/kingpooper/deepRacerWS/install/control/lib/python3.10/site-packages/control-0.0.0-py3.10.egg-info' (and everything under it)
[5.097s] Copying ../../build/control/control.egg-info to /home/kingpooper/deepRacerWS/install/control/lib/python3.10/site-packages/control-0.0.0-py3.10.egg-info
[5.102s] running install_scripts
[5.187s] Installing subscriber script to /home/kingpooper/deepRacerWS/install/control/lib/control
[5.189s] writing list of installed files to '/home/kingpooper/deepRacerWS/build/control/install.log'
[5.323s] Invoked command in '/home/kingpooper/deepRacerWS/src/control' returned '0': PYTHONPATH=/home/kingpooper/deepRacerWS/build/control/prefix_override:/usr/lib/python3/dist-packages/colcon_core/task/python/colcon_distutils_commands:/home/kingpooper/deepRacerWS/install/control/lib/python3.10/site-packages:${PYTHONPATH} /usr/bin/python3 -W ignore:setup.py install is deprecated -W ignore:easy_install command is deprecated setup.py egg_info --egg-base ../../build/control build --build-base /home/kingpooper/deepRacerWS/build/control/build install --record /home/kingpooper/deepRacerWS/build/control/install.log --single-version-externally-managed install_data
