[0.475s] DEBUG:colcon:Command line arguments: ['/usr/bin/colcon', 'build', '--packages-select', 'ros2_pca9685']
[0.475s] DEBUG:colcon:Parsed command line arguments: Namespace(log_base=None, log_level=None, verb_name='build', build_base='build', install_base='install', merge_install=False, symlink_install=False, test_result_base=None, continue_on_error=False, executor='parallel', parallel_workers=4, event_handlers=None, ignore_user_meta=False, metas=['./colcon.meta'], base_paths=['.'], packages_ignore=None, packages_ignore_regex=None, paths=None, packages_up_to=None, packages_up_to_regex=None, packages_above=None, packages_above_and_dependencies=None, packages_above_depth=None, packages_select_by_dep=None, packages_skip_by_dep=None, packages_skip_up_to=None, packages_select_build_failed=False, packages_skip_build_finished=False, packages_select_test_failures=False, packages_skip_test_passed=False, packages_select=['ros2_pca9685'], packages_skip=None, packages_select_regex=None, packages_skip_regex=None, packages_start=None, packages_end=None, allow_overriding=[], cmake_args=None, cmake_target=None, cmake_target_skip_unavailable=False, cmake_clean_cache=False, cmake_clean_first=False, cmake_force_configure=False, ament_cmake_args=None, catkin_cmake_args=None, catkin_skip_building_tests=False, mixin_files=None, mixin=None, verb_parser=<colcon_mixin.mixin.mixin_argument.MixinArgumentDecorator object at 0xffffb086d570>, verb_extension=<colcon_core.verb.build.BuildVerb object at 0xffffb0a1a500>, main=<bound method BuildVerb.main of <colcon_core.verb.build.BuildVerb object at 0xffffb0a1a500>>, mixin_verb=('build',))
[1.341s] Level 1:colcon.colcon_core.package_discovery:discover_packages(colcon_meta) check parameters
[1.342s] Level 1:colcon.colcon_core.package_discovery:discover_packages(recursive) check parameters
[1.342s] Level 1:colcon.colcon_core.package_discovery:discover_packages(ignore) check parameters
[1.342s] Level 1:colcon.colcon_core.package_discovery:discover_packages(path) check parameters
[1.342s] Level 1:colcon.colcon_core.package_discovery:discover_packages(colcon_meta) discover
[1.342s] Level 1:colcon.colcon_core.package_discovery:discover_packages(recursive) discover
[1.342s] INFO:colcon.colcon_core.package_discovery:Crawling recursively for packages in '/home/kingpooper/deepRacerWS'
[1.343s] Level 1:colcon.colcon_core.package_identification:_identify(.) by extensions ['ignore', 'ignore_ament_install']
[1.343s] Level 1:colcon.colcon_core.package_identification:_identify(.) by extension 'ignore'
[1.343s] Level 1:colcon.colcon_core.package_identification:_identify(.) by extension 'ignore_ament_install'
[1.344s] Level 1:colcon.colcon_core.package_identification:_identify(.) by extensions ['colcon_pkg']
[1.344s] Level 1:colcon.colcon_core.package_identification:_identify(.) by extension 'colcon_pkg'
[1.344s] Level 1:colcon.colcon_core.package_identification:_identify(.) by extensions ['colcon_meta']
[1.344s] Level 1:colcon.colcon_core.package_identification:_identify(.) by extension 'colcon_meta'
[1.344s] Level 1:colcon.colcon_core.package_identification:_identify(.) by extensions ['ros']
[1.344s] Level 1:colcon.colcon_core.package_identification:_identify(.) by extension 'ros'
[1.391s] Level 1:colcon.colcon_core.package_identification:_identify(.) by extensions ['cmake', 'python']
[1.391s] Level 1:colcon.colcon_core.package_identification:_identify(.) by extension 'cmake'
[1.391s] Level 1:colcon.colcon_core.package_identification:_identify(.) by extension 'python'
[1.391s] Level 1:colcon.colcon_core.package_identification:_identify(.) by extensions ['python_setup_py']
[1.392s] Level 1:colcon.colcon_core.package_identification:_identify(.) by extension 'python_setup_py'
[1.392s] Level 1:colcon.colcon_core.package_identification:_identify(build) by extensions ['ignore', 'ignore_ament_install']
[1.393s] Level 1:colcon.colcon_core.package_identification:_identify(build) by extension 'ignore'
[1.393s] Level 1:colcon.colcon_core.package_identification:_identify(build) ignored
[1.393s] Level 1:colcon.colcon_core.package_identification:_identify(install) by extensions ['ignore', 'ignore_ament_install']
[1.394s] Level 1:colcon.colcon_core.package_identification:_identify(install) by extension 'ignore'
[1.394s] Level 1:colcon.colcon_core.package_identification:_identify(install) ignored
[1.395s] Level 1:colcon.colcon_core.package_identification:_identify(log) by extensions ['ignore', 'ignore_ament_install']
[1.395s] Level 1:colcon.colcon_core.package_identification:_identify(log) by extension 'ignore'
[1.395s] Level 1:colcon.colcon_core.package_identification:_identify(log) ignored
[1.396s] Level 1:colcon.colcon_core.package_identification:_identify(src) by extensions ['ignore', 'ignore_ament_install']
[1.396s] Level 1:colcon.colcon_core.package_identification:_identify(src) by extension 'ignore'
[1.396s] Level 1:colcon.colcon_core.package_identification:_identify(src) by extension 'ignore_ament_install'
[1.396s] Level 1:colcon.colcon_core.package_identification:_identify(src) by extensions ['colcon_pkg']
[1.396s] Level 1:colcon.colcon_core.package_identification:_identify(src) by extension 'colcon_pkg'
[1.397s] Level 1:colcon.colcon_core.package_identification:_identify(src) by extensions ['colcon_meta']
[1.397s] Level 1:colcon.colcon_core.package_identification:_identify(src) by extension 'colcon_meta'
[1.397s] Level 1:colcon.colcon_core.package_identification:_identify(src) by extensions ['ros']
[1.397s] Level 1:colcon.colcon_core.package_identification:_identify(src) by extension 'ros'
[1.397s] Level 1:colcon.colcon_core.package_identification:_identify(src) by extensions ['cmake', 'python']
[1.398s] Level 1:colcon.colcon_core.package_identification:_identify(src) by extension 'cmake'
[1.398s] Level 1:colcon.colcon_core.package_identification:_identify(src) by extension 'python'
[1.398s] Level 1:colcon.colcon_core.package_identification:_identify(src) by extensions ['python_setup_py']
[1.398s] Level 1:colcon.colcon_core.package_identification:_identify(src) by extension 'python_setup_py'
[1.398s] Level 1:colcon.colcon_core.package_identification:_identify(src/build) by extensions ['ignore', 'ignore_ament_install']
[1.399s] Level 1:colcon.colcon_core.package_identification:_identify(src/build) by extension 'ignore'
[1.399s] Level 1:colcon.colcon_core.package_identification:_identify(src/build) ignored
[1.399s] Level 1:colcon.colcon_core.package_identification:_identify(src/install) by extensions ['ignore', 'ignore_ament_install']
[1.400s] Level 1:colcon.colcon_core.package_identification:_identify(src/install) by extension 'ignore'
[1.400s] Level 1:colcon.colcon_core.package_identification:_identify(src/install) ignored
[1.400s] Level 1:colcon.colcon_core.package_identification:_identify(src/log) by extensions ['ignore', 'ignore_ament_install']
[1.401s] Level 1:colcon.colcon_core.package_identification:_identify(src/log) by extension 'ignore'
[1.401s] Level 1:colcon.colcon_core.package_identification:_identify(src/log) ignored
[1.401s] Level 1:colcon.colcon_core.package_identification:_identify(src/ros2_pca9685) by extensions ['ignore', 'ignore_ament_install']
[1.402s] Level 1:colcon.colcon_core.package_identification:_identify(src/ros2_pca9685) by extension 'ignore'
[1.402s] Level 1:colcon.colcon_core.package_identification:_identify(src/ros2_pca9685) by extension 'ignore_ament_install'
[1.402s] Level 1:colcon.colcon_core.package_identification:_identify(src/ros2_pca9685) by extensions ['colcon_pkg']
[1.402s] Level 1:colcon.colcon_core.package_identification:_identify(src/ros2_pca9685) by extension 'colcon_pkg'
[1.403s] Level 1:colcon.colcon_core.package_identification:_identify(src/ros2_pca9685) by extensions ['colcon_meta']
[1.403s] Level 1:colcon.colcon_core.package_identification:_identify(src/ros2_pca9685) by extension 'colcon_meta'
[1.403s] Level 1:colcon.colcon_core.package_identification:_identify(src/ros2_pca9685) by extensions ['ros']
[1.403s] Level 1:colcon.colcon_core.package_identification:_identify(src/ros2_pca9685) by extension 'ros'
[1.412s] DEBUG:colcon.colcon_core.package_identification:Package 'src/ros2_pca9685' with type 'ros.ament_python' and name 'ros2_pca9685'
[1.413s] Level 1:colcon.colcon_core.package_identification:_identify(src/ros2_v4l2_camera) by extensions ['ignore', 'ignore_ament_install']
[1.413s] Level 1:colcon.colcon_core.package_identification:_identify(src/ros2_v4l2_camera) by extension 'ignore'
[1.413s] Level 1:colcon.colcon_core.package_identification:_identify(src/ros2_v4l2_camera) by extension 'ignore_ament_install'
[1.414s] Level 1:colcon.colcon_core.package_identification:_identify(src/ros2_v4l2_camera) by extensions ['colcon_pkg']
[1.414s] Level 1:colcon.colcon_core.package_identification:_identify(src/ros2_v4l2_camera) by extension 'colcon_pkg'
[1.414s] Level 1:colcon.colcon_core.package_identification:_identify(src/ros2_v4l2_camera) by extensions ['colcon_meta']
[1.414s] Level 1:colcon.colcon_core.package_identification:_identify(src/ros2_v4l2_camera) by extension 'colcon_meta'
[1.414s] Level 1:colcon.colcon_core.package_identification:_identify(src/ros2_v4l2_camera) by extensions ['ros']
[1.414s] Level 1:colcon.colcon_core.package_identification:_identify(src/ros2_v4l2_camera) by extension 'ros'
[1.418s] DEBUG:colcon.colcon_core.package_identification:Package 'src/ros2_v4l2_camera' with type 'ros.ament_cmake' and name 'v4l2_camera'
[1.419s] Level 1:colcon.colcon_core.package_identification:_identify(src/rplidar_ros) by extensions ['ignore', 'ignore_ament_install']
[1.419s] Level 1:colcon.colcon_core.package_identification:_identify(src/rplidar_ros) by extension 'ignore'
[1.420s] Level 1:colcon.colcon_core.package_identification:_identify(src/rplidar_ros) by extension 'ignore_ament_install'
[1.420s] Level 1:colcon.colcon_core.package_identification:_identify(src/rplidar_ros) by extensions ['colcon_pkg']
[1.420s] Level 1:colcon.colcon_core.package_identification:_identify(src/rplidar_ros) by extension 'colcon_pkg'
[1.421s] Level 1:colcon.colcon_core.package_identification:_identify(src/rplidar_ros) by extensions ['colcon_meta']
[1.421s] Level 1:colcon.colcon_core.package_identification:_identify(src/rplidar_ros) by extension 'colcon_meta'
[1.421s] Level 1:colcon.colcon_core.package_identification:_identify(src/rplidar_ros) by extensions ['ros']
[1.421s] Level 1:colcon.colcon_core.package_identification:_identify(src/rplidar_ros) by extension 'ros'
[1.424s] DEBUG:colcon.colcon_core.package_identification:Package 'src/rplidar_ros' with type 'ros.ament_cmake' and name 'rplidar_ros'
[1.424s] Level 1:colcon.colcon_core.package_discovery:discover_packages(recursive) using defaults
[1.424s] Level 1:colcon.colcon_core.package_discovery:discover_packages(ignore) discover
[1.424s] Level 1:colcon.colcon_core.package_discovery:discover_packages(ignore) using defaults
[1.424s] Level 1:colcon.colcon_core.package_discovery:discover_packages(path) discover
[1.424s] Level 1:colcon.colcon_core.package_discovery:discover_packages(path) using defaults
[1.546s] INFO:colcon.colcon_core.package_selection:Skipping not selected package 'rplidar_ros' in 'src/rplidar_ros'
[1.546s] INFO:colcon.colcon_core.package_selection:Skipping not selected package 'v4l2_camera' in 'src/ros2_v4l2_camera'
[1.548s] Level 1:colcon.colcon_core.package_discovery:discover_packages(prefix_path) check parameters
[1.548s] Level 1:colcon.colcon_core.package_discovery:discover_packages(prefix_path) discover
[1.558s] DEBUG:colcon.colcon_installed_package_information.package_discovery:Found 3 installed packages in /home/kingpooper/deepRacerWS/install
[1.567s] DEBUG:colcon.colcon_installed_package_information.package_discovery:Found 297 installed packages in /opt/ros/humble
[1.574s] Level 1:colcon.colcon_core.package_discovery:discover_packages(prefix_path) using defaults
[1.758s] Level 5:colcon.colcon_core.verb:set package 'ros2_pca9685' build argument 'cmake_args' from command line to 'None'
[1.758s] Level 5:colcon.colcon_core.verb:set package 'ros2_pca9685' build argument 'cmake_target' from command line to 'None'
[1.758s] Level 5:colcon.colcon_core.verb:set package 'ros2_pca9685' build argument 'cmake_target_skip_unavailable' from command line to 'False'
[1.759s] Level 5:colcon.colcon_core.verb:set package 'ros2_pca9685' build argument 'cmake_clean_cache' from command line to 'False'
[1.759s] Level 5:colcon.colcon_core.verb:set package 'ros2_pca9685' build argument 'cmake_clean_first' from command line to 'False'
[1.759s] Level 5:colcon.colcon_core.verb:set package 'ros2_pca9685' build argument 'cmake_force_configure' from command line to 'False'
[1.759s] Level 5:colcon.colcon_core.verb:set package 'ros2_pca9685' build argument 'ament_cmake_args' from command line to 'None'
[1.759s] Level 5:colcon.colcon_core.verb:set package 'ros2_pca9685' build argument 'catkin_cmake_args' from command line to 'None'
[1.759s] Level 5:colcon.colcon_core.verb:set package 'ros2_pca9685' build argument 'catkin_skip_building_tests' from command line to 'False'
[1.759s] DEBUG:colcon.colcon_core.verb:Building package 'ros2_pca9685' with the following arguments: {'ament_cmake_args': None, 'build_base': '/home/kingpooper/deepRacerWS/build/ros2_pca9685', 'catkin_cmake_args': None, 'catkin_skip_building_tests': False, 'cmake_args': None, 'cmake_clean_cache': False, 'cmake_clean_first': False, 'cmake_force_configure': False, 'cmake_target': None, 'cmake_target_skip_unavailable': False, 'install_base': '/home/kingpooper/deepRacerWS/install/ros2_pca9685', 'merge_install': False, 'path': '/home/kingpooper/deepRacerWS/src/ros2_pca9685', 'symlink_install': False, 'test_result_base': None}
[1.760s] INFO:colcon.colcon_core.executor:Executing jobs using 'parallel' executor
[1.763s] DEBUG:colcon.colcon_parallel_executor.executor.parallel:run_until_complete
[1.764s] INFO:colcon.colcon_ros.task.ament_python.build:Building ROS package in '/home/kingpooper/deepRacerWS/src/ros2_pca9685' with build type 'ament_python'
[1.765s] Level 1:colcon.colcon_core.shell:create_environment_hook('ros2_pca9685', 'ament_prefix_path')
[1.774s] INFO:colcon.colcon_core.plugin_system:Skipping extension 'colcon_core.shell.bat': Not used on non-Windows systems
[1.775s] INFO:colcon.colcon_core.shell:Creating environment hook '/home/kingpooper/deepRacerWS/install/ros2_pca9685/share/ros2_pca9685/hook/ament_prefix_path.ps1'
[1.777s] INFO:colcon.colcon_core.shell:Creating environment descriptor '/home/kingpooper/deepRacerWS/install/ros2_pca9685/share/ros2_pca9685/hook/ament_prefix_path.dsv'
[1.780s] INFO:colcon.colcon_core.shell:Creating environment hook '/home/kingpooper/deepRacerWS/install/ros2_pca9685/share/ros2_pca9685/hook/ament_prefix_path.sh'
[1.783s] INFO:colcon.colcon_core.shell:Skip shell extension 'powershell' for command environment: Not usable outside of PowerShell
[1.784s] DEBUG:colcon.colcon_core.shell:Skip shell extension 'dsv' for command environment
[3.384s] INFO:colcon.colcon_core.task.python.build:Building Python package in '/home/kingpooper/deepRacerWS/src/ros2_pca9685'
[3.385s] INFO:colcon.colcon_core.shell:Skip shell extension 'powershell' for command environment: Not usable outside of PowerShell
[3.385s] DEBUG:colcon.colcon_core.shell:Skip shell extension 'dsv' for command environment
[5.265s] DEBUG:colcon.colcon_core.event_handler.log_command:Invoking command in '/home/kingpooper/deepRacerWS/src/ros2_pca9685': PYTHONPATH=/home/kingpooper/deepRacerWS/build/ros2_pca9685/prefix_override:/usr/lib/python3/dist-packages/colcon_core/task/python/colcon_distutils_commands:/home/kingpooper/deepRacerWS/install/ros2_pca9685/lib/python3.10/site-packages:${PYTHONPATH} /usr/bin/python3 -W ignore:setup.py install is deprecated -W ignore:easy_install command is deprecated setup.py egg_info --egg-base ../../build/ros2_pca9685 build --build-base /home/kingpooper/deepRacerWS/build/ros2_pca9685/build install --record /home/kingpooper/deepRacerWS/build/ros2_pca9685/install.log --install-scripts $base/lib/ros2_pca9685 --single-version-externally-managed install_data
[6.753s] DEBUG:colcon.colcon_core.event_handler.log_command:Invoked command in '/home/kingpooper/deepRacerWS/src/ros2_pca9685' returned '0': PYTHONPATH=/home/kingpooper/deepRacerWS/build/ros2_pca9685/prefix_override:/usr/lib/python3/dist-packages/colcon_core/task/python/colcon_distutils_commands:/home/kingpooper/deepRacerWS/install/ros2_pca9685/lib/python3.10/site-packages:${PYTHONPATH} /usr/bin/python3 -W ignore:setup.py install is deprecated -W ignore:easy_install command is deprecated setup.py egg_info --egg-base ../../build/ros2_pca9685 build --build-base /home/kingpooper/deepRacerWS/build/ros2_pca9685/build install --record /home/kingpooper/deepRacerWS/build/ros2_pca9685/install.log --install-scripts $base/lib/ros2_pca9685 --single-version-externally-managed install_data
[6.765s] Level 1:colcon.colcon_core.environment:checking '/home/kingpooper/deepRacerWS/install/ros2_pca9685' for CMake module files
[6.768s] Level 1:colcon.colcon_core.environment:checking '/home/kingpooper/deepRacerWS/install/ros2_pca9685' for CMake config files
[6.773s] Level 1:colcon.colcon_core.environment:checking '/home/kingpooper/deepRacerWS/install/ros2_pca9685/lib'
[6.774s] Level 1:colcon.colcon_core.environment:checking '/home/kingpooper/deepRacerWS/install/ros2_pca9685/bin'
[6.774s] Level 1:colcon.colcon_core.environment:checking '/home/kingpooper/deepRacerWS/install/ros2_pca9685/lib/pkgconfig/ros2_pca9685.pc'
[6.775s] Level 1:colcon.colcon_core.environment:checking '/home/kingpooper/deepRacerWS/install/ros2_pca9685/lib/python3.10/site-packages'
[6.775s] Level 1:colcon.colcon_core.shell:create_environment_hook('ros2_pca9685', 'pythonpath')
[6.776s] INFO:colcon.colcon_core.shell:Creating environment hook '/home/kingpooper/deepRacerWS/install/ros2_pca9685/share/ros2_pca9685/hook/pythonpath.ps1'
[6.778s] INFO:colcon.colcon_core.shell:Creating environment descriptor '/home/kingpooper/deepRacerWS/install/ros2_pca9685/share/ros2_pca9685/hook/pythonpath.dsv'
[6.780s] INFO:colcon.colcon_core.shell:Creating environment hook '/home/kingpooper/deepRacerWS/install/ros2_pca9685/share/ros2_pca9685/hook/pythonpath.sh'
[6.783s] Level 1:colcon.colcon_core.environment:checking '/home/kingpooper/deepRacerWS/install/ros2_pca9685/bin'
[6.783s] Level 1:colcon.colcon_core.environment:create_environment_scripts_only(ros2_pca9685)
[6.784s] INFO:colcon.colcon_core.shell:Creating package script '/home/kingpooper/deepRacerWS/install/ros2_pca9685/share/ros2_pca9685/package.ps1'
[6.788s] INFO:colcon.colcon_core.shell:Creating package descriptor '/home/kingpooper/deepRacerWS/install/ros2_pca9685/share/ros2_pca9685/package.dsv'
[6.791s] INFO:colcon.colcon_core.shell:Creating package script '/home/kingpooper/deepRacerWS/install/ros2_pca9685/share/ros2_pca9685/package.sh'
[6.794s] INFO:colcon.colcon_core.shell:Creating package script '/home/kingpooper/deepRacerWS/install/ros2_pca9685/share/ros2_pca9685/package.bash'
[6.798s] INFO:colcon.colcon_core.shell:Creating package script '/home/kingpooper/deepRacerWS/install/ros2_pca9685/share/ros2_pca9685/package.zsh'
[6.802s] Level 1:colcon.colcon_core.environment:create_file_with_runtime_dependencies(/home/kingpooper/deepRacerWS/install/ros2_pca9685/share/colcon-core/packages/ros2_pca9685)
[6.803s] DEBUG:colcon.colcon_parallel_executor.executor.parallel:closing loop
[6.804s] DEBUG:colcon.colcon_parallel_executor.executor.parallel:loop closed
[6.804s] DEBUG:colcon.colcon_parallel_executor.executor.parallel:run_until_complete finished with '0'
[6.804s] DEBUG:colcon.colcon_core.event_reactor:joining thread
[6.832s] INFO:colcon.colcon_core.plugin_system:Skipping extension 'colcon_notification.desktop_notification.terminal_notifier': Not used on non-Darwin systems
[6.833s] INFO:colcon.colcon_core.plugin_system:Skipping extension 'colcon_notification.desktop_notification.win32': Not used on non-Windows systems
[6.833s] INFO:colcon.colcon_notification.desktop_notification:Sending desktop notification using 'notify2'
[6.888s] DEBUG:colcon.colcon_core.event_reactor:joined thread
[6.889s] INFO:colcon.colcon_core.shell:Creating prefix script '/home/kingpooper/deepRacerWS/install/local_setup.ps1'
[6.894s] INFO:colcon.colcon_core.shell:Creating prefix util module '/home/kingpooper/deepRacerWS/install/_local_setup_util_ps1.py'
[6.902s] INFO:colcon.colcon_core.shell:Creating prefix chain script '/home/kingpooper/deepRacerWS/install/setup.ps1'
[6.909s] INFO:colcon.colcon_core.shell:Creating prefix script '/home/kingpooper/deepRacerWS/install/local_setup.sh'
[6.913s] INFO:colcon.colcon_core.shell:Creating prefix util module '/home/kingpooper/deepRacerWS/install/_local_setup_util_sh.py'
[6.916s] INFO:colcon.colcon_core.shell:Creating prefix chain script '/home/kingpooper/deepRacerWS/install/setup.sh'
[6.924s] INFO:colcon.colcon_core.shell:Creating prefix script '/home/kingpooper/deepRacerWS/install/local_setup.bash'
[6.927s] INFO:colcon.colcon_core.shell:Creating prefix chain script '/home/kingpooper/deepRacerWS/install/setup.bash'
[6.933s] INFO:colcon.colcon_core.shell:Creating prefix script '/home/kingpooper/deepRacerWS/install/local_setup.zsh'
[6.935s] INFO:colcon.colcon_core.shell:Creating prefix chain script '/home/kingpooper/deepRacerWS/install/setup.zsh'
