[6.963s] Invoking command in '/home/kingpooper/deepRacerWS/src/tape': PYTHONPATH=/home/kingpooper/deepRacerWS/build/tape/prefix_override:/usr/lib/python3/dist-packages/colcon_core/task/python/colcon_distutils_commands:/home/kingpooper/deepRacerWS/install/tape/lib/python3.10/site-packages:${PYTHONPATH} /usr/bin/python3 -W ignore:setup.py install is deprecated -W ignore:easy_install command is deprecated setup.py egg_info --egg-base ../../build/tape build --build-base /home/kingpooper/deepRacerWS/build/tape/build install --record /home/kingpooper/deepRacerWS/build/tape/install.log --single-version-externally-managed install_data
[9.778s] running egg_info
[9.783s] writing ../../build/tape/tape.egg-info/PKG-INFO
[9.784s] writing dependency_links to ../../build/tape/tape.egg-info/dependency_links.txt
[9.786s] writing entry points to ../../build/tape/tape.egg-info/entry_points.txt
[9.788s] writing requirements to ../../build/tape/tape.egg-info/requires.txt
[9.789s] writing top-level names to ../../build/tape/tape.egg-info/top_level.txt
[9.804s] reading manifest file '../../build/tape/tape.egg-info/SOURCES.txt'
[9.806s] adding license file 'LICENSE'
[9.811s] writing manifest file '../../build/tape/tape.egg-info/SOURCES.txt'
[9.813s] running build
[9.814s] running build_py
[9.821s] copying tape/stop_sign.py -> /home/kingpooper/deepRacerWS/build/tape/build/lib/tape
[9.830s] running install
[9.852s] running install_lib
[9.852s] copying /home/kingpooper/deepRacerWS/build/tape/build/lib/tape/stop_sign.py -> /home/kingpooper/deepRacerWS/install/tape/lib/python3.10/site-packages/tape
[9.853s] byte-compiling /home/kingpooper/deepRacerWS/install/tape/lib/python3.10/site-packages/tape/stop_sign.py to stop_sign.cpython-310.pyc
[9.869s] running install_data
[9.870s] running install_egg_info
[9.888s] removing '/home/kingpooper/deepRacerWS/install/tape/lib/python3.10/site-packages/tape-0.0.0-py3.10.egg-info' (and everything under it)
[9.890s] Copying ../../build/tape/tape.egg-info to /home/kingpooper/deepRacerWS/install/tape/lib/python3.10/site-packages/tape-0.0.0-py3.10.egg-info
[9.896s] running install_scripts
[10.052s] Installing image_subscriber script to /home/kingpooper/deepRacerWS/install/tape/lib/tape
[10.054s] Installing james_blue_follower script to /home/kingpooper/deepRacerWS/install/tape/lib/tape
[10.055s] Installing my_blue_tape_follower script to /home/kingpooper/deepRacerWS/install/tape/lib/tape
[10.056s] Installing my_sexy_tape_follower script to /home/kingpooper/deepRacerWS/install/tape/lib/tape
[10.057s] Installing my_tape_follower script to /home/kingpooper/deepRacerWS/install/tape/lib/tape
[10.058s] Installing obs_avoid script to /home/kingpooper/deepRacerWS/install/tape/lib/tape
[10.068s] Installing school_zone script to /home/kingpooper/deepRacerWS/install/tape/lib/tape
[10.069s] Installing shay_blue_follower script to /home/kingpooper/deepRacerWS/install/tape/lib/tape
[10.070s] Installing shaya_blue script to /home/kingpooper/deepRacerWS/install/tape/lib/tape
[10.070s] Installing stop_sign script to /home/kingpooper/deepRacerWS/install/tape/lib/tape
[10.077s] Installing tape_follower script to /home/kingpooper/deepRacerWS/install/tape/lib/tape
[10.078s] Installing tom_blue_tape script to /home/kingpooper/deepRacerWS/install/tape/lib/tape
[10.097s] writing list of installed files to '/home/kingpooper/deepRacerWS/build/tape/install.log'
[10.330s] Invoked command in '/home/kingpooper/deepRacerWS/src/tape' returned '0': PYTHONPATH=/home/kingpooper/deepRacerWS/build/tape/prefix_override:/usr/lib/python3/dist-packages/colcon_core/task/python/colcon_distutils_commands:/home/kingpooper/deepRacerWS/install/tape/lib/python3.10/site-packages:${PYTHONPATH} /usr/bin/python3 -W ignore:setup.py install is deprecated -W ignore:easy_install command is deprecated setup.py egg_info --egg-base ../../build/tape build --build-base /home/kingpooper/deepRacerWS/build/tape/build install --record /home/kingpooper/deepRacerWS/build/tape/install.log --single-version-externally-managed install_data
