[0.259s] Invoking command in '/home/kingpooper/deepRacerWS/build/robot_car': CMAKE_PREFIX_PATH=${CMAKE_PREFIX_PATH}:/home/kingpooper/deepRacerWS/install/tape:/home/kingpooper/deepRacerWS/install/ros2_pca9685:/home/kingpooper/deepRacerWS/install/control:/opt/ros/humble /usr/bin/cmake --build /home/kingpooper/deepRacerWS/build/robot_car -- -j4 -l4
[0.472s] Invoked command in '/home/kingpooper/deepRacerWS/build/robot_car' returned '0': CMAKE_PREFIX_PATH=${CMAKE_PREFIX_PATH}:/home/kingpooper/deepRacerWS/install/tape:/home/kingpooper/deepRacerWS/install/ros2_pca9685:/home/kingpooper/deepRacerWS/install/control:/opt/ros/humble /usr/bin/cmake --build /home/kingpooper/deepRacerWS/build/robot_car -- -j4 -l4
[0.554s] Invoking command in '/home/kingpooper/deepRacerWS/build/robot_car': CMAKE_PREFIX_PATH=${CMAKE_PREFIX_PATH}:/home/kingpooper/deepRacerWS/install/tape:/home/kingpooper/deepRacerWS/install/ros2_pca9685:/home/kingpooper/deepRacerWS/install/control:/opt/ros/humble /usr/bin/cmake --install /home/kingpooper/deepRacerWS/build/robot_car
[0.606s] -- Install configuration: ""
[0.611s] -- Up-to-date: /home/kingpooper/deepRacerWS/install/robot_car/lib/robot_car/bicycle_model_scott.py
[0.613s] -- Up-to-date: /home/kingpooper/deepRacerWS/install/robot_car/lib/robot_car/map_metadata_relay.py
[0.615s] -- Up-to-date: /home/kingpooper/deepRacerWS/install/robot_car/share/robot_car/launch
[0.616s] -- Up-to-date: /home/kingpooper/deepRacerWS/install/robot_car/share/robot_car/launch/display.launch.py
[0.618s] -- Up-to-date: /home/kingpooper/deepRacerWS/install/robot_car/share/robot_car/launch/__pycache__
[0.620s] -- Up-to-date: /home/kingpooper/deepRacerWS/install/robot_car/share/robot_car/launch/__pycache__/display.launch.cpython-310.pyc
[0.627s] -- Up-to-date: /home/kingpooper/deepRacerWS/install/robot_car/share/robot_car/launch/__pycache__/test_localization_launch.cpython-310.pyc
[0.628s] -- Up-to-date: /home/kingpooper/deepRacerWS/install/robot_car/share/robot_car/launch/__pycache__/localization.launch.cpython-310.pyc
[0.629s] -- Up-to-date: /home/kingpooper/deepRacerWS/install/robot_car/share/robot_car/launch/localization.launch.py
[0.631s] -- Up-to-date: /home/kingpooper/deepRacerWS/install/robot_car/share/robot_car/launch/test_localization_launch.py
[0.632s] -- Installing: /home/kingpooper/deepRacerWS/install/robot_car/share/robot_car/launch/map_server_test.py
[0.638s] -- Up-to-date: /home/kingpooper/deepRacerWS/install/robot_car/share/robot_car/urdf
[0.640s] -- Up-to-date: /home/kingpooper/deepRacerWS/install/robot_car/share/robot_car/urdf/description
[0.642s] -- Up-to-date: /home/kingpooper/deepRacerWS/install/robot_car/share/robot_car/urdf/description/robot_car_description.urdf
[0.643s] -- Up-to-date: /home/kingpooper/deepRacerWS/install/robot_car/share/robot_car/config
[0.645s] -- Up-to-date: /home/kingpooper/deepRacerWS/install/robot_car/share/robot_car/config/localization_params.yaml
[0.646s] -- Up-to-date: /home/kingpooper/deepRacerWS/install/robot_car/share/robot_car/config/nav2_params.yaml
[0.648s] -- Up-to-date: /home/kingpooper/deepRacerWS/install/robot_car/share/robot_car/config/mapper_params_online_async.yaml
[0.649s] -- Up-to-date: /home/kingpooper/deepRacerWS/install/robot_car/share/robot_car/rviz
[0.651s] -- Up-to-date: /home/kingpooper/deepRacerWS/install/robot_car/share/robot_car/rviz/config.rviz
[0.653s] -- Up-to-date: /home/kingpooper/deepRacerWS/install/robot_car/share/ament_index/resource_index/package_run_dependencies/robot_car
[0.655s] -- Up-to-date: /home/kingpooper/deepRacerWS/install/robot_car/share/ament_index/resource_index/parent_prefix_path/robot_car
[0.656s] -- Up-to-date: /home/kingpooper/deepRacerWS/install/robot_car/share/robot_car/environment/ament_prefix_path.sh
[0.659s] -- Up-to-date: /home/kingpooper/deepRacerWS/install/robot_car/share/robot_car/environment/ament_prefix_path.dsv
[0.660s] -- Up-to-date: /home/kingpooper/deepRacerWS/install/robot_car/share/robot_car/environment/path.sh
[0.673s] -- Up-to-date: /home/kingpooper/deepRacerWS/install/robot_car/share/robot_car/environment/path.dsv
[0.674s] -- Up-to-date: /home/kingpooper/deepRacerWS/install/robot_car/share/robot_car/local_setup.bash
[0.676s] -- Up-to-date: /home/kingpooper/deepRacerWS/install/robot_car/share/robot_car/local_setup.sh
[0.677s] -- Up-to-date: /home/kingpooper/deepRacerWS/install/robot_car/share/robot_car/local_setup.zsh
[0.706s] -- Up-to-date: /home/kingpooper/deepRacerWS/install/robot_car/share/robot_car/local_setup.dsv
[0.706s] -- Installing: /home/kingpooper/deepRacerWS/install/robot_car/share/robot_car/package.dsv
[0.707s] -- Up-to-date: /home/kingpooper/deepRacerWS/install/robot_car/share/ament_index/resource_index/packages/robot_car
[0.708s] -- Up-to-date: /home/kingpooper/deepRacerWS/install/robot_car/share/robot_car/cmake/robot_carConfig.cmake
[0.709s] -- Up-to-date: /home/kingpooper/deepRacerWS/install/robot_car/share/robot_car/cmake/robot_carConfig-version.cmake
[0.710s] -- Up-to-date: /home/kingpooper/deepRacerWS/install/robot_car/share/robot_car/package.xml
[0.711s] Invoked command in '/home/kingpooper/deepRacerWS/build/robot_car' returned '0': CMAKE_PREFIX_PATH=${CMAKE_PREFIX_PATH}:/home/kingpooper/deepRacerWS/install/tape:/home/kingpooper/deepRacerWS/install/ros2_pca9685:/home/kingpooper/deepRacerWS/install/control:/opt/ros/humble /usr/bin/cmake --install /home/kingpooper/deepRacerWS/build/robot_car
