[4.878s] Invoking command in '/home/kingpooper/deepRacerWS/src/tape': PYTHONPATH=/home/kingpooper/deepRacerWS/build/tape/prefix_override:/usr/lib/python3/dist-packages/colcon_core/task/python/colcon_distutils_commands:/home/kingpooper/deepRacerWS/install/tape/lib/python3.10/site-packages:${PYTHONPATH} /usr/bin/python3 -W ignore:setup.py install is deprecated -W ignore:easy_install command is deprecated setup.py egg_info --egg-base ../../build/tape build --build-base /home/kingpooper/deepRacerWS/build/tape/build install --record /home/kingpooper/deepRacerWS/build/tape/install.log --single-version-externally-managed install_data
[6.611s] running egg_info
[6.614s] writing ../../build/tape/tape.egg-info/PKG-INFO
[6.615s] writing dependency_links to ../../build/tape/tape.egg-info/dependency_links.txt
[6.617s] writing entry points to ../../build/tape/tape.egg-info/entry_points.txt
[6.619s] writing requirements to ../../build/tape/tape.egg-info/requires.txt
[6.620s] writing top-level names to ../../build/tape/tape.egg-info/top_level.txt
[6.629s] reading manifest file '../../build/tape/tape.egg-info/SOURCES.txt'
[6.630s] adding license file 'LICENSE'
[6.634s] writing manifest file '../../build/tape/tape.egg-info/SOURCES.txt'
[6.636s] running build
[6.636s] running build_py
[6.639s] copying tape/stop_sign.py -> /home/kingpooper/deepRacerWS/build/tape/build/lib/tape
[6.642s] running install
[6.645s] running install_lib
[6.653s] copying /home/kingpooper/deepRacerWS/build/tape/build/lib/tape/stop_sign.py -> /home/kingpooper/deepRacerWS/install/tape/lib/python3.10/site-packages/tape
[6.656s] byte-compiling /home/kingpooper/deepRacerWS/install/tape/lib/python3.10/site-packages/tape/stop_sign.py to stop_sign.cpython-310.pyc
[6.663s] running install_data
[6.666s] running install_egg_info
[6.677s] removing '/home/kingpooper/deepRacerWS/install/tape/lib/python3.10/site-packages/tape-0.0.0-py3.10.egg-info' (and everything under it)
[6.678s] Copying ../../build/tape/tape.egg-info to /home/kingpooper/deepRacerWS/install/tape/lib/python3.10/site-packages/tape-0.0.0-py3.10.egg-info
[6.685s] running install_scripts
[6.794s] Installing image_subscriber script to /home/kingpooper/deepRacerWS/install/tape/lib/tape
[6.795s] Installing james_blue_follower script to /home/kingpooper/deepRacerWS/install/tape/lib/tape
[6.799s] Installing my_blue_tape_follower script to /home/kingpooper/deepRacerWS/install/tape/lib/tape
[6.800s] Installing my_sexy_tape_follower script to /home/kingpooper/deepRacerWS/install/tape/lib/tape
[6.801s] Installing my_tape_follower script to /home/kingpooper/deepRacerWS/install/tape/lib/tape
[6.802s] Installing obs_avoid script to /home/kingpooper/deepRacerWS/install/tape/lib/tape
[6.803s] Installing school_zone script to /home/kingpooper/deepRacerWS/install/tape/lib/tape
[6.804s] Installing shay_blue_follower script to /home/kingpooper/deepRacerWS/install/tape/lib/tape
[6.805s] Installing shaya_blue script to /home/kingpooper/deepRacerWS/install/tape/lib/tape
[6.807s] Installing stop_sign script to /home/kingpooper/deepRacerWS/install/tape/lib/tape
[6.808s] Installing tape_follower script to /home/kingpooper/deepRacerWS/install/tape/lib/tape
[6.808s] Installing tom_blue_tape script to /home/kingpooper/deepRacerWS/install/tape/lib/tape
[6.815s] writing list of installed files to '/home/kingpooper/deepRacerWS/build/tape/install.log'
[7.062s] Invoked command in '/home/kingpooper/deepRacerWS/src/tape' returned '0': PYTHONPATH=/home/kingpooper/deepRacerWS/build/tape/prefix_override:/usr/lib/python3/dist-packages/colcon_core/task/python/colcon_distutils_commands:/home/kingpooper/deepRacerWS/install/tape/lib/python3.10/site-packages:${PYTHONPATH} /usr/bin/python3 -W ignore:setup.py install is deprecated -W ignore:easy_install command is deprecated setup.py egg_info --egg-base ../../build/tape build --build-base /home/kingpooper/deepRacerWS/build/tape/build install --record /home/kingpooper/deepRacerWS/build/tape/install.log --single-version-externally-managed install_data
