[1.732s] Invoking command in '/home/kingpooper/deepRacerWS/build/v4l2_camera': CMAKE_PREFIX_PATH=/opt/ros/humble /usr/bin/cmake --build /home/kingpooper/deepRacerWS/build/v4l2_camera -- -j4 -l4
[2.306s] [ 42%] Built target v4l2_camera
[2.499s] [ 71%] Built target v4l2_camera_node
[2.533s] [100%] Built target v4l2_camera_compose_test
[2.578s] Invoked command in '/home/kingpooper/deepRacerWS/build/v4l2_camera' returned '0': CMAKE_PREFIX_PATH=/opt/ros/humble /usr/bin/cmake --build /home/kingpooper/deepRacerWS/build/v4l2_camera -- -j4 -l4
[2.644s] Invoking command in '/home/kingpooper/deepRacerWS/build/v4l2_camera': CMAKE_PREFIX_PATH=/opt/ros/humble /usr/bin/cmake --install /home/kingpooper/deepRacerWS/build/v4l2_camera
[2.680s] -- Install configuration: ""
[2.696s] -- Execute custom install script
[2.696s] -- Up-to-date symlink: /home/kingpooper/deepRacerWS/install/v4l2_camera/include/v4l2_camera/control.hpp
[2.700s] -- Up-to-date symlink: /home/kingpooper/deepRacerWS/install/v4l2_camera/include/v4l2_camera/fourcc.hpp
[2.701s] -- Up-to-date symlink: /home/kingpooper/deepRacerWS/install/v4l2_camera/include/v4l2_camera/image_format.hpp
[2.706s] -- Up-to-date symlink: /home/kingpooper/deepRacerWS/install/v4l2_camera/include/v4l2_camera/pixel_format.hpp
[2.708s] -- Up-to-date symlink: /home/kingpooper/deepRacerWS/install/v4l2_camera/include/v4l2_camera/v4l2_camera.hpp
[2.710s] -- Up-to-date symlink: /home/kingpooper/deepRacerWS/install/v4l2_camera/include/v4l2_camera/v4l2_camera_device.hpp
[2.712s] -- Up-to-date symlink: /home/kingpooper/deepRacerWS/install/v4l2_camera/include/v4l2_camera/visibility_control.h
[2.717s] -- Up-to-date symlink: /home/kingpooper/deepRacerWS/install/v4l2_camera/share/v4l2_camera/environment/library_path.sh
[2.722s] -- Up-to-date symlink: /home/kingpooper/deepRacerWS/install/v4l2_camera/share/v4l2_camera/environment/library_path.dsv
[2.728s] -- Up-to-date symlink: /home/kingpooper/deepRacerWS/install/v4l2_camera/include/v4l2_camera/control.hpp
[2.731s] -- Up-to-date symlink: /home/kingpooper/deepRacerWS/install/v4l2_camera/include/v4l2_camera/fourcc.hpp
[2.734s] -- Up-to-date symlink: /home/kingpooper/deepRacerWS/install/v4l2_camera/include/v4l2_camera/image_format.hpp
[2.741s] -- Up-to-date symlink: /home/kingpooper/deepRacerWS/install/v4l2_camera/include/v4l2_camera/pixel_format.hpp
[2.744s] -- Up-to-date symlink: /home/kingpooper/deepRacerWS/install/v4l2_camera/include/v4l2_camera/v4l2_camera.hpp
[2.745s] -- Up-to-date symlink: /home/kingpooper/deepRacerWS/install/v4l2_camera/include/v4l2_camera/v4l2_camera_device.hpp
[2.746s] -- Up-to-date symlink: /home/kingpooper/deepRacerWS/install/v4l2_camera/include/v4l2_camera/visibility_control.h
[2.748s] -- Up-to-date symlink: /home/kingpooper/deepRacerWS/install/v4l2_camera/share/v4l2_camera/launch/v4l2_camera.launch.py
[2.751s] -- Up-to-date symlink: /home/kingpooper/deepRacerWS/install/v4l2_camera/share/ament_index/resource_index/package_run_dependencies/v4l2_camera
[2.755s] -- Up-to-date symlink: /home/kingpooper/deepRacerWS/install/v4l2_camera/share/ament_index/resource_index/parent_prefix_path/v4l2_camera
[2.757s] -- Up-to-date symlink: /home/kingpooper/deepRacerWS/install/v4l2_camera/share/v4l2_camera/environment/ament_prefix_path.sh
[2.759s] -- Up-to-date symlink: /home/kingpooper/deepRacerWS/install/v4l2_camera/share/v4l2_camera/environment/ament_prefix_path.dsv
[2.761s] -- Up-to-date symlink: /home/kingpooper/deepRacerWS/install/v4l2_camera/share/v4l2_camera/environment/path.sh
[2.764s] -- Up-to-date symlink: /home/kingpooper/deepRacerWS/install/v4l2_camera/share/v4l2_camera/environment/path.dsv
[2.766s] -- Up-to-date symlink: /home/kingpooper/deepRacerWS/install/v4l2_camera/share/v4l2_camera/local_setup.bash
[2.768s] -- Up-to-date symlink: /home/kingpooper/deepRacerWS/install/v4l2_camera/share/v4l2_camera/local_setup.sh
[2.775s] -- Up-to-date symlink: /home/kingpooper/deepRacerWS/install/v4l2_camera/share/v4l2_camera/local_setup.zsh
[2.776s] -- Up-to-date symlink: /home/kingpooper/deepRacerWS/install/v4l2_camera/share/v4l2_camera/local_setup.dsv
[2.779s] -- Symlinking: /home/kingpooper/deepRacerWS/install/v4l2_camera/share/v4l2_camera/package.dsv
[2.830s] -- Up-to-date symlink: /home/kingpooper/deepRacerWS/install/v4l2_camera/share/ament_index/resource_index/packages/v4l2_camera
[2.833s] -- Up-to-date symlink: /home/kingpooper/deepRacerWS/install/v4l2_camera/share/ament_index/resource_index/rclcpp_components/v4l2_camera
[2.838s] -- Up-to-date symlink: /home/kingpooper/deepRacerWS/install/v4l2_camera/share/v4l2_camera/cmake/ament_cmake_export_include_directories-extras.cmake
[2.839s] -- Up-to-date symlink: /home/kingpooper/deepRacerWS/install/v4l2_camera/share/v4l2_camera/cmake/ament_cmake_export_targets-extras.cmake
[2.840s] -- Up-to-date symlink: /home/kingpooper/deepRacerWS/install/v4l2_camera/share/v4l2_camera/cmake/ament_cmake_export_libraries-extras.cmake
[2.841s] -- Up-to-date symlink: /home/kingpooper/deepRacerWS/install/v4l2_camera/share/v4l2_camera/cmake/ament_cmake_export_dependencies-extras.cmake
[2.846s] -- Up-to-date symlink: /home/kingpooper/deepRacerWS/install/v4l2_camera/share/v4l2_camera/cmake/v4l2_cameraConfig.cmake
[2.848s] -- Up-to-date symlink: /home/kingpooper/deepRacerWS/install/v4l2_camera/share/v4l2_camera/cmake/v4l2_cameraConfig-version.cmake
[2.854s] -- Up-to-date symlink: /home/kingpooper/deepRacerWS/install/v4l2_camera/share/v4l2_camera/package.xml
[2.866s] -- Up-to-date: /home/kingpooper/deepRacerWS/install/v4l2_camera/lib/libv4l2_camera.so
[2.881s] -- Up-to-date: /home/kingpooper/deepRacerWS/install/v4l2_camera/lib/v4l2_camera/v4l2_camera_node
[2.884s] -- Up-to-date: /home/kingpooper/deepRacerWS/install/v4l2_camera/lib/v4l2_camera/v4l2_camera_compose_test
[2.897s] -- Up-to-date: /home/kingpooper/deepRacerWS/install/v4l2_camera/share/v4l2_camera/cmake/export_v4l2_cameraExport.cmake
[2.898s] -- Up-to-date: /home/kingpooper/deepRacerWS/install/v4l2_camera/share/v4l2_camera/cmake/export_v4l2_cameraExport-noconfig.cmake
[2.939s] Invoked command in '/home/kingpooper/deepRacerWS/build/v4l2_camera' returned '0': CMAKE_PREFIX_PATH=/opt/ros/humble /usr/bin/cmake --install /home/kingpooper/deepRacerWS/build/v4l2_camera
