[5.347s] Invoking command in '/home/kingpooper/deepRacerWS/src/tape': PYTHONPATH=/home/kingpooper/deepRacerWS/build/tape/prefix_override:/usr/lib/python3/dist-packages/colcon_core/task/python/colcon_distutils_commands:/home/kingpooper/deepRacerWS/install/tape/lib/python3.10/site-packages:${PYTHONPATH} /usr/bin/python3 -W ignore:setup.py install is deprecated -W ignore:easy_install command is deprecated setup.py egg_info --egg-base ../../build/tape build --build-base /home/kingpooper/deepRacerWS/build/tape/build install --record /home/kingpooper/deepRacerWS/build/tape/install.log --single-version-externally-managed install_data
[7.251s] running egg_info
[7.254s] writing ../../build/tape/tape.egg-info/PKG-INFO
[7.260s] writing dependency_links to ../../build/tape/tape.egg-info/dependency_links.txt
[7.261s] writing entry points to ../../build/tape/tape.egg-info/entry_points.txt
[7.262s] writing requirements to ../../build/tape/tape.egg-info/requires.txt
[7.263s] writing top-level names to ../../build/tape/tape.egg-info/top_level.txt
[7.275s] reading manifest file '../../build/tape/tape.egg-info/SOURCES.txt'
[7.277s] adding license file 'LICENSE'
[7.280s] writing manifest file '../../build/tape/tape.egg-info/SOURCES.txt'
[7.282s] running build
[7.282s] running build_py
[7.283s] copying tape/tape_follower.py -> /home/kingpooper/deepRacerWS/build/tape/build/lib/tape
[7.284s] copying tape/my_tape_follower.py -> /home/kingpooper/deepRacerWS/build/tape/build/lib/tape
[7.286s] running install
[7.290s] running install_lib
[7.297s] copying /home/kingpooper/deepRacerWS/build/tape/build/lib/tape/tape_follower.py -> /home/kingpooper/deepRacerWS/install/tape/lib/python3.10/site-packages/tape
[7.299s] copying /home/kingpooper/deepRacerWS/build/tape/build/lib/tape/my_tape_follower.py -> /home/kingpooper/deepRacerWS/install/tape/lib/python3.10/site-packages/tape
[7.302s] byte-compiling /home/kingpooper/deepRacerWS/install/tape/lib/python3.10/site-packages/tape/tape_follower.py to tape_follower.cpython-310.pyc
[7.310s] byte-compiling /home/kingpooper/deepRacerWS/install/tape/lib/python3.10/site-packages/tape/my_tape_follower.py to my_tape_follower.cpython-310.pyc
[7.313s] running install_data
[7.314s] running install_egg_info
[7.328s] removing '/home/kingpooper/deepRacerWS/install/tape/lib/python3.10/site-packages/tape-0.0.0-py3.10.egg-info' (and everything under it)
[7.334s] Copying ../../build/tape/tape.egg-info to /home/kingpooper/deepRacerWS/install/tape/lib/python3.10/site-packages/tape-0.0.0-py3.10.egg-info
[7.347s] running install_scripts
[7.473s] Installing image_subscriber script to /home/kingpooper/deepRacerWS/install/tape/lib/tape
[7.503s] Installing my_tape_follower script to /home/kingpooper/deepRacerWS/install/tape/lib/tape
[7.504s] Installing tape_follower script to /home/kingpooper/deepRacerWS/install/tape/lib/tape
[7.507s] writing list of installed files to '/home/kingpooper/deepRacerWS/build/tape/install.log'
[7.734s] Invoked command in '/home/kingpooper/deepRacerWS/src/tape' returned '0': PYTHONPATH=/home/kingpooper/deepRacerWS/build/tape/prefix_override:/usr/lib/python3/dist-packages/colcon_core/task/python/colcon_distutils_commands:/home/kingpooper/deepRacerWS/install/tape/lib/python3.10/site-packages:${PYTHONPATH} /usr/bin/python3 -W ignore:setup.py install is deprecated -W ignore:easy_install command is deprecated setup.py egg_info --egg-base ../../build/tape build --build-base /home/kingpooper/deepRacerWS/build/tape/build install --record /home/kingpooper/deepRacerWS/build/tape/install.log --single-version-externally-managed install_data
