[5.461s] Invoking command in '/home/kingpooper/deepRacerWS/src/tape': PYTHONPATH=/home/kingpooper/deepRacerWS/build/tape/prefix_override:/usr/lib/python3/dist-packages/colcon_core/task/python/colcon_distutils_commands:/home/kingpooper/deepRacerWS/install/tape/lib/python3.10/site-packages:${PYTHONPATH} /usr/bin/python3 -W ignore:setup.py install is deprecated -W ignore:easy_install command is deprecated setup.py egg_info --egg-base ../../build/tape build --build-base /home/kingpooper/deepRacerWS/build/tape/build install --record /home/kingpooper/deepRacerWS/build/tape/install.log --single-version-externally-managed install_data
[7.568s] running egg_info
[7.576s] writing ../../build/tape/tape.egg-info/PKG-INFO
[7.579s] writing dependency_links to ../../build/tape/tape.egg-info/dependency_links.txt
[7.582s] writing entry points to ../../build/tape/tape.egg-info/entry_points.txt
[7.584s] writing requirements to ../../build/tape/tape.egg-info/requires.txt
[7.585s] writing top-level names to ../../build/tape/tape.egg-info/top_level.txt
[7.602s] reading manifest file '../../build/tape/tape.egg-info/SOURCES.txt'
[7.603s] adding license file 'LICENSE'
[7.607s] writing manifest file '../../build/tape/tape.egg-info/SOURCES.txt'
[7.619s] running build
[7.620s] running build_py
[7.623s] copying tape/shay_blue_follower.py -> /home/kingpooper/deepRacerWS/build/tape/build/lib/tape
[7.636s] running install
[7.645s] running install_lib
[7.650s] copying /home/kingpooper/deepRacerWS/build/tape/build/lib/tape/shay_blue_follower.py -> /home/kingpooper/deepRacerWS/install/tape/lib/python3.10/site-packages/tape
[7.660s] byte-compiling /home/kingpooper/deepRacerWS/install/tape/lib/python3.10/site-packages/tape/shay_blue_follower.py to shay_blue_follower.cpython-310.pyc
[7.670s] running install_data
[7.671s] running install_egg_info
[7.680s] removing '/home/kingpooper/deepRacerWS/install/tape/lib/python3.10/site-packages/tape-0.0.0-py3.10.egg-info' (and everything under it)
[7.683s] Copying ../../build/tape/tape.egg-info to /home/kingpooper/deepRacerWS/install/tape/lib/python3.10/site-packages/tape-0.0.0-py3.10.egg-info
[7.692s] running install_scripts
[7.798s] Installing image_subscriber script to /home/kingpooper/deepRacerWS/install/tape/lib/tape
[7.803s] Installing james_blue_follower script to /home/kingpooper/deepRacerWS/install/tape/lib/tape
[7.804s] Installing my_blue_tape_follower script to /home/kingpooper/deepRacerWS/install/tape/lib/tape
[7.805s] Installing my_sexy_tape_follower script to /home/kingpooper/deepRacerWS/install/tape/lib/tape
[7.805s] Installing my_tape_follower script to /home/kingpooper/deepRacerWS/install/tape/lib/tape
[7.806s] Installing obs_avoid script to /home/kingpooper/deepRacerWS/install/tape/lib/tape
[7.807s] Installing school_zone script to /home/kingpooper/deepRacerWS/install/tape/lib/tape
[7.808s] Installing shay_blue_follower script to /home/kingpooper/deepRacerWS/install/tape/lib/tape
[7.810s] Installing shaya_blue script to /home/kingpooper/deepRacerWS/install/tape/lib/tape
[7.810s] Installing stop_sign script to /home/kingpooper/deepRacerWS/install/tape/lib/tape
[7.811s] Installing tape_follower script to /home/kingpooper/deepRacerWS/install/tape/lib/tape
[7.821s] Installing tom_blue_tape script to /home/kingpooper/deepRacerWS/install/tape/lib/tape
[7.888s] writing list of installed files to '/home/kingpooper/deepRacerWS/build/tape/install.log'
[8.052s] Invoked command in '/home/kingpooper/deepRacerWS/src/tape' returned '0': PYTHONPATH=/home/kingpooper/deepRacerWS/build/tape/prefix_override:/usr/lib/python3/dist-packages/colcon_core/task/python/colcon_distutils_commands:/home/kingpooper/deepRacerWS/install/tape/lib/python3.10/site-packages:${PYTHONPATH} /usr/bin/python3 -W ignore:setup.py install is deprecated -W ignore:easy_install command is deprecated setup.py egg_info --egg-base ../../build/tape build --build-base /home/kingpooper/deepRacerWS/build/tape/build install --record /home/kingpooper/deepRacerWS/build/tape/install.log --single-version-externally-managed install_data
