[6.502s] Invoking command in '/home/kingpooper/deepRacerWS/src/tape': PYTHONPATH=/home/kingpooper/deepRacerWS/build/tape/prefix_override:/usr/lib/python3/dist-packages/colcon_core/task/python/colcon_distutils_commands:/home/kingpooper/deepRacerWS/install/tape/lib/python3.10/site-packages:${PYTHONPATH} /usr/bin/python3 -W ignore:setup.py install is deprecated -W ignore:easy_install command is deprecated setup.py egg_info --egg-base ../../build/tape build --build-base /home/kingpooper/deepRacerWS/build/tape/build install --record /home/kingpooper/deepRacerWS/build/tape/install.log --single-version-externally-managed install_data
[9.429s] running egg_info
[9.435s] writing ../../build/tape/tape.egg-info/PKG-INFO
[9.438s] writing dependency_links to ../../build/tape/tape.egg-info/dependency_links.txt
[9.442s] writing entry points to ../../build/tape/tape.egg-info/entry_points.txt
[9.444s] writing requirements to ../../build/tape/tape.egg-info/requires.txt
[9.445s] writing top-level names to ../../build/tape/tape.egg-info/top_level.txt
[9.460s] reading manifest file '../../build/tape/tape.egg-info/SOURCES.txt'
[9.469s] adding license file 'LICENSE'
[9.476s] writing manifest file '../../build/tape/tape.egg-info/SOURCES.txt'
[9.479s] running build
[9.481s] running build_py
[9.484s] copying tape/shay_blue_follower.py -> /home/kingpooper/deepRacerWS/build/tape/build/lib/tape
[9.496s] running install
[9.498s] running install_lib
[9.511s] copying /home/kingpooper/deepRacerWS/build/tape/build/lib/tape/shay_blue_follower.py -> /home/kingpooper/deepRacerWS/install/tape/lib/python3.10/site-packages/tape
[9.519s] byte-compiling /home/kingpooper/deepRacerWS/install/tape/lib/python3.10/site-packages/tape/shay_blue_follower.py to shay_blue_follower.cpython-310.pyc
[9.529s] running install_data
[9.530s] running install_egg_info
[9.544s] removing '/home/kingpooper/deepRacerWS/install/tape/lib/python3.10/site-packages/tape-0.0.0-py3.10.egg-info' (and everything under it)
[9.547s] Copying ../../build/tape/tape.egg-info to /home/kingpooper/deepRacerWS/install/tape/lib/python3.10/site-packages/tape-0.0.0-py3.10.egg-info
[9.561s] running install_scripts
[9.724s] Installing image_subscriber script to /home/kingpooper/deepRacerWS/install/tape/lib/tape
[9.725s] Installing james_blue_follower script to /home/kingpooper/deepRacerWS/install/tape/lib/tape
[9.727s] Installing my_blue_tape_follower script to /home/kingpooper/deepRacerWS/install/tape/lib/tape
[9.728s] Installing my_sexy_tape_follower script to /home/kingpooper/deepRacerWS/install/tape/lib/tape
[9.729s] Installing my_tape_follower script to /home/kingpooper/deepRacerWS/install/tape/lib/tape
[9.732s] Installing obs_avoid script to /home/kingpooper/deepRacerWS/install/tape/lib/tape
[9.734s] Installing school_zone script to /home/kingpooper/deepRacerWS/install/tape/lib/tape
[9.736s] Installing shay_blue_follower script to /home/kingpooper/deepRacerWS/install/tape/lib/tape
[9.738s] Installing shaya_blue script to /home/kingpooper/deepRacerWS/install/tape/lib/tape
[9.741s] Installing stop_sign script to /home/kingpooper/deepRacerWS/install/tape/lib/tape
[9.751s] Installing tape_follower script to /home/kingpooper/deepRacerWS/install/tape/lib/tape
[9.752s] Installing tom_blue_tape script to /home/kingpooper/deepRacerWS/install/tape/lib/tape
[9.754s] writing list of installed files to '/home/kingpooper/deepRacerWS/build/tape/install.log'
[9.928s] Invoked command in '/home/kingpooper/deepRacerWS/src/tape' returned '0': PYTHONPATH=/home/kingpooper/deepRacerWS/build/tape/prefix_override:/usr/lib/python3/dist-packages/colcon_core/task/python/colcon_distutils_commands:/home/kingpooper/deepRacerWS/install/tape/lib/python3.10/site-packages:${PYTHONPATH} /usr/bin/python3 -W ignore:setup.py install is deprecated -W ignore:easy_install command is deprecated setup.py egg_info --egg-base ../../build/tape build --build-base /home/kingpooper/deepRacerWS/build/tape/build install --record /home/kingpooper/deepRacerWS/build/tape/install.log --single-version-externally-managed install_data
