[4.421s] Invoking command in '/home/kingpooper/deepRacerWS/src/tape': PYTHONPATH=/home/kingpooper/deepRacerWS/build/tape/prefix_override:/usr/lib/python3/dist-packages/colcon_core/task/python/colcon_distutils_commands:/home/kingpooper/deepRacerWS/install/tape/lib/python3.10/site-packages:${PYTHONPATH} /usr/bin/python3 -W ignore:setup.py install is deprecated -W ignore:easy_install command is deprecated setup.py egg_info --egg-base ../../build/tape build --build-base /home/kingpooper/deepRacerWS/build/tape/build install --record /home/kingpooper/deepRacerWS/build/tape/install.log --single-version-externally-managed install_data
[6.072s] running egg_info
[6.075s] writing ../../build/tape/tape.egg-info/PKG-INFO
[6.076s] writing dependency_links to ../../build/tape/tape.egg-info/dependency_links.txt
[6.077s] writing entry points to ../../build/tape/tape.egg-info/entry_points.txt
[6.080s] writing requirements to ../../build/tape/tape.egg-info/requires.txt
[6.081s] writing top-level names to ../../build/tape/tape.egg-info/top_level.txt
[6.088s] reading manifest file '../../build/tape/tape.egg-info/SOURCES.txt'
[6.090s] adding license file 'LICENSE'
[6.093s] writing manifest file '../../build/tape/tape.egg-info/SOURCES.txt'
[6.097s] running build
[6.098s] running build_py
[6.098s] copying tape/my_sexy_tape_follower.py -> /home/kingpooper/deepRacerWS/build/tape/build/lib/tape
[6.101s] running install
[6.102s] running install_lib
[6.105s] copying /home/kingpooper/deepRacerWS/build/tape/build/lib/tape/my_sexy_tape_follower.py -> /home/kingpooper/deepRacerWS/install/tape/lib/python3.10/site-packages/tape
[6.110s] byte-compiling /home/kingpooper/deepRacerWS/install/tape/lib/python3.10/site-packages/tape/my_sexy_tape_follower.py to my_sexy_tape_follower.cpython-310.pyc
[6.115s] running install_data
[6.116s] running install_egg_info
[6.126s] removing '/home/kingpooper/deepRacerWS/install/tape/lib/python3.10/site-packages/tape-0.0.0-py3.10.egg-info' (and everything under it)
[6.133s] Copying ../../build/tape/tape.egg-info to /home/kingpooper/deepRacerWS/install/tape/lib/python3.10/site-packages/tape-0.0.0-py3.10.egg-info
[6.138s] running install_scripts
[6.257s] Installing image_subscriber script to /home/kingpooper/deepRacerWS/install/tape/lib/tape
[6.270s] Installing my_sexy_tape_follower script to /home/kingpooper/deepRacerWS/install/tape/lib/tape
[6.277s] Installing my_tape_follower script to /home/kingpooper/deepRacerWS/install/tape/lib/tape
[6.279s] Installing tape_follower script to /home/kingpooper/deepRacerWS/install/tape/lib/tape
[6.281s] writing list of installed files to '/home/kingpooper/deepRacerWS/build/tape/install.log'
[6.445s] Invoked command in '/home/kingpooper/deepRacerWS/src/tape' returned '0': PYTHONPATH=/home/kingpooper/deepRacerWS/build/tape/prefix_override:/usr/lib/python3/dist-packages/colcon_core/task/python/colcon_distutils_commands:/home/kingpooper/deepRacerWS/install/tape/lib/python3.10/site-packages:${PYTHONPATH} /usr/bin/python3 -W ignore:setup.py install is deprecated -W ignore:easy_install command is deprecated setup.py egg_info --egg-base ../../build/tape build --build-base /home/kingpooper/deepRacerWS/build/tape/build install --record /home/kingpooper/deepRacerWS/build/tape/install.log --single-version-externally-managed install_data
