[6.942s] Invoking command in '/home/kingpooper/deepRacerWS/src/tape': PYTHONPATH=/home/kingpooper/deepRacerWS/build/tape/prefix_override:/usr/lib/python3/dist-packages/colcon_core/task/python/colcon_distutils_commands:/home/kingpooper/deepRacerWS/install/tape/lib/python3.10/site-packages:${PYTHONPATH} /usr/bin/python3 -W ignore:setup.py install is deprecated -W ignore:easy_install command is deprecated setup.py egg_info --egg-base ../../build/tape build --build-base /home/kingpooper/deepRacerWS/build/tape/build install --record /home/kingpooper/deepRacerWS/build/tape/install.log --single-version-externally-managed install_data
[9.373s] running egg_info
[9.377s] writing ../../build/tape/tape.egg-info/PKG-INFO
[9.384s] writing dependency_links to ../../build/tape/tape.egg-info/dependency_links.txt
[9.386s] writing entry points to ../../build/tape/tape.egg-info/entry_points.txt
[9.387s] writing requirements to ../../build/tape/tape.egg-info/requires.txt
[9.388s] writing top-level names to ../../build/tape/tape.egg-info/top_level.txt
[9.405s] reading manifest file '../../build/tape/tape.egg-info/SOURCES.txt'
[9.412s] adding license file 'LICENSE'
[9.418s] writing manifest file '../../build/tape/tape.egg-info/SOURCES.txt'
[9.419s] running build
[9.421s] running build_py
[9.422s] copying tape/james_blue_follower.py -> /home/kingpooper/deepRacerWS/build/tape/build/lib/tape
[9.428s] copying tape/james_blue_follower copy.py -> /home/kingpooper/deepRacerWS/build/tape/build/lib/tape
[9.435s] running install
[9.439s] running install_lib
[9.447s] copying /home/kingpooper/deepRacerWS/build/tape/build/lib/tape/james_blue_follower.py -> /home/kingpooper/deepRacerWS/install/tape/lib/python3.10/site-packages/tape
[9.456s] copying /home/kingpooper/deepRacerWS/build/tape/build/lib/tape/james_blue_follower copy.py -> /home/kingpooper/deepRacerWS/install/tape/lib/python3.10/site-packages/tape
[9.465s] byte-compiling /home/kingpooper/deepRacerWS/install/tape/lib/python3.10/site-packages/tape/james_blue_follower.py to james_blue_follower.cpython-310.pyc
[9.469s] byte-compiling /home/kingpooper/deepRacerWS/install/tape/lib/python3.10/site-packages/tape/tape_follower.py to tape_follower.cpython-310.pyc
[9.473s] Sorry: IndentationError: expected an indented block after function definition on line 131 (tape_follower.py, line 134)
[9.474s] byte-compiling /home/kingpooper/deepRacerWS/install/tape/lib/python3.10/site-packages/tape/james_blue_follower copy.py to james_blue_follower copy.cpython-310.pyc
[9.478s] running install_data
[9.479s] running install_egg_info
[9.489s] removing '/home/kingpooper/deepRacerWS/install/tape/lib/python3.10/site-packages/tape-0.0.0-py3.10.egg-info' (and everything under it)
[9.494s] Copying ../../build/tape/tape.egg-info to /home/kingpooper/deepRacerWS/install/tape/lib/python3.10/site-packages/tape-0.0.0-py3.10.egg-info
[9.504s] running install_scripts
[9.629s] Installing image_subscriber script to /home/kingpooper/deepRacerWS/install/tape/lib/tape
[9.630s] Installing james_blue_follower script to /home/kingpooper/deepRacerWS/install/tape/lib/tape
[9.631s] Installing my_blue_tape_follower script to /home/kingpooper/deepRacerWS/install/tape/lib/tape
[9.632s] Installing my_sexy_tape_follower script to /home/kingpooper/deepRacerWS/install/tape/lib/tape
[9.633s] Installing my_tape_follower script to /home/kingpooper/deepRacerWS/install/tape/lib/tape
[9.635s] Installing obs_avoid script to /home/kingpooper/deepRacerWS/install/tape/lib/tape
[9.639s] Installing school_zone script to /home/kingpooper/deepRacerWS/install/tape/lib/tape
[9.642s] Installing shaya_blue script to /home/kingpooper/deepRacerWS/install/tape/lib/tape
[9.646s] Installing stop_sign script to /home/kingpooper/deepRacerWS/install/tape/lib/tape
[9.651s] Installing tape_follower script to /home/kingpooper/deepRacerWS/install/tape/lib/tape
[9.656s] Installing tom_blue_tape script to /home/kingpooper/deepRacerWS/install/tape/lib/tape
[9.665s] writing list of installed files to '/home/kingpooper/deepRacerWS/build/tape/install.log'
[9.842s] Invoked command in '/home/kingpooper/deepRacerWS/src/tape' returned '0': PYTHONPATH=/home/kingpooper/deepRacerWS/build/tape/prefix_override:/usr/lib/python3/dist-packages/colcon_core/task/python/colcon_distutils_commands:/home/kingpooper/deepRacerWS/install/tape/lib/python3.10/site-packages:${PYTHONPATH} /usr/bin/python3 -W ignore:setup.py install is deprecated -W ignore:easy_install command is deprecated setup.py egg_info --egg-base ../../build/tape build --build-base /home/kingpooper/deepRacerWS/build/tape/build install --record /home/kingpooper/deepRacerWS/build/tape/install.log --single-version-externally-managed install_data
