[4.316s] Invoking command in '/home/kingpooper/deepRacerWS/src/tape': PYTHONPATH=/home/kingpooper/deepRacerWS/build/tape/prefix_override:/usr/lib/python3/dist-packages/colcon_core/task/python/colcon_distutils_commands:/home/kingpooper/deepRacerWS/install/tape/lib/python3.10/site-packages:${PYTHONPATH} /usr/bin/python3 -W ignore:setup.py install is deprecated -W ignore:easy_install command is deprecated setup.py egg_info --egg-base ../../build/tape build --build-base /home/kingpooper/deepRacerWS/build/tape/build install --record /home/kingpooper/deepRacerWS/build/tape/install.log --single-version-externally-managed install_data
[6.371s] running egg_info
[6.375s] writing ../../build/tape/tape.egg-info/PKG-INFO
[6.379s] writing dependency_links to ../../build/tape/tape.egg-info/dependency_links.txt
[6.380s] writing entry points to ../../build/tape/tape.egg-info/entry_points.txt
[6.381s] writing requirements to ../../build/tape/tape.egg-info/requires.txt
[6.381s] writing top-level names to ../../build/tape/tape.egg-info/top_level.txt
[6.393s] reading manifest file '../../build/tape/tape.egg-info/SOURCES.txt'
[6.396s] adding license file 'LICENSE'
[6.401s] writing manifest file '../../build/tape/tape.egg-info/SOURCES.txt'
[6.401s] running build
[6.402s] running build_py
[6.402s] copying tape/james_blue_follower.py -> /home/kingpooper/deepRacerWS/build/tape/build/lib/tape
[6.405s] copying tape/shaya_blue.py -> /home/kingpooper/deepRacerWS/build/tape/build/lib/tape
[6.409s] running install
[6.412s] running install_lib
[6.416s] copying /home/kingpooper/deepRacerWS/build/tape/build/lib/tape/james_blue_follower.py -> /home/kingpooper/deepRacerWS/install/tape/lib/python3.10/site-packages/tape
[6.419s] copying /home/kingpooper/deepRacerWS/build/tape/build/lib/tape/shaya_blue.py -> /home/kingpooper/deepRacerWS/install/tape/lib/python3.10/site-packages/tape
[6.424s] byte-compiling /home/kingpooper/deepRacerWS/install/tape/lib/python3.10/site-packages/tape/james_blue_follower.py to james_blue_follower.cpython-310.pyc
[6.431s] byte-compiling /home/kingpooper/deepRacerWS/install/tape/lib/python3.10/site-packages/tape/shaya_blue.py to shaya_blue.cpython-310.pyc
[6.435s] running install_data
[6.436s] running install_egg_info
[6.448s] removing '/home/kingpooper/deepRacerWS/install/tape/lib/python3.10/site-packages/tape-0.0.0-py3.10.egg-info' (and everything under it)
[6.450s] Copying ../../build/tape/tape.egg-info to /home/kingpooper/deepRacerWS/install/tape/lib/python3.10/site-packages/tape-0.0.0-py3.10.egg-info
[6.459s] running install_scripts
[6.580s] Installing image_subscriber script to /home/kingpooper/deepRacerWS/install/tape/lib/tape
[6.581s] Installing james_blue_follower script to /home/kingpooper/deepRacerWS/install/tape/lib/tape
[6.585s] Installing my_blue_tape_follower script to /home/kingpooper/deepRacerWS/install/tape/lib/tape
[6.585s] Installing my_sexy_tape_follower script to /home/kingpooper/deepRacerWS/install/tape/lib/tape
[6.586s] Installing my_tape_follower script to /home/kingpooper/deepRacerWS/install/tape/lib/tape
[6.587s] Installing obs_avoid script to /home/kingpooper/deepRacerWS/install/tape/lib/tape
[6.588s] Installing school_zone script to /home/kingpooper/deepRacerWS/install/tape/lib/tape
[6.589s] Installing shaya_blue script to /home/kingpooper/deepRacerWS/install/tape/lib/tape
[6.589s] Installing stop_sign script to /home/kingpooper/deepRacerWS/install/tape/lib/tape
[6.590s] Installing tape_follower script to /home/kingpooper/deepRacerWS/install/tape/lib/tape
[6.591s] Installing tom_blue_tape script to /home/kingpooper/deepRacerWS/install/tape/lib/tape
[6.602s] writing list of installed files to '/home/kingpooper/deepRacerWS/build/tape/install.log'
[6.806s] Invoked command in '/home/kingpooper/deepRacerWS/src/tape' returned '0': PYTHONPATH=/home/kingpooper/deepRacerWS/build/tape/prefix_override:/usr/lib/python3/dist-packages/colcon_core/task/python/colcon_distutils_commands:/home/kingpooper/deepRacerWS/install/tape/lib/python3.10/site-packages:${PYTHONPATH} /usr/bin/python3 -W ignore:setup.py install is deprecated -W ignore:easy_install command is deprecated setup.py egg_info --egg-base ../../build/tape build --build-base /home/kingpooper/deepRacerWS/build/tape/build install --record /home/kingpooper/deepRacerWS/build/tape/install.log --single-version-externally-managed install_data
