[6.477s] Invoking command in '/home/kingpooper/deepRacerWS/src/tape': PYTHONPATH=/home/kingpooper/deepRacerWS/build/tape/prefix_override:/usr/lib/python3/dist-packages/colcon_core/task/python/colcon_distutils_commands:/home/kingpooper/deepRacerWS/install/tape/lib/python3.10/site-packages:${PYTHONPATH} /usr/bin/python3 -W ignore:setup.py install is deprecated -W ignore:easy_install command is deprecated setup.py egg_info --egg-base ../../build/tape build --build-base /home/kingpooper/deepRacerWS/build/tape/build install --record /home/kingpooper/deepRacerWS/build/tape/install.log --single-version-externally-managed install_data
[8.865s] running egg_info
[8.869s] writing ../../build/tape/tape.egg-info/PKG-INFO
[8.872s] writing dependency_links to ../../build/tape/tape.egg-info/dependency_links.txt
[8.875s] writing entry points to ../../build/tape/tape.egg-info/entry_points.txt
[8.876s] writing requirements to ../../build/tape/tape.egg-info/requires.txt
[8.877s] writing top-level names to ../../build/tape/tape.egg-info/top_level.txt
[8.898s] reading manifest file '../../build/tape/tape.egg-info/SOURCES.txt'
[8.900s] adding license file 'LICENSE'
[8.903s] writing manifest file '../../build/tape/tape.egg-info/SOURCES.txt'
[8.904s] running build
[8.904s] running build_py
[8.907s] copying tape/stop_sign.py -> /home/kingpooper/deepRacerWS/build/tape/build/lib/tape
[8.913s] running install
[8.915s] running install_lib
[8.918s] copying /home/kingpooper/deepRacerWS/build/tape/build/lib/tape/stop_sign.py -> /home/kingpooper/deepRacerWS/install/tape/lib/python3.10/site-packages/tape
[8.927s] byte-compiling /home/kingpooper/deepRacerWS/install/tape/lib/python3.10/site-packages/tape/stop_sign.py to stop_sign.cpython-310.pyc
[8.930s] running install_data
[8.932s] running install_egg_info
[8.940s] removing '/home/kingpooper/deepRacerWS/install/tape/lib/python3.10/site-packages/tape-0.0.0-py3.10.egg-info' (and everything under it)
[8.946s] Copying ../../build/tape/tape.egg-info to /home/kingpooper/deepRacerWS/install/tape/lib/python3.10/site-packages/tape-0.0.0-py3.10.egg-info
[8.949s] running install_scripts
[9.071s] Installing image_subscriber script to /home/kingpooper/deepRacerWS/install/tape/lib/tape
[9.073s] Installing james_blue_follower script to /home/kingpooper/deepRacerWS/install/tape/lib/tape
[9.078s] Installing my_blue_tape_follower script to /home/kingpooper/deepRacerWS/install/tape/lib/tape
[9.080s] Installing my_sexy_tape_follower script to /home/kingpooper/deepRacerWS/install/tape/lib/tape
[9.083s] Installing my_tape_follower script to /home/kingpooper/deepRacerWS/install/tape/lib/tape
[9.084s] Installing obs_avoid script to /home/kingpooper/deepRacerWS/install/tape/lib/tape
[9.088s] Installing school_zone script to /home/kingpooper/deepRacerWS/install/tape/lib/tape
[9.095s] Installing shay_blue_follower script to /home/kingpooper/deepRacerWS/install/tape/lib/tape
[9.097s] Installing shaya_blue script to /home/kingpooper/deepRacerWS/install/tape/lib/tape
[9.098s] Installing stop_sign script to /home/kingpooper/deepRacerWS/install/tape/lib/tape
[9.102s] Installing tape_follower script to /home/kingpooper/deepRacerWS/install/tape/lib/tape
[9.106s] Installing tom_blue_tape script to /home/kingpooper/deepRacerWS/install/tape/lib/tape
[9.110s] writing list of installed files to '/home/kingpooper/deepRacerWS/build/tape/install.log'
[9.331s] Invoked command in '/home/kingpooper/deepRacerWS/src/tape' returned '0': PYTHONPATH=/home/kingpooper/deepRacerWS/build/tape/prefix_override:/usr/lib/python3/dist-packages/colcon_core/task/python/colcon_distutils_commands:/home/kingpooper/deepRacerWS/install/tape/lib/python3.10/site-packages:${PYTHONPATH} /usr/bin/python3 -W ignore:setup.py install is deprecated -W ignore:easy_install command is deprecated setup.py egg_info --egg-base ../../build/tape build --build-base /home/kingpooper/deepRacerWS/build/tape/build install --record /home/kingpooper/deepRacerWS/build/tape/install.log --single-version-externally-managed install_data
