[2.851s] Invoking command in '/home/kingpooper/deepRacerWS/build/slam_toolbox': CMAKE_PREFIX_PATH=${CMAKE_PREFIX_PATH}:/home/kingpooper/deepRacerWS/install/tape:/home/kingpooper/deepRacerWS/install/ros2_pca9685:/home/kingpooper/deepRacerWS/install/control:/opt/ros/humble /usr/bin/cmake /home/kingpooper/deepRacerWS/src/slam_toolbox -DCMAKE_INSTALL_PREFIX=/home/kingpooper/deepRacerWS/install/slam_toolbox
[3.650s] -- The C compiler identification is GNU 11.4.0
[4.521s] -- The CXX compiler identification is GNU 11.4.0
[4.589s] -- Detecting C compiler ABI info
[5.055s] -- Detecting C compiler ABI info - done
[5.109s] -- Check for working C compiler: /usr/bin/cc - skipped
[5.120s] -- Detecting C compile features
[5.128s] -- Detecting C compile features - done
[5.220s] -- Detecting CXX compiler ABI info
[6.037s] -- Detecting CXX compiler ABI info - done
[6.066s] -- Check for working CXX compiler: /usr/bin/c++ - skipped
[6.068s] -- Detecting CXX compile features
[6.070s] -- Detecting CXX compile features - done
[6.117s] -- Found ament_cmake: 1.3.11 (/opt/ros/humble/share/ament_cmake/cmake)
[8.000s] -- Found Python3: /usr/bin/python3 (found version "3.10.12") found components: Interpreter 
[10.250s] -- Found message_filters: 4.3.5 (/opt/ros/humble/share/message_filters/cmake)
[11.405s] -- Found rosidl_generator_c: 3.1.6 (/opt/ros/humble/share/rosidl_generator_c/cmake)
[11.530s] -- Found rosidl_adapter: 3.1.6 (/opt/ros/humble/share/rosidl_adapter/cmake)
[11.729s] -- Found rosidl_generator_cpp: 3.1.6 (/opt/ros/humble/share/rosidl_generator_cpp/cmake)
[11.866s] -- Using all available rosidl_typesupport_c: rosidl_typesupport_fastrtps_c;rosidl_typesupport_introspection_c
[12.067s] -- Using all available rosidl_typesupport_cpp: rosidl_typesupport_fastrtps_cpp;rosidl_typesupport_introspection_cpp
[12.635s] -- Found rmw_implementation_cmake: 6.1.2 (/opt/ros/humble/share/rmw_implementation_cmake/cmake)
[12.694s] -- Found rmw_fastrtps_cpp: 6.2.7 (/opt/ros/humble/share/rmw_fastrtps_cpp/cmake)
[13.563s] -- Found OpenSSL: /usr/lib/aarch64-linux-gnu/libcrypto.so (found version "3.0.2")  
[13.871s] -- Found FastRTPS: /opt/ros/humble/include  
[14.352s] -- Using RMW implementation 'rmw_fastrtps_cpp' as default
[14.478s] -- Looking for pthread.h
[14.877s] -- Looking for pthread.h - found
[14.879s] -- Performing Test CMAKE_HAVE_LIBC_PTHREAD
[15.256s] -- Performing Test CMAKE_HAVE_LIBC_PTHREAD - Success
[15.260s] -- Found Threads: TRUE  
[15.695s] -- Found nav_msgs: 4.2.4 (/opt/ros/humble/share/nav_msgs/cmake)
[16.124s] -- Found sensor_msgs: 4.2.4 (/opt/ros/humble/share/sensor_msgs/cmake)
[16.289s] -- Found tf2: 0.25.12 (/opt/ros/humble/share/tf2/cmake)
[16.462s] -- Found tf2_ros: 0.25.12 (/opt/ros/humble/share/tf2_ros/cmake)
[17.220s] -- Found visualization_msgs: 4.2.4 (/opt/ros/humble/share/visualization_msgs/cmake)
[17.368s] -- Found pluginlib: 5.1.0 (/opt/ros/humble/share/pluginlib/cmake)
[17.658s] -- Found tf2_geometry_msgs: 0.25.12 (/opt/ros/humble/share/tf2_geometry_msgs/cmake)
[17.924s] -- Found eigen3_cmake_module: 0.1.1 (/opt/ros/humble/share/eigen3_cmake_module/cmake)
[17.932s] -- Found Eigen3: TRUE (found version "3.4.0") 
[17.932s] -- Ensuring Eigen3 include directory is part of orocos-kdl CMake target
[17.970s] -- Found tf2_sensor_msgs: 0.25.12 (/opt/ros/humble/share/tf2_sensor_msgs/cmake)
[18.019s] -- Found std_srvs: 4.2.4 (/opt/ros/humble/share/std_srvs/cmake)
[18.102s] -- Found rosidl_default_generators: 1.2.0 (/opt/ros/humble/share/rosidl_default_generators/cmake)
[18.209s] -- Found lifecycle_msgs: 1.2.1 (/opt/ros/humble/share/lifecycle_msgs/cmake)
[18.357s] -- Found bondcpp: 4.1.2 (/opt/ros/humble/share/bondcpp/cmake)
[18.687s] -- Found rviz_common: 11.2.16 (/opt/ros/humble/share/rviz_common/cmake)
[18.985s] -- Setting assimp_DIR to: '/opt/ros/humble/share/rviz_assimp_vendor/cmake/../../../opt/rviz_assimp_vendor/lib/cmake/assimp-4.1'
[19.117s] -- Setting OGRE_DIR to: '/opt/ros/humble/share/rviz_ogre_vendor/cmake/../../../opt/rviz_ogre_vendor/lib/OGRE/cmake'
[19.130s] -- Found OGRE
[19.131s] --   static     : OFF
[19.132s] --   components : HLMS;MeshLodGenerator;Overlay;Paging;Property;RTShaderSystem;Terrain;Volume
[19.132s] --   plugins    : Plugin_BSPSceneManager;Plugin_OctreeSceneManager;Plugin_PCZSceneManager;Plugin_ParticleFX;RenderSystem_GL;RenderSystem_GL3Plus;Codec_STBI
[19.133s] --   media      : /opt/ros/humble/opt/rviz_ogre_vendor/share/OGRE/Media
[19.134s] -- OGRE_LIBRARIES: OgreHLMS;OgreMeshLodGenerator;OgreOverlay;OgrePaging;OgreProperty;OgreRTShaderSystem;OgreTerrain;OgreVolume;OgreMain
[19.134s] -- OGRE_LIBRARY_DIRS: /opt/ros/humble/opt/rviz_ogre_vendor/lib
[19.135s] -- OGRE_PLUGINS: Plugin_BSPSceneManager;Plugin_OctreeSceneManager;Plugin_PCZSceneManager;Plugin_ParticleFX;RenderSystem_GL;RenderSystem_GL3Plus;Codec_STBI
[19.135s] -- OGRE_PLUGIN_DIR: /opt/ros/humble/opt/rviz_ogre_vendor/lib/OGRE
[19.135s] -- rviz_ogre_vendor::OgreOverlay for IMPORTED_LOCATION_RELEASE: /opt/ros/humble/opt/rviz_ogre_vendor/lib/libOgreOverlay.so
[19.136s] -- rviz_ogre_vendor::OgreOverlay for IMPORTED_LOCATION_DEBUG: /opt/ros/humble/opt/rviz_ogre_vendor/lib/libOgreOverlay.so
[19.136s] -- rviz_ogre_vendor::OgreMain for IMPORTED_LOCATION_RELEASE: /opt/ros/humble/opt/rviz_ogre_vendor/lib/libOgreMain.so
[19.137s] -- rviz_ogre_vendor::OgreMain for IMPORTED_LOCATION_DEBUG: /opt/ros/humble/opt/rviz_ogre_vendor/lib/libOgreMain.so
[19.138s] -- Could not find freeimage library
[19.236s] -- Found ZLIB: /usr/lib/aarch64-linux-gnu/libz.so (found version "1.2.11") 
[19.270s] -- Found OpenGL: /usr/lib/aarch64-linux-gnu/libOpenGL.so   
[19.784s] -- Found X11: /usr/include   
[19.786s] -- Looking for XOpenDisplay in /usr/lib/aarch64-linux-gnu/libX11.so;/usr/lib/aarch64-linux-gnu/libXext.so
[20.161s] -- Looking for XOpenDisplay in /usr/lib/aarch64-linux-gnu/libX11.so;/usr/lib/aarch64-linux-gnu/libXext.so - found
[20.162s] -- Looking for gethostbyname
[20.513s] -- Looking for gethostbyname - found
[20.514s] -- Looking for connect
[20.864s] -- Looking for connect - found
[20.865s] -- Looking for remove
[21.217s] -- Looking for remove - found
[21.217s] -- Looking for shmat
[21.571s] -- Looking for shmat - found
[21.572s] -- Looking for IceConnectionNumber in ICE
[21.920s] -- Looking for IceConnectionNumber in ICE - found
[22.518s] -- library: /usr/lib/aarch64-linux-gnu/libcurl.so
[22.811s] -- Found rviz_default_plugins: 11.2.16 (/opt/ros/humble/share/rviz_default_plugins/cmake)
[23.547s] -- Found Boost: /usr/lib/aarch64-linux-gnu/cmake/Boost-1.74.0/BoostConfig.cmake (found version "1.74.0") found components: system serialization filesystem thread 
[23.617s] -- Found PkgConfig: /usr/bin/pkg-config (found version "0.29.2") 
[23.651s] -- Found CHOLMOD: /usr/include/suitesparse  
[23.660s] -- Found CSparse: /usr/include/suitesparse  
[23.812s] -- Looking for sgemm_
[24.154s] -- Looking for sgemm_ - not found
[24.385s] -- Looking for sgemm_
[24.800s] -- Looking for sgemm_ - found
[24.802s] -- Found BLAS: /usr/lib/aarch64-linux-gnu/libblas.so  
[24.811s] -- Looking for cheev_
[25.194s] -- Looking for cheev_ - not found
[25.246s] -- Looking for cheev_
[25.522s] -- Looking for cheev_ - not found
[25.526s] -- Looking for cheev_
[25.973s] -- Looking for cheev_ - found
[25.977s] -- Found LAPACK: /usr/lib/aarch64-linux-gnu/liblapack.so;/usr/lib/aarch64-linux-gnu/libblas.so  
[26.026s] -- Found required Ceres dependency: Eigen version 3.4.0 in /usr/include/eigen3
[26.109s] -- Found required Ceres dependency: glog
[26.111s] -- Found required Ceres dependency: gflags
[26.115s] -- Found Ceres version: 2.0.0 installed in: /usr with components: [EigenSparse, SparseLinearAlgebraLibrary, LAPACK, SuiteSparse, CXSparse, SchurSpecializations, Multithreading]
[28.389s] -- Found ament_cmake_ros: 0.10.0 (/opt/ros/humble/share/ament_cmake_ros/cmake)
[31.363s] -- Using all available rosidl_typesupport_c: rosidl_typesupport_fastrtps_c;rosidl_typesupport_introspection_c
[32.359s] -- Using all available rosidl_typesupport_cpp: rosidl_typesupport_fastrtps_cpp;rosidl_typesupport_introspection_cpp
[32.503s] -- Found PythonInterp: /usr/bin/python3 (found suitable version "3.10.12", minimum required is "3.6") 
[32.537s] -- Found python_cmake_module: 0.10.0 (/opt/ros/humble/share/python_cmake_module/cmake)
[32.685s] -- Found PythonLibs: /usr/lib/aarch64-linux-gnu/libpython3.10.so (found suitable version "3.10.12", minimum required is "3.5") 
[32.686s] -- Using PYTHON_EXECUTABLE: /usr/bin/python3
[32.686s] -- Using PYTHON_INCLUDE_DIRS: /usr/include/python3.10
[32.687s] -- Using PYTHON_LIBRARIES: /usr/lib/aarch64-linux-gnu/libpython3.10.so
[32.806s] -- Found PythonExtra: .so  
[33.432s] -- Configuring done
[35.138s] -- Generating done
[35.419s] -- Build files have been written to: /home/kingpooper/deepRacerWS/build/slam_toolbox
[35.524s] Invoked command in '/home/kingpooper/deepRacerWS/build/slam_toolbox' returned '0': CMAKE_PREFIX_PATH=${CMAKE_PREFIX_PATH}:/home/kingpooper/deepRacerWS/install/tape:/home/kingpooper/deepRacerWS/install/ros2_pca9685:/home/kingpooper/deepRacerWS/install/control:/opt/ros/humble /usr/bin/cmake /home/kingpooper/deepRacerWS/src/slam_toolbox -DCMAKE_INSTALL_PREFIX=/home/kingpooper/deepRacerWS/install/slam_toolbox
[35.534s] Invoking command in '/home/kingpooper/deepRacerWS/build/slam_toolbox': CMAKE_PREFIX_PATH=${CMAKE_PREFIX_PATH}:/home/kingpooper/deepRacerWS/install/tape:/home/kingpooper/deepRacerWS/install/ros2_pca9685:/home/kingpooper/deepRacerWS/install/control:/opt/ros/humble /usr/bin/cmake --build /home/kingpooper/deepRacerWS/build/slam_toolbox -- -j4 -l4
[35.772s] [  1%] [34m[1mGenerating C code for ROS interfaces[0m
[35.832s] [  1%] [34m[1mGenerating C++ code for ROS interfaces[0m
[35.839s] [  2%] [32mBuilding CXX object lib/karto_sdk/CMakeFiles/kartoSlamToolbox.dir/src/Karto.cpp.o[0m
[35.868s] [  2%] Built target ament_cmake_python_copy_slam_toolbox
[37.846s] running egg_info
[37.849s] creating slam_toolbox.egg-info
[37.851s] writing slam_toolbox.egg-info/PKG-INFO
[37.852s] writing dependency_links to slam_toolbox.egg-info/dependency_links.txt
[37.853s] writing top-level names to slam_toolbox.egg-info/top_level.txt
[37.855s] writing manifest file 'slam_toolbox.egg-info/SOURCES.txt'
[37.869s] reading manifest file 'slam_toolbox.egg-info/SOURCES.txt'
[37.872s] writing manifest file 'slam_toolbox.egg-info/SOURCES.txt'
[38.059s] [  2%] Built target ament_cmake_python_build_slam_toolbox_egg
[38.103s] [  3%] [32mBuilding CXX object lib/karto_sdk/CMakeFiles/kartoSlamToolbox.dir/src/Mapper.cpp.o[0m
[43.987s] [  3%] Built target slam_toolbox__cpp
[44.043s] [  3%] [32mBuilding C object CMakeFiles/slam_toolbox__rosidl_generator_c.dir/rosidl_generator_c/slam_toolbox/srv/detail/pause__functions.c.o[0m
[44.051s] [  4%] [34m[1mGenerating C++ type support dispatch for ROS interfaces[0m
[45.092s] [  5%] [32mBuilding C object CMakeFiles/slam_toolbox__rosidl_generator_c.dir/rosidl_generator_c/slam_toolbox/srv/detail/reset__functions.c.o[0m
[45.991s] [  6%] [32mBuilding C object CMakeFiles/slam_toolbox__rosidl_generator_c.dir/rosidl_generator_c/slam_toolbox/srv/detail/clear_queue__functions.c.o[0m
[46.895s] [  6%] [32mBuilding C object CMakeFiles/slam_toolbox__rosidl_generator_c.dir/rosidl_generator_c/slam_toolbox/srv/detail/toggle_interactive__functions.c.o[0m
[48.008s] [  7%] [32mBuilding C object CMakeFiles/slam_toolbox__rosidl_generator_c.dir/rosidl_generator_c/slam_toolbox/srv/detail/clear__functions.c.o[0m
[48.673s] [  7%] [32mBuilding CXX object CMakeFiles/slam_toolbox__rosidl_typesupport_cpp.dir/rosidl_typesupport_cpp/slam_toolbox/srv/pause__type_support.cpp.o[0m
[48.966s] [  8%] [32mBuilding C object CMakeFiles/slam_toolbox__rosidl_generator_c.dir/rosidl_generator_c/slam_toolbox/srv/detail/save_map__functions.c.o[0m
[49.976s] [  9%] [32mBuilding C object CMakeFiles/slam_toolbox__rosidl_generator_c.dir/rosidl_generator_c/slam_toolbox/srv/detail/loop_closure__functions.c.o[0m
[50.976s] [  9%] [32mBuilding C object CMakeFiles/slam_toolbox__rosidl_generator_c.dir/rosidl_generator_c/slam_toolbox/srv/detail/merge_maps__functions.c.o[0m
[51.153s] [ 10%] [32mBuilding CXX object CMakeFiles/slam_toolbox__rosidl_typesupport_cpp.dir/rosidl_typesupport_cpp/slam_toolbox/srv/reset__type_support.cpp.o[0m
[52.094s] [ 11%] [32mBuilding C object CMakeFiles/slam_toolbox__rosidl_generator_c.dir/rosidl_generator_c/slam_toolbox/srv/detail/add_submap__functions.c.o[0m
[53.273s] [ 12%] [32mBuilding C object CMakeFiles/slam_toolbox__rosidl_generator_c.dir/rosidl_generator_c/slam_toolbox/srv/detail/deserialize_pose_graph__functions.c.o[0m
[53.562s] [ 13%] [32mBuilding CXX object CMakeFiles/slam_toolbox__rosidl_typesupport_cpp.dir/rosidl_typesupport_cpp/slam_toolbox/srv/clear_queue__type_support.cpp.o[0m
[54.262s] [ 13%] [32mBuilding C object CMakeFiles/slam_toolbox__rosidl_generator_c.dir/rosidl_generator_c/slam_toolbox/srv/detail/serialize_pose_graph__functions.c.o[0m
[55.302s] [ 14%] [32m[1mLinking C shared library libslam_toolbox__rosidl_generator_c.so[0m
[55.678s] [ 14%] Built target slam_toolbox__rosidl_generator_c
[55.716s] [ 15%] [32mBuilding CXX object CMakeFiles/slam_toolbox__rosidl_typesupport_cpp.dir/rosidl_typesupport_cpp/slam_toolbox/srv/toggle_interactive__type_support.cpp.o[0m
[55.745s] [ 16%] [34m[1mGenerating C++ type support for eProsima Fast-RTPS[0m
[58.076s] [ 16%] [32mBuilding CXX object CMakeFiles/slam_toolbox__rosidl_typesupport_cpp.dir/rosidl_typesupport_cpp/slam_toolbox/srv/clear__type_support.cpp.o[0m
[60.228s] [ 17%] [32mBuilding CXX object CMakeFiles/slam_toolbox__rosidl_typesupport_cpp.dir/rosidl_typesupport_cpp/slam_toolbox/srv/save_map__type_support.cpp.o[0m
[62.909s] [ 18%] [32mBuilding CXX object CMakeFiles/slam_toolbox__rosidl_typesupport_cpp.dir/rosidl_typesupport_cpp/slam_toolbox/srv/loop_closure__type_support.cpp.o[0m
[63.658s] [ 18%] [32mBuilding CXX object CMakeFiles/slam_toolbox__rosidl_typesupport_fastrtps_cpp.dir/rosidl_typesupport_fastrtps_cpp/slam_toolbox/srv/detail/dds_fastrtps/pause__type_support.cpp.o[0m
[65.232s] [ 18%] [32mBuilding CXX object CMakeFiles/slam_toolbox__rosidl_typesupport_cpp.dir/rosidl_typesupport_cpp/slam_toolbox/srv/merge_maps__type_support.cpp.o[0m
[67.341s] [ 19%] [32mBuilding CXX object CMakeFiles/slam_toolbox__rosidl_typesupport_fastrtps_cpp.dir/rosidl_typesupport_fastrtps_cpp/slam_toolbox/srv/detail/dds_fastrtps/reset__type_support.cpp.o[0m
[68.056s] [ 20%] [32mBuilding CXX object CMakeFiles/slam_toolbox__rosidl_typesupport_cpp.dir/rosidl_typesupport_cpp/slam_toolbox/srv/add_submap__type_support.cpp.o[0m
[71.909s] [ 21%] [32mBuilding CXX object CMakeFiles/slam_toolbox__rosidl_typesupport_cpp.dir/rosidl_typesupport_cpp/slam_toolbox/srv/deserialize_pose_graph__type_support.cpp.o[0m
[73.058s] [ 22%] [32mBuilding CXX object CMakeFiles/slam_toolbox__rosidl_typesupport_fastrtps_cpp.dir/rosidl_typesupport_fastrtps_cpp/slam_toolbox/srv/detail/dds_fastrtps/clear_queue__type_support.cpp.o[0m
[74.520s] [ 22%] [32mBuilding CXX object CMakeFiles/slam_toolbox__rosidl_typesupport_cpp.dir/rosidl_typesupport_cpp/slam_toolbox/srv/serialize_pose_graph__type_support.cpp.o[0m
[76.937s] [ 23%] [32m[1mLinking CXX shared library libslam_toolbox__rosidl_typesupport_cpp.so[0m
[76.969s] [ 23%] [32mBuilding CXX object CMakeFiles/slam_toolbox__rosidl_typesupport_fastrtps_cpp.dir/rosidl_typesupport_fastrtps_cpp/slam_toolbox/srv/detail/dds_fastrtps/toggle_interactive__type_support.cpp.o[0m
[77.204s] [ 23%] Built target slam_toolbox__rosidl_typesupport_cpp
[77.267s] [ 24%] [34m[1mGenerating C introspection for ROS interfaces[0m
[80.629s] [ 25%] [32mBuilding CXX object CMakeFiles/slam_toolbox__rosidl_typesupport_fastrtps_cpp.dir/rosidl_typesupport_fastrtps_cpp/slam_toolbox/srv/detail/dds_fastrtps/clear__type_support.cpp.o[0m
[84.205s] [ 26%] [32mBuilding CXX object CMakeFiles/slam_toolbox__rosidl_typesupport_fastrtps_cpp.dir/rosidl_typesupport_fastrtps_cpp/slam_toolbox/srv/detail/dds_fastrtps/save_map__type_support.cpp.o[0m
[84.346s] [ 26%] [32mBuilding C object CMakeFiles/slam_toolbox__rosidl_typesupport_introspection_c.dir/rosidl_typesupport_introspection_c/slam_toolbox/srv/detail/pause__type_support.c.o[0m
[84.702s] [ 27%] [32mBuilding C object CMakeFiles/slam_toolbox__rosidl_typesupport_introspection_c.dir/rosidl_typesupport_introspection_c/slam_toolbox/srv/detail/reset__type_support.c.o[0m
[85.131s] [ 28%] [32mBuilding C object CMakeFiles/slam_toolbox__rosidl_typesupport_introspection_c.dir/rosidl_typesupport_introspection_c/slam_toolbox/srv/detail/clear_queue__type_support.c.o[0m
[85.544s] [ 28%] [32mBuilding C object CMakeFiles/slam_toolbox__rosidl_typesupport_introspection_c.dir/rosidl_typesupport_introspection_c/slam_toolbox/srv/detail/toggle_interactive__type_support.c.o[0m
[85.938s] [ 29%] [32mBuilding C object CMakeFiles/slam_toolbox__rosidl_typesupport_introspection_c.dir/rosidl_typesupport_introspection_c/slam_toolbox/srv/detail/clear__type_support.c.o[0m
[86.327s] [ 30%] [32mBuilding C object CMakeFiles/slam_toolbox__rosidl_typesupport_introspection_c.dir/rosidl_typesupport_introspection_c/slam_toolbox/srv/detail/save_map__type_support.c.o[0m
[86.918s] [ 30%] [32mBuilding C object CMakeFiles/slam_toolbox__rosidl_typesupport_introspection_c.dir/rosidl_typesupport_introspection_c/slam_toolbox/srv/detail/loop_closure__type_support.c.o[0m
[87.363s] [ 31%] [32mBuilding C object CMakeFiles/slam_toolbox__rosidl_typesupport_introspection_c.dir/rosidl_typesupport_introspection_c/slam_toolbox/srv/detail/merge_maps__type_support.c.o[0m
[87.755s] [ 32%] [32mBuilding C object CMakeFiles/slam_toolbox__rosidl_typesupport_introspection_c.dir/rosidl_typesupport_introspection_c/slam_toolbox/srv/detail/add_submap__type_support.c.o[0m
[87.897s] [ 32%] [32mBuilding CXX object CMakeFiles/slam_toolbox__rosidl_typesupport_fastrtps_cpp.dir/rosidl_typesupport_fastrtps_cpp/slam_toolbox/srv/detail/dds_fastrtps/loop_closure__type_support.cpp.o[0m
[88.173s] [ 32%] [32mBuilding C object CMakeFiles/slam_toolbox__rosidl_typesupport_introspection_c.dir/rosidl_typesupport_introspection_c/slam_toolbox/srv/detail/deserialize_pose_graph__type_support.c.o[0m
[88.529s] [ 33%] [32mBuilding C object CMakeFiles/slam_toolbox__rosidl_typesupport_introspection_c.dir/rosidl_typesupport_introspection_c/slam_toolbox/srv/detail/serialize_pose_graph__type_support.c.o[0m
[88.886s] [ 34%] [32m[1mLinking C shared library libslam_toolbox__rosidl_typesupport_introspection_c.so[0m
[89.160s] [ 34%] Built target slam_toolbox__rosidl_typesupport_introspection_c
[89.230s] [ 35%] [34m[1mGenerating C type support dispatch for ROS interfaces[0m
[91.637s] [ 36%] [32mBuilding CXX object CMakeFiles/slam_toolbox__rosidl_typesupport_fastrtps_cpp.dir/rosidl_typesupport_fastrtps_cpp/slam_toolbox/srv/detail/dds_fastrtps/merge_maps__type_support.cpp.o[0m
[94.109s] [ 36%] [32mBuilding CXX object CMakeFiles/slam_toolbox__rosidl_typesupport_c.dir/rosidl_typesupport_c/slam_toolbox/srv/pause__type_support.cpp.o[0m
[94.383s] [ 37%] [32mBuilding CXX object CMakeFiles/slam_toolbox__rosidl_typesupport_c.dir/rosidl_typesupport_c/slam_toolbox/srv/reset__type_support.cpp.o[0m
[94.652s] [ 38%] [32mBuilding CXX object CMakeFiles/slam_toolbox__rosidl_typesupport_c.dir/rosidl_typesupport_c/slam_toolbox/srv/clear_queue__type_support.cpp.o[0m
[94.929s] [ 38%] [32mBuilding CXX object CMakeFiles/slam_toolbox__rosidl_typesupport_c.dir/rosidl_typesupport_c/slam_toolbox/srv/toggle_interactive__type_support.cpp.o[0m
[95.189s] [ 39%] [32mBuilding CXX object CMakeFiles/slam_toolbox__rosidl_typesupport_c.dir/rosidl_typesupport_c/slam_toolbox/srv/clear__type_support.cpp.o[0m
[95.447s] [ 40%] [32mBuilding CXX object CMakeFiles/slam_toolbox__rosidl_typesupport_c.dir/rosidl_typesupport_c/slam_toolbox/srv/save_map__type_support.cpp.o[0m
[95.720s] [ 40%] [32mBuilding CXX object CMakeFiles/slam_toolbox__rosidl_typesupport_c.dir/rosidl_typesupport_c/slam_toolbox/srv/loop_closure__type_support.cpp.o[0m
[95.851s] [ 41%] [32mBuilding CXX object CMakeFiles/slam_toolbox__rosidl_typesupport_fastrtps_cpp.dir/rosidl_typesupport_fastrtps_cpp/slam_toolbox/srv/detail/dds_fastrtps/add_submap__type_support.cpp.o[0m
[95.988s] [ 42%] [32mBuilding CXX object CMakeFiles/slam_toolbox__rosidl_typesupport_c.dir/rosidl_typesupport_c/slam_toolbox/srv/merge_maps__type_support.cpp.o[0m
[96.248s] [ 43%] [32mBuilding CXX object CMakeFiles/slam_toolbox__rosidl_typesupport_c.dir/rosidl_typesupport_c/slam_toolbox/srv/add_submap__type_support.cpp.o[0m
[96.588s] [ 43%] [32mBuilding CXX object CMakeFiles/slam_toolbox__rosidl_typesupport_c.dir/rosidl_typesupport_c/slam_toolbox/srv/deserialize_pose_graph__type_support.cpp.o[0m
[96.935s] [ 44%] [32mBuilding CXX object CMakeFiles/slam_toolbox__rosidl_typesupport_c.dir/rosidl_typesupport_c/slam_toolbox/srv/serialize_pose_graph__type_support.cpp.o[0m
[97.202s] [ 45%] [32m[1mLinking CXX shared library libslam_toolbox__rosidl_typesupport_c.so[0m
[97.519s] [ 45%] Built target slam_toolbox__rosidl_typesupport_c
[97.600s] [ 46%] [34m[1mGenerating C++ introspection for ROS interfaces[0m
[100.144s] [ 46%] [32mBuilding CXX object CMakeFiles/slam_toolbox__rosidl_typesupport_fastrtps_cpp.dir/rosidl_typesupport_fastrtps_cpp/slam_toolbox/srv/detail/dds_fastrtps/deserialize_pose_graph__type_support.cpp.o[0m
[105.563s] [ 46%] [32mBuilding CXX object CMakeFiles/slam_toolbox__rosidl_typesupport_introspection_cpp.dir/rosidl_typesupport_introspection_cpp/slam_toolbox/srv/detail/pause__type_support.cpp.o[0m
[106.099s] [ 47%] [32mBuilding CXX object CMakeFiles/slam_toolbox__rosidl_typesupport_fastrtps_cpp.dir/rosidl_typesupport_fastrtps_cpp/slam_toolbox/srv/detail/dds_fastrtps/serialize_pose_graph__type_support.cpp.o[0m
[110.248s] [ 48%] [32mBuilding CXX object CMakeFiles/slam_toolbox__rosidl_typesupport_introspection_cpp.dir/rosidl_typesupport_introspection_cpp/slam_toolbox/srv/detail/reset__type_support.cpp.o[0m
[111.319s] [ 49%] [32m[1mLinking CXX shared library libslam_toolbox__rosidl_typesupport_fastrtps_cpp.so[0m
[112.161s] [ 49%] Built target slam_toolbox__rosidl_typesupport_fastrtps_cpp
[114.882s] [ 50%] [32mBuilding CXX object CMakeFiles/slam_toolbox__rosidl_typesupport_introspection_cpp.dir/rosidl_typesupport_introspection_cpp/slam_toolbox/srv/detail/clear_queue__type_support.cpp.o[0m
[117.956s] [ 50%] [32mBuilding CXX object CMakeFiles/slam_toolbox__rosidl_typesupport_introspection_cpp.dir/rosidl_typesupport_introspection_cpp/slam_toolbox/srv/detail/toggle_interactive__type_support.cpp.o[0m
[120.959s] [ 51%] [32mBuilding CXX object CMakeFiles/slam_toolbox__rosidl_typesupport_introspection_cpp.dir/rosidl_typesupport_introspection_cpp/slam_toolbox/srv/detail/clear__type_support.cpp.o[0m
[124.047s] [ 52%] [32mBuilding CXX object CMakeFiles/slam_toolbox__rosidl_typesupport_introspection_cpp.dir/rosidl_typesupport_introspection_cpp/slam_toolbox/srv/detail/save_map__type_support.cpp.o[0m
[127.514s] [ 52%] [32mBuilding CXX object CMakeFiles/slam_toolbox__rosidl_typesupport_introspection_cpp.dir/rosidl_typesupport_introspection_cpp/slam_toolbox/srv/detail/loop_closure__type_support.cpp.o[0m
[130.140s] [ 53%] [32mBuilding CXX object CMakeFiles/slam_toolbox__rosidl_typesupport_introspection_cpp.dir/rosidl_typesupport_introspection_cpp/slam_toolbox/srv/detail/merge_maps__type_support.cpp.o[0m
[132.513s] [ 54%] [32mBuilding CXX object CMakeFiles/slam_toolbox__rosidl_typesupport_introspection_cpp.dir/rosidl_typesupport_introspection_cpp/slam_toolbox/srv/detail/add_submap__type_support.cpp.o[0m
[134.918s] [ 54%] [32mBuilding CXX object CMakeFiles/slam_toolbox__rosidl_typesupport_introspection_cpp.dir/rosidl_typesupport_introspection_cpp/slam_toolbox/srv/detail/deserialize_pose_graph__type_support.cpp.o[0m
[137.325s] [ 55%] [32mBuilding CXX object CMakeFiles/slam_toolbox__rosidl_typesupport_introspection_cpp.dir/rosidl_typesupport_introspection_cpp/slam_toolbox/srv/detail/serialize_pose_graph__type_support.cpp.o[0m
[139.692s] [ 56%] [32m[1mLinking CXX shared library libslam_toolbox__rosidl_typesupport_introspection_cpp.so[0m
[140.069s] [ 56%] Built target slam_toolbox__rosidl_typesupport_introspection_cpp
[172.145s] [ 56%] [32m[1mLinking CXX shared library libkartoSlamToolbox.so[0m
[174.260s] [ 56%] Built target kartoSlamToolbox
[174.312s] [ 56%] [34m[1mGenerating rviz_plugin/moc_slam_toolbox_rviz_plugin.cpp[0m
[174.314s] [ 57%] [34m[1mGenerating C type support for eProsima Fast-RTPS[0m
[174.363s] [ 58%] [32mBuilding CXX object CMakeFiles/ceres_solver_plugin.dir/solvers/ceres_solver.cpp.o[0m
[174.465s] [ 59%] [32mBuilding CXX object CMakeFiles/SlamToolboxPlugin.dir/rviz_plugin/slam_toolbox_rviz_plugin.cpp.o[0m
[179.379s] [ 59%] [32mBuilding CXX object CMakeFiles/slam_toolbox__rosidl_typesupport_fastrtps_c.dir/rosidl_typesupport_fastrtps_c/slam_toolbox/srv/detail/pause__type_support_c.cpp.o[0m
[181.628s] [ 60%] [32mBuilding CXX object CMakeFiles/slam_toolbox__rosidl_typesupport_fastrtps_c.dir/rosidl_typesupport_fastrtps_c/slam_toolbox/srv/detail/reset__type_support_c.cpp.o[0m
[184.061s] [ 61%] [32mBuilding CXX object CMakeFiles/slam_toolbox__rosidl_typesupport_fastrtps_c.dir/rosidl_typesupport_fastrtps_c/slam_toolbox/srv/detail/clear_queue__type_support_c.cpp.o[0m
[186.428s] [ 61%] [32mBuilding CXX object CMakeFiles/slam_toolbox__rosidl_typesupport_fastrtps_c.dir/rosidl_typesupport_fastrtps_c/slam_toolbox/srv/detail/toggle_interactive__type_support_c.cpp.o[0m
[187.419s] In file included from [01m[K/home/kingpooper/deepRacerWS/src/slam_toolbox/solvers/ceres_solver.hpp:17[m[K,
[187.419s]                  from [01m[K/home/kingpooper/deepRacerWS/src/slam_toolbox/solvers/ceres_solver.cpp:9[m[K:
[187.420s] [01m[K/home/kingpooper/deepRacerWS/src/slam_toolbox/solvers/ceres_utils.h:10:10:[m[K [01;31m[Kfatal error: [m[Kceres/autodiff_manifold.h: No such file or directory
[187.421s]    10 | #include [01;31m[K<ceres/autodiff_manifold.h>[m[K
[187.422s]       |          [01;31m[K^~~~~~~~~~~~~~~~~~~~~~~~~~~[m[K
[187.424s] compilation terminated.
[187.463s] gmake[2]: *** [CMakeFiles/ceres_solver_plugin.dir/build.make:76: CMakeFiles/ceres_solver_plugin.dir/solvers/ceres_solver.cpp.o] Error 1
[187.464s] gmake[1]: *** [CMakeFiles/Makefile2:665: CMakeFiles/ceres_solver_plugin.dir/all] Error 2
[187.464s] gmake[1]: *** Waiting for unfinished jobs....
[187.521s] [ 62%] [32mBuilding CXX object CMakeFiles/slam_toolbox__rosidl_typesupport_fastrtps_c.dir/rosidl_typesupport_fastrtps_c/slam_toolbox/srv/detail/clear__type_support_c.cpp.o[0m
[189.112s] [ 63%] [32mBuilding CXX object CMakeFiles/slam_toolbox__rosidl_typesupport_fastrtps_c.dir/rosidl_typesupport_fastrtps_c/slam_toolbox/srv/detail/save_map__type_support_c.cpp.o[0m
[190.107s] [ 63%] [32mBuilding CXX object CMakeFiles/slam_toolbox__rosidl_typesupport_fastrtps_c.dir/rosidl_typesupport_fastrtps_c/slam_toolbox/srv/detail/loop_closure__type_support_c.cpp.o[0m
[191.583s] [ 64%] [32mBuilding CXX object CMakeFiles/slam_toolbox__rosidl_typesupport_fastrtps_c.dir/rosidl_typesupport_fastrtps_c/slam_toolbox/srv/detail/merge_maps__type_support_c.cpp.o[0m
[192.683s] [ 65%] [32mBuilding CXX object CMakeFiles/slam_toolbox__rosidl_typesupport_fastrtps_c.dir/rosidl_typesupport_fastrtps_c/slam_toolbox/srv/detail/add_submap__type_support_c.cpp.o[0m
[194.135s] [ 65%] [32mBuilding CXX object CMakeFiles/slam_toolbox__rosidl_typesupport_fastrtps_c.dir/rosidl_typesupport_fastrtps_c/slam_toolbox/srv/detail/deserialize_pose_graph__type_support_c.cpp.o[0m
[195.330s] [ 66%] [32mBuilding CXX object CMakeFiles/slam_toolbox__rosidl_typesupport_fastrtps_c.dir/rosidl_typesupport_fastrtps_c/slam_toolbox/srv/detail/serialize_pose_graph__type_support_c.cpp.o[0m
[196.906s] [ 67%] [32mBuilding CXX object CMakeFiles/SlamToolboxPlugin.dir/rviz_plugin/moc_slam_toolbox_rviz_plugin.cpp.o[0m
[198.166s] [ 68%] [32m[1mLinking CXX shared library libslam_toolbox__rosidl_typesupport_fastrtps_c.so[0m
[198.595s] [ 68%] Built target slam_toolbox__rosidl_typesupport_fastrtps_c
[279.159s] [ 68%] [32m[1mLinking CXX shared library libSlamToolboxPlugin.so[0m
[287.023s] [ 68%] Built target SlamToolboxPlugin
[287.028s] gmake: *** [Makefile:146: all] Error 2
[287.035s] Invoked command in '/home/kingpooper/deepRacerWS/build/slam_toolbox' returned '2': CMAKE_PREFIX_PATH=${CMAKE_PREFIX_PATH}:/home/kingpooper/deepRacerWS/install/tape:/home/kingpooper/deepRacerWS/install/ros2_pca9685:/home/kingpooper/deepRacerWS/install/control:/opt/ros/humble /usr/bin/cmake --build /home/kingpooper/deepRacerWS/build/slam_toolbox -- -j4 -l4
