[1.399s] Invoking command in '/home/kingpooper/deepRacerWS/build/rplidar_ros': CMAKE_PREFIX_PATH=/opt/ros/humble /usr/bin/cmake --build /home/kingpooper/deepRacerWS/build/rplidar_ros -- -j4 -l4
[1.765s] [  5%] Built target rplidar_client
[1.840s] [ 52%] Built target rplidar_node
[1.856s] [100%] Built target rplidar_composition
[1.915s] Invoked command in '/home/kingpooper/deepRacerWS/build/rplidar_ros' returned '0': CMAKE_PREFIX_PATH=/opt/ros/humble /usr/bin/cmake --build /home/kingpooper/deepRacerWS/build/rplidar_ros -- -j4 -l4
[1.977s] Invoking command in '/home/kingpooper/deepRacerWS/build/rplidar_ros': CMAKE_PREFIX_PATH=/opt/ros/humble /usr/bin/cmake --install /home/kingpooper/deepRacerWS/build/rplidar_ros
[2.090s] -- Install configuration: ""
[2.110s] -- Execute custom install script
[2.113s] -- Up-to-date symlink: /home/kingpooper/deepRacerWS/install/rplidar_ros/share/rplidar_ros/launch/rplidar_a1_launch.py
[2.114s] -- Up-to-date symlink: /home/kingpooper/deepRacerWS/install/rplidar_ros/share/rplidar_ros/launch/rplidar_a2m12_launch.py
[2.115s] -- Up-to-date symlink: /home/kingpooper/deepRacerWS/install/rplidar_ros/share/rplidar_ros/launch/rplidar_a2m7_launch.py
[2.116s] -- Up-to-date symlink: /home/kingpooper/deepRacerWS/install/rplidar_ros/share/rplidar_ros/launch/rplidar_a2m8_launch.py
[2.116s] -- Up-to-date symlink: /home/kingpooper/deepRacerWS/install/rplidar_ros/share/rplidar_ros/launch/rplidar_a3_launch.py
[2.117s] -- Up-to-date symlink: /home/kingpooper/deepRacerWS/install/rplidar_ros/share/rplidar_ros/launch/rplidar_c1_launch.py
[2.118s] -- Up-to-date symlink: /home/kingpooper/deepRacerWS/install/rplidar_ros/share/rplidar_ros/launch/rplidar_s1_launch.py
[2.119s] -- Up-to-date symlink: /home/kingpooper/deepRacerWS/install/rplidar_ros/share/rplidar_ros/launch/rplidar_s1_tcp_launch.py
[2.120s] -- Up-to-date symlink: /home/kingpooper/deepRacerWS/install/rplidar_ros/share/rplidar_ros/launch/rplidar_s2_launch.py
[2.121s] -- Up-to-date symlink: /home/kingpooper/deepRacerWS/install/rplidar_ros/share/rplidar_ros/launch/rplidar_s2e_launch.py
[2.122s] -- Up-to-date symlink: /home/kingpooper/deepRacerWS/install/rplidar_ros/share/rplidar_ros/launch/rplidar_s3_launch.py
[2.122s] -- Up-to-date symlink: /home/kingpooper/deepRacerWS/install/rplidar_ros/share/rplidar_ros/launch/rplidar_t1_launch.py
[2.123s] -- Up-to-date symlink: /home/kingpooper/deepRacerWS/install/rplidar_ros/share/rplidar_ros/launch/view_rplidar_a1_launch.py
[2.124s] -- Up-to-date symlink: /home/kingpooper/deepRacerWS/install/rplidar_ros/share/rplidar_ros/launch/view_rplidar_a2m12_launch.py
[2.125s] -- Up-to-date symlink: /home/kingpooper/deepRacerWS/install/rplidar_ros/share/rplidar_ros/launch/view_rplidar_a2m7_launch.py
[2.126s] -- Up-to-date symlink: /home/kingpooper/deepRacerWS/install/rplidar_ros/share/rplidar_ros/launch/view_rplidar_a2m8_launch.py
[2.127s] -- Up-to-date symlink: /home/kingpooper/deepRacerWS/install/rplidar_ros/share/rplidar_ros/launch/view_rplidar_a3_launch.py
[2.128s] -- Up-to-date symlink: /home/kingpooper/deepRacerWS/install/rplidar_ros/share/rplidar_ros/launch/view_rplidar_c1_launch.py
[2.128s] -- Up-to-date symlink: /home/kingpooper/deepRacerWS/install/rplidar_ros/share/rplidar_ros/launch/view_rplidar_s1_launch.py
[2.129s] -- Up-to-date symlink: /home/kingpooper/deepRacerWS/install/rplidar_ros/share/rplidar_ros/launch/view_rplidar_s1_tcp_launch.py
[2.130s] -- Up-to-date symlink: /home/kingpooper/deepRacerWS/install/rplidar_ros/share/rplidar_ros/launch/view_rplidar_s2_launch.py
[2.131s] -- Up-to-date symlink: /home/kingpooper/deepRacerWS/install/rplidar_ros/share/rplidar_ros/launch/view_rplidar_s2e_launch.py
[2.132s] -- Up-to-date symlink: /home/kingpooper/deepRacerWS/install/rplidar_ros/share/rplidar_ros/launch/view_rplidar_s3_launch.py
[2.132s] -- Up-to-date symlink: /home/kingpooper/deepRacerWS/install/rplidar_ros/share/rplidar_ros/launch/view_rplidar_t1_launch.py
[2.134s] -- Up-to-date symlink: /home/kingpooper/deepRacerWS/install/rplidar_ros/share/rplidar_ros/rviz/rplidar_ros.rviz
[2.143s] -- Up-to-date symlink: /home/kingpooper/deepRacerWS/install/rplidar_ros/lib/rplidar_ros/rplidar_node
[2.145s] -- Up-to-date symlink: /home/kingpooper/deepRacerWS/install/rplidar_ros/lib/rplidar_ros/rplidar_composition
[2.146s] -- Up-to-date symlink: /home/kingpooper/deepRacerWS/install/rplidar_ros/lib/rplidar_ros/rplidar_client
[2.147s] -- Up-to-date symlink: /home/kingpooper/deepRacerWS/install/rplidar_ros/share/ament_index/resource_index/package_run_dependencies/rplidar_ros
[2.169s] -- Up-to-date symlink: /home/kingpooper/deepRacerWS/install/rplidar_ros/share/ament_index/resource_index/parent_prefix_path/rplidar_ros
[2.178s] -- Up-to-date symlink: /home/kingpooper/deepRacerWS/install/rplidar_ros/share/rplidar_ros/environment/ament_prefix_path.sh
[2.179s] -- Up-to-date symlink: /home/kingpooper/deepRacerWS/install/rplidar_ros/share/rplidar_ros/environment/ament_prefix_path.dsv
[2.180s] -- Up-to-date symlink: /home/kingpooper/deepRacerWS/install/rplidar_ros/share/rplidar_ros/environment/path.sh
[2.183s] -- Up-to-date symlink: /home/kingpooper/deepRacerWS/install/rplidar_ros/share/rplidar_ros/environment/path.dsv
[2.183s] -- Up-to-date symlink: /home/kingpooper/deepRacerWS/install/rplidar_ros/share/rplidar_ros/local_setup.bash
[2.184s] -- Up-to-date symlink: /home/kingpooper/deepRacerWS/install/rplidar_ros/share/rplidar_ros/local_setup.sh
[2.196s] -- Up-to-date symlink: /home/kingpooper/deepRacerWS/install/rplidar_ros/share/rplidar_ros/local_setup.zsh
[2.197s] -- Up-to-date symlink: /home/kingpooper/deepRacerWS/install/rplidar_ros/share/rplidar_ros/local_setup.dsv
[2.199s] -- Symlinking: /home/kingpooper/deepRacerWS/install/rplidar_ros/share/rplidar_ros/package.dsv
[2.226s] -- Up-to-date symlink: /home/kingpooper/deepRacerWS/install/rplidar_ros/share/ament_index/resource_index/packages/rplidar_ros
[2.227s] -- Up-to-date symlink: /home/kingpooper/deepRacerWS/install/rplidar_ros/share/rplidar_ros/cmake/ament_cmake_export_dependencies-extras.cmake
[2.228s] -- Up-to-date symlink: /home/kingpooper/deepRacerWS/install/rplidar_ros/share/rplidar_ros/cmake/ament_cmake_export_include_directories-extras.cmake
[2.230s] -- Up-to-date symlink: /home/kingpooper/deepRacerWS/install/rplidar_ros/share/rplidar_ros/cmake/rplidar_rosConfig.cmake
[2.231s] -- Up-to-date symlink: /home/kingpooper/deepRacerWS/install/rplidar_ros/share/rplidar_ros/cmake/rplidar_rosConfig-version.cmake
[2.233s] -- Up-to-date symlink: /home/kingpooper/deepRacerWS/install/rplidar_ros/share/rplidar_ros/package.xml
[2.240s] Invoked command in '/home/kingpooper/deepRacerWS/build/rplidar_ros' returned '0': CMAKE_PREFIX_PATH=/opt/ros/humble /usr/bin/cmake --install /home/kingpooper/deepRacerWS/build/rplidar_ros
