[5.453s] Invoking command in '/home/kingpooper/deepRacerWS/src/tape': PYTHONPATH=/home/kingpooper/deepRacerWS/build/tape/prefix_override:/usr/lib/python3/dist-packages/colcon_core/task/python/colcon_distutils_commands:/home/kingpooper/deepRacerWS/install/tape/lib/python3.10/site-packages:${PYTHONPATH} /usr/bin/python3 -W ignore:setup.py install is deprecated -W ignore:easy_install command is deprecated setup.py egg_info --egg-base ../../build/tape build --build-base /home/kingpooper/deepRacerWS/build/tape/build install --record /home/kingpooper/deepRacerWS/build/tape/install.log --single-version-externally-managed install_data
[7.476s] running egg_info
[7.480s] writing ../../build/tape/tape.egg-info/PKG-INFO
[7.484s] writing dependency_links to ../../build/tape/tape.egg-info/dependency_links.txt
[7.496s] writing entry points to ../../build/tape/tape.egg-info/entry_points.txt
[7.504s] writing requirements to ../../build/tape/tape.egg-info/requires.txt
[7.504s] writing top-level names to ../../build/tape/tape.egg-info/top_level.txt
[7.518s] reading manifest file '../../build/tape/tape.egg-info/SOURCES.txt'
[7.519s] adding license file 'LICENSE'
[7.529s] writing manifest file '../../build/tape/tape.egg-info/SOURCES.txt'
[7.538s] running build
[7.539s] running build_py
[7.541s] copying tape/shay_blue_follower.py -> /home/kingpooper/deepRacerWS/build/tape/build/lib/tape
[7.557s] running install
[7.558s] running install_lib
[7.567s] copying /home/kingpooper/deepRacerWS/build/tape/build/lib/tape/shay_blue_follower.py -> /home/kingpooper/deepRacerWS/install/tape/lib/python3.10/site-packages/tape
[7.571s] byte-compiling /home/kingpooper/deepRacerWS/install/tape/lib/python3.10/site-packages/tape/shay_blue_follower.py to shay_blue_follower.cpython-310.pyc
[7.578s] running install_data
[7.580s] running install_egg_info
[7.589s] removing '/home/kingpooper/deepRacerWS/install/tape/lib/python3.10/site-packages/tape-0.0.0-py3.10.egg-info' (and everything under it)
[7.591s] Copying ../../build/tape/tape.egg-info to /home/kingpooper/deepRacerWS/install/tape/lib/python3.10/site-packages/tape-0.0.0-py3.10.egg-info
[7.607s] running install_scripts
[7.785s] Installing image_subscriber script to /home/kingpooper/deepRacerWS/install/tape/lib/tape
[7.787s] Installing james_blue_follower script to /home/kingpooper/deepRacerWS/install/tape/lib/tape
[7.788s] Installing my_blue_tape_follower script to /home/kingpooper/deepRacerWS/install/tape/lib/tape
[7.789s] Installing my_sexy_tape_follower script to /home/kingpooper/deepRacerWS/install/tape/lib/tape
[7.792s] Installing my_tape_follower script to /home/kingpooper/deepRacerWS/install/tape/lib/tape
[7.803s] Installing obs_avoid script to /home/kingpooper/deepRacerWS/install/tape/lib/tape
[7.804s] Installing school_zone script to /home/kingpooper/deepRacerWS/install/tape/lib/tape
[7.805s] Installing shay_blue_follower script to /home/kingpooper/deepRacerWS/install/tape/lib/tape
[7.806s] Installing shaya_blue script to /home/kingpooper/deepRacerWS/install/tape/lib/tape
[7.806s] Installing stop_sign script to /home/kingpooper/deepRacerWS/install/tape/lib/tape
[7.808s] Installing tape_follower script to /home/kingpooper/deepRacerWS/install/tape/lib/tape
[7.809s] Installing tom_blue_tape script to /home/kingpooper/deepRacerWS/install/tape/lib/tape
[7.829s] writing list of installed files to '/home/kingpooper/deepRacerWS/build/tape/install.log'
[8.011s] Invoked command in '/home/kingpooper/deepRacerWS/src/tape' returned '0': PYTHONPATH=/home/kingpooper/deepRacerWS/build/tape/prefix_override:/usr/lib/python3/dist-packages/colcon_core/task/python/colcon_distutils_commands:/home/kingpooper/deepRacerWS/install/tape/lib/python3.10/site-packages:${PYTHONPATH} /usr/bin/python3 -W ignore:setup.py install is deprecated -W ignore:easy_install command is deprecated setup.py egg_info --egg-base ../../build/tape build --build-base /home/kingpooper/deepRacerWS/build/tape/build install --record /home/kingpooper/deepRacerWS/build/tape/install.log --single-version-externally-managed install_data
