[7.935s] Invoking command in '/home/kingpooper/deepRacerWS/build/ros2_pca9685': PYTHONPATH=/home/kingpooper/deepRacerWS/build/ros2_pca9685/prefix_override:/usr/lib/python3/dist-packages/colcon_core/task/python/colcon_distutils_commands:/home/kingpooper/deepRacerWS/install/ros2_pca9685/lib/python3.10/site-packages:${PYTHONPATH} /usr/bin/python3 -W ignore:setup.py install is deprecated -W ignore:easy_install command is deprecated setup.py develop --editable --build-directory /home/kingpooper/deepRacerWS/build/ros2_pca9685/build --no-deps symlink_data --force
[11.187s] /usr/lib/python3/dist-packages/setuptools/dist.py:723: UserWarning: Usage of dash-separated 'script-dir' will not be supported in future versions. Please use the underscore name 'script_dir' instead
[11.187s]   warnings.warn(
[11.360s] running develop
[13.117s] running egg_info
[13.119s] writing ros2_pca9685.egg-info/PKG-INFO
[13.121s] writing dependency_links to ros2_pca9685.egg-info/dependency_links.txt
[13.123s] writing entry points to ros2_pca9685.egg-info/entry_points.txt
[13.124s] writing requirements to ros2_pca9685.egg-info/requires.txt
[13.126s] writing top-level names to ros2_pca9685.egg-info/top_level.txt
[13.150s] reading manifest file 'ros2_pca9685.egg-info/SOURCES.txt'
[13.160s] writing manifest file 'ros2_pca9685.egg-info/SOURCES.txt'
[13.185s] running build_ext
[13.191s] Creating /home/kingpooper/deepRacerWS/install/ros2_pca9685/lib/python3.10/site-packages/ros2-pca9685.egg-link (link to .)
[13.196s] Installing listener script to /home/kingpooper/deepRacerWS/install/ros2_pca9685/lib/ros2_pca9685
[13.197s] Installing talker script to /home/kingpooper/deepRacerWS/install/ros2_pca9685/lib/ros2_pca9685
[13.200s] 
[13.201s] Installed /home/kingpooper/deepRacerWS/build/ros2_pca9685
[13.202s] running symlink_data
[13.211s] symbolically linking /home/kingpooper/deepRacerWS/build/ros2_pca9685/resource/ros2_pca9685 -> /home/kingpooper/deepRacerWS/install/ros2_pca9685/share/ament_index/resource_index/packages
[13.213s] symbolically linking /home/kingpooper/deepRacerWS/build/ros2_pca9685/package.xml -> /home/kingpooper/deepRacerWS/install/ros2_pca9685/share/ros2_pca9685
[13.472s] Invoked command in '/home/kingpooper/deepRacerWS/build/ros2_pca9685' returned '0': PYTHONPATH=/home/kingpooper/deepRacerWS/build/ros2_pca9685/prefix_override:/usr/lib/python3/dist-packages/colcon_core/task/python/colcon_distutils_commands:/home/kingpooper/deepRacerWS/install/ros2_pca9685/lib/python3.10/site-packages:${PYTHONPATH} /usr/bin/python3 -W ignore:setup.py install is deprecated -W ignore:easy_install command is deprecated setup.py develop --editable --build-directory /home/kingpooper/deepRacerWS/build/ros2_pca9685/build --no-deps symlink_data --force
