/home/kingpooper/deepRacerWS/install/tape/lib/python3.10/site-packages/tape/tape_follower.py
/home/kingpooper/deepRacerWS/install/tape/lib/python3.10/site-packages/tape/__init__.py
/home/kingpooper/deepRacerWS/install/tape/lib/python3.10/site-packages/tape/my_tape_follower.py
/home/kingpooper/deepRacerWS/install/tape/lib/python3.10/site-packages/tape/image_subscriber.py
/home/kingpooper/deepRacerWS/install/tape/lib/python3.10/site-packages/tape/__pycache__/tape_follower.cpython-310.pyc
/home/kingpooper/deepRacerWS/install/tape/lib/python3.10/site-packages/tape/__pycache__/__init__.cpython-310.pyc
/home/kingpooper/deepRacerWS/install/tape/lib/python3.10/site-packages/tape/__pycache__/my_tape_follower.cpython-310.pyc
/home/kingpooper/deepRacerWS/install/tape/lib/python3.10/site-packages/tape/__pycache__/image_subscriber.cpython-310.pyc
/home/kingpooper/deepRacerWS/install/tape/share/ament_index/resource_index/packages/tape
/home/kingpooper/deepRacerWS/install/tape/share/tape/package.xml
/home/kingpooper/deepRacerWS/install/tape/lib/python3.10/site-packages/tape-0.0.0-py3.10.egg-info/zip-safe
/home/kingpooper/deepRacerWS/install/tape/lib/python3.10/site-packages/tape-0.0.0-py3.10.egg-info/PKG-INFO
/home/kingpooper/deepRacerWS/install/tape/lib/python3.10/site-packages/tape-0.0.0-py3.10.egg-info/top_level.txt
/home/kingpooper/deepRacerWS/install/tape/lib/python3.10/site-packages/tape-0.0.0-py3.10.egg-info/requires.txt
/home/kingpooper/deepRacerWS/install/tape/lib/python3.10/site-packages/tape-0.0.0-py3.10.egg-info/entry_points.txt
/home/kingpooper/deepRacerWS/install/tape/lib/python3.10/site-packages/tape-0.0.0-py3.10.egg-info/dependency_links.txt
/home/kingpooper/deepRacerWS/install/tape/lib/python3.10/site-packages/tape-0.0.0-py3.10.egg-info/SOURCES.txt
/home/kingpooper/deepRacerWS/install/tape/lib/tape/image_subscriber
/home/kingpooper/deepRacerWS/install/tape/lib/tape/my_tape_follower
/home/kingpooper/deepRacerWS/install/tape/lib/tape/tape_follower
