[8.156s] Invoking command in '/home/kingpooper/deepRacerWS/src/control': PYTHONPATH=/home/kingpooper/deepRacerWS/build/control/prefix_override:/usr/lib/python3/dist-packages/colcon_core/task/python/colcon_distutils_commands:/home/kingpooper/deepRacerWS/install/control/lib/python3.10/site-packages:${PYTHONPATH} /usr/bin/python3 -W ignore:setup.py install is deprecated -W ignore:easy_install command is deprecated setup.py egg_info --egg-base ../../build/control build --build-base /home/kingpooper/deepRacerWS/build/control/build install --record /home/kingpooper/deepRacerWS/build/control/install.log --single-version-externally-managed install_data
[9.954s] running egg_info
[9.957s] writing ../../build/control/control.egg-info/PKG-INFO
[9.958s] writing dependency_links to ../../build/control/control.egg-info/dependency_links.txt
[9.960s] writing entry points to ../../build/control/control.egg-info/entry_points.txt
[9.962s] writing requirements to ../../build/control/control.egg-info/requires.txt
[9.962s] writing top-level names to ../../build/control/control.egg-info/top_level.txt
[9.975s] reading manifest file '../../build/control/control.egg-info/SOURCES.txt'
[9.979s] adding license file 'LICENSE'
[9.981s] writing manifest file '../../build/control/control.egg-info/SOURCES.txt'
[9.982s] running build
[9.983s] running build_py
[9.985s] running install
[9.987s] running install_lib
[9.999s] running install_data
[10.002s] running install_egg_info
[10.012s] removing '/home/kingpooper/deepRacerWS/install/control/lib/python3.10/site-packages/control-0.0.0-py3.10.egg-info' (and everything under it)
[10.014s] Copying ../../build/control/control.egg-info to /home/kingpooper/deepRacerWS/install/control/lib/python3.10/site-packages/control-0.0.0-py3.10.egg-info
[10.030s] running install_scripts
[10.141s] Installing subscriber script to /home/kingpooper/deepRacerWS/install/control/lib/control
[10.147s] writing list of installed files to '/home/kingpooper/deepRacerWS/build/control/install.log'
[10.408s] Invoked command in '/home/kingpooper/deepRacerWS/src/control' returned '0': PYTHONPATH=/home/kingpooper/deepRacerWS/build/control/prefix_override:/usr/lib/python3/dist-packages/colcon_core/task/python/colcon_distutils_commands:/home/kingpooper/deepRacerWS/install/control/lib/python3.10/site-packages:${PYTHONPATH} /usr/bin/python3 -W ignore:setup.py install is deprecated -W ignore:easy_install command is deprecated setup.py egg_info --egg-base ../../build/control build --build-base /home/kingpooper/deepRacerWS/build/control/build install --record /home/kingpooper/deepRacerWS/build/control/install.log --single-version-externally-managed install_data
