[3.516s] Invoking command in '/home/kingpooper/deepRacerWS/src/tape': PYTHONPATH=/home/kingpooper/deepRacerWS/build/tape/prefix_override:/usr/lib/python3/dist-packages/colcon_core/task/python/colcon_distutils_commands:/home/kingpooper/deepRacerWS/install/tape/lib/python3.10/site-packages:${PYTHONPATH} /usr/bin/python3 -W ignore:setup.py install is deprecated -W ignore:easy_install command is deprecated setup.py egg_info --egg-base ../../build/tape build --build-base /home/kingpooper/deepRacerWS/build/tape/build install --record /home/kingpooper/deepRacerWS/build/tape/install.log --single-version-externally-managed install_data
[4.941s] running egg_info
[4.945s] writing ../../build/tape/tape.egg-info/PKG-INFO
[4.946s] writing dependency_links to ../../build/tape/tape.egg-info/dependency_links.txt
[4.947s] writing entry points to ../../build/tape/tape.egg-info/entry_points.txt
[4.948s] writing requirements to ../../build/tape/tape.egg-info/requires.txt
[4.949s] writing top-level names to ../../build/tape/tape.egg-info/top_level.txt
[4.960s] reading manifest file '../../build/tape/tape.egg-info/SOURCES.txt'
[4.962s] adding license file 'LICENSE'
[4.965s] writing manifest file '../../build/tape/tape.egg-info/SOURCES.txt'
[4.975s] running build
[4.975s] running build_py
[4.976s] copying tape/stop_sign.py -> /home/kingpooper/deepRacerWS/build/tape/build/lib/tape
[4.980s] running install
[4.981s] running install_lib
[4.987s] copying /home/kingpooper/deepRacerWS/build/tape/build/lib/tape/stop_sign.py -> /home/kingpooper/deepRacerWS/install/tape/lib/python3.10/site-packages/tape
[4.992s] byte-compiling /home/kingpooper/deepRacerWS/install/tape/lib/python3.10/site-packages/tape/stop_sign.py to stop_sign.cpython-310.pyc
[4.996s] running install_data
[4.997s] running install_egg_info
[5.009s] removing '/home/kingpooper/deepRacerWS/install/tape/lib/python3.10/site-packages/tape-0.0.0-py3.10.egg-info' (and everything under it)
[5.009s] Copying ../../build/tape/tape.egg-info to /home/kingpooper/deepRacerWS/install/tape/lib/python3.10/site-packages/tape-0.0.0-py3.10.egg-info
[5.015s] running install_scripts
[5.102s] Installing image_subscriber script to /home/kingpooper/deepRacerWS/install/tape/lib/tape
[5.103s] Installing james_blue_tape script to /home/kingpooper/deepRacerWS/install/tape/lib/tape
[5.104s] Installing my_blue_tape_follower script to /home/kingpooper/deepRacerWS/install/tape/lib/tape
[5.105s] Installing my_sexy_tape_follower script to /home/kingpooper/deepRacerWS/install/tape/lib/tape
[5.106s] Installing my_tape_follower script to /home/kingpooper/deepRacerWS/install/tape/lib/tape
[5.107s] Installing stop_sign script to /home/kingpooper/deepRacerWS/install/tape/lib/tape
[5.107s] Installing tape_follower script to /home/kingpooper/deepRacerWS/install/tape/lib/tape
[5.108s] Installing tom_blue_tape script to /home/kingpooper/deepRacerWS/install/tape/lib/tape
[5.111s] writing list of installed files to '/home/kingpooper/deepRacerWS/build/tape/install.log'
[5.275s] Invoked command in '/home/kingpooper/deepRacerWS/src/tape' returned '0': PYTHONPATH=/home/kingpooper/deepRacerWS/build/tape/prefix_override:/usr/lib/python3/dist-packages/colcon_core/task/python/colcon_distutils_commands:/home/kingpooper/deepRacerWS/install/tape/lib/python3.10/site-packages:${PYTHONPATH} /usr/bin/python3 -W ignore:setup.py install is deprecated -W ignore:easy_install command is deprecated setup.py egg_info --egg-base ../../build/tape build --build-base /home/kingpooper/deepRacerWS/build/tape/build install --record /home/kingpooper/deepRacerWS/build/tape/install.log --single-version-externally-managed install_data
