[1.016s] Invoking command in '/home/kingpooper/deepRacerWS/build/rplidar_ros': /usr/bin/cmake /home/kingpooper/deepRacerWS/src/rplidar_ros -DAMENT_CMAKE_SYMLINK_INSTALL=1 -DCMAKE_INSTALL_PREFIX=/home/kingpooper/deepRacerWS/install/rplidar_ros
[2.176s] -- The C compiler identification is GNU 11.4.0
[3.134s] -- The CXX compiler identification is GNU 11.4.0
[3.198s] -- Detecting C compiler ABI info
[3.605s] -- Detecting C compiler ABI info - done
[3.634s] -- Check for working C compiler: /usr/bin/cc - skipped
[3.635s] -- Detecting C compile features
[3.638s] -- Detecting C compile features - done
[3.656s] -- Detecting CXX compiler ABI info
[4.081s] -- Detecting CXX compiler ABI info - done
[4.110s] -- Check for working CXX compiler: /usr/bin/c++ - skipped
[4.111s] -- Detecting CXX compile features
[4.113s] -- Detecting CXX compile features - done
[4.283s] [31mCMake Error at CMakeLists.txt:45 (find_package):
[4.288s]   By not providing "Findament_cmake.cmake" in CMAKE_MODULE_PATH this project
[4.290s]   has asked CMake to find a package configuration file provided by
[4.290s]   "ament_cmake", but CMake did not find one.
[4.291s] 
[4.292s]   Could not find a package configuration file provided by "ament_cmake" with
[4.293s]   any of the following names:
[4.294s] 
[4.295s]     ament_cmakeConfig.cmake
[4.295s]     ament_cmake-config.cmake
[4.296s] 
[4.296s]   Add the installation prefix of "ament_cmake" to CMAKE_PREFIX_PATH or set
[4.297s]   "ament_cmake_DIR" to a directory containing one of the above files.  If
[4.297s]   "ament_cmake" provides a separate development package or SDK, be sure it
[4.298s]   has been installed.
[4.298s] 
[4.299s] [0m
[4.304s] -- Configuring incomplete, errors occurred!
[4.305s] See also "/home/kingpooper/deepRacerWS/build/rplidar_ros/CMakeFiles/CMakeOutput.log".
[4.307s] Invoked command in '/home/kingpooper/deepRacerWS/build/rplidar_ros' returned '1': /usr/bin/cmake /home/kingpooper/deepRacerWS/src/rplidar_ros -DAMENT_CMAKE_SYMLINK_INSTALL=1 -DCMAKE_INSTALL_PREFIX=/home/kingpooper/deepRacerWS/install/rplidar_ros
