[5.886s] Invoking command in '/home/kingpooper/deepRacerWS/src/tape': PYTHONPATH=/home/kingpooper/deepRacerWS/build/tape/prefix_override:/usr/lib/python3/dist-packages/colcon_core/task/python/colcon_distutils_commands:/home/kingpooper/deepRacerWS/install/tape/lib/python3.10/site-packages:${PYTHONPATH} /usr/bin/python3 -W ignore:setup.py install is deprecated -W ignore:easy_install command is deprecated setup.py egg_info --egg-base ../../build/tape build --build-base /home/kingpooper/deepRacerWS/build/tape/build install --record /home/kingpooper/deepRacerWS/build/tape/install.log --single-version-externally-managed install_data
[8.640s] running egg_info
[8.646s] writing ../../build/tape/tape.egg-info/PKG-INFO
[8.651s] writing dependency_links to ../../build/tape/tape.egg-info/dependency_links.txt
[8.662s] writing entry points to ../../build/tape/tape.egg-info/entry_points.txt
[8.666s] writing requirements to ../../build/tape/tape.egg-info/requires.txt
[8.666s] writing top-level names to ../../build/tape/tape.egg-info/top_level.txt
[8.688s] reading manifest file '../../build/tape/tape.egg-info/SOURCES.txt'
[8.689s] adding license file 'LICENSE'
[8.693s] writing manifest file '../../build/tape/tape.egg-info/SOURCES.txt'
[8.697s] running build
[8.698s] running build_py
[8.699s] copying tape/school_zone.py -> /home/kingpooper/deepRacerWS/build/tape/build/lib/tape
[8.705s] running install
[8.709s] running install_lib
[8.718s] copying /home/kingpooper/deepRacerWS/build/tape/build/lib/tape/school_zone.py -> /home/kingpooper/deepRacerWS/install/tape/lib/python3.10/site-packages/tape
[8.727s] byte-compiling /home/kingpooper/deepRacerWS/install/tape/lib/python3.10/site-packages/tape/school_zone.py to school_zone.cpython-310.pyc
[8.737s] running install_data
[8.739s] running install_egg_info
[8.742s] removing '/home/kingpooper/deepRacerWS/install/tape/lib/python3.10/site-packages/tape-0.0.0-py3.10.egg-info' (and everything under it)
[8.745s] Copying ../../build/tape/tape.egg-info to /home/kingpooper/deepRacerWS/install/tape/lib/python3.10/site-packages/tape-0.0.0-py3.10.egg-info
[8.754s] running install_scripts
[8.929s] Installing image_subscriber script to /home/kingpooper/deepRacerWS/install/tape/lib/tape
[8.930s] Installing james_blue_tape script to /home/kingpooper/deepRacerWS/install/tape/lib/tape
[8.931s] Installing my_blue_tape_follower script to /home/kingpooper/deepRacerWS/install/tape/lib/tape
[8.931s] Installing my_sexy_tape_follower script to /home/kingpooper/deepRacerWS/install/tape/lib/tape
[8.945s] Installing my_tape_follower script to /home/kingpooper/deepRacerWS/install/tape/lib/tape
[8.952s] Installing obs_avoid script to /home/kingpooper/deepRacerWS/install/tape/lib/tape
[8.955s] Installing school_zone script to /home/kingpooper/deepRacerWS/install/tape/lib/tape
[8.980s] Installing stop_sign script to /home/kingpooper/deepRacerWS/install/tape/lib/tape
[8.988s] Installing tape_follower script to /home/kingpooper/deepRacerWS/install/tape/lib/tape
[8.998s] Installing tom_blue_tape script to /home/kingpooper/deepRacerWS/install/tape/lib/tape
[8.999s] writing list of installed files to '/home/kingpooper/deepRacerWS/build/tape/install.log'
[9.336s] Invoked command in '/home/kingpooper/deepRacerWS/src/tape' returned '0': PYTHONPATH=/home/kingpooper/deepRacerWS/build/tape/prefix_override:/usr/lib/python3/dist-packages/colcon_core/task/python/colcon_distutils_commands:/home/kingpooper/deepRacerWS/install/tape/lib/python3.10/site-packages:${PYTHONPATH} /usr/bin/python3 -W ignore:setup.py install is deprecated -W ignore:easy_install command is deprecated setup.py egg_info --egg-base ../../build/tape build --build-base /home/kingpooper/deepRacerWS/build/tape/build install --record /home/kingpooper/deepRacerWS/build/tape/install.log --single-version-externally-managed install_data
