[0.095s] Invoking command in '/home/kingpooper/deepRacerWS/build/robot_car': CMAKE_PREFIX_PATH=${CMAKE_PREFIX_PATH}:/home/kingpooper/deepRacerWS/install/tape:/home/kingpooper/deepRacerWS/install/ros2_pca9685:/home/kingpooper/deepRacerWS/install/control:/opt/ros/humble /usr/bin/cmake --build /home/kingpooper/deepRacerWS/build/robot_car -- -j4 -l4
[0.361s] Invoked command in '/home/kingpooper/deepRacerWS/build/robot_car' returned '0': CMAKE_PREFIX_PATH=${CMAKE_PREFIX_PATH}:/home/kingpooper/deepRacerWS/install/tape:/home/kingpooper/deepRacerWS/install/ros2_pca9685:/home/kingpooper/deepRacerWS/install/control:/opt/ros/humble /usr/bin/cmake --build /home/kingpooper/deepRacerWS/build/robot_car -- -j4 -l4
[0.399s] Invoking command in '/home/kingpooper/deepRacerWS/build/robot_car': CMAKE_PREFIX_PATH=${CMAKE_PREFIX_PATH}:/home/kingpooper/deepRacerWS/install/tape:/home/kingpooper/deepRacerWS/install/ros2_pca9685:/home/kingpooper/deepRacerWS/install/control:/opt/ros/humble /usr/bin/cmake --install /home/kingpooper/deepRacerWS/build/robot_car
[0.445s] -- Install configuration: ""
[0.447s] -- Up-to-date: /home/kingpooper/deepRacerWS/install/robot_car/lib/robot_car/bicycle_model_scott.py
[0.448s] -- Installing: /home/kingpooper/deepRacerWS/install/robot_car/lib/robot_car/map_metadata_relay.py
[0.455s] -- Up-to-date: /home/kingpooper/deepRacerWS/install/robot_car/share/robot_car/launch
[0.456s] -- Up-to-date: /home/kingpooper/deepRacerWS/install/robot_car/share/robot_car/launch/display.launch.py
[0.456s] -- Up-to-date: /home/kingpooper/deepRacerWS/install/robot_car/share/robot_car/launch/__pycache__
[0.457s] -- Up-to-date: /home/kingpooper/deepRacerWS/install/robot_car/share/robot_car/launch/__pycache__/display.launch.cpython-310.pyc
[0.458s] -- Up-to-date: /home/kingpooper/deepRacerWS/install/robot_car/share/robot_car/launch/__pycache__/test_localization_launch.cpython-310.pyc
[0.459s] -- Up-to-date: /home/kingpooper/deepRacerWS/install/robot_car/share/robot_car/launch/__pycache__/localization.launch.cpython-310.pyc
[0.460s] -- Up-to-date: /home/kingpooper/deepRacerWS/install/robot_car/share/robot_car/launch/localization.launch.py
[0.460s] -- Installing: /home/kingpooper/deepRacerWS/install/robot_car/share/robot_car/launch/test_localization_launch.py
[0.461s] -- Installing: /home/kingpooper/deepRacerWS/install/robot_car/share/robot_car/launch/map_server_test.py
[0.462s] -- Up-to-date: /home/kingpooper/deepRacerWS/install/robot_car/share/robot_car/urdf
[0.462s] -- Up-to-date: /home/kingpooper/deepRacerWS/install/robot_car/share/robot_car/urdf/description
[0.464s] -- Up-to-date: /home/kingpooper/deepRacerWS/install/robot_car/share/robot_car/urdf/description/robot_car_description.urdf
[0.464s] -- Up-to-date: /home/kingpooper/deepRacerWS/install/robot_car/share/robot_car/config
[0.466s] -- Up-to-date: /home/kingpooper/deepRacerWS/install/robot_car/share/robot_car/config/localization_params.yaml
[0.467s] -- Up-to-date: /home/kingpooper/deepRacerWS/install/robot_car/share/robot_car/config/nav2_params.yaml
[0.469s] -- Up-to-date: /home/kingpooper/deepRacerWS/install/robot_car/share/robot_car/config/mapper_params_online_async.yaml
[0.470s] -- Up-to-date: /home/kingpooper/deepRacerWS/install/robot_car/share/robot_car/rviz
[0.471s] -- Up-to-date: /home/kingpooper/deepRacerWS/install/robot_car/share/robot_car/rviz/config.rviz
[0.478s] -- Up-to-date: /home/kingpooper/deepRacerWS/install/robot_car/share/ament_index/resource_index/package_run_dependencies/robot_car
[0.479s] -- Up-to-date: /home/kingpooper/deepRacerWS/install/robot_car/share/ament_index/resource_index/parent_prefix_path/robot_car
[0.479s] -- Up-to-date: /home/kingpooper/deepRacerWS/install/robot_car/share/robot_car/environment/ament_prefix_path.sh
[0.490s] -- Up-to-date: /home/kingpooper/deepRacerWS/install/robot_car/share/robot_car/environment/ament_prefix_path.dsv
[0.494s] -- Up-to-date: /home/kingpooper/deepRacerWS/install/robot_car/share/robot_car/environment/path.sh
[0.499s] -- Up-to-date: /home/kingpooper/deepRacerWS/install/robot_car/share/robot_car/environment/path.dsv
[0.508s] -- Up-to-date: /home/kingpooper/deepRacerWS/install/robot_car/share/robot_car/local_setup.bash
[0.509s] -- Up-to-date: /home/kingpooper/deepRacerWS/install/robot_car/share/robot_car/local_setup.sh
[0.510s] -- Up-to-date: /home/kingpooper/deepRacerWS/install/robot_car/share/robot_car/local_setup.zsh
[0.515s] -- Up-to-date: /home/kingpooper/deepRacerWS/install/robot_car/share/robot_car/local_setup.dsv
[0.519s] -- Installing: /home/kingpooper/deepRacerWS/install/robot_car/share/robot_car/package.dsv
[0.519s] -- Up-to-date: /home/kingpooper/deepRacerWS/install/robot_car/share/ament_index/resource_index/packages/robot_car
[0.520s] -- Up-to-date: /home/kingpooper/deepRacerWS/install/robot_car/share/robot_car/cmake/robot_carConfig.cmake
[0.527s] -- Up-to-date: /home/kingpooper/deepRacerWS/install/robot_car/share/robot_car/cmake/robot_carConfig-version.cmake
[0.529s] -- Up-to-date: /home/kingpooper/deepRacerWS/install/robot_car/share/robot_car/package.xml
[0.532s] Invoked command in '/home/kingpooper/deepRacerWS/build/robot_car' returned '0': CMAKE_PREFIX_PATH=${CMAKE_PREFIX_PATH}:/home/kingpooper/deepRacerWS/install/tape:/home/kingpooper/deepRacerWS/install/ros2_pca9685:/home/kingpooper/deepRacerWS/install/control:/opt/ros/humble /usr/bin/cmake --install /home/kingpooper/deepRacerWS/build/robot_car
