[0.996s] DEBUG:colcon:Command line arguments: ['/usr/bin/colcon', 'build', '--packages-select', 'tape']
[0.997s] DEBUG:colcon:Parsed command line arguments: Namespace(log_base=None, log_level=None, verb_name='build', build_base='build', install_base='install', merge_install=False, symlink_install=False, test_result_base=None, continue_on_error=False, executor='parallel', parallel_workers=4, event_handlers=None, ignore_user_meta=False, metas=['./colcon.meta'], base_paths=['.'], packages_ignore=None, packages_ignore_regex=None, paths=None, packages_up_to=None, packages_up_to_regex=None, packages_above=None, packages_above_and_dependencies=None, packages_above_depth=None, packages_select_by_dep=None, packages_skip_by_dep=None, packages_skip_up_to=None, packages_select_build_failed=False, packages_skip_build_finished=False, packages_select_test_failures=False, packages_skip_test_passed=False, packages_select=['tape'], packages_skip=None, packages_select_regex=None, packages_skip_regex=None, packages_start=None, packages_end=None, allow_overriding=[], cmake_args=None, cmake_target=None, cmake_target_skip_unavailable=False, cmake_clean_cache=False, cmake_clean_first=False, cmake_force_configure=False, ament_cmake_args=None, catkin_cmake_args=None, catkin_skip_building_tests=False, mixin_files=None, mixin=None, verb_parser=<colcon_mixin.mixin.mixin_argument.MixinArgumentDecorator object at 0xffffab256200>, verb_extension=<colcon_core.verb.build.BuildVerb object at 0xffffab40f100>, main=<bound method BuildVerb.main of <colcon_core.verb.build.BuildVerb object at 0xffffab40f100>>, mixin_verb=('build',))
[3.073s] Level 1:colcon.colcon_core.package_discovery:discover_packages(colcon_meta) check parameters
[3.074s] Level 1:colcon.colcon_core.package_discovery:discover_packages(recursive) check parameters
[3.075s] Level 1:colcon.colcon_core.package_discovery:discover_packages(ignore) check parameters
[3.076s] Level 1:colcon.colcon_core.package_discovery:discover_packages(path) check parameters
[3.077s] Level 1:colcon.colcon_core.package_discovery:discover_packages(colcon_meta) discover
[3.079s] Level 1:colcon.colcon_core.package_discovery:discover_packages(recursive) discover
[3.081s] INFO:colcon.colcon_core.package_discovery:Crawling recursively for packages in '/home/kingpooper/deepRacerWS'
[3.083s] Level 1:colcon.colcon_core.package_identification:_identify(.) by extensions ['ignore', 'ignore_ament_install']
[3.086s] Level 1:colcon.colcon_core.package_identification:_identify(.) by extension 'ignore'
[3.088s] Level 1:colcon.colcon_core.package_identification:_identify(.) by extension 'ignore_ament_install'
[3.089s] Level 1:colcon.colcon_core.package_identification:_identify(.) by extensions ['colcon_pkg']
[3.091s] Level 1:colcon.colcon_core.package_identification:_identify(.) by extension 'colcon_pkg'
[3.092s] Level 1:colcon.colcon_core.package_identification:_identify(.) by extensions ['colcon_meta']
[3.094s] Level 1:colcon.colcon_core.package_identification:_identify(.) by extension 'colcon_meta'
[3.095s] Level 1:colcon.colcon_core.package_identification:_identify(.) by extensions ['ros']
[3.097s] Level 1:colcon.colcon_core.package_identification:_identify(.) by extension 'ros'
[3.192s] Level 1:colcon.colcon_core.package_identification:_identify(.) by extensions ['cmake', 'python']
[3.193s] Level 1:colcon.colcon_core.package_identification:_identify(.) by extension 'cmake'
[3.194s] Level 1:colcon.colcon_core.package_identification:_identify(.) by extension 'python'
[3.195s] Level 1:colcon.colcon_core.package_identification:_identify(.) by extensions ['python_setup_py']
[3.195s] Level 1:colcon.colcon_core.package_identification:_identify(.) by extension 'python_setup_py'
[3.197s] Level 1:colcon.colcon_core.package_identification:_identify(build) by extensions ['ignore', 'ignore_ament_install']
[3.199s] Level 1:colcon.colcon_core.package_identification:_identify(build) by extension 'ignore'
[3.200s] Level 1:colcon.colcon_core.package_identification:_identify(build) ignored
[3.201s] Level 1:colcon.colcon_core.package_identification:_identify(install) by extensions ['ignore', 'ignore_ament_install']
[3.203s] Level 1:colcon.colcon_core.package_identification:_identify(install) by extension 'ignore'
[3.204s] Level 1:colcon.colcon_core.package_identification:_identify(install) ignored
[3.205s] Level 1:colcon.colcon_core.package_identification:_identify(launch) by extensions ['ignore', 'ignore_ament_install']
[3.206s] Level 1:colcon.colcon_core.package_identification:_identify(launch) by extension 'ignore'
[3.208s] Level 1:colcon.colcon_core.package_identification:_identify(launch) by extension 'ignore_ament_install'
[3.209s] Level 1:colcon.colcon_core.package_identification:_identify(launch) by extensions ['colcon_pkg']
[3.210s] Level 1:colcon.colcon_core.package_identification:_identify(launch) by extension 'colcon_pkg'
[3.212s] Level 1:colcon.colcon_core.package_identification:_identify(launch) by extensions ['colcon_meta']
[3.213s] Level 1:colcon.colcon_core.package_identification:_identify(launch) by extension 'colcon_meta'
[3.215s] Level 1:colcon.colcon_core.package_identification:_identify(launch) by extensions ['ros']
[3.215s] Level 1:colcon.colcon_core.package_identification:_identify(launch) by extension 'ros'
[3.216s] Level 1:colcon.colcon_core.package_identification:_identify(launch) by extensions ['cmake', 'python']
[3.217s] Level 1:colcon.colcon_core.package_identification:_identify(launch) by extension 'cmake'
[3.218s] Level 1:colcon.colcon_core.package_identification:_identify(launch) by extension 'python'
[3.219s] Level 1:colcon.colcon_core.package_identification:_identify(launch) by extensions ['python_setup_py']
[3.219s] Level 1:colcon.colcon_core.package_identification:_identify(launch) by extension 'python_setup_py'
[3.221s] Level 1:colcon.colcon_core.package_identification:_identify(launch/__pycache__) by extensions ['ignore', 'ignore_ament_install']
[3.222s] Level 1:colcon.colcon_core.package_identification:_identify(launch/__pycache__) by extension 'ignore'
[3.222s] Level 1:colcon.colcon_core.package_identification:_identify(launch/__pycache__) by extension 'ignore_ament_install'
[3.223s] Level 1:colcon.colcon_core.package_identification:_identify(launch/__pycache__) by extensions ['colcon_pkg']
[3.224s] Level 1:colcon.colcon_core.package_identification:_identify(launch/__pycache__) by extension 'colcon_pkg'
[3.225s] Level 1:colcon.colcon_core.package_identification:_identify(launch/__pycache__) by extensions ['colcon_meta']
[3.225s] Level 1:colcon.colcon_core.package_identification:_identify(launch/__pycache__) by extension 'colcon_meta'
[3.226s] Level 1:colcon.colcon_core.package_identification:_identify(launch/__pycache__) by extensions ['ros']
[3.227s] Level 1:colcon.colcon_core.package_identification:_identify(launch/__pycache__) by extension 'ros'
[3.228s] Level 1:colcon.colcon_core.package_identification:_identify(launch/__pycache__) by extensions ['cmake', 'python']
[3.229s] Level 1:colcon.colcon_core.package_identification:_identify(launch/__pycache__) by extension 'cmake'
[3.229s] Level 1:colcon.colcon_core.package_identification:_identify(launch/__pycache__) by extension 'python'
[3.230s] Level 1:colcon.colcon_core.package_identification:_identify(launch/__pycache__) by extensions ['python_setup_py']
[3.231s] Level 1:colcon.colcon_core.package_identification:_identify(launch/__pycache__) by extension 'python_setup_py'
[3.233s] Level 1:colcon.colcon_core.package_identification:_identify(launch/build) by extensions ['ignore', 'ignore_ament_install']
[3.233s] Level 1:colcon.colcon_core.package_identification:_identify(launch/build) by extension 'ignore'
[3.234s] Level 1:colcon.colcon_core.package_identification:_identify(launch/build) ignored
[3.235s] Level 1:colcon.colcon_core.package_identification:_identify(launch/install) by extensions ['ignore', 'ignore_ament_install']
[3.236s] Level 1:colcon.colcon_core.package_identification:_identify(launch/install) by extension 'ignore'
[3.237s] Level 1:colcon.colcon_core.package_identification:_identify(launch/install) ignored
[3.239s] Level 1:colcon.colcon_core.package_identification:_identify(launch/log) by extensions ['ignore', 'ignore_ament_install']
[3.240s] Level 1:colcon.colcon_core.package_identification:_identify(launch/log) by extension 'ignore'
[3.241s] Level 1:colcon.colcon_core.package_identification:_identify(launch/log) ignored
[3.245s] Level 1:colcon.colcon_core.package_identification:_identify(log) by extensions ['ignore', 'ignore_ament_install']
[3.247s] Level 1:colcon.colcon_core.package_identification:_identify(log) by extension 'ignore'
[3.248s] Level 1:colcon.colcon_core.package_identification:_identify(log) ignored
[3.250s] Level 1:colcon.colcon_core.package_identification:_identify(src) by extensions ['ignore', 'ignore_ament_install']
[3.252s] Level 1:colcon.colcon_core.package_identification:_identify(src) by extension 'ignore'
[3.253s] Level 1:colcon.colcon_core.package_identification:_identify(src) by extension 'ignore_ament_install'
[3.253s] Level 1:colcon.colcon_core.package_identification:_identify(src) by extensions ['colcon_pkg']
[3.253s] Level 1:colcon.colcon_core.package_identification:_identify(src) by extension 'colcon_pkg'
[3.254s] Level 1:colcon.colcon_core.package_identification:_identify(src) by extensions ['colcon_meta']
[3.254s] Level 1:colcon.colcon_core.package_identification:_identify(src) by extension 'colcon_meta'
[3.255s] Level 1:colcon.colcon_core.package_identification:_identify(src) by extensions ['ros']
[3.255s] Level 1:colcon.colcon_core.package_identification:_identify(src) by extension 'ros'
[3.256s] Level 1:colcon.colcon_core.package_identification:_identify(src) by extensions ['cmake', 'python']
[3.258s] Level 1:colcon.colcon_core.package_identification:_identify(src) by extension 'cmake'
[3.260s] Level 1:colcon.colcon_core.package_identification:_identify(src) by extension 'python'
[3.260s] Level 1:colcon.colcon_core.package_identification:_identify(src) by extensions ['python_setup_py']
[3.260s] Level 1:colcon.colcon_core.package_identification:_identify(src) by extension 'python_setup_py'
[3.261s] Level 1:colcon.colcon_core.package_identification:_identify(src/build) by extensions ['ignore', 'ignore_ament_install']
[3.262s] Level 1:colcon.colcon_core.package_identification:_identify(src/build) by extension 'ignore'
[3.263s] Level 1:colcon.colcon_core.package_identification:_identify(src/build) ignored
[3.264s] Level 1:colcon.colcon_core.package_identification:_identify(src/control) by extensions ['ignore', 'ignore_ament_install']
[3.265s] Level 1:colcon.colcon_core.package_identification:_identify(src/control) by extension 'ignore'
[3.265s] Level 1:colcon.colcon_core.package_identification:_identify(src/control) by extension 'ignore_ament_install'
[3.265s] Level 1:colcon.colcon_core.package_identification:_identify(src/control) by extensions ['colcon_pkg']
[3.268s] Level 1:colcon.colcon_core.package_identification:_identify(src/control) by extension 'colcon_pkg'
[3.268s] Level 1:colcon.colcon_core.package_identification:_identify(src/control) by extensions ['colcon_meta']
[3.269s] Level 1:colcon.colcon_core.package_identification:_identify(src/control) by extension 'colcon_meta'
[3.269s] Level 1:colcon.colcon_core.package_identification:_identify(src/control) by extensions ['ros']
[3.269s] Level 1:colcon.colcon_core.package_identification:_identify(src/control) by extension 'ros'
[3.280s] DEBUG:colcon.colcon_core.package_identification:Package 'src/control' with type 'ros.ament_python' and name 'control'
[3.281s] Level 1:colcon.colcon_core.package_identification:_identify(src/install) by extensions ['ignore', 'ignore_ament_install']
[3.282s] Level 1:colcon.colcon_core.package_identification:_identify(src/install) by extension 'ignore'
[3.282s] Level 1:colcon.colcon_core.package_identification:_identify(src/install) ignored
[3.283s] Level 1:colcon.colcon_core.package_identification:_identify(src/log) by extensions ['ignore', 'ignore_ament_install']
[3.284s] Level 1:colcon.colcon_core.package_identification:_identify(src/log) by extension 'ignore'
[3.284s] Level 1:colcon.colcon_core.package_identification:_identify(src/log) ignored
[3.285s] Level 1:colcon.colcon_core.package_identification:_identify(src/robot_car) by extensions ['ignore', 'ignore_ament_install']
[3.285s] Level 1:colcon.colcon_core.package_identification:_identify(src/robot_car) by extension 'ignore'
[3.286s] Level 1:colcon.colcon_core.package_identification:_identify(src/robot_car) by extension 'ignore_ament_install'
[3.286s] Level 1:colcon.colcon_core.package_identification:_identify(src/robot_car) by extensions ['colcon_pkg']
[3.287s] Level 1:colcon.colcon_core.package_identification:_identify(src/robot_car) by extension 'colcon_pkg'
[3.287s] Level 1:colcon.colcon_core.package_identification:_identify(src/robot_car) by extensions ['colcon_meta']
[3.287s] Level 1:colcon.colcon_core.package_identification:_identify(src/robot_car) by extension 'colcon_meta'
[3.287s] Level 1:colcon.colcon_core.package_identification:_identify(src/robot_car) by extensions ['ros']
[3.288s] Level 1:colcon.colcon_core.package_identification:_identify(src/robot_car) by extension 'ros'
[3.334s] DEBUG:colcon.colcon_core.package_identification:Package 'src/robot_car' with type 'ros.ament_cmake' and name 'robot_car'
[3.335s] Level 1:colcon.colcon_core.package_identification:_identify(src/ros2_pca9685) by extensions ['ignore', 'ignore_ament_install']
[3.335s] Level 1:colcon.colcon_core.package_identification:_identify(src/ros2_pca9685) by extension 'ignore'
[3.336s] Level 1:colcon.colcon_core.package_identification:_identify(src/ros2_pca9685) by extension 'ignore_ament_install'
[3.336s] Level 1:colcon.colcon_core.package_identification:_identify(src/ros2_pca9685) by extensions ['colcon_pkg']
[3.336s] Level 1:colcon.colcon_core.package_identification:_identify(src/ros2_pca9685) by extension 'colcon_pkg'
[3.337s] Level 1:colcon.colcon_core.package_identification:_identify(src/ros2_pca9685) by extensions ['colcon_meta']
[3.337s] Level 1:colcon.colcon_core.package_identification:_identify(src/ros2_pca9685) by extension 'colcon_meta'
[3.337s] Level 1:colcon.colcon_core.package_identification:_identify(src/ros2_pca9685) by extensions ['ros']
[3.337s] Level 1:colcon.colcon_core.package_identification:_identify(src/ros2_pca9685) by extension 'ros'
[3.339s] DEBUG:colcon.colcon_core.package_identification:Package 'src/ros2_pca9685' with type 'ros.ament_python' and name 'ros2_pca9685'
[3.340s] Level 1:colcon.colcon_core.package_identification:_identify(src/ros2_v4l2_camera) by extensions ['ignore', 'ignore_ament_install']
[3.341s] Level 1:colcon.colcon_core.package_identification:_identify(src/ros2_v4l2_camera) by extension 'ignore'
[3.341s] Level 1:colcon.colcon_core.package_identification:_identify(src/ros2_v4l2_camera) by extension 'ignore_ament_install'
[3.342s] Level 1:colcon.colcon_core.package_identification:_identify(src/ros2_v4l2_camera) by extensions ['colcon_pkg']
[3.342s] Level 1:colcon.colcon_core.package_identification:_identify(src/ros2_v4l2_camera) by extension 'colcon_pkg'
[3.343s] Level 1:colcon.colcon_core.package_identification:_identify(src/ros2_v4l2_camera) by extensions ['colcon_meta']
[3.343s] Level 1:colcon.colcon_core.package_identification:_identify(src/ros2_v4l2_camera) by extension 'colcon_meta'
[3.343s] Level 1:colcon.colcon_core.package_identification:_identify(src/ros2_v4l2_camera) by extensions ['ros']
[3.343s] Level 1:colcon.colcon_core.package_identification:_identify(src/ros2_v4l2_camera) by extension 'ros'
[3.347s] DEBUG:colcon.colcon_core.package_identification:Package 'src/ros2_v4l2_camera' with type 'ros.ament_cmake' and name 'v4l2_camera'
[3.348s] Level 1:colcon.colcon_core.package_identification:_identify(src/rplidar_ros) by extensions ['ignore', 'ignore_ament_install']
[3.349s] Level 1:colcon.colcon_core.package_identification:_identify(src/rplidar_ros) by extension 'ignore'
[3.349s] Level 1:colcon.colcon_core.package_identification:_identify(src/rplidar_ros) by extension 'ignore_ament_install'
[3.349s] Level 1:colcon.colcon_core.package_identification:_identify(src/rplidar_ros) by extensions ['colcon_pkg']
[3.349s] Level 1:colcon.colcon_core.package_identification:_identify(src/rplidar_ros) by extension 'colcon_pkg'
[3.350s] Level 1:colcon.colcon_core.package_identification:_identify(src/rplidar_ros) by extensions ['colcon_meta']
[3.350s] Level 1:colcon.colcon_core.package_identification:_identify(src/rplidar_ros) by extension 'colcon_meta'
[3.350s] Level 1:colcon.colcon_core.package_identification:_identify(src/rplidar_ros) by extensions ['ros']
[3.350s] Level 1:colcon.colcon_core.package_identification:_identify(src/rplidar_ros) by extension 'ros'
[3.353s] DEBUG:colcon.colcon_core.package_identification:Package 'src/rplidar_ros' with type 'ros.ament_cmake' and name 'rplidar_ros'
[3.354s] Level 1:colcon.colcon_core.package_identification:_identify(src/slamconfig) by extensions ['ignore', 'ignore_ament_install']
[3.355s] Level 1:colcon.colcon_core.package_identification:_identify(src/slamconfig) by extension 'ignore'
[3.355s] Level 1:colcon.colcon_core.package_identification:_identify(src/slamconfig) by extension 'ignore_ament_install'
[3.355s] Level 1:colcon.colcon_core.package_identification:_identify(src/slamconfig) by extensions ['colcon_pkg']
[3.356s] Level 1:colcon.colcon_core.package_identification:_identify(src/slamconfig) by extension 'colcon_pkg'
[3.356s] Level 1:colcon.colcon_core.package_identification:_identify(src/slamconfig) by extensions ['colcon_meta']
[3.356s] Level 1:colcon.colcon_core.package_identification:_identify(src/slamconfig) by extension 'colcon_meta'
[3.357s] Level 1:colcon.colcon_core.package_identification:_identify(src/slamconfig) by extensions ['ros']
[3.357s] Level 1:colcon.colcon_core.package_identification:_identify(src/slamconfig) by extension 'ros'
[3.357s] Level 1:colcon.colcon_core.package_identification:_identify(src/slamconfig) by extensions ['cmake', 'python']
[3.358s] Level 1:colcon.colcon_core.package_identification:_identify(src/slamconfig) by extension 'cmake'
[3.358s] Level 1:colcon.colcon_core.package_identification:_identify(src/slamconfig) by extension 'python'
[3.358s] Level 1:colcon.colcon_core.package_identification:_identify(src/slamconfig) by extensions ['python_setup_py']
[3.359s] Level 1:colcon.colcon_core.package_identification:_identify(src/slamconfig) by extension 'python_setup_py'
[3.359s] Level 1:colcon.colcon_core.package_identification:_identify(src/tape) by extensions ['ignore', 'ignore_ament_install']
[3.360s] Level 1:colcon.colcon_core.package_identification:_identify(src/tape) by extension 'ignore'
[3.360s] Level 1:colcon.colcon_core.package_identification:_identify(src/tape) by extension 'ignore_ament_install'
[3.361s] Level 1:colcon.colcon_core.package_identification:_identify(src/tape) by extensions ['colcon_pkg']
[3.361s] Level 1:colcon.colcon_core.package_identification:_identify(src/tape) by extension 'colcon_pkg'
[3.361s] Level 1:colcon.colcon_core.package_identification:_identify(src/tape) by extensions ['colcon_meta']
[3.362s] Level 1:colcon.colcon_core.package_identification:_identify(src/tape) by extension 'colcon_meta'
[3.362s] Level 1:colcon.colcon_core.package_identification:_identify(src/tape) by extensions ['ros']
[3.363s] Level 1:colcon.colcon_core.package_identification:_identify(src/tape) by extension 'ros'
[3.366s] DEBUG:colcon.colcon_core.package_identification:Package 'src/tape' with type 'ros.ament_python' and name 'tape'
[3.366s] Level 1:colcon.colcon_core.package_discovery:discover_packages(recursive) using defaults
[3.367s] Level 1:colcon.colcon_core.package_discovery:discover_packages(ignore) discover
[3.367s] Level 1:colcon.colcon_core.package_discovery:discover_packages(ignore) using defaults
[3.367s] Level 1:colcon.colcon_core.package_discovery:discover_packages(path) discover
[3.367s] Level 1:colcon.colcon_core.package_discovery:discover_packages(path) using defaults
[3.458s] INFO:colcon.colcon_core.package_selection:Skipping not selected package 'control' in 'src/control'
[3.459s] INFO:colcon.colcon_core.package_selection:Skipping not selected package 'robot_car' in 'src/robot_car'
[3.459s] INFO:colcon.colcon_core.package_selection:Skipping not selected package 'ros2_pca9685' in 'src/ros2_pca9685'
[3.459s] INFO:colcon.colcon_core.package_selection:Skipping not selected package 'rplidar_ros' in 'src/rplidar_ros'
[3.459s] INFO:colcon.colcon_core.package_selection:Skipping not selected package 'v4l2_camera' in 'src/ros2_v4l2_camera'
[3.461s] Level 1:colcon.colcon_core.package_discovery:discover_packages(prefix_path) check parameters
[3.462s] Level 1:colcon.colcon_core.package_discovery:discover_packages(prefix_path) discover
[3.473s] DEBUG:colcon.colcon_installed_package_information.package_discovery:Found 6 installed packages in /home/kingpooper/deepRacerWS/install
[3.485s] DEBUG:colcon.colcon_installed_package_information.package_discovery:Found 359 installed packages in /opt/ros/humble
[3.498s] Level 1:colcon.colcon_core.package_discovery:discover_packages(prefix_path) using defaults
[3.785s] Level 5:colcon.colcon_core.verb:set package 'tape' build argument 'cmake_args' from command line to 'None'
[3.785s] Level 5:colcon.colcon_core.verb:set package 'tape' build argument 'cmake_target' from command line to 'None'
[3.785s] Level 5:colcon.colcon_core.verb:set package 'tape' build argument 'cmake_target_skip_unavailable' from command line to 'False'
[3.785s] Level 5:colcon.colcon_core.verb:set package 'tape' build argument 'cmake_clean_cache' from command line to 'False'
[3.786s] Level 5:colcon.colcon_core.verb:set package 'tape' build argument 'cmake_clean_first' from command line to 'False'
[3.786s] Level 5:colcon.colcon_core.verb:set package 'tape' build argument 'cmake_force_configure' from command line to 'False'
[3.786s] Level 5:colcon.colcon_core.verb:set package 'tape' build argument 'ament_cmake_args' from command line to 'None'
[3.786s] Level 5:colcon.colcon_core.verb:set package 'tape' build argument 'catkin_cmake_args' from command line to 'None'
[3.787s] Level 5:colcon.colcon_core.verb:set package 'tape' build argument 'catkin_skip_building_tests' from command line to 'False'
[3.787s] DEBUG:colcon.colcon_core.verb:Building package 'tape' with the following arguments: {'ament_cmake_args': None, 'build_base': '/home/kingpooper/deepRacerWS/build/tape', 'catkin_cmake_args': None, 'catkin_skip_building_tests': False, 'cmake_args': None, 'cmake_clean_cache': False, 'cmake_clean_first': False, 'cmake_force_configure': False, 'cmake_target': None, 'cmake_target_skip_unavailable': False, 'install_base': '/home/kingpooper/deepRacerWS/install/tape', 'merge_install': False, 'path': '/home/kingpooper/deepRacerWS/src/tape', 'symlink_install': False, 'test_result_base': None}
[3.788s] INFO:colcon.colcon_core.executor:Executing jobs using 'parallel' executor
[3.792s] DEBUG:colcon.colcon_parallel_executor.executor.parallel:run_until_complete
[3.793s] INFO:colcon.colcon_ros.task.ament_python.build:Building ROS package in '/home/kingpooper/deepRacerWS/src/tape' with build type 'ament_python'
[3.795s] Level 1:colcon.colcon_core.shell:create_environment_hook('tape', 'ament_prefix_path')
[3.813s] INFO:colcon.colcon_core.plugin_system:Skipping extension 'colcon_core.shell.bat': Not used on non-Windows systems
[3.814s] INFO:colcon.colcon_core.shell:Creating environment hook '/home/kingpooper/deepRacerWS/install/tape/share/tape/hook/ament_prefix_path.ps1'
[3.819s] INFO:colcon.colcon_core.shell:Creating environment descriptor '/home/kingpooper/deepRacerWS/install/tape/share/tape/hook/ament_prefix_path.dsv'
[3.822s] INFO:colcon.colcon_core.shell:Creating environment hook '/home/kingpooper/deepRacerWS/install/tape/share/tape/hook/ament_prefix_path.sh'
[3.827s] INFO:colcon.colcon_core.shell:Skip shell extension 'powershell' for command environment: Not usable outside of PowerShell
[3.828s] DEBUG:colcon.colcon_core.shell:Skip shell extension 'dsv' for command environment
[6.095s] INFO:colcon.colcon_core.task.python.build:Building Python package in '/home/kingpooper/deepRacerWS/src/tape'
[6.097s] INFO:colcon.colcon_core.shell:Skip shell extension 'powershell' for command environment: Not usable outside of PowerShell
[6.097s] DEBUG:colcon.colcon_core.shell:Skip shell extension 'dsv' for command environment
[8.644s] DEBUG:colcon.colcon_core.event_handler.log_command:Invoking command in '/home/kingpooper/deepRacerWS/src/tape': PYTHONPATH=/home/kingpooper/deepRacerWS/build/tape/prefix_override:/usr/lib/python3/dist-packages/colcon_core/task/python/colcon_distutils_commands:/home/kingpooper/deepRacerWS/install/tape/lib/python3.10/site-packages:${PYTHONPATH} /usr/bin/python3 -W ignore:setup.py install is deprecated -W ignore:easy_install command is deprecated setup.py egg_info --egg-base ../../build/tape build --build-base /home/kingpooper/deepRacerWS/build/tape/build install --record /home/kingpooper/deepRacerWS/build/tape/install.log --single-version-externally-managed install_data
[10.974s] DEBUG:colcon.colcon_core.event_handler.log_command:Invoked command in '/home/kingpooper/deepRacerWS/src/tape' returned '0': PYTHONPATH=/home/kingpooper/deepRacerWS/build/tape/prefix_override:/usr/lib/python3/dist-packages/colcon_core/task/python/colcon_distutils_commands:/home/kingpooper/deepRacerWS/install/tape/lib/python3.10/site-packages:${PYTHONPATH} /usr/bin/python3 -W ignore:setup.py install is deprecated -W ignore:easy_install command is deprecated setup.py egg_info --egg-base ../../build/tape build --build-base /home/kingpooper/deepRacerWS/build/tape/build install --record /home/kingpooper/deepRacerWS/build/tape/install.log --single-version-externally-managed install_data
[11.011s] Level 1:colcon.colcon_core.environment:checking '/home/kingpooper/deepRacerWS/install/tape' for CMake module files
[11.024s] Level 1:colcon.colcon_core.environment:checking '/home/kingpooper/deepRacerWS/install/tape' for CMake config files
[11.032s] Level 1:colcon.colcon_core.environment:checking '/home/kingpooper/deepRacerWS/install/tape/lib'
[11.033s] Level 1:colcon.colcon_core.environment:checking '/home/kingpooper/deepRacerWS/install/tape/bin'
[11.037s] Level 1:colcon.colcon_core.environment:checking '/home/kingpooper/deepRacerWS/install/tape/lib/pkgconfig/tape.pc'
[11.042s] Level 1:colcon.colcon_core.environment:checking '/home/kingpooper/deepRacerWS/install/tape/lib/python3.10/site-packages'
[11.051s] Level 1:colcon.colcon_core.shell:create_environment_hook('tape', 'pythonpath')
[11.053s] INFO:colcon.colcon_core.shell:Creating environment hook '/home/kingpooper/deepRacerWS/install/tape/share/tape/hook/pythonpath.ps1'
[11.059s] INFO:colcon.colcon_core.shell:Creating environment descriptor '/home/kingpooper/deepRacerWS/install/tape/share/tape/hook/pythonpath.dsv'
[11.073s] INFO:colcon.colcon_core.shell:Creating environment hook '/home/kingpooper/deepRacerWS/install/tape/share/tape/hook/pythonpath.sh'
[11.090s] Level 1:colcon.colcon_core.environment:checking '/home/kingpooper/deepRacerWS/install/tape/bin'
[11.092s] Level 1:colcon.colcon_core.environment:create_environment_scripts_only(tape)
[11.102s] INFO:colcon.colcon_core.shell:Creating package script '/home/kingpooper/deepRacerWS/install/tape/share/tape/package.ps1'
[11.114s] INFO:colcon.colcon_core.shell:Creating package descriptor '/home/kingpooper/deepRacerWS/install/tape/share/tape/package.dsv'
[11.118s] INFO:colcon.colcon_core.shell:Creating package script '/home/kingpooper/deepRacerWS/install/tape/share/tape/package.sh'
[11.124s] INFO:colcon.colcon_core.shell:Creating package script '/home/kingpooper/deepRacerWS/install/tape/share/tape/package.bash'
[11.130s] INFO:colcon.colcon_core.shell:Creating package script '/home/kingpooper/deepRacerWS/install/tape/share/tape/package.zsh'
[11.135s] Level 1:colcon.colcon_core.environment:create_file_with_runtime_dependencies(/home/kingpooper/deepRacerWS/install/tape/share/colcon-core/packages/tape)
[11.138s] DEBUG:colcon.colcon_parallel_executor.executor.parallel:closing loop
[11.143s] DEBUG:colcon.colcon_parallel_executor.executor.parallel:loop closed
[11.144s] DEBUG:colcon.colcon_parallel_executor.executor.parallel:run_until_complete finished with '0'
[11.144s] DEBUG:colcon.colcon_core.event_reactor:joining thread
[11.177s] INFO:colcon.colcon_core.plugin_system:Skipping extension 'colcon_notification.desktop_notification.terminal_notifier': Not used on non-Darwin systems
[11.178s] INFO:colcon.colcon_core.plugin_system:Skipping extension 'colcon_notification.desktop_notification.win32': Not used on non-Windows systems
[11.179s] INFO:colcon.colcon_notification.desktop_notification:Sending desktop notification using 'notify2'
[11.189s] DEBUG:colcon.colcon_notification.desktop_notification.notify2:Failed to initialize notify2: org.freedesktop.DBus.Error.ServiceUnknown: The name org.freedesktop.Notifications was not provided by any .service files
[11.190s] DEBUG:colcon.colcon_core.event_reactor:joined thread
[11.192s] INFO:colcon.colcon_core.shell:Creating prefix script '/home/kingpooper/deepRacerWS/install/local_setup.ps1'
[11.197s] INFO:colcon.colcon_core.shell:Creating prefix util module '/home/kingpooper/deepRacerWS/install/_local_setup_util_ps1.py'
[11.206s] INFO:colcon.colcon_core.shell:Creating prefix chain script '/home/kingpooper/deepRacerWS/install/setup.ps1'
[11.215s] INFO:colcon.colcon_core.shell:Creating prefix script '/home/kingpooper/deepRacerWS/install/local_setup.sh'
[11.220s] INFO:colcon.colcon_core.shell:Creating prefix util module '/home/kingpooper/deepRacerWS/install/_local_setup_util_sh.py'
[11.225s] INFO:colcon.colcon_core.shell:Creating prefix chain script '/home/kingpooper/deepRacerWS/install/setup.sh'
[11.234s] INFO:colcon.colcon_core.shell:Creating prefix script '/home/kingpooper/deepRacerWS/install/local_setup.bash'
[11.238s] INFO:colcon.colcon_core.shell:Creating prefix chain script '/home/kingpooper/deepRacerWS/install/setup.bash'
[11.247s] INFO:colcon.colcon_core.shell:Creating prefix script '/home/kingpooper/deepRacerWS/install/local_setup.zsh'
[11.251s] INFO:colcon.colcon_core.shell:Creating prefix chain script '/home/kingpooper/deepRacerWS/install/setup.zsh'
