[5.534s] Invoking command in '/home/kingpooper/deepRacerWS/src/tape': PYTHONPATH=/home/kingpooper/deepRacerWS/build/tape/prefix_override:/usr/lib/python3/dist-packages/colcon_core/task/python/colcon_distutils_commands:/home/kingpooper/deepRacerWS/install/tape/lib/python3.10/site-packages:${PYTHONPATH} /usr/bin/python3 -W ignore:setup.py install is deprecated -W ignore:easy_install command is deprecated setup.py egg_info --egg-base ../../build/tape build --build-base /home/kingpooper/deepRacerWS/build/tape/build install --record /home/kingpooper/deepRacerWS/build/tape/install.log --single-version-externally-managed install_data
[7.309s] running egg_info
[7.312s] writing ../../build/tape/tape.egg-info/PKG-INFO
[7.312s] writing dependency_links to ../../build/tape/tape.egg-info/dependency_links.txt
[7.316s] writing entry points to ../../build/tape/tape.egg-info/entry_points.txt
[7.317s] writing requirements to ../../build/tape/tape.egg-info/requires.txt
[7.318s] writing top-level names to ../../build/tape/tape.egg-info/top_level.txt
[7.325s] reading manifest file '../../build/tape/tape.egg-info/SOURCES.txt'
[7.329s] adding license file 'LICENSE'
[7.336s] writing manifest file '../../build/tape/tape.egg-info/SOURCES.txt'
[7.336s] running build
[7.337s] running build_py
[7.345s] copying tape/james_blue_follower.py -> /home/kingpooper/deepRacerWS/build/tape/build/lib/tape
[7.346s] copying tape/shay_blue_follower.py -> /home/kingpooper/deepRacerWS/build/tape/build/lib/tape
[7.351s] running install
[7.354s] running install_lib
[7.355s] copying /home/kingpooper/deepRacerWS/build/tape/build/lib/tape/james_blue_follower.py -> /home/kingpooper/deepRacerWS/install/tape/lib/python3.10/site-packages/tape
[7.355s] copying /home/kingpooper/deepRacerWS/build/tape/build/lib/tape/shay_blue_follower.py -> /home/kingpooper/deepRacerWS/install/tape/lib/python3.10/site-packages/tape
[7.367s] byte-compiling /home/kingpooper/deepRacerWS/install/tape/lib/python3.10/site-packages/tape/james_blue_follower.py to james_blue_follower.cpython-310.pyc
[7.371s] byte-compiling /home/kingpooper/deepRacerWS/install/tape/lib/python3.10/site-packages/tape/tape_follower.py to tape_follower.cpython-310.pyc
[7.372s] Sorry: IndentationError: expected an indented block after function definition on line 131 (tape_follower.py, line 134)
[7.372s] byte-compiling /home/kingpooper/deepRacerWS/install/tape/lib/python3.10/site-packages/tape/shay_blue_follower.py to shay_blue_follower.cpython-310.pyc
[7.375s] running install_data
[7.382s] running install_egg_info
[7.393s] removing '/home/kingpooper/deepRacerWS/install/tape/lib/python3.10/site-packages/tape-0.0.0-py3.10.egg-info' (and everything under it)
[7.396s] Copying ../../build/tape/tape.egg-info to /home/kingpooper/deepRacerWS/install/tape/lib/python3.10/site-packages/tape-0.0.0-py3.10.egg-info
[7.407s] running install_scripts
[7.520s] Installing image_subscriber script to /home/kingpooper/deepRacerWS/install/tape/lib/tape
[7.528s] Installing james_blue_follower script to /home/kingpooper/deepRacerWS/install/tape/lib/tape
[7.529s] Installing my_blue_tape_follower script to /home/kingpooper/deepRacerWS/install/tape/lib/tape
[7.530s] Installing my_sexy_tape_follower script to /home/kingpooper/deepRacerWS/install/tape/lib/tape
[7.531s] Installing my_tape_follower script to /home/kingpooper/deepRacerWS/install/tape/lib/tape
[7.538s] Installing obs_avoid script to /home/kingpooper/deepRacerWS/install/tape/lib/tape
[7.538s] Installing school_zone script to /home/kingpooper/deepRacerWS/install/tape/lib/tape
[7.540s] Installing shaya_blue script to /home/kingpooper/deepRacerWS/install/tape/lib/tape
[7.549s] Installing stop_sign script to /home/kingpooper/deepRacerWS/install/tape/lib/tape
[7.557s] Installing tape_follower script to /home/kingpooper/deepRacerWS/install/tape/lib/tape
[7.559s] Installing tom_blue_tape script to /home/kingpooper/deepRacerWS/install/tape/lib/tape
[7.563s] writing list of installed files to '/home/kingpooper/deepRacerWS/build/tape/install.log'
[7.726s] Invoked command in '/home/kingpooper/deepRacerWS/src/tape' returned '0': PYTHONPATH=/home/kingpooper/deepRacerWS/build/tape/prefix_override:/usr/lib/python3/dist-packages/colcon_core/task/python/colcon_distutils_commands:/home/kingpooper/deepRacerWS/install/tape/lib/python3.10/site-packages:${PYTHONPATH} /usr/bin/python3 -W ignore:setup.py install is deprecated -W ignore:easy_install command is deprecated setup.py egg_info --egg-base ../../build/tape build --build-base /home/kingpooper/deepRacerWS/build/tape/build install --record /home/kingpooper/deepRacerWS/build/tape/install.log --single-version-externally-managed install_data
