[3.414s] Invoking command in '/home/kingpooper/deepRacerWS/src/tape': PYTHONPATH=/home/kingpooper/deepRacerWS/build/tape/prefix_override:/usr/lib/python3/dist-packages/colcon_core/task/python/colcon_distutils_commands:/home/kingpooper/deepRacerWS/install/tape/lib/python3.10/site-packages:${PYTHONPATH} /usr/bin/python3 -W ignore:setup.py install is deprecated -W ignore:easy_install command is deprecated setup.py egg_info --egg-base ../../build/tape build --build-base /home/kingpooper/deepRacerWS/build/tape/build install --record /home/kingpooper/deepRacerWS/build/tape/install.log --single-version-externally-managed install_data
[4.820s] running egg_info
[4.823s] writing ../../build/tape/tape.egg-info/PKG-INFO
[4.824s] writing dependency_links to ../../build/tape/tape.egg-info/dependency_links.txt
[4.826s] writing entry points to ../../build/tape/tape.egg-info/entry_points.txt
[4.827s] writing requirements to ../../build/tape/tape.egg-info/requires.txt
[4.828s] writing top-level names to ../../build/tape/tape.egg-info/top_level.txt
[4.837s] reading manifest file '../../build/tape/tape.egg-info/SOURCES.txt'
[4.838s] adding license file 'LICENSE'
[4.842s] writing manifest file '../../build/tape/tape.egg-info/SOURCES.txt'
[4.842s] running build
[4.843s] running build_py
[4.843s] copying tape/my_tape_follower.py -> /home/kingpooper/deepRacerWS/build/tape/build/lib/tape
[4.846s] running install
[4.847s] running install_lib
[4.852s] copying /home/kingpooper/deepRacerWS/build/tape/build/lib/tape/my_tape_follower.py -> /home/kingpooper/deepRacerWS/install/tape/lib/python3.10/site-packages/tape
[4.856s] byte-compiling /home/kingpooper/deepRacerWS/install/tape/lib/python3.10/site-packages/tape/my_tape_follower.py to my_tape_follower.cpython-310.pyc
[4.860s] running install_data
[4.860s] running install_egg_info
[4.872s] removing '/home/kingpooper/deepRacerWS/install/tape/lib/python3.10/site-packages/tape-0.0.0-py3.10.egg-info' (and everything under it)
[4.873s] Copying ../../build/tape/tape.egg-info to /home/kingpooper/deepRacerWS/install/tape/lib/python3.10/site-packages/tape-0.0.0-py3.10.egg-info
[4.884s] running install_scripts
[4.973s] Installing image_subscriber script to /home/kingpooper/deepRacerWS/install/tape/lib/tape
[4.973s] Installing my_tape_follower script to /home/kingpooper/deepRacerWS/install/tape/lib/tape
[4.974s] Installing tape_follower script to /home/kingpooper/deepRacerWS/install/tape/lib/tape
[4.975s] writing list of installed files to '/home/kingpooper/deepRacerWS/build/tape/install.log'
[5.164s] Invoked command in '/home/kingpooper/deepRacerWS/src/tape' returned '0': PYTHONPATH=/home/kingpooper/deepRacerWS/build/tape/prefix_override:/usr/lib/python3/dist-packages/colcon_core/task/python/colcon_distutils_commands:/home/kingpooper/deepRacerWS/install/tape/lib/python3.10/site-packages:${PYTHONPATH} /usr/bin/python3 -W ignore:setup.py install is deprecated -W ignore:easy_install command is deprecated setup.py egg_info --egg-base ../../build/tape build --build-base /home/kingpooper/deepRacerWS/build/tape/build install --record /home/kingpooper/deepRacerWS/build/tape/install.log --single-version-externally-managed install_data
