[6.726s] Invoking command in '/home/kingpooper/deepRacerWS/src/tape': PYTHONPATH=/home/kingpooper/deepRacerWS/build/tape/prefix_override:/usr/lib/python3/dist-packages/colcon_core/task/python/colcon_distutils_commands:/home/kingpooper/deepRacerWS/install/tape/lib/python3.10/site-packages:${PYTHONPATH} /usr/bin/python3 -W ignore:setup.py install is deprecated -W ignore:easy_install command is deprecated setup.py egg_info --egg-base ../../build/tape build --build-base /home/kingpooper/deepRacerWS/build/tape/build install --record /home/kingpooper/deepRacerWS/build/tape/install.log --single-version-externally-managed install_data
[9.154s] running egg_info
[9.161s] writing ../../build/tape/tape.egg-info/PKG-INFO
[9.168s] writing dependency_links to ../../build/tape/tape.egg-info/dependency_links.txt
[9.174s] writing entry points to ../../build/tape/tape.egg-info/entry_points.txt
[9.184s] writing requirements to ../../build/tape/tape.egg-info/requires.txt
[9.186s] writing top-level names to ../../build/tape/tape.egg-info/top_level.txt
[9.202s] reading manifest file '../../build/tape/tape.egg-info/SOURCES.txt'
[9.206s] adding license file 'LICENSE'
[9.213s] writing manifest file '../../build/tape/tape.egg-info/SOURCES.txt'
[9.218s] running build
[9.221s] running build_py
[9.230s] copying tape/stop_sign.py -> /home/kingpooper/deepRacerWS/build/tape/build/lib/tape
[9.241s] running install
[9.243s] running install_lib
[9.251s] copying /home/kingpooper/deepRacerWS/build/tape/build/lib/tape/stop_sign.py -> /home/kingpooper/deepRacerWS/install/tape/lib/python3.10/site-packages/tape
[9.264s] byte-compiling /home/kingpooper/deepRacerWS/install/tape/lib/python3.10/site-packages/tape/stop_sign.py to stop_sign.cpython-310.pyc
[9.280s] running install_data
[9.282s] running install_egg_info
[9.299s] removing '/home/kingpooper/deepRacerWS/install/tape/lib/python3.10/site-packages/tape-0.0.0-py3.10.egg-info' (and everything under it)
[9.309s] Copying ../../build/tape/tape.egg-info to /home/kingpooper/deepRacerWS/install/tape/lib/python3.10/site-packages/tape-0.0.0-py3.10.egg-info
[9.319s] running install_scripts
[9.460s] Installing image_subscriber script to /home/kingpooper/deepRacerWS/install/tape/lib/tape
[9.466s] Installing james_blue_follower script to /home/kingpooper/deepRacerWS/install/tape/lib/tape
[9.471s] Installing my_blue_tape_follower script to /home/kingpooper/deepRacerWS/install/tape/lib/tape
[9.475s] Installing my_sexy_tape_follower script to /home/kingpooper/deepRacerWS/install/tape/lib/tape
[9.479s] Installing my_tape_follower script to /home/kingpooper/deepRacerWS/install/tape/lib/tape
[9.484s] Installing obs_avoid script to /home/kingpooper/deepRacerWS/install/tape/lib/tape
[9.490s] Installing school_zone script to /home/kingpooper/deepRacerWS/install/tape/lib/tape
[9.493s] Installing shay_blue_follower script to /home/kingpooper/deepRacerWS/install/tape/lib/tape
[9.497s] Installing shaya_blue script to /home/kingpooper/deepRacerWS/install/tape/lib/tape
[9.500s] Installing stop_sign script to /home/kingpooper/deepRacerWS/install/tape/lib/tape
[9.503s] Installing tape_follower script to /home/kingpooper/deepRacerWS/install/tape/lib/tape
[9.507s] Installing tom_blue_tape script to /home/kingpooper/deepRacerWS/install/tape/lib/tape
[9.512s] writing list of installed files to '/home/kingpooper/deepRacerWS/build/tape/install.log'
[9.784s] Invoked command in '/home/kingpooper/deepRacerWS/src/tape' returned '0': PYTHONPATH=/home/kingpooper/deepRacerWS/build/tape/prefix_override:/usr/lib/python3/dist-packages/colcon_core/task/python/colcon_distutils_commands:/home/kingpooper/deepRacerWS/install/tape/lib/python3.10/site-packages:${PYTHONPATH} /usr/bin/python3 -W ignore:setup.py install is deprecated -W ignore:easy_install command is deprecated setup.py egg_info --egg-base ../../build/tape build --build-base /home/kingpooper/deepRacerWS/build/tape/build install --record /home/kingpooper/deepRacerWS/build/tape/install.log --single-version-externally-managed install_data
