[8.562s] Invoking command in '/home/kingpooper/deepRacerWS/src/control': PYTHONPATH=/home/kingpooper/deepRacerWS/build/control/prefix_override:/usr/lib/python3/dist-packages/colcon_core/task/python/colcon_distutils_commands:/home/kingpooper/deepRacerWS/install/control/lib/python3.10/site-packages:${PYTHONPATH} /usr/bin/python3 -W ignore:setup.py install is deprecated -W ignore:easy_install command is deprecated setup.py egg_info --egg-base ../../build/control build --build-base /home/kingpooper/deepRacerWS/build/control/build install --record /home/kingpooper/deepRacerWS/build/control/install.log --single-version-externally-managed install_data
[11.900s] running egg_info
[11.905s] writing ../../build/control/control.egg-info/PKG-INFO
[12.047s] writing dependency_links to ../../build/control/control.egg-info/dependency_links.txt
[12.063s] writing entry points to ../../build/control/control.egg-info/entry_points.txt
[12.064s] writing requirements to ../../build/control/control.egg-info/requires.txt
[12.064s] writing top-level names to ../../build/control/control.egg-info/top_level.txt
[12.074s] reading manifest file '../../build/control/control.egg-info/SOURCES.txt'
[12.083s] adding license file 'LICENSE'
[12.088s] writing manifest file '../../build/control/control.egg-info/SOURCES.txt'
[12.137s] running build
[12.138s] running build_py
[12.141s] running install
[12.142s] running install_lib
[12.149s] running install_data
[12.150s] running install_egg_info
[12.160s] removing '/home/kingpooper/deepRacerWS/install/control/lib/python3.10/site-packages/control-0.0.0-py3.10.egg-info' (and everything under it)
[12.162s] Copying ../../build/control/control.egg-info to /home/kingpooper/deepRacerWS/install/control/lib/python3.10/site-packages/control-0.0.0-py3.10.egg-info
[12.199s] running install_scripts
[12.448s] Installing subscriber script to /home/kingpooper/deepRacerWS/install/control/lib/control
[12.523s] writing list of installed files to '/home/kingpooper/deepRacerWS/build/control/install.log'
[13.753s] Invoked command in '/home/kingpooper/deepRacerWS/src/control' returned '0': PYTHONPATH=/home/kingpooper/deepRacerWS/build/control/prefix_override:/usr/lib/python3/dist-packages/colcon_core/task/python/colcon_distutils_commands:/home/kingpooper/deepRacerWS/install/control/lib/python3.10/site-packages:${PYTHONPATH} /usr/bin/python3 -W ignore:setup.py install is deprecated -W ignore:easy_install command is deprecated setup.py egg_info --egg-base ../../build/control build --build-base /home/kingpooper/deepRacerWS/build/control/build install --record /home/kingpooper/deepRacerWS/build/control/install.log --single-version-externally-managed install_data
