[0.482s] DEBUG:colcon:Command line arguments: ['/usr/bin/colcon', 'build', '--packages-select', 'tape']
[0.482s] DEBUG:colcon:Parsed command line arguments: Namespace(log_base=None, log_level=None, verb_name='build', build_base='build', install_base='install', merge_install=False, symlink_install=False, test_result_base=None, continue_on_error=False, executor='parallel', parallel_workers=4, event_handlers=None, ignore_user_meta=False, metas=['./colcon.meta'], base_paths=['.'], packages_ignore=None, packages_ignore_regex=None, paths=None, packages_up_to=None, packages_up_to_regex=None, packages_above=None, packages_above_and_dependencies=None, packages_above_depth=None, packages_select_by_dep=None, packages_skip_by_dep=None, packages_skip_up_to=None, packages_select_build_failed=False, packages_skip_build_finished=False, packages_select_test_failures=False, packages_skip_test_passed=False, packages_select=['tape'], packages_skip=None, packages_select_regex=None, packages_skip_regex=None, packages_start=None, packages_end=None, allow_overriding=[], cmake_args=None, cmake_target=None, cmake_target_skip_unavailable=False, cmake_clean_cache=False, cmake_clean_first=False, cmake_force_configure=False, ament_cmake_args=None, catkin_cmake_args=None, catkin_skip_building_tests=False, mixin_files=None, mixin=None, verb_parser=<colcon_mixin.mixin.mixin_argument.MixinArgumentDecorator object at 0xffff8ccfe6e0>, verb_extension=<colcon_core.verb.build.BuildVerb object at 0xffff8ceb3670>, main=<bound method BuildVerb.main of <colcon_core.verb.build.BuildVerb object at 0xffff8ceb3670>>, mixin_verb=('build',))
[1.371s] Level 1:colcon.colcon_core.package_discovery:discover_packages(colcon_meta) check parameters
[1.371s] Level 1:colcon.colcon_core.package_discovery:discover_packages(recursive) check parameters
[1.372s] Level 1:colcon.colcon_core.package_discovery:discover_packages(ignore) check parameters
[1.372s] Level 1:colcon.colcon_core.package_discovery:discover_packages(path) check parameters
[1.372s] Level 1:colcon.colcon_core.package_discovery:discover_packages(colcon_meta) discover
[1.372s] Level 1:colcon.colcon_core.package_discovery:discover_packages(recursive) discover
[1.372s] INFO:colcon.colcon_core.package_discovery:Crawling recursively for packages in '/home/kingpooper/deepRacerWS'
[1.373s] Level 1:colcon.colcon_core.package_identification:_identify(.) by extensions ['ignore', 'ignore_ament_install']
[1.374s] Level 1:colcon.colcon_core.package_identification:_identify(.) by extension 'ignore'
[1.375s] Level 1:colcon.colcon_core.package_identification:_identify(.) by extension 'ignore_ament_install'
[1.375s] Level 1:colcon.colcon_core.package_identification:_identify(.) by extensions ['colcon_pkg']
[1.375s] Level 1:colcon.colcon_core.package_identification:_identify(.) by extension 'colcon_pkg'
[1.375s] Level 1:colcon.colcon_core.package_identification:_identify(.) by extensions ['colcon_meta']
[1.375s] Level 1:colcon.colcon_core.package_identification:_identify(.) by extension 'colcon_meta'
[1.375s] Level 1:colcon.colcon_core.package_identification:_identify(.) by extensions ['ros']
[1.376s] Level 1:colcon.colcon_core.package_identification:_identify(.) by extension 'ros'
[1.425s] Level 1:colcon.colcon_core.package_identification:_identify(.) by extensions ['cmake', 'python']
[1.426s] Level 1:colcon.colcon_core.package_identification:_identify(.) by extension 'cmake'
[1.426s] Level 1:colcon.colcon_core.package_identification:_identify(.) by extension 'python'
[1.426s] Level 1:colcon.colcon_core.package_identification:_identify(.) by extensions ['python_setup_py']
[1.426s] Level 1:colcon.colcon_core.package_identification:_identify(.) by extension 'python_setup_py'
[1.427s] Level 1:colcon.colcon_core.package_identification:_identify(build) by extensions ['ignore', 'ignore_ament_install']
[1.427s] Level 1:colcon.colcon_core.package_identification:_identify(build) by extension 'ignore'
[1.427s] Level 1:colcon.colcon_core.package_identification:_identify(build) ignored
[1.428s] Level 1:colcon.colcon_core.package_identification:_identify(install) by extensions ['ignore', 'ignore_ament_install']
[1.428s] Level 1:colcon.colcon_core.package_identification:_identify(install) by extension 'ignore'
[1.429s] Level 1:colcon.colcon_core.package_identification:_identify(install) ignored
[1.429s] Level 1:colcon.colcon_core.package_identification:_identify(launch) by extensions ['ignore', 'ignore_ament_install']
[1.429s] Level 1:colcon.colcon_core.package_identification:_identify(launch) by extension 'ignore'
[1.430s] Level 1:colcon.colcon_core.package_identification:_identify(launch) by extension 'ignore_ament_install'
[1.430s] Level 1:colcon.colcon_core.package_identification:_identify(launch) by extensions ['colcon_pkg']
[1.430s] Level 1:colcon.colcon_core.package_identification:_identify(launch) by extension 'colcon_pkg'
[1.430s] Level 1:colcon.colcon_core.package_identification:_identify(launch) by extensions ['colcon_meta']
[1.430s] Level 1:colcon.colcon_core.package_identification:_identify(launch) by extension 'colcon_meta'
[1.430s] Level 1:colcon.colcon_core.package_identification:_identify(launch) by extensions ['ros']
[1.430s] Level 1:colcon.colcon_core.package_identification:_identify(launch) by extension 'ros'
[1.431s] Level 1:colcon.colcon_core.package_identification:_identify(launch) by extensions ['cmake', 'python']
[1.431s] Level 1:colcon.colcon_core.package_identification:_identify(launch) by extension 'cmake'
[1.431s] Level 1:colcon.colcon_core.package_identification:_identify(launch) by extension 'python'
[1.431s] Level 1:colcon.colcon_core.package_identification:_identify(launch) by extensions ['python_setup_py']
[1.431s] Level 1:colcon.colcon_core.package_identification:_identify(launch) by extension 'python_setup_py'
[1.432s] Level 1:colcon.colcon_core.package_identification:_identify(launch/__pycache__) by extensions ['ignore', 'ignore_ament_install']
[1.432s] Level 1:colcon.colcon_core.package_identification:_identify(launch/__pycache__) by extension 'ignore'
[1.432s] Level 1:colcon.colcon_core.package_identification:_identify(launch/__pycache__) by extension 'ignore_ament_install'
[1.432s] Level 1:colcon.colcon_core.package_identification:_identify(launch/__pycache__) by extensions ['colcon_pkg']
[1.433s] Level 1:colcon.colcon_core.package_identification:_identify(launch/__pycache__) by extension 'colcon_pkg'
[1.433s] Level 1:colcon.colcon_core.package_identification:_identify(launch/__pycache__) by extensions ['colcon_meta']
[1.433s] Level 1:colcon.colcon_core.package_identification:_identify(launch/__pycache__) by extension 'colcon_meta'
[1.433s] Level 1:colcon.colcon_core.package_identification:_identify(launch/__pycache__) by extensions ['ros']
[1.433s] Level 1:colcon.colcon_core.package_identification:_identify(launch/__pycache__) by extension 'ros'
[1.433s] Level 1:colcon.colcon_core.package_identification:_identify(launch/__pycache__) by extensions ['cmake', 'python']
[1.434s] Level 1:colcon.colcon_core.package_identification:_identify(launch/__pycache__) by extension 'cmake'
[1.434s] Level 1:colcon.colcon_core.package_identification:_identify(launch/__pycache__) by extension 'python'
[1.434s] Level 1:colcon.colcon_core.package_identification:_identify(launch/__pycache__) by extensions ['python_setup_py']
[1.434s] Level 1:colcon.colcon_core.package_identification:_identify(launch/__pycache__) by extension 'python_setup_py'
[1.434s] Level 1:colcon.colcon_core.package_identification:_identify(launch/build) by extensions ['ignore', 'ignore_ament_install']
[1.435s] Level 1:colcon.colcon_core.package_identification:_identify(launch/build) by extension 'ignore'
[1.435s] Level 1:colcon.colcon_core.package_identification:_identify(launch/build) ignored
[1.435s] Level 1:colcon.colcon_core.package_identification:_identify(launch/install) by extensions ['ignore', 'ignore_ament_install']
[1.436s] Level 1:colcon.colcon_core.package_identification:_identify(launch/install) by extension 'ignore'
[1.436s] Level 1:colcon.colcon_core.package_identification:_identify(launch/install) ignored
[1.436s] Level 1:colcon.colcon_core.package_identification:_identify(launch/log) by extensions ['ignore', 'ignore_ament_install']
[1.436s] Level 1:colcon.colcon_core.package_identification:_identify(launch/log) by extension 'ignore'
[1.437s] Level 1:colcon.colcon_core.package_identification:_identify(launch/log) ignored
[1.438s] Level 1:colcon.colcon_core.package_identification:_identify(log) by extensions ['ignore', 'ignore_ament_install']
[1.438s] Level 1:colcon.colcon_core.package_identification:_identify(log) by extension 'ignore'
[1.439s] Level 1:colcon.colcon_core.package_identification:_identify(log) ignored
[1.439s] Level 1:colcon.colcon_core.package_identification:_identify(src) by extensions ['ignore', 'ignore_ament_install']
[1.439s] Level 1:colcon.colcon_core.package_identification:_identify(src) by extension 'ignore'
[1.440s] Level 1:colcon.colcon_core.package_identification:_identify(src) by extension 'ignore_ament_install'
[1.440s] Level 1:colcon.colcon_core.package_identification:_identify(src) by extensions ['colcon_pkg']
[1.440s] Level 1:colcon.colcon_core.package_identification:_identify(src) by extension 'colcon_pkg'
[1.440s] Level 1:colcon.colcon_core.package_identification:_identify(src) by extensions ['colcon_meta']
[1.440s] Level 1:colcon.colcon_core.package_identification:_identify(src) by extension 'colcon_meta'
[1.440s] Level 1:colcon.colcon_core.package_identification:_identify(src) by extensions ['ros']
[1.441s] Level 1:colcon.colcon_core.package_identification:_identify(src) by extension 'ros'
[1.441s] Level 1:colcon.colcon_core.package_identification:_identify(src) by extensions ['cmake', 'python']
[1.441s] Level 1:colcon.colcon_core.package_identification:_identify(src) by extension 'cmake'
[1.441s] Level 1:colcon.colcon_core.package_identification:_identify(src) by extension 'python'
[1.441s] Level 1:colcon.colcon_core.package_identification:_identify(src) by extensions ['python_setup_py']
[1.441s] Level 1:colcon.colcon_core.package_identification:_identify(src) by extension 'python_setup_py'
[1.442s] Level 1:colcon.colcon_core.package_identification:_identify(src/build) by extensions ['ignore', 'ignore_ament_install']
[1.442s] Level 1:colcon.colcon_core.package_identification:_identify(src/build) by extension 'ignore'
[1.442s] Level 1:colcon.colcon_core.package_identification:_identify(src/build) ignored
[1.443s] Level 1:colcon.colcon_core.package_identification:_identify(src/control) by extensions ['ignore', 'ignore_ament_install']
[1.443s] Level 1:colcon.colcon_core.package_identification:_identify(src/control) by extension 'ignore'
[1.443s] Level 1:colcon.colcon_core.package_identification:_identify(src/control) by extension 'ignore_ament_install'
[1.443s] Level 1:colcon.colcon_core.package_identification:_identify(src/control) by extensions ['colcon_pkg']
[1.443s] Level 1:colcon.colcon_core.package_identification:_identify(src/control) by extension 'colcon_pkg'
[1.444s] Level 1:colcon.colcon_core.package_identification:_identify(src/control) by extensions ['colcon_meta']
[1.444s] Level 1:colcon.colcon_core.package_identification:_identify(src/control) by extension 'colcon_meta'
[1.444s] Level 1:colcon.colcon_core.package_identification:_identify(src/control) by extensions ['ros']
[1.444s] Level 1:colcon.colcon_core.package_identification:_identify(src/control) by extension 'ros'
[1.453s] DEBUG:colcon.colcon_core.package_identification:Package 'src/control' with type 'ros.ament_python' and name 'control'
[1.453s] Level 1:colcon.colcon_core.package_identification:_identify(src/install) by extensions ['ignore', 'ignore_ament_install']
[1.454s] Level 1:colcon.colcon_core.package_identification:_identify(src/install) by extension 'ignore'
[1.454s] Level 1:colcon.colcon_core.package_identification:_identify(src/install) ignored
[1.454s] Level 1:colcon.colcon_core.package_identification:_identify(src/log) by extensions ['ignore', 'ignore_ament_install']
[1.455s] Level 1:colcon.colcon_core.package_identification:_identify(src/log) by extension 'ignore'
[1.455s] Level 1:colcon.colcon_core.package_identification:_identify(src/log) ignored
[1.455s] Level 1:colcon.colcon_core.package_identification:_identify(src/ros2_pca9685) by extensions ['ignore', 'ignore_ament_install']
[1.456s] Level 1:colcon.colcon_core.package_identification:_identify(src/ros2_pca9685) by extension 'ignore'
[1.456s] Level 1:colcon.colcon_core.package_identification:_identify(src/ros2_pca9685) by extension 'ignore_ament_install'
[1.456s] Level 1:colcon.colcon_core.package_identification:_identify(src/ros2_pca9685) by extensions ['colcon_pkg']
[1.456s] Level 1:colcon.colcon_core.package_identification:_identify(src/ros2_pca9685) by extension 'colcon_pkg'
[1.456s] Level 1:colcon.colcon_core.package_identification:_identify(src/ros2_pca9685) by extensions ['colcon_meta']
[1.457s] Level 1:colcon.colcon_core.package_identification:_identify(src/ros2_pca9685) by extension 'colcon_meta'
[1.457s] Level 1:colcon.colcon_core.package_identification:_identify(src/ros2_pca9685) by extensions ['ros']
[1.457s] Level 1:colcon.colcon_core.package_identification:_identify(src/ros2_pca9685) by extension 'ros'
[1.496s] DEBUG:colcon.colcon_core.package_identification:Package 'src/ros2_pca9685' with type 'ros.ament_python' and name 'ros2_pca9685'
[1.497s] Level 1:colcon.colcon_core.package_identification:_identify(src/ros2_v4l2_camera) by extensions ['ignore', 'ignore_ament_install']
[1.497s] Level 1:colcon.colcon_core.package_identification:_identify(src/ros2_v4l2_camera) by extension 'ignore'
[1.498s] Level 1:colcon.colcon_core.package_identification:_identify(src/ros2_v4l2_camera) by extension 'ignore_ament_install'
[1.498s] Level 1:colcon.colcon_core.package_identification:_identify(src/ros2_v4l2_camera) by extensions ['colcon_pkg']
[1.498s] Level 1:colcon.colcon_core.package_identification:_identify(src/ros2_v4l2_camera) by extension 'colcon_pkg'
[1.498s] Level 1:colcon.colcon_core.package_identification:_identify(src/ros2_v4l2_camera) by extensions ['colcon_meta']
[1.498s] Level 1:colcon.colcon_core.package_identification:_identify(src/ros2_v4l2_camera) by extension 'colcon_meta'
[1.499s] Level 1:colcon.colcon_core.package_identification:_identify(src/ros2_v4l2_camera) by extensions ['ros']
[1.499s] Level 1:colcon.colcon_core.package_identification:_identify(src/ros2_v4l2_camera) by extension 'ros'
[1.502s] DEBUG:colcon.colcon_core.package_identification:Package 'src/ros2_v4l2_camera' with type 'ros.ament_cmake' and name 'v4l2_camera'
[1.503s] Level 1:colcon.colcon_core.package_identification:_identify(src/rplidar_ros) by extensions ['ignore', 'ignore_ament_install']
[1.503s] Level 1:colcon.colcon_core.package_identification:_identify(src/rplidar_ros) by extension 'ignore'
[1.503s] Level 1:colcon.colcon_core.package_identification:_identify(src/rplidar_ros) by extension 'ignore_ament_install'
[1.503s] Level 1:colcon.colcon_core.package_identification:_identify(src/rplidar_ros) by extensions ['colcon_pkg']
[1.504s] Level 1:colcon.colcon_core.package_identification:_identify(src/rplidar_ros) by extension 'colcon_pkg'
[1.504s] Level 1:colcon.colcon_core.package_identification:_identify(src/rplidar_ros) by extensions ['colcon_meta']
[1.504s] Level 1:colcon.colcon_core.package_identification:_identify(src/rplidar_ros) by extension 'colcon_meta'
[1.504s] Level 1:colcon.colcon_core.package_identification:_identify(src/rplidar_ros) by extensions ['ros']
[1.504s] Level 1:colcon.colcon_core.package_identification:_identify(src/rplidar_ros) by extension 'ros'
[1.507s] DEBUG:colcon.colcon_core.package_identification:Package 'src/rplidar_ros' with type 'ros.ament_cmake' and name 'rplidar_ros'
[1.508s] Level 1:colcon.colcon_core.package_identification:_identify(src/slam) by extensions ['ignore', 'ignore_ament_install']
[1.508s] Level 1:colcon.colcon_core.package_identification:_identify(src/slam) by extension 'ignore'
[1.508s] Level 1:colcon.colcon_core.package_identification:_identify(src/slam) by extension 'ignore_ament_install'
[1.508s] Level 1:colcon.colcon_core.package_identification:_identify(src/slam) by extensions ['colcon_pkg']
[1.509s] Level 1:colcon.colcon_core.package_identification:_identify(src/slam) by extension 'colcon_pkg'
[1.509s] Level 1:colcon.colcon_core.package_identification:_identify(src/slam) by extensions ['colcon_meta']
[1.509s] Level 1:colcon.colcon_core.package_identification:_identify(src/slam) by extension 'colcon_meta'
[1.509s] Level 1:colcon.colcon_core.package_identification:_identify(src/slam) by extensions ['ros']
[1.509s] Level 1:colcon.colcon_core.package_identification:_identify(src/slam) by extension 'ros'
[1.511s] DEBUG:colcon.colcon_core.package_identification:Package 'src/slam' with type 'ros.ament_python' and name 'slam'
[1.512s] Level 1:colcon.colcon_core.package_identification:_identify(src/tape) by extensions ['ignore', 'ignore_ament_install']
[1.512s] Level 1:colcon.colcon_core.package_identification:_identify(src/tape) by extension 'ignore'
[1.513s] Level 1:colcon.colcon_core.package_identification:_identify(src/tape) by extension 'ignore_ament_install'
[1.513s] Level 1:colcon.colcon_core.package_identification:_identify(src/tape) by extensions ['colcon_pkg']
[1.513s] Level 1:colcon.colcon_core.package_identification:_identify(src/tape) by extension 'colcon_pkg'
[1.513s] Level 1:colcon.colcon_core.package_identification:_identify(src/tape) by extensions ['colcon_meta']
[1.513s] Level 1:colcon.colcon_core.package_identification:_identify(src/tape) by extension 'colcon_meta'
[1.514s] Level 1:colcon.colcon_core.package_identification:_identify(src/tape) by extensions ['ros']
[1.514s] Level 1:colcon.colcon_core.package_identification:_identify(src/tape) by extension 'ros'
[1.516s] DEBUG:colcon.colcon_core.package_identification:Package 'src/tape' with type 'ros.ament_python' and name 'tape'
[1.516s] Level 1:colcon.colcon_core.package_discovery:discover_packages(recursive) using defaults
[1.517s] Level 1:colcon.colcon_core.package_discovery:discover_packages(ignore) discover
[1.517s] Level 1:colcon.colcon_core.package_discovery:discover_packages(ignore) using defaults
[1.517s] Level 1:colcon.colcon_core.package_discovery:discover_packages(path) discover
[1.517s] Level 1:colcon.colcon_core.package_discovery:discover_packages(path) using defaults
[1.598s] INFO:colcon.colcon_core.package_selection:Skipping not selected package 'control' in 'src/control'
[1.598s] INFO:colcon.colcon_core.package_selection:Skipping not selected package 'ros2_pca9685' in 'src/ros2_pca9685'
[1.598s] INFO:colcon.colcon_core.package_selection:Skipping not selected package 'rplidar_ros' in 'src/rplidar_ros'
[1.598s] INFO:colcon.colcon_core.package_selection:Skipping not selected package 'slam' in 'src/slam'
[1.599s] INFO:colcon.colcon_core.package_selection:Skipping not selected package 'v4l2_camera' in 'src/ros2_v4l2_camera'
[1.600s] Level 1:colcon.colcon_core.package_discovery:discover_packages(prefix_path) check parameters
[1.601s] Level 1:colcon.colcon_core.package_discovery:discover_packages(prefix_path) discover
[1.610s] DEBUG:colcon.colcon_installed_package_information.package_discovery:Found 5 installed packages in /home/kingpooper/deepRacerWS/install
[1.622s] DEBUG:colcon.colcon_installed_package_information.package_discovery:Found 363 installed packages in /opt/ros/humble
[1.630s] Level 1:colcon.colcon_core.package_discovery:discover_packages(prefix_path) using defaults
[1.874s] Level 5:colcon.colcon_core.verb:set package 'tape' build argument 'cmake_args' from command line to 'None'
[1.874s] Level 5:colcon.colcon_core.verb:set package 'tape' build argument 'cmake_target' from command line to 'None'
[1.874s] Level 5:colcon.colcon_core.verb:set package 'tape' build argument 'cmake_target_skip_unavailable' from command line to 'False'
[1.874s] Level 5:colcon.colcon_core.verb:set package 'tape' build argument 'cmake_clean_cache' from command line to 'False'
[1.874s] Level 5:colcon.colcon_core.verb:set package 'tape' build argument 'cmake_clean_first' from command line to 'False'
[1.874s] Level 5:colcon.colcon_core.verb:set package 'tape' build argument 'cmake_force_configure' from command line to 'False'
[1.875s] Level 5:colcon.colcon_core.verb:set package 'tape' build argument 'ament_cmake_args' from command line to 'None'
[1.875s] Level 5:colcon.colcon_core.verb:set package 'tape' build argument 'catkin_cmake_args' from command line to 'None'
[1.875s] Level 5:colcon.colcon_core.verb:set package 'tape' build argument 'catkin_skip_building_tests' from command line to 'False'
[1.875s] DEBUG:colcon.colcon_core.verb:Building package 'tape' with the following arguments: {'ament_cmake_args': None, 'build_base': '/home/kingpooper/deepRacerWS/build/tape', 'catkin_cmake_args': None, 'catkin_skip_building_tests': False, 'cmake_args': None, 'cmake_clean_cache': False, 'cmake_clean_first': False, 'cmake_force_configure': False, 'cmake_target': None, 'cmake_target_skip_unavailable': False, 'install_base': '/home/kingpooper/deepRacerWS/install/tape', 'merge_install': False, 'path': '/home/kingpooper/deepRacerWS/src/tape', 'symlink_install': False, 'test_result_base': None}
[1.875s] INFO:colcon.colcon_core.executor:Executing jobs using 'parallel' executor
[1.879s] DEBUG:colcon.colcon_parallel_executor.executor.parallel:run_until_complete
[1.880s] INFO:colcon.colcon_ros.task.ament_python.build:Building ROS package in '/home/kingpooper/deepRacerWS/src/tape' with build type 'ament_python'
[1.881s] Level 1:colcon.colcon_core.shell:create_environment_hook('tape', 'ament_prefix_path')
[1.892s] INFO:colcon.colcon_core.plugin_system:Skipping extension 'colcon_core.shell.bat': Not used on non-Windows systems
[1.893s] INFO:colcon.colcon_core.shell:Creating environment hook '/home/kingpooper/deepRacerWS/install/tape/share/tape/hook/ament_prefix_path.ps1'
[1.897s] INFO:colcon.colcon_core.shell:Creating environment descriptor '/home/kingpooper/deepRacerWS/install/tape/share/tape/hook/ament_prefix_path.dsv'
[1.899s] INFO:colcon.colcon_core.shell:Creating environment hook '/home/kingpooper/deepRacerWS/install/tape/share/tape/hook/ament_prefix_path.sh'
[1.902s] INFO:colcon.colcon_core.shell:Skip shell extension 'powershell' for command environment: Not usable outside of PowerShell
[1.903s] DEBUG:colcon.colcon_core.shell:Skip shell extension 'dsv' for command environment
[3.307s] INFO:colcon.colcon_core.task.python.build:Building Python package in '/home/kingpooper/deepRacerWS/src/tape'
[3.309s] INFO:colcon.colcon_core.shell:Skip shell extension 'powershell' for command environment: Not usable outside of PowerShell
[3.309s] DEBUG:colcon.colcon_core.shell:Skip shell extension 'dsv' for command environment
[5.019s] DEBUG:colcon.colcon_core.event_handler.log_command:Invoking command in '/home/kingpooper/deepRacerWS/src/tape': PYTHONPATH=/home/kingpooper/deepRacerWS/build/tape/prefix_override:/usr/lib/python3/dist-packages/colcon_core/task/python/colcon_distutils_commands:/home/kingpooper/deepRacerWS/install/tape/lib/python3.10/site-packages:${PYTHONPATH} /usr/bin/python3 -W ignore:setup.py install is deprecated -W ignore:easy_install command is deprecated setup.py egg_info --egg-base ../../build/tape build --build-base /home/kingpooper/deepRacerWS/build/tape/build install --record /home/kingpooper/deepRacerWS/build/tape/install.log --single-version-externally-managed install_data
[6.546s] DEBUG:colcon.colcon_core.event_handler.log_command:Invoked command in '/home/kingpooper/deepRacerWS/src/tape' returned '0': PYTHONPATH=/home/kingpooper/deepRacerWS/build/tape/prefix_override:/usr/lib/python3/dist-packages/colcon_core/task/python/colcon_distutils_commands:/home/kingpooper/deepRacerWS/install/tape/lib/python3.10/site-packages:${PYTHONPATH} /usr/bin/python3 -W ignore:setup.py install is deprecated -W ignore:easy_install command is deprecated setup.py egg_info --egg-base ../../build/tape build --build-base /home/kingpooper/deepRacerWS/build/tape/build install --record /home/kingpooper/deepRacerWS/build/tape/install.log --single-version-externally-managed install_data
[6.558s] Level 1:colcon.colcon_core.environment:checking '/home/kingpooper/deepRacerWS/install/tape' for CMake module files
[6.561s] Level 1:colcon.colcon_core.environment:checking '/home/kingpooper/deepRacerWS/install/tape' for CMake config files
[6.565s] Level 1:colcon.colcon_core.environment:checking '/home/kingpooper/deepRacerWS/install/tape/lib'
[6.566s] Level 1:colcon.colcon_core.environment:checking '/home/kingpooper/deepRacerWS/install/tape/bin'
[6.566s] Level 1:colcon.colcon_core.environment:checking '/home/kingpooper/deepRacerWS/install/tape/lib/pkgconfig/tape.pc'
[6.567s] Level 1:colcon.colcon_core.environment:checking '/home/kingpooper/deepRacerWS/install/tape/lib/python3.10/site-packages'
[6.568s] Level 1:colcon.colcon_core.shell:create_environment_hook('tape', 'pythonpath')
[6.569s] INFO:colcon.colcon_core.shell:Creating environment hook '/home/kingpooper/deepRacerWS/install/tape/share/tape/hook/pythonpath.ps1'
[6.571s] INFO:colcon.colcon_core.shell:Creating environment descriptor '/home/kingpooper/deepRacerWS/install/tape/share/tape/hook/pythonpath.dsv'
[6.573s] INFO:colcon.colcon_core.shell:Creating environment hook '/home/kingpooper/deepRacerWS/install/tape/share/tape/hook/pythonpath.sh'
[6.575s] Level 1:colcon.colcon_core.environment:checking '/home/kingpooper/deepRacerWS/install/tape/bin'
[6.576s] Level 1:colcon.colcon_core.environment:create_environment_scripts_only(tape)
[6.577s] INFO:colcon.colcon_core.shell:Creating package script '/home/kingpooper/deepRacerWS/install/tape/share/tape/package.ps1'
[6.581s] INFO:colcon.colcon_core.shell:Creating package descriptor '/home/kingpooper/deepRacerWS/install/tape/share/tape/package.dsv'
[6.583s] INFO:colcon.colcon_core.shell:Creating package script '/home/kingpooper/deepRacerWS/install/tape/share/tape/package.sh'
[6.587s] INFO:colcon.colcon_core.shell:Creating package script '/home/kingpooper/deepRacerWS/install/tape/share/tape/package.bash'
[6.590s] INFO:colcon.colcon_core.shell:Creating package script '/home/kingpooper/deepRacerWS/install/tape/share/tape/package.zsh'
[6.593s] Level 1:colcon.colcon_core.environment:create_file_with_runtime_dependencies(/home/kingpooper/deepRacerWS/install/tape/share/colcon-core/packages/tape)
[6.594s] DEBUG:colcon.colcon_parallel_executor.executor.parallel:closing loop
[6.595s] DEBUG:colcon.colcon_parallel_executor.executor.parallel:loop closed
[6.595s] DEBUG:colcon.colcon_parallel_executor.executor.parallel:run_until_complete finished with '0'
[6.595s] DEBUG:colcon.colcon_core.event_reactor:joining thread
[6.623s] INFO:colcon.colcon_core.plugin_system:Skipping extension 'colcon_notification.desktop_notification.terminal_notifier': Not used on non-Darwin systems
[6.624s] INFO:colcon.colcon_core.plugin_system:Skipping extension 'colcon_notification.desktop_notification.win32': Not used on non-Windows systems
[6.624s] INFO:colcon.colcon_notification.desktop_notification:Sending desktop notification using 'notify2'
[6.677s] DEBUG:colcon.colcon_core.event_reactor:joined thread
[6.678s] INFO:colcon.colcon_core.shell:Creating prefix script '/home/kingpooper/deepRacerWS/install/local_setup.ps1'
[6.683s] INFO:colcon.colcon_core.shell:Creating prefix util module '/home/kingpooper/deepRacerWS/install/_local_setup_util_ps1.py'
[6.690s] INFO:colcon.colcon_core.shell:Creating prefix chain script '/home/kingpooper/deepRacerWS/install/setup.ps1'
[6.697s] INFO:colcon.colcon_core.shell:Creating prefix script '/home/kingpooper/deepRacerWS/install/local_setup.sh'
[6.701s] INFO:colcon.colcon_core.shell:Creating prefix util module '/home/kingpooper/deepRacerWS/install/_local_setup_util_sh.py'
[6.704s] INFO:colcon.colcon_core.shell:Creating prefix chain script '/home/kingpooper/deepRacerWS/install/setup.sh'
[6.712s] INFO:colcon.colcon_core.shell:Creating prefix script '/home/kingpooper/deepRacerWS/install/local_setup.bash'
[6.715s] INFO:colcon.colcon_core.shell:Creating prefix chain script '/home/kingpooper/deepRacerWS/install/setup.bash'
[6.723s] INFO:colcon.colcon_core.shell:Creating prefix script '/home/kingpooper/deepRacerWS/install/local_setup.zsh'
[6.726s] INFO:colcon.colcon_core.shell:Creating prefix chain script '/home/kingpooper/deepRacerWS/install/setup.zsh'
