[5.560s] Invoking command in '/home/kingpooper/deepRacerWS/src/tape': PYTHONPATH=/home/kingpooper/deepRacerWS/build/tape/prefix_override:/usr/lib/python3/dist-packages/colcon_core/task/python/colcon_distutils_commands:/home/kingpooper/deepRacerWS/install/tape/lib/python3.10/site-packages:${PYTHONPATH} /usr/bin/python3 -W ignore:setup.py install is deprecated -W ignore:easy_install command is deprecated setup.py egg_info --egg-base ../../build/tape build --build-base /home/kingpooper/deepRacerWS/build/tape/build install --record /home/kingpooper/deepRacerWS/build/tape/install.log --single-version-externally-managed install_data
[7.696s] running egg_info
[7.699s] writing ../../build/tape/tape.egg-info/PKG-INFO
[7.708s] writing dependency_links to ../../build/tape/tape.egg-info/dependency_links.txt
[7.710s] writing entry points to ../../build/tape/tape.egg-info/entry_points.txt
[7.720s] writing requirements to ../../build/tape/tape.egg-info/requires.txt
[7.720s] writing top-level names to ../../build/tape/tape.egg-info/top_level.txt
[7.729s] reading manifest file '../../build/tape/tape.egg-info/SOURCES.txt'
[7.733s] adding license file 'LICENSE'
[7.750s] writing manifest file '../../build/tape/tape.egg-info/SOURCES.txt'
[7.751s] running build
[7.760s] running build_py
[7.760s] copying tape/james_blue_follower.py -> /home/kingpooper/deepRacerWS/build/tape/build/lib/tape
[7.761s] running install
[7.762s] running install_lib
[7.762s] copying /home/kingpooper/deepRacerWS/build/tape/build/lib/tape/james_blue_follower.py -> /home/kingpooper/deepRacerWS/install/tape/lib/python3.10/site-packages/tape
[7.767s] byte-compiling /home/kingpooper/deepRacerWS/install/tape/lib/python3.10/site-packages/tape/james_blue_follower.py to james_blue_follower.cpython-310.pyc
[7.772s] running install_data
[7.773s] running install_egg_info
[7.797s] removing '/home/kingpooper/deepRacerWS/install/tape/lib/python3.10/site-packages/tape-0.0.0-py3.10.egg-info' (and everything under it)
[7.800s] Copying ../../build/tape/tape.egg-info to /home/kingpooper/deepRacerWS/install/tape/lib/python3.10/site-packages/tape-0.0.0-py3.10.egg-info
[7.817s] running install_scripts
[7.991s] Installing image_subscriber script to /home/kingpooper/deepRacerWS/install/tape/lib/tape
[7.993s] Installing james_blue_follower script to /home/kingpooper/deepRacerWS/install/tape/lib/tape
[7.995s] Installing my_blue_tape_follower script to /home/kingpooper/deepRacerWS/install/tape/lib/tape
[7.997s] Installing my_sexy_tape_follower script to /home/kingpooper/deepRacerWS/install/tape/lib/tape
[7.999s] Installing my_tape_follower script to /home/kingpooper/deepRacerWS/install/tape/lib/tape
[8.000s] Installing obs_avoid script to /home/kingpooper/deepRacerWS/install/tape/lib/tape
[8.001s] Installing school_zone script to /home/kingpooper/deepRacerWS/install/tape/lib/tape
[8.002s] Installing stop_sign script to /home/kingpooper/deepRacerWS/install/tape/lib/tape
[8.003s] Installing tape_follower script to /home/kingpooper/deepRacerWS/install/tape/lib/tape
[8.004s] Installing tom_blue_tape script to /home/kingpooper/deepRacerWS/install/tape/lib/tape
[8.011s] writing list of installed files to '/home/kingpooper/deepRacerWS/build/tape/install.log'
[8.196s] Invoked command in '/home/kingpooper/deepRacerWS/src/tape' returned '0': PYTHONPATH=/home/kingpooper/deepRacerWS/build/tape/prefix_override:/usr/lib/python3/dist-packages/colcon_core/task/python/colcon_distutils_commands:/home/kingpooper/deepRacerWS/install/tape/lib/python3.10/site-packages:${PYTHONPATH} /usr/bin/python3 -W ignore:setup.py install is deprecated -W ignore:easy_install command is deprecated setup.py egg_info --egg-base ../../build/tape build --build-base /home/kingpooper/deepRacerWS/build/tape/build install --record /home/kingpooper/deepRacerWS/build/tape/install.log --single-version-externally-managed install_data
