[3.820s] Invoking command in '/home/kingpooper/deepRacerWS/src/control': PYTHONPATH=/home/kingpooper/deepRacerWS/build/control/prefix_override:/usr/lib/python3/dist-packages/colcon_core/task/python/colcon_distutils_commands:/home/kingpooper/deepRacerWS/install/control/lib/python3.10/site-packages:${PYTHONPATH} /usr/bin/python3 -W ignore:setup.py install is deprecated -W ignore:easy_install command is deprecated setup.py egg_info --egg-base ../../build/control build --build-base /home/kingpooper/deepRacerWS/build/control/build install --record /home/kingpooper/deepRacerWS/build/control/install.log --single-version-externally-managed install_data
[5.398s] running egg_info
[5.403s] writing ../../build/control/control.egg-info/PKG-INFO
[5.405s] writing dependency_links to ../../build/control/control.egg-info/dependency_links.txt
[5.407s] writing entry points to ../../build/control/control.egg-info/entry_points.txt
[5.408s] writing requirements to ../../build/control/control.egg-info/requires.txt
[5.410s] writing top-level names to ../../build/control/control.egg-info/top_level.txt
[5.424s] reading manifest file '../../build/control/control.egg-info/SOURCES.txt'
[5.425s] adding license file 'LICENSE'
[5.428s] writing manifest file '../../build/control/control.egg-info/SOURCES.txt'
[5.429s] running build
[5.429s] running build_py
[5.430s] copying control/subscriber.py -> /home/kingpooper/deepRacerWS/build/control/build/lib/control
[5.434s] running install
[5.436s] running install_lib
[5.438s] copying /home/kingpooper/deepRacerWS/build/control/build/lib/control/subscriber.py -> /home/kingpooper/deepRacerWS/install/control/lib/python3.10/site-packages/control
[5.442s] byte-compiling /home/kingpooper/deepRacerWS/install/control/lib/python3.10/site-packages/control/subscriber.py to subscriber.cpython-310.pyc
[5.444s] running install_data
[5.445s] running install_egg_info
[5.454s] removing '/home/kingpooper/deepRacerWS/install/control/lib/python3.10/site-packages/control-0.0.0-py3.10.egg-info' (and everything under it)
[5.457s] Copying ../../build/control/control.egg-info to /home/kingpooper/deepRacerWS/install/control/lib/python3.10/site-packages/control-0.0.0-py3.10.egg-info
[5.464s] running install_scripts
[5.546s] Installing subscriber script to /home/kingpooper/deepRacerWS/install/control/lib/control
[5.548s] writing list of installed files to '/home/kingpooper/deepRacerWS/build/control/install.log'
[5.673s] Invoked command in '/home/kingpooper/deepRacerWS/src/control' returned '0': PYTHONPATH=/home/kingpooper/deepRacerWS/build/control/prefix_override:/usr/lib/python3/dist-packages/colcon_core/task/python/colcon_distutils_commands:/home/kingpooper/deepRacerWS/install/control/lib/python3.10/site-packages:${PYTHONPATH} /usr/bin/python3 -W ignore:setup.py install is deprecated -W ignore:easy_install command is deprecated setup.py egg_info --egg-base ../../build/control build --build-base /home/kingpooper/deepRacerWS/build/control/build install --record /home/kingpooper/deepRacerWS/build/control/install.log --single-version-externally-managed install_data
