[3.298s] Invoking command in '/home/kingpooper/deepRacerWS/src/tape': PYTHONPATH=/home/kingpooper/deepRacerWS/build/tape/prefix_override:/usr/lib/python3/dist-packages/colcon_core/task/python/colcon_distutils_commands:/home/kingpooper/deepRacerWS/install/tape/lib/python3.10/site-packages:${PYTHONPATH} /usr/bin/python3 -W ignore:setup.py install is deprecated -W ignore:easy_install command is deprecated setup.py egg_info --egg-base ../../build/tape build --build-base /home/kingpooper/deepRacerWS/build/tape/build install --record /home/kingpooper/deepRacerWS/build/tape/install.log --single-version-externally-managed install_data
[4.658s] running egg_info
[4.662s] writing ../../build/tape/tape.egg-info/PKG-INFO
[4.664s] writing dependency_links to ../../build/tape/tape.egg-info/dependency_links.txt
[4.665s] writing entry points to ../../build/tape/tape.egg-info/entry_points.txt
[4.666s] writing requirements to ../../build/tape/tape.egg-info/requires.txt
[4.667s] writing top-level names to ../../build/tape/tape.egg-info/top_level.txt
[4.677s] reading manifest file '../../build/tape/tape.egg-info/SOURCES.txt'
[4.679s] adding license file 'LICENSE'
[4.682s] writing manifest file '../../build/tape/tape.egg-info/SOURCES.txt'
[4.684s] running build
[4.687s] running build_py
[4.687s] copying tape/my_sexy_tape_follower.py -> /home/kingpooper/deepRacerWS/build/tape/build/lib/tape
[4.690s] running install
[4.690s] running install_lib
[4.694s] copying /home/kingpooper/deepRacerWS/build/tape/build/lib/tape/my_sexy_tape_follower.py -> /home/kingpooper/deepRacerWS/install/tape/lib/python3.10/site-packages/tape
[4.698s] byte-compiling /home/kingpooper/deepRacerWS/install/tape/lib/python3.10/site-packages/tape/my_sexy_tape_follower.py to my_sexy_tape_follower.cpython-310.pyc
[4.702s] running install_data
[4.703s] running install_egg_info
[4.710s] removing '/home/kingpooper/deepRacerWS/install/tape/lib/python3.10/site-packages/tape-0.0.0-py3.10.egg-info' (and everything under it)
[4.712s] Copying ../../build/tape/tape.egg-info to /home/kingpooper/deepRacerWS/install/tape/lib/python3.10/site-packages/tape-0.0.0-py3.10.egg-info
[4.721s] running install_scripts
[4.805s] Installing image_subscriber script to /home/kingpooper/deepRacerWS/install/tape/lib/tape
[4.806s] Installing my_sexy_tape_follower script to /home/kingpooper/deepRacerWS/install/tape/lib/tape
[4.807s] Installing my_tape_follower script to /home/kingpooper/deepRacerWS/install/tape/lib/tape
[4.808s] Installing tape_follower script to /home/kingpooper/deepRacerWS/install/tape/lib/tape
[4.810s] writing list of installed files to '/home/kingpooper/deepRacerWS/build/tape/install.log'
[4.951s] Invoked command in '/home/kingpooper/deepRacerWS/src/tape' returned '0': PYTHONPATH=/home/kingpooper/deepRacerWS/build/tape/prefix_override:/usr/lib/python3/dist-packages/colcon_core/task/python/colcon_distutils_commands:/home/kingpooper/deepRacerWS/install/tape/lib/python3.10/site-packages:${PYTHONPATH} /usr/bin/python3 -W ignore:setup.py install is deprecated -W ignore:easy_install command is deprecated setup.py egg_info --egg-base ../../build/tape build --build-base /home/kingpooper/deepRacerWS/build/tape/build install --record /home/kingpooper/deepRacerWS/build/tape/install.log --single-version-externally-managed install_data
