[3.169s] Invoking command in '/home/kingpooper/deepRacerWS/src/tape': PYTHONPATH=/home/kingpooper/deepRacerWS/build/tape/prefix_override:/usr/lib/python3/dist-packages/colcon_core/task/python/colcon_distutils_commands:/home/kingpooper/deepRacerWS/install/tape/lib/python3.10/site-packages:${PYTHONPATH} /usr/bin/python3 -W ignore:setup.py install is deprecated -W ignore:easy_install command is deprecated setup.py egg_info --egg-base ../../build/tape build --build-base /home/kingpooper/deepRacerWS/build/tape/build install --record /home/kingpooper/deepRacerWS/build/tape/install.log --single-version-externally-managed install_data
[4.461s] running egg_info
[4.464s] writing ../../build/tape/tape.egg-info/PKG-INFO
[4.465s] writing dependency_links to ../../build/tape/tape.egg-info/dependency_links.txt
[4.466s] writing entry points to ../../build/tape/tape.egg-info/entry_points.txt
[4.467s] writing requirements to ../../build/tape/tape.egg-info/requires.txt
[4.468s] writing top-level names to ../../build/tape/tape.egg-info/top_level.txt
[4.479s] reading manifest file '../../build/tape/tape.egg-info/SOURCES.txt'
[4.480s] adding license file 'LICENSE'
[4.483s] writing manifest file '../../build/tape/tape.egg-info/SOURCES.txt'
[4.483s] running build
[4.484s] running build_py
[4.484s] copying tape/tape_follower.py -> /home/kingpooper/deepRacerWS/build/tape/build/lib/tape
[4.487s] running install
[4.488s] running install_lib
[4.491s] copying /home/kingpooper/deepRacerWS/build/tape/build/lib/tape/tape_follower.py -> /home/kingpooper/deepRacerWS/install/tape/lib/python3.10/site-packages/tape
[4.494s] byte-compiling /home/kingpooper/deepRacerWS/install/tape/lib/python3.10/site-packages/tape/tape_follower.py to tape_follower.cpython-310.pyc
[4.498s] running install_data
[4.499s] running install_egg_info
[4.507s] removing '/home/kingpooper/deepRacerWS/install/tape/lib/python3.10/site-packages/tape-0.0.0-py3.10.egg-info' (and everything under it)
[4.508s] Copying ../../build/tape/tape.egg-info to /home/kingpooper/deepRacerWS/install/tape/lib/python3.10/site-packages/tape-0.0.0-py3.10.egg-info
[4.513s] running install_scripts
[4.600s] Installing image_subscriber script to /home/kingpooper/deepRacerWS/install/tape/lib/tape
[4.601s] Installing tape_follower script to /home/kingpooper/deepRacerWS/install/tape/lib/tape
[4.603s] writing list of installed files to '/home/kingpooper/deepRacerWS/build/tape/install.log'
[4.736s] Invoked command in '/home/kingpooper/deepRacerWS/src/tape' returned '0': PYTHONPATH=/home/kingpooper/deepRacerWS/build/tape/prefix_override:/usr/lib/python3/dist-packages/colcon_core/task/python/colcon_distutils_commands:/home/kingpooper/deepRacerWS/install/tape/lib/python3.10/site-packages:${PYTHONPATH} /usr/bin/python3 -W ignore:setup.py install is deprecated -W ignore:easy_install command is deprecated setup.py egg_info --egg-base ../../build/tape build --build-base /home/kingpooper/deepRacerWS/build/tape/build install --record /home/kingpooper/deepRacerWS/build/tape/install.log --single-version-externally-managed install_data
