[6.002s] Invoking command in '/home/kingpooper/deepRacerWS/src/tape': PYTHONPATH=/home/kingpooper/deepRacerWS/build/tape/prefix_override:/usr/lib/python3/dist-packages/colcon_core/task/python/colcon_distutils_commands:/home/kingpooper/deepRacerWS/install/tape/lib/python3.10/site-packages:${PYTHONPATH} /usr/bin/python3 -W ignore:setup.py install is deprecated -W ignore:easy_install command is deprecated setup.py egg_info --egg-base ../../build/tape build --build-base /home/kingpooper/deepRacerWS/build/tape/build install --record /home/kingpooper/deepRacerWS/build/tape/install.log --single-version-externally-managed install_data
[8.056s] running egg_info
[8.057s] writing ../../build/tape/tape.egg-info/PKG-INFO
[8.057s] writing dependency_links to ../../build/tape/tape.egg-info/dependency_links.txt
[8.065s] writing entry points to ../../build/tape/tape.egg-info/entry_points.txt
[8.066s] writing requirements to ../../build/tape/tape.egg-info/requires.txt
[8.066s] writing top-level names to ../../build/tape/tape.egg-info/top_level.txt
[8.083s] reading manifest file '../../build/tape/tape.egg-info/SOURCES.txt'
[8.095s] adding license file 'LICENSE'
[8.096s] writing manifest file '../../build/tape/tape.egg-info/SOURCES.txt'
[8.097s] running build
[8.097s] running build_py
[8.098s] copying tape/stop_sign.py -> /home/kingpooper/deepRacerWS/build/tape/build/lib/tape
[8.099s] running install
[8.099s] running install_lib
[8.105s] copying /home/kingpooper/deepRacerWS/build/tape/build/lib/tape/stop_sign.py -> /home/kingpooper/deepRacerWS/install/tape/lib/python3.10/site-packages/tape
[8.113s] byte-compiling /home/kingpooper/deepRacerWS/install/tape/lib/python3.10/site-packages/tape/stop_sign.py to stop_sign.cpython-310.pyc
[8.120s] running install_data
[8.120s] running install_egg_info
[8.131s] removing '/home/kingpooper/deepRacerWS/install/tape/lib/python3.10/site-packages/tape-0.0.0-py3.10.egg-info' (and everything under it)
[8.133s] Copying ../../build/tape/tape.egg-info to /home/kingpooper/deepRacerWS/install/tape/lib/python3.10/site-packages/tape-0.0.0-py3.10.egg-info
[8.147s] running install_scripts
[8.280s] Installing image_subscriber script to /home/kingpooper/deepRacerWS/install/tape/lib/tape
[8.281s] Installing james_blue_follower script to /home/kingpooper/deepRacerWS/install/tape/lib/tape
[8.283s] Installing my_blue_tape_follower script to /home/kingpooper/deepRacerWS/install/tape/lib/tape
[8.283s] Installing my_sexy_tape_follower script to /home/kingpooper/deepRacerWS/install/tape/lib/tape
[8.285s] Installing my_tape_follower script to /home/kingpooper/deepRacerWS/install/tape/lib/tape
[8.286s] Installing obs_avoid script to /home/kingpooper/deepRacerWS/install/tape/lib/tape
[8.288s] Installing school_zone script to /home/kingpooper/deepRacerWS/install/tape/lib/tape
[8.295s] Installing shay_blue_follower script to /home/kingpooper/deepRacerWS/install/tape/lib/tape
[8.296s] Installing shaya_blue script to /home/kingpooper/deepRacerWS/install/tape/lib/tape
[8.304s] Installing stop_sign script to /home/kingpooper/deepRacerWS/install/tape/lib/tape
[8.306s] Installing tape_follower script to /home/kingpooper/deepRacerWS/install/tape/lib/tape
[8.314s] Installing tom_blue_tape script to /home/kingpooper/deepRacerWS/install/tape/lib/tape
[8.316s] writing list of installed files to '/home/kingpooper/deepRacerWS/build/tape/install.log'
[8.569s] Invoked command in '/home/kingpooper/deepRacerWS/src/tape' returned '0': PYTHONPATH=/home/kingpooper/deepRacerWS/build/tape/prefix_override:/usr/lib/python3/dist-packages/colcon_core/task/python/colcon_distutils_commands:/home/kingpooper/deepRacerWS/install/tape/lib/python3.10/site-packages:${PYTHONPATH} /usr/bin/python3 -W ignore:setup.py install is deprecated -W ignore:easy_install command is deprecated setup.py egg_info --egg-base ../../build/tape build --build-base /home/kingpooper/deepRacerWS/build/tape/build install --record /home/kingpooper/deepRacerWS/build/tape/install.log --single-version-externally-managed install_data
