[4.709s] Invoking command in '/home/kingpooper/deepRacerWS/src/tape': PYTHONPATH=/home/kingpooper/deepRacerWS/build/tape/prefix_override:/usr/lib/python3/dist-packages/colcon_core/task/python/colcon_distutils_commands:/home/kingpooper/deepRacerWS/install/tape/lib/python3.10/site-packages:${PYTHONPATH} /usr/bin/python3 -W ignore:setup.py install is deprecated -W ignore:easy_install command is deprecated setup.py egg_info --egg-base ../../build/tape build --build-base /home/kingpooper/deepRacerWS/build/tape/build install --record /home/kingpooper/deepRacerWS/build/tape/install.log --single-version-externally-managed install_data
[6.555s] running egg_info
[6.558s] writing ../../build/tape/tape.egg-info/PKG-INFO
[6.559s] writing dependency_links to ../../build/tape/tape.egg-info/dependency_links.txt
[6.561s] writing entry points to ../../build/tape/tape.egg-info/entry_points.txt
[6.564s] writing requirements to ../../build/tape/tape.egg-info/requires.txt
[6.564s] writing top-level names to ../../build/tape/tape.egg-info/top_level.txt
[6.573s] reading manifest file '../../build/tape/tape.egg-info/SOURCES.txt'
[6.574s] adding license file 'LICENSE'
[6.578s] writing manifest file '../../build/tape/tape.egg-info/SOURCES.txt'
[6.579s] running build
[6.580s] running build_py
[6.580s] copying tape/james_blue_follower.py -> /home/kingpooper/deepRacerWS/build/tape/build/lib/tape
[6.583s] copying tape/shay_blue_follower.py -> /home/kingpooper/deepRacerWS/build/tape/build/lib/tape
[6.587s] running install
[6.591s] running install_lib
[6.592s] copying /home/kingpooper/deepRacerWS/build/tape/build/lib/tape/james_blue_follower.py -> /home/kingpooper/deepRacerWS/install/tape/lib/python3.10/site-packages/tape
[6.595s] copying /home/kingpooper/deepRacerWS/build/tape/build/lib/tape/shay_blue_follower.py -> /home/kingpooper/deepRacerWS/install/tape/lib/python3.10/site-packages/tape
[6.599s] byte-compiling /home/kingpooper/deepRacerWS/install/tape/lib/python3.10/site-packages/tape/james_blue_follower.py to james_blue_follower.cpython-310.pyc
[6.605s] byte-compiling /home/kingpooper/deepRacerWS/install/tape/lib/python3.10/site-packages/tape/shay_blue_follower.py to shay_blue_follower.cpython-310.pyc
[6.610s] running install_data
[6.611s] running install_egg_info
[6.619s] removing '/home/kingpooper/deepRacerWS/install/tape/lib/python3.10/site-packages/tape-0.0.0-py3.10.egg-info' (and everything under it)
[6.621s] Copying ../../build/tape/tape.egg-info to /home/kingpooper/deepRacerWS/install/tape/lib/python3.10/site-packages/tape-0.0.0-py3.10.egg-info
[6.632s] running install_scripts
[6.720s] Installing image_subscriber script to /home/kingpooper/deepRacerWS/install/tape/lib/tape
[6.721s] Installing james_blue_follower script to /home/kingpooper/deepRacerWS/install/tape/lib/tape
[6.722s] Installing my_blue_tape_follower script to /home/kingpooper/deepRacerWS/install/tape/lib/tape
[6.724s] Installing my_sexy_tape_follower script to /home/kingpooper/deepRacerWS/install/tape/lib/tape
[6.726s] Installing my_tape_follower script to /home/kingpooper/deepRacerWS/install/tape/lib/tape
[6.727s] Installing obs_avoid script to /home/kingpooper/deepRacerWS/install/tape/lib/tape
[6.728s] Installing school_zone script to /home/kingpooper/deepRacerWS/install/tape/lib/tape
[6.728s] Installing shaya_blue script to /home/kingpooper/deepRacerWS/install/tape/lib/tape
[6.729s] Installing stop_sign script to /home/kingpooper/deepRacerWS/install/tape/lib/tape
[6.734s] Installing tape_follower script to /home/kingpooper/deepRacerWS/install/tape/lib/tape
[6.735s] Installing tom_blue_tape script to /home/kingpooper/deepRacerWS/install/tape/lib/tape
[6.738s] writing list of installed files to '/home/kingpooper/deepRacerWS/build/tape/install.log'
[6.890s] Invoked command in '/home/kingpooper/deepRacerWS/src/tape' returned '0': PYTHONPATH=/home/kingpooper/deepRacerWS/build/tape/prefix_override:/usr/lib/python3/dist-packages/colcon_core/task/python/colcon_distutils_commands:/home/kingpooper/deepRacerWS/install/tape/lib/python3.10/site-packages:${PYTHONPATH} /usr/bin/python3 -W ignore:setup.py install is deprecated -W ignore:easy_install command is deprecated setup.py egg_info --egg-base ../../build/tape build --build-base /home/kingpooper/deepRacerWS/build/tape/build install --record /home/kingpooper/deepRacerWS/build/tape/install.log --single-version-externally-managed install_data
