[3.179s] Invoking command in '/home/kingpooper/deepRacerWS/src/tape': PYTHONPATH=/home/kingpooper/deepRacerWS/build/tape/prefix_override:/usr/lib/python3/dist-packages/colcon_core/task/python/colcon_distutils_commands:/home/kingpooper/deepRacerWS/install/tape/lib/python3.10/site-packages:${PYTHONPATH} /usr/bin/python3 -W ignore:setup.py install is deprecated -W ignore:easy_install command is deprecated setup.py egg_info --egg-base ../../build/tape build --build-base /home/kingpooper/deepRacerWS/build/tape/build install --record /home/kingpooper/deepRacerWS/build/tape/install.log --single-version-externally-managed install_data
[4.471s] running egg_info
[4.474s] writing ../../build/tape/tape.egg-info/PKG-INFO
[4.476s] writing dependency_links to ../../build/tape/tape.egg-info/dependency_links.txt
[4.477s] writing entry points to ../../build/tape/tape.egg-info/entry_points.txt
[4.478s] writing requirements to ../../build/tape/tape.egg-info/requires.txt
[4.479s] writing top-level names to ../../build/tape/tape.egg-info/top_level.txt
[4.488s] reading manifest file '../../build/tape/tape.egg-info/SOURCES.txt'
[4.491s] adding license file 'LICENSE'
[4.493s] writing manifest file '../../build/tape/tape.egg-info/SOURCES.txt'
[4.494s] running build
[4.494s] running build_py
[4.498s] copying tape/image_subscriber.py -> /home/kingpooper/deepRacerWS/build/tape/build/lib/tape
[4.500s] running install
[4.502s] running install_lib
[4.507s] copying /home/kingpooper/deepRacerWS/build/tape/build/lib/tape/image_subscriber.py -> /home/kingpooper/deepRacerWS/install/tape/lib/python3.10/site-packages/tape
[4.512s] byte-compiling /home/kingpooper/deepRacerWS/install/tape/lib/python3.10/site-packages/tape/image_subscriber.py to image_subscriber.cpython-310.pyc
[4.514s] running install_data
[4.515s] running install_egg_info
[4.523s] removing '/home/kingpooper/deepRacerWS/install/tape/lib/python3.10/site-packages/tape-0.0.0-py3.10.egg-info' (and everything under it)
[4.524s] Copying ../../build/tape/tape.egg-info to /home/kingpooper/deepRacerWS/install/tape/lib/python3.10/site-packages/tape-0.0.0-py3.10.egg-info
[4.531s] running install_scripts
[4.618s] Installing image_subscriber = tape.image_subscriber:maintape_follower script to /home/kingpooper/deepRacerWS/install/tape/lib/tape
[4.620s] writing list of installed files to '/home/kingpooper/deepRacerWS/build/tape/install.log'
[4.755s] Invoked command in '/home/kingpooper/deepRacerWS/src/tape' returned '0': PYTHONPATH=/home/kingpooper/deepRacerWS/build/tape/prefix_override:/usr/lib/python3/dist-packages/colcon_core/task/python/colcon_distutils_commands:/home/kingpooper/deepRacerWS/install/tape/lib/python3.10/site-packages:${PYTHONPATH} /usr/bin/python3 -W ignore:setup.py install is deprecated -W ignore:easy_install command is deprecated setup.py egg_info --egg-base ../../build/tape build --build-base /home/kingpooper/deepRacerWS/build/tape/build install --record /home/kingpooper/deepRacerWS/build/tape/install.log --single-version-externally-managed install_data
