[10.561s] Invoking command in '/home/kingpooper/deepRacerWS/build/ros2_pca9685': PYTHONPATH=/home/kingpooper/deepRacerWS/build/ros2_pca9685/prefix_override:/usr/lib/python3/dist-packages/colcon_core/task/python/colcon_distutils_commands:/home/kingpooper/deepRacerWS/install/ros2_pca9685/lib/python3.10/site-packages:${PYTHONPATH} /usr/bin/python3 -W ignore:setup.py install is deprecated -W ignore:easy_install command is deprecated setup.py develop --uninstall --editable --build-directory /home/kingpooper/deepRacerWS/build/ros2_pca9685/build
[14.881s] /usr/lib/python3/dist-packages/setuptools/dist.py:723: UserWarning: Usage of dash-separated 'script-dir' will not be supported in future versions. Please use the underscore name 'script_dir' instead
[14.882s]   warnings.warn(
[15.155s] running develop
[20.526s] Removing /home/kingpooper/deepRacerWS/install/ros2_pca9685/lib/python3.10/site-packages/ros2-pca9685.egg-link (link to .)
[21.305s] Invoked command in '/home/kingpooper/deepRacerWS/build/ros2_pca9685' returned '0': PYTHONPATH=/home/kingpooper/deepRacerWS/build/ros2_pca9685/prefix_override:/usr/lib/python3/dist-packages/colcon_core/task/python/colcon_distutils_commands:/home/kingpooper/deepRacerWS/install/ros2_pca9685/lib/python3.10/site-packages:${PYTHONPATH} /usr/bin/python3 -W ignore:setup.py install is deprecated -W ignore:easy_install command is deprecated setup.py develop --uninstall --editable --build-directory /home/kingpooper/deepRacerWS/build/ros2_pca9685/build
[21.320s] Invoking command in '/home/kingpooper/deepRacerWS/src/ros2_pca9685': PYTHONPATH=/home/kingpooper/deepRacerWS/build/ros2_pca9685/prefix_override:/usr/lib/python3/dist-packages/colcon_core/task/python/colcon_distutils_commands:/home/kingpooper/deepRacerWS/install/ros2_pca9685/lib/python3.10/site-packages:${PYTHONPATH} /usr/bin/python3 -W ignore:setup.py install is deprecated -W ignore:easy_install command is deprecated setup.py egg_info --egg-base ../../build/ros2_pca9685 build --build-base /home/kingpooper/deepRacerWS/build/ros2_pca9685/build install --record /home/kingpooper/deepRacerWS/build/ros2_pca9685/install.log --install-scripts $base/lib/ros2_pca9685 --single-version-externally-managed install_data --force
[29.822s] /usr/lib/python3/dist-packages/setuptools/dist.py:723: UserWarning: Usage of dash-separated 'script-dir' will not be supported in future versions. Please use the underscore name 'script_dir' instead
[29.823s]   warnings.warn(
[30.274s] running egg_info
[30.306s] writing ../../build/ros2_pca9685/ros2_pca9685.egg-info/PKG-INFO
[30.316s] writing dependency_links to ../../build/ros2_pca9685/ros2_pca9685.egg-info/dependency_links.txt
[30.331s] writing entry points to ../../build/ros2_pca9685/ros2_pca9685.egg-info/entry_points.txt
[30.366s] writing requirements to ../../build/ros2_pca9685/ros2_pca9685.egg-info/requires.txt
[30.368s] writing top-level names to ../../build/ros2_pca9685/ros2_pca9685.egg-info/top_level.txt
[30.437s] reading manifest file '../../build/ros2_pca9685/ros2_pca9685.egg-info/SOURCES.txt'
[30.448s] adding license file 'LICENSE'
[30.454s] writing manifest file '../../build/ros2_pca9685/ros2_pca9685.egg-info/SOURCES.txt'
[30.478s] running build
[30.479s] running build_py
[30.485s] running install
[30.498s] running install_lib
[30.528s] copying /home/kingpooper/deepRacerWS/build/ros2_pca9685/build/lib/ros2_pca9685/publisher_member_function.py -> /home/kingpooper/deepRacerWS/install/ros2_pca9685/lib/python3.10/site-packages/ros2_pca9685
[30.548s] copying /home/kingpooper/deepRacerWS/build/ros2_pca9685/build/lib/ros2_pca9685/__init__.py -> /home/kingpooper/deepRacerWS/install/ros2_pca9685/lib/python3.10/site-packages/ros2_pca9685
[30.558s] copying /home/kingpooper/deepRacerWS/build/ros2_pca9685/build/lib/ros2_pca9685/subscriber_member_function.py -> /home/kingpooper/deepRacerWS/install/ros2_pca9685/lib/python3.10/site-packages/ros2_pca9685
[30.576s] byte-compiling /home/kingpooper/deepRacerWS/install/ros2_pca9685/lib/python3.10/site-packages/ros2_pca9685/publisher_member_function.py to publisher_member_function.cpython-310.pyc
[30.598s] byte-compiling /home/kingpooper/deepRacerWS/install/ros2_pca9685/lib/python3.10/site-packages/ros2_pca9685/__init__.py to __init__.cpython-310.pyc
[30.614s] byte-compiling /home/kingpooper/deepRacerWS/install/ros2_pca9685/lib/python3.10/site-packages/ros2_pca9685/subscriber_member_function.py to subscriber_member_function.cpython-310.pyc
[30.634s] running install_data
[30.650s] copying resource/ros2_pca9685 -> /home/kingpooper/deepRacerWS/install/ros2_pca9685/share/ament_index/resource_index/packages
[30.656s] copying package.xml -> /home/kingpooper/deepRacerWS/install/ros2_pca9685/share/ros2_pca9685
[30.661s] running install_egg_info
[30.730s] Copying ../../build/ros2_pca9685/ros2_pca9685.egg-info to /home/kingpooper/deepRacerWS/install/ros2_pca9685/lib/python3.10/site-packages/ros2_pca9685-0.0.0-py3.10.egg-info
[30.783s] running install_scripts
[31.486s] Installing listener script to /home/kingpooper/deepRacerWS/install/ros2_pca9685/lib/ros2_pca9685
[31.487s] Installing talker script to /home/kingpooper/deepRacerWS/install/ros2_pca9685/lib/ros2_pca9685
[31.488s] writing list of installed files to '/home/kingpooper/deepRacerWS/build/ros2_pca9685/install.log'
[32.339s] Invoked command in '/home/kingpooper/deepRacerWS/src/ros2_pca9685' returned '0': PYTHONPATH=/home/kingpooper/deepRacerWS/build/ros2_pca9685/prefix_override:/usr/lib/python3/dist-packages/colcon_core/task/python/colcon_distutils_commands:/home/kingpooper/deepRacerWS/install/ros2_pca9685/lib/python3.10/site-packages:${PYTHONPATH} /usr/bin/python3 -W ignore:setup.py install is deprecated -W ignore:easy_install command is deprecated setup.py egg_info --egg-base ../../build/ros2_pca9685 build --build-base /home/kingpooper/deepRacerWS/build/ros2_pca9685/build install --record /home/kingpooper/deepRacerWS/build/ros2_pca9685/install.log --install-scripts $base/lib/ros2_pca9685 --single-version-externally-managed install_data --force
