[6.890s] Invoking command in '/home/kingpooper/deepRacerWS/src/tape': PYTHONPATH=/home/kingpooper/deepRacerWS/build/tape/prefix_override:/usr/lib/python3/dist-packages/colcon_core/task/python/colcon_distutils_commands:/home/kingpooper/deepRacerWS/install/tape/lib/python3.10/site-packages:${PYTHONPATH} /usr/bin/python3 -W ignore:setup.py install is deprecated -W ignore:easy_install command is deprecated setup.py egg_info --egg-base ../../build/tape build --build-base /home/kingpooper/deepRacerWS/build/tape/build install --record /home/kingpooper/deepRacerWS/build/tape/install.log --single-version-externally-managed install_data
[8.963s] running egg_info
[8.966s] writing ../../build/tape/tape.egg-info/PKG-INFO
[8.968s] writing dependency_links to ../../build/tape/tape.egg-info/dependency_links.txt
[8.971s] writing entry points to ../../build/tape/tape.egg-info/entry_points.txt
[8.971s] writing requirements to ../../build/tape/tape.egg-info/requires.txt
[8.972s] writing top-level names to ../../build/tape/tape.egg-info/top_level.txt
[8.981s] reading manifest file '../../build/tape/tape.egg-info/SOURCES.txt'
[8.988s] adding license file 'LICENSE'
[8.992s] writing manifest file '../../build/tape/tape.egg-info/SOURCES.txt'
[8.994s] running build
[8.994s] running build_py
[8.997s] copying tape/tape_follower.py -> /home/kingpooper/deepRacerWS/build/tape/build/lib/tape
[8.998s] copying tape/my_tape_follower.py -> /home/kingpooper/deepRacerWS/build/tape/build/lib/tape
[8.998s] running install
[9.001s] running install_lib
[9.007s] copying /home/kingpooper/deepRacerWS/build/tape/build/lib/tape/tape_follower.py -> /home/kingpooper/deepRacerWS/install/tape/lib/python3.10/site-packages/tape
[9.007s] copying /home/kingpooper/deepRacerWS/build/tape/build/lib/tape/my_tape_follower.py -> /home/kingpooper/deepRacerWS/install/tape/lib/python3.10/site-packages/tape
[9.011s] byte-compiling /home/kingpooper/deepRacerWS/install/tape/lib/python3.10/site-packages/tape/tape_follower.py to tape_follower.cpython-310.pyc
[9.017s] byte-compiling /home/kingpooper/deepRacerWS/install/tape/lib/python3.10/site-packages/tape/my_tape_follower.py to my_tape_follower.cpython-310.pyc
[9.022s] running install_data
[9.023s] running install_egg_info
[9.034s] removing '/home/kingpooper/deepRacerWS/install/tape/lib/python3.10/site-packages/tape-0.0.0-py3.10.egg-info' (and everything under it)
[9.036s] Copying ../../build/tape/tape.egg-info to /home/kingpooper/deepRacerWS/install/tape/lib/python3.10/site-packages/tape-0.0.0-py3.10.egg-info
[9.049s] running install_scripts
[9.167s] Installing image_subscriber script to /home/kingpooper/deepRacerWS/install/tape/lib/tape
[9.169s] Installing my_tape_follower script to /home/kingpooper/deepRacerWS/install/tape/lib/tape
[9.170s] Installing tape_follower script to /home/kingpooper/deepRacerWS/install/tape/lib/tape
[9.172s] writing list of installed files to '/home/kingpooper/deepRacerWS/build/tape/install.log'
[9.350s] Invoked command in '/home/kingpooper/deepRacerWS/src/tape' returned '0': PYTHONPATH=/home/kingpooper/deepRacerWS/build/tape/prefix_override:/usr/lib/python3/dist-packages/colcon_core/task/python/colcon_distutils_commands:/home/kingpooper/deepRacerWS/install/tape/lib/python3.10/site-packages:${PYTHONPATH} /usr/bin/python3 -W ignore:setup.py install is deprecated -W ignore:easy_install command is deprecated setup.py egg_info --egg-base ../../build/tape build --build-base /home/kingpooper/deepRacerWS/build/tape/build install --record /home/kingpooper/deepRacerWS/build/tape/install.log --single-version-externally-managed install_data
