[3.630s] Invoking command in '/home/kingpooper/deepRacerWS/src/tape': PYTHONPATH=/home/kingpooper/deepRacerWS/build/tape/prefix_override:/usr/lib/python3/dist-packages/colcon_core/task/python/colcon_distutils_commands:/home/kingpooper/deepRacerWS/install/tape/lib/python3.10/site-packages:${PYTHONPATH} /usr/bin/python3 -W ignore:setup.py install is deprecated -W ignore:easy_install command is deprecated setup.py egg_info --egg-base ../../build/tape build --build-base /home/kingpooper/deepRacerWS/build/tape/build install --record /home/kingpooper/deepRacerWS/build/tape/install.log --single-version-externally-managed install_data
[5.033s] running egg_info
[5.036s] writing ../../build/tape/tape.egg-info/PKG-INFO
[5.038s] writing dependency_links to ../../build/tape/tape.egg-info/dependency_links.txt
[5.039s] writing entry points to ../../build/tape/tape.egg-info/entry_points.txt
[5.040s] writing requirements to ../../build/tape/tape.egg-info/requires.txt
[5.042s] writing top-level names to ../../build/tape/tape.egg-info/top_level.txt
[5.052s] reading manifest file '../../build/tape/tape.egg-info/SOURCES.txt'
[5.055s] adding license file 'LICENSE'
[5.058s] writing manifest file '../../build/tape/tape.egg-info/SOURCES.txt'
[5.060s] running build
[5.061s] running build_py
[5.062s] copying tape/tape_follower.py -> /home/kingpooper/deepRacerWS/build/tape/build/lib/tape
[5.065s] running install
[5.067s] running install_lib
[5.071s] copying /home/kingpooper/deepRacerWS/build/tape/build/lib/tape/tape_follower.py -> /home/kingpooper/deepRacerWS/install/tape/lib/python3.10/site-packages/tape
[5.075s] byte-compiling /home/kingpooper/deepRacerWS/install/tape/lib/python3.10/site-packages/tape/tape_follower.py to tape_follower.cpython-310.pyc
[5.080s] running install_data
[5.081s] running install_egg_info
[5.088s] removing '/home/kingpooper/deepRacerWS/install/tape/lib/python3.10/site-packages/tape-0.0.0-py3.10.egg-info' (and everything under it)
[5.090s] Copying ../../build/tape/tape.egg-info to /home/kingpooper/deepRacerWS/install/tape/lib/python3.10/site-packages/tape-0.0.0-py3.10.egg-info
[5.097s] running install_scripts
[5.191s] Installing image_subscriber script to /home/kingpooper/deepRacerWS/install/tape/lib/tape
[5.193s] Installing tape_follower script to /home/kingpooper/deepRacerWS/install/tape/lib/tape
[5.195s] writing list of installed files to '/home/kingpooper/deepRacerWS/build/tape/install.log'
[5.341s] Invoked command in '/home/kingpooper/deepRacerWS/src/tape' returned '0': PYTHONPATH=/home/kingpooper/deepRacerWS/build/tape/prefix_override:/usr/lib/python3/dist-packages/colcon_core/task/python/colcon_distutils_commands:/home/kingpooper/deepRacerWS/install/tape/lib/python3.10/site-packages:${PYTHONPATH} /usr/bin/python3 -W ignore:setup.py install is deprecated -W ignore:easy_install command is deprecated setup.py egg_info --egg-base ../../build/tape build --build-base /home/kingpooper/deepRacerWS/build/tape/build install --record /home/kingpooper/deepRacerWS/build/tape/install.log --single-version-externally-managed install_data
