[3.058s] Invoking command in '/home/kingpooper/deepRacerWS/src/control': PYTHONPATH=/home/kingpooper/deepRacerWS/build/control/prefix_override:/usr/lib/python3/dist-packages/colcon_core/task/python/colcon_distutils_commands:/home/kingpooper/deepRacerWS/install/control/lib/python3.10/site-packages:${PYTHONPATH} /usr/bin/python3 -W ignore:setup.py install is deprecated -W ignore:easy_install command is deprecated setup.py egg_info --egg-base ../../build/control build --build-base /home/kingpooper/deepRacerWS/build/control/build install --record /home/kingpooper/deepRacerWS/build/control/install.log --single-version-externally-managed install_data
[4.298s] running egg_info
[4.301s] writing ../../build/control/control.egg-info/PKG-INFO
[4.302s] writing dependency_links to ../../build/control/control.egg-info/dependency_links.txt
[4.303s] writing entry points to ../../build/control/control.egg-info/entry_points.txt
[4.304s] writing requirements to ../../build/control/control.egg-info/requires.txt
[4.304s] writing top-level names to ../../build/control/control.egg-info/top_level.txt
[4.313s] reading manifest file '../../build/control/control.egg-info/SOURCES.txt'
[4.315s] adding license file 'LICENSE'
[4.317s] writing manifest file '../../build/control/control.egg-info/SOURCES.txt'
[4.318s] running build
[4.318s] running build_py
[4.319s] copying control/subscriber.py -> /home/kingpooper/deepRacerWS/build/control/build/lib/control
[4.321s] running install
[4.322s] running install_lib
[4.326s] copying /home/kingpooper/deepRacerWS/build/control/build/lib/control/subscriber.py -> /home/kingpooper/deepRacerWS/install/control/lib/python3.10/site-packages/control
[4.328s] byte-compiling /home/kingpooper/deepRacerWS/install/control/lib/python3.10/site-packages/control/subscriber.py to subscriber.cpython-310.pyc
[4.331s] running install_data
[4.332s] running install_egg_info
[4.340s] removing '/home/kingpooper/deepRacerWS/install/control/lib/python3.10/site-packages/control-0.0.0-py3.10.egg-info' (and everything under it)
[4.342s] Copying ../../build/control/control.egg-info to /home/kingpooper/deepRacerWS/install/control/lib/python3.10/site-packages/control-0.0.0-py3.10.egg-info
[4.348s] running install_scripts
[4.430s] Installing subscriber script to /home/kingpooper/deepRacerWS/install/control/lib/control
[4.432s] writing list of installed files to '/home/kingpooper/deepRacerWS/build/control/install.log'
[4.565s] Invoked command in '/home/kingpooper/deepRacerWS/src/control' returned '0': PYTHONPATH=/home/kingpooper/deepRacerWS/build/control/prefix_override:/usr/lib/python3/dist-packages/colcon_core/task/python/colcon_distutils_commands:/home/kingpooper/deepRacerWS/install/control/lib/python3.10/site-packages:${PYTHONPATH} /usr/bin/python3 -W ignore:setup.py install is deprecated -W ignore:easy_install command is deprecated setup.py egg_info --egg-base ../../build/control build --build-base /home/kingpooper/deepRacerWS/build/control/build install --record /home/kingpooper/deepRacerWS/build/control/install.log --single-version-externally-managed install_data
