[5.864s] Invoking command in '/home/kingpooper/deepRacerWS/src/tape': PYTHONPATH=/home/kingpooper/deepRacerWS/build/tape/prefix_override:/usr/lib/python3/dist-packages/colcon_core/task/python/colcon_distutils_commands:/home/kingpooper/deepRacerWS/install/tape/lib/python3.10/site-packages:${PYTHONPATH} /usr/bin/python3 -W ignore:setup.py install is deprecated -W ignore:easy_install command is deprecated setup.py egg_info --egg-base ../../build/tape build --build-base /home/kingpooper/deepRacerWS/build/tape/build install --record /home/kingpooper/deepRacerWS/build/tape/install.log --single-version-externally-managed install_data
[8.328s] running egg_info
[8.333s] writing ../../build/tape/tape.egg-info/PKG-INFO
[8.334s] writing dependency_links to ../../build/tape/tape.egg-info/dependency_links.txt
[8.335s] writing entry points to ../../build/tape/tape.egg-info/entry_points.txt
[8.338s] writing requirements to ../../build/tape/tape.egg-info/requires.txt
[8.339s] writing top-level names to ../../build/tape/tape.egg-info/top_level.txt
[8.352s] reading manifest file '../../build/tape/tape.egg-info/SOURCES.txt'
[8.354s] adding license file 'LICENSE'
[8.358s] writing manifest file '../../build/tape/tape.egg-info/SOURCES.txt'
[8.361s] running build
[8.362s] running build_py
[8.363s] copying tape/shaya_blue.py -> /home/kingpooper/deepRacerWS/build/tape/build/lib/tape
[8.368s] running install
[8.371s] running install_lib
[8.380s] copying /home/kingpooper/deepRacerWS/build/tape/build/lib/tape/shaya_blue.py -> /home/kingpooper/deepRacerWS/install/tape/lib/python3.10/site-packages/tape
[8.385s] byte-compiling /home/kingpooper/deepRacerWS/install/tape/lib/python3.10/site-packages/tape/shaya_blue.py to shaya_blue.cpython-310.pyc
[8.389s] running install_data
[8.392s] running install_egg_info
[8.403s] removing '/home/kingpooper/deepRacerWS/install/tape/lib/python3.10/site-packages/tape-0.0.0-py3.10.egg-info' (and everything under it)
[8.411s] Copying ../../build/tape/tape.egg-info to /home/kingpooper/deepRacerWS/install/tape/lib/python3.10/site-packages/tape-0.0.0-py3.10.egg-info
[8.422s] running install_scripts
[8.549s] Installing image_subscriber script to /home/kingpooper/deepRacerWS/install/tape/lib/tape
[8.550s] Installing james_blue_follower script to /home/kingpooper/deepRacerWS/install/tape/lib/tape
[8.552s] Installing my_blue_tape_follower script to /home/kingpooper/deepRacerWS/install/tape/lib/tape
[8.555s] Installing my_sexy_tape_follower script to /home/kingpooper/deepRacerWS/install/tape/lib/tape
[8.567s] Installing my_tape_follower script to /home/kingpooper/deepRacerWS/install/tape/lib/tape
[8.573s] Installing obs_avoid script to /home/kingpooper/deepRacerWS/install/tape/lib/tape
[8.586s] Installing school_zone script to /home/kingpooper/deepRacerWS/install/tape/lib/tape
[8.607s] Installing shaya_blue script to /home/kingpooper/deepRacerWS/install/tape/lib/tape
[8.609s] Installing stop_sign script to /home/kingpooper/deepRacerWS/install/tape/lib/tape
[8.624s] Installing tape_follower script to /home/kingpooper/deepRacerWS/install/tape/lib/tape
[8.627s] Installing tom_blue_tape script to /home/kingpooper/deepRacerWS/install/tape/lib/tape
[8.651s] writing list of installed files to '/home/kingpooper/deepRacerWS/build/tape/install.log'
[8.820s] Invoked command in '/home/kingpooper/deepRacerWS/src/tape' returned '0': PYTHONPATH=/home/kingpooper/deepRacerWS/build/tape/prefix_override:/usr/lib/python3/dist-packages/colcon_core/task/python/colcon_distutils_commands:/home/kingpooper/deepRacerWS/install/tape/lib/python3.10/site-packages:${PYTHONPATH} /usr/bin/python3 -W ignore:setup.py install is deprecated -W ignore:easy_install command is deprecated setup.py egg_info --egg-base ../../build/tape build --build-base /home/kingpooper/deepRacerWS/build/tape/build install --record /home/kingpooper/deepRacerWS/build/tape/install.log --single-version-externally-managed install_data
