[4.687s] Invoking command in '/home/kingpooper/deepRacerWS/src/tape': PYTHONPATH=/home/kingpooper/deepRacerWS/build/tape/prefix_override:/usr/lib/python3/dist-packages/colcon_core/task/python/colcon_distutils_commands:/home/kingpooper/deepRacerWS/install/tape/lib/python3.10/site-packages:${PYTHONPATH} /usr/bin/python3 -W ignore:setup.py install is deprecated -W ignore:easy_install command is deprecated setup.py egg_info --egg-base ../../build/tape build --build-base /home/kingpooper/deepRacerWS/build/tape/build install --record /home/kingpooper/deepRacerWS/build/tape/install.log --single-version-externally-managed install_data
[6.363s] running egg_info
[6.366s] writing ../../build/tape/tape.egg-info/PKG-INFO
[6.367s] writing dependency_links to ../../build/tape/tape.egg-info/dependency_links.txt
[6.369s] writing entry points to ../../build/tape/tape.egg-info/entry_points.txt
[6.372s] writing requirements to ../../build/tape/tape.egg-info/requires.txt
[6.372s] writing top-level names to ../../build/tape/tape.egg-info/top_level.txt
[6.382s] reading manifest file '../../build/tape/tape.egg-info/SOURCES.txt'
[6.383s] adding license file 'LICENSE'
[6.387s] writing manifest file '../../build/tape/tape.egg-info/SOURCES.txt'
[6.388s] running build
[6.389s] running build_py
[6.394s] running install
[6.396s] running install_lib
[6.408s] running install_data
[6.409s] running install_egg_info
[6.420s] removing '/home/kingpooper/deepRacerWS/install/tape/lib/python3.10/site-packages/tape-0.0.0-py3.10.egg-info' (and everything under it)
[6.422s] Copying ../../build/tape/tape.egg-info to /home/kingpooper/deepRacerWS/install/tape/lib/python3.10/site-packages/tape-0.0.0-py3.10.egg-info
[6.434s] running install_scripts
[6.544s] Installing image_subscriber script to /home/kingpooper/deepRacerWS/install/tape/lib/tape
[6.544s] Installing james_blue_follower script to /home/kingpooper/deepRacerWS/install/tape/lib/tape
[6.545s] Installing my_blue_tape_follower script to /home/kingpooper/deepRacerWS/install/tape/lib/tape
[6.546s] Installing my_sexy_tape_follower script to /home/kingpooper/deepRacerWS/install/tape/lib/tape
[6.547s] Installing my_tape_follower script to /home/kingpooper/deepRacerWS/install/tape/lib/tape
[6.547s] Installing obs_avoid script to /home/kingpooper/deepRacerWS/install/tape/lib/tape
[6.549s] Installing school_zone script to /home/kingpooper/deepRacerWS/install/tape/lib/tape
[6.550s] Installing shaya_blue script to /home/kingpooper/deepRacerWS/install/tape/lib/tape
[6.551s] Installing stop_sign script to /home/kingpooper/deepRacerWS/install/tape/lib/tape
[6.554s] Installing tape_follower script to /home/kingpooper/deepRacerWS/install/tape/lib/tape
[6.554s] Installing tom_blue_tape script to /home/kingpooper/deepRacerWS/install/tape/lib/tape
[6.565s] writing list of installed files to '/home/kingpooper/deepRacerWS/build/tape/install.log'
[6.753s] Invoked command in '/home/kingpooper/deepRacerWS/src/tape' returned '0': PYTHONPATH=/home/kingpooper/deepRacerWS/build/tape/prefix_override:/usr/lib/python3/dist-packages/colcon_core/task/python/colcon_distutils_commands:/home/kingpooper/deepRacerWS/install/tape/lib/python3.10/site-packages:${PYTHONPATH} /usr/bin/python3 -W ignore:setup.py install is deprecated -W ignore:easy_install command is deprecated setup.py egg_info --egg-base ../../build/tape build --build-base /home/kingpooper/deepRacerWS/build/tape/build install --record /home/kingpooper/deepRacerWS/build/tape/install.log --single-version-externally-managed install_data
