[3.631s] Invoking command in '/home/kingpooper/deepRacerWS/src/tape': PYTHONPATH=/home/kingpooper/deepRacerWS/build/tape/prefix_override:/usr/lib/python3/dist-packages/colcon_core/task/python/colcon_distutils_commands:/home/kingpooper/deepRacerWS/install/tape/lib/python3.10/site-packages:${PYTHONPATH} /usr/bin/python3 -W ignore:setup.py install is deprecated -W ignore:easy_install command is deprecated setup.py egg_info --egg-base ../../build/tape build --build-base /home/kingpooper/deepRacerWS/build/tape/build install --record /home/kingpooper/deepRacerWS/build/tape/install.log --single-version-externally-managed install_data
[5.091s] running egg_info
[5.095s] writing ../../build/tape/tape.egg-info/PKG-INFO
[5.097s] writing dependency_links to ../../build/tape/tape.egg-info/dependency_links.txt
[5.099s] writing entry points to ../../build/tape/tape.egg-info/entry_points.txt
[5.101s] writing requirements to ../../build/tape/tape.egg-info/requires.txt
[5.102s] writing top-level names to ../../build/tape/tape.egg-info/top_level.txt
[5.112s] reading manifest file '../../build/tape/tape.egg-info/SOURCES.txt'
[5.113s] adding license file 'LICENSE'
[5.116s] writing manifest file '../../build/tape/tape.egg-info/SOURCES.txt'
[5.118s] running build
[5.120s] running build_py
[5.121s] copying tape/my_tape_follower.py -> /home/kingpooper/deepRacerWS/build/tape/build/lib/tape
[5.122s] running install
[5.124s] running install_lib
[5.128s] copying /home/kingpooper/deepRacerWS/build/tape/build/lib/tape/my_tape_follower.py -> /home/kingpooper/deepRacerWS/install/tape/lib/python3.10/site-packages/tape
[5.131s] byte-compiling /home/kingpooper/deepRacerWS/install/tape/lib/python3.10/site-packages/tape/my_tape_follower.py to my_tape_follower.cpython-310.pyc
[5.136s] running install_data
[5.137s] running install_egg_info
[5.148s] removing '/home/kingpooper/deepRacerWS/install/tape/lib/python3.10/site-packages/tape-0.0.0-py3.10.egg-info' (and everything under it)
[5.149s] Copying ../../build/tape/tape.egg-info to /home/kingpooper/deepRacerWS/install/tape/lib/python3.10/site-packages/tape-0.0.0-py3.10.egg-info
[5.158s] running install_scripts
[5.250s] Installing image_subscriber script to /home/kingpooper/deepRacerWS/install/tape/lib/tape
[5.251s] Installing my_sexy_tape_follower script to /home/kingpooper/deepRacerWS/install/tape/lib/tape
[5.252s] Installing my_tape_follower script to /home/kingpooper/deepRacerWS/install/tape/lib/tape
[5.253s] Installing tape_follower script to /home/kingpooper/deepRacerWS/install/tape/lib/tape
[5.260s] writing list of installed files to '/home/kingpooper/deepRacerWS/build/tape/install.log'
[5.417s] Invoked command in '/home/kingpooper/deepRacerWS/src/tape' returned '0': PYTHONPATH=/home/kingpooper/deepRacerWS/build/tape/prefix_override:/usr/lib/python3/dist-packages/colcon_core/task/python/colcon_distutils_commands:/home/kingpooper/deepRacerWS/install/tape/lib/python3.10/site-packages:${PYTHONPATH} /usr/bin/python3 -W ignore:setup.py install is deprecated -W ignore:easy_install command is deprecated setup.py egg_info --egg-base ../../build/tape build --build-base /home/kingpooper/deepRacerWS/build/tape/build install --record /home/kingpooper/deepRacerWS/build/tape/install.log --single-version-externally-managed install_data
