[3.158s] Invoking command in '/home/kingpooper/deepRacerWS/src/tape': PYTHONPATH=/home/kingpooper/deepRacerWS/build/tape/prefix_override:/usr/lib/python3/dist-packages/colcon_core/task/python/colcon_distutils_commands:/home/kingpooper/deepRacerWS/install/tape/lib/python3.10/site-packages:${PYTHONPATH} /usr/bin/python3 -W ignore:setup.py install is deprecated -W ignore:easy_install command is deprecated setup.py egg_info --egg-base ../../build/tape build --build-base /home/kingpooper/deepRacerWS/build/tape/build install --record /home/kingpooper/deepRacerWS/build/tape/install.log --single-version-externally-managed install_data
[4.448s] running egg_info
[4.450s] writing ../../build/tape/tape.egg-info/PKG-INFO
[4.451s] writing dependency_links to ../../build/tape/tape.egg-info/dependency_links.txt
[4.453s] writing entry points to ../../build/tape/tape.egg-info/entry_points.txt
[4.454s] writing requirements to ../../build/tape/tape.egg-info/requires.txt
[4.455s] writing top-level names to ../../build/tape/tape.egg-info/top_level.txt
[4.466s] reading manifest file '../../build/tape/tape.egg-info/SOURCES.txt'
[4.467s] adding license file 'LICENSE'
[4.470s] writing manifest file '../../build/tape/tape.egg-info/SOURCES.txt'
[4.470s] running build
[4.471s] running build_py
[4.473s] running install
[4.474s] running install_lib
[4.480s] running install_data
[4.480s] running install_egg_info
[4.488s] removing '/home/kingpooper/deepRacerWS/install/tape/lib/python3.10/site-packages/tape-0.0.0-py3.10.egg-info' (and everything under it)
[4.490s] Copying ../../build/tape/tape.egg-info to /home/kingpooper/deepRacerWS/install/tape/lib/python3.10/site-packages/tape-0.0.0-py3.10.egg-info
[4.495s] running install_scripts
[4.583s] Installing tape_follower script to /home/kingpooper/deepRacerWS/install/tape/lib/tape
[4.584s] writing list of installed files to '/home/kingpooper/deepRacerWS/build/tape/install.log'
[4.717s] Invoked command in '/home/kingpooper/deepRacerWS/src/tape' returned '0': PYTHONPATH=/home/kingpooper/deepRacerWS/build/tape/prefix_override:/usr/lib/python3/dist-packages/colcon_core/task/python/colcon_distutils_commands:/home/kingpooper/deepRacerWS/install/tape/lib/python3.10/site-packages:${PYTHONPATH} /usr/bin/python3 -W ignore:setup.py install is deprecated -W ignore:easy_install command is deprecated setup.py egg_info --egg-base ../../build/tape build --build-base /home/kingpooper/deepRacerWS/build/tape/build install --record /home/kingpooper/deepRacerWS/build/tape/install.log --single-version-externally-managed install_data
