[4.361s] Invoking command in '/home/kingpooper/deepRacerWS/src/ros2_pca9685': PYTHONPATH=/home/kingpooper/deepRacerWS/build/ros2_pca9685/prefix_override:/usr/lib/python3/dist-packages/colcon_core/task/python/colcon_distutils_commands:/home/kingpooper/deepRacerWS/install/ros2_pca9685/lib/python3.10/site-packages:${PYTHONPATH} /usr/bin/python3 -W ignore:setup.py install is deprecated -W ignore:easy_install command is deprecated setup.py egg_info --egg-base ../../build/ros2_pca9685 build --build-base /home/kingpooper/deepRacerWS/build/ros2_pca9685/build install --record /home/kingpooper/deepRacerWS/build/ros2_pca9685/install.log --install-scripts $base/lib/ros2_pca9685 --single-version-externally-managed install_data
[6.261s] /usr/lib/python3/dist-packages/setuptools/dist.py:723: UserWarning: Usage of dash-separated 'script-dir' will not be supported in future versions. Please use the underscore name 'script_dir' instead
[6.261s]   warnings.warn(
[6.320s] running egg_info
[6.323s] writing ../../build/ros2_pca9685/ros2_pca9685.egg-info/PKG-INFO
[6.325s] writing dependency_links to ../../build/ros2_pca9685/ros2_pca9685.egg-info/dependency_links.txt
[6.326s] writing entry points to ../../build/ros2_pca9685/ros2_pca9685.egg-info/entry_points.txt
[6.327s] writing requirements to ../../build/ros2_pca9685/ros2_pca9685.egg-info/requires.txt
[6.327s] writing top-level names to ../../build/ros2_pca9685/ros2_pca9685.egg-info/top_level.txt
[6.344s] reading manifest file '../../build/ros2_pca9685/ros2_pca9685.egg-info/SOURCES.txt'
[6.346s] adding license file 'LICENSE'
[6.349s] writing manifest file '../../build/ros2_pca9685/ros2_pca9685.egg-info/SOURCES.txt'
[6.350s] running build
[6.351s] running build_py
[6.352s] copying ros2_pca9685/subscriber_member_function.py -> /home/kingpooper/deepRacerWS/build/ros2_pca9685/build/lib/ros2_pca9685
[6.354s] running install
[6.355s] running install_lib
[6.360s] copying /home/kingpooper/deepRacerWS/build/ros2_pca9685/build/lib/ros2_pca9685/subscriber_member_function.py -> /home/kingpooper/deepRacerWS/install/ros2_pca9685/lib/python3.10/site-packages/ros2_pca9685
[6.364s] byte-compiling /home/kingpooper/deepRacerWS/install/ros2_pca9685/lib/python3.10/site-packages/ros2_pca9685/subscriber_member_function.py to subscriber_member_function.cpython-310.pyc
[6.369s] running install_data
[6.370s] running install_egg_info
[6.384s] removing '/home/kingpooper/deepRacerWS/install/ros2_pca9685/lib/python3.10/site-packages/ros2_pca9685-0.0.0-py3.10.egg-info' (and everything under it)
[6.387s] Copying ../../build/ros2_pca9685/ros2_pca9685.egg-info to /home/kingpooper/deepRacerWS/install/ros2_pca9685/lib/python3.10/site-packages/ros2_pca9685-0.0.0-py3.10.egg-info
[6.401s] running install_scripts
[6.510s] Installing listener script to /home/kingpooper/deepRacerWS/install/ros2_pca9685/lib/ros2_pca9685
[6.511s] Installing talker script to /home/kingpooper/deepRacerWS/install/ros2_pca9685/lib/ros2_pca9685
[6.514s] writing list of installed files to '/home/kingpooper/deepRacerWS/build/ros2_pca9685/install.log'
[6.668s] Invoked command in '/home/kingpooper/deepRacerWS/src/ros2_pca9685' returned '0': PYTHONPATH=/home/kingpooper/deepRacerWS/build/ros2_pca9685/prefix_override:/usr/lib/python3/dist-packages/colcon_core/task/python/colcon_distutils_commands:/home/kingpooper/deepRacerWS/install/ros2_pca9685/lib/python3.10/site-packages:${PYTHONPATH} /usr/bin/python3 -W ignore:setup.py install is deprecated -W ignore:easy_install command is deprecated setup.py egg_info --egg-base ../../build/ros2_pca9685 build --build-base /home/kingpooper/deepRacerWS/build/ros2_pca9685/build install --record /home/kingpooper/deepRacerWS/build/ros2_pca9685/install.log --install-scripts $base/lib/ros2_pca9685 --single-version-externally-managed install_data
