[0.072s] Invoking command in '/home/kingpooper/deepRacerWS/build/robot_car': CMAKE_PREFIX_PATH=${CMAKE_PREFIX_PATH}:/home/kingpooper/deepRacerWS/install/tape:/home/kingpooper/deepRacerWS/install/ros2_pca9685:/home/kingpooper/deepRacerWS/install/control:/opt/ros/humble /usr/bin/cmake /home/kingpooper/deepRacerWS/src/robot_car -DCMAKE_INSTALL_PREFIX=/home/kingpooper/deepRacerWS/install/robot_car
[0.976s] -- The C compiler identification is GNU 11.4.0
[1.751s] -- The CXX compiler identification is GNU 11.4.0
[1.802s] -- Detecting C compiler ABI info
[2.209s] -- Detecting C compiler ABI info - done
[2.233s] -- Check for working C compiler: /usr/bin/cc - skipped
[2.235s] -- Detecting C compile features
[2.238s] -- Detecting C compile features - done
[2.260s] -- Detecting CXX compiler ABI info
[2.673s] -- Detecting CXX compiler ABI info - done
[2.702s] -- Check for working CXX compiler: /usr/bin/c++ - skipped
[2.703s] -- Detecting CXX compile features
[2.705s] -- Detecting CXX compile features - done
[2.764s] -- Found ament_cmake: 1.3.11 (/opt/ros/humble/share/ament_cmake/cmake)
[3.960s] -- Found Python3: /usr/bin/python3 (found version "3.10.12") found components: Interpreter 
[5.661s] -- Found ament_lint_auto: 0.12.11 (/opt/ros/humble/share/ament_lint_auto/cmake)
[6.342s] -- Added test 'lint_cmake' to check CMake code style
[6.355s] -- Added test 'xmllint' to check XML markup files
[6.367s] -- Configuring done
[6.389s] -- Generating done
[6.400s] -- Build files have been written to: /home/kingpooper/deepRacerWS/build/robot_car
[6.417s] Invoked command in '/home/kingpooper/deepRacerWS/build/robot_car' returned '0': CMAKE_PREFIX_PATH=${CMAKE_PREFIX_PATH}:/home/kingpooper/deepRacerWS/install/tape:/home/kingpooper/deepRacerWS/install/ros2_pca9685:/home/kingpooper/deepRacerWS/install/control:/opt/ros/humble /usr/bin/cmake /home/kingpooper/deepRacerWS/src/robot_car -DCMAKE_INSTALL_PREFIX=/home/kingpooper/deepRacerWS/install/robot_car
[6.427s] Invoking command in '/home/kingpooper/deepRacerWS/build/robot_car': CMAKE_PREFIX_PATH=${CMAKE_PREFIX_PATH}:/home/kingpooper/deepRacerWS/install/tape:/home/kingpooper/deepRacerWS/install/ros2_pca9685:/home/kingpooper/deepRacerWS/install/control:/opt/ros/humble /usr/bin/cmake --build /home/kingpooper/deepRacerWS/build/robot_car -- -j4 -l4
[6.587s] Invoked command in '/home/kingpooper/deepRacerWS/build/robot_car' returned '0': CMAKE_PREFIX_PATH=${CMAKE_PREFIX_PATH}:/home/kingpooper/deepRacerWS/install/tape:/home/kingpooper/deepRacerWS/install/ros2_pca9685:/home/kingpooper/deepRacerWS/install/control:/opt/ros/humble /usr/bin/cmake --build /home/kingpooper/deepRacerWS/build/robot_car -- -j4 -l4
[6.635s] Invoking command in '/home/kingpooper/deepRacerWS/build/robot_car': CMAKE_PREFIX_PATH=${CMAKE_PREFIX_PATH}:/home/kingpooper/deepRacerWS/install/tape:/home/kingpooper/deepRacerWS/install/ros2_pca9685:/home/kingpooper/deepRacerWS/install/control:/opt/ros/humble /usr/bin/cmake --install /home/kingpooper/deepRacerWS/build/robot_car
[6.669s] -- Install configuration: ""
[6.671s] -- Installing: /home/kingpooper/deepRacerWS/install/robot_car/share/ament_index/resource_index/package_run_dependencies/robot_car
[6.676s] -- Installing: /home/kingpooper/deepRacerWS/install/robot_car/share/ament_index/resource_index/parent_prefix_path/robot_car
[6.678s] -- Installing: /home/kingpooper/deepRacerWS/install/robot_car/share/robot_car/environment/ament_prefix_path.sh
[6.679s] -- Installing: /home/kingpooper/deepRacerWS/install/robot_car/share/robot_car/environment/ament_prefix_path.dsv
[6.680s] -- Installing: /home/kingpooper/deepRacerWS/install/robot_car/share/robot_car/environment/path.sh
[6.680s] -- Installing: /home/kingpooper/deepRacerWS/install/robot_car/share/robot_car/environment/path.dsv
[6.681s] -- Installing: /home/kingpooper/deepRacerWS/install/robot_car/share/robot_car/local_setup.bash
[6.683s] -- Installing: /home/kingpooper/deepRacerWS/install/robot_car/share/robot_car/local_setup.sh
[6.684s] -- Installing: /home/kingpooper/deepRacerWS/install/robot_car/share/robot_car/local_setup.zsh
[6.686s] -- Installing: /home/kingpooper/deepRacerWS/install/robot_car/share/robot_car/local_setup.dsv
[6.687s] -- Installing: /home/kingpooper/deepRacerWS/install/robot_car/share/robot_car/package.dsv
[6.689s] -- Installing: /home/kingpooper/deepRacerWS/install/robot_car/share/ament_index/resource_index/packages/robot_car
[6.691s] -- Installing: /home/kingpooper/deepRacerWS/install/robot_car/share/robot_car/cmake/robot_carConfig.cmake
[6.692s] -- Installing: /home/kingpooper/deepRacerWS/install/robot_car/share/robot_car/cmake/robot_carConfig-version.cmake
[6.693s] -- Installing: /home/kingpooper/deepRacerWS/install/robot_car/share/robot_car/package.xml
[6.703s] Invoked command in '/home/kingpooper/deepRacerWS/build/robot_car' returned '0': CMAKE_PREFIX_PATH=${CMAKE_PREFIX_PATH}:/home/kingpooper/deepRacerWS/install/tape:/home/kingpooper/deepRacerWS/install/ros2_pca9685:/home/kingpooper/deepRacerWS/install/control:/opt/ros/humble /usr/bin/cmake --install /home/kingpooper/deepRacerWS/build/robot_car
