[5.452s] Invoking command in '/home/kingpooper/deepRacerWS/build/v4l2_camera': CMAKE_PREFIX_PATH=/opt/ros/humble /usr/bin/cmake --build /home/kingpooper/deepRacerWS/build/v4l2_camera -- -j4 -l4
[6.321s] [ 42%] Built target v4l2_camera
[6.686s] [ 71%] Built target v4l2_camera_node
[7.224s] [100%] Built target v4l2_camera_compose_test
[7.384s] Invoked command in '/home/kingpooper/deepRacerWS/build/v4l2_camera' returned '0': CMAKE_PREFIX_PATH=/opt/ros/humble /usr/bin/cmake --build /home/kingpooper/deepRacerWS/build/v4l2_camera -- -j4 -l4
[7.542s] Invoking command in '/home/kingpooper/deepRacerWS/build/v4l2_camera': CMAKE_PREFIX_PATH=/opt/ros/humble /usr/bin/cmake --install /home/kingpooper/deepRacerWS/build/v4l2_camera
[7.753s] -- Install configuration: ""
[7.757s] -- Execute custom install script
[7.775s] -- Up-to-date symlink: /home/kingpooper/deepRacerWS/install/v4l2_camera/include/v4l2_camera/control.hpp
[7.778s] -- Up-to-date symlink: /home/kingpooper/deepRacerWS/install/v4l2_camera/include/v4l2_camera/fourcc.hpp
[7.785s] -- Up-to-date symlink: /home/kingpooper/deepRacerWS/install/v4l2_camera/include/v4l2_camera/image_format.hpp
[7.798s] -- Up-to-date symlink: /home/kingpooper/deepRacerWS/install/v4l2_camera/include/v4l2_camera/pixel_format.hpp
[7.799s] -- Up-to-date symlink: /home/kingpooper/deepRacerWS/install/v4l2_camera/include/v4l2_camera/v4l2_camera.hpp
[7.816s] -- Up-to-date symlink: /home/kingpooper/deepRacerWS/install/v4l2_camera/include/v4l2_camera/v4l2_camera_device.hpp
[7.818s] -- Up-to-date symlink: /home/kingpooper/deepRacerWS/install/v4l2_camera/include/v4l2_camera/visibility_control.h
[7.827s] -- Up-to-date symlink: /home/kingpooper/deepRacerWS/install/v4l2_camera/share/v4l2_camera/environment/library_path.sh
[7.837s] -- Up-to-date symlink: /home/kingpooper/deepRacerWS/install/v4l2_camera/share/v4l2_camera/environment/library_path.dsv
[7.848s] -- Up-to-date symlink: /home/kingpooper/deepRacerWS/install/v4l2_camera/include/v4l2_camera/control.hpp
[7.852s] -- Up-to-date symlink: /home/kingpooper/deepRacerWS/install/v4l2_camera/include/v4l2_camera/fourcc.hpp
[7.863s] -- Up-to-date symlink: /home/kingpooper/deepRacerWS/install/v4l2_camera/include/v4l2_camera/image_format.hpp
[7.874s] -- Up-to-date symlink: /home/kingpooper/deepRacerWS/install/v4l2_camera/include/v4l2_camera/pixel_format.hpp
[7.881s] -- Up-to-date symlink: /home/kingpooper/deepRacerWS/install/v4l2_camera/include/v4l2_camera/v4l2_camera.hpp
[7.882s] -- Up-to-date symlink: /home/kingpooper/deepRacerWS/install/v4l2_camera/include/v4l2_camera/v4l2_camera_device.hpp
[7.901s] -- Up-to-date symlink: /home/kingpooper/deepRacerWS/install/v4l2_camera/include/v4l2_camera/visibility_control.h
[7.902s] -- Up-to-date symlink: /home/kingpooper/deepRacerWS/install/v4l2_camera/share/v4l2_camera/launch/v4l2_camera.launch.py
[7.902s] -- Up-to-date symlink: /home/kingpooper/deepRacerWS/install/v4l2_camera/share/ament_index/resource_index/package_run_dependencies/v4l2_camera
[7.906s] -- Up-to-date symlink: /home/kingpooper/deepRacerWS/install/v4l2_camera/share/ament_index/resource_index/parent_prefix_path/v4l2_camera
[7.911s] -- Up-to-date symlink: /home/kingpooper/deepRacerWS/install/v4l2_camera/share/v4l2_camera/environment/ament_prefix_path.sh
[7.924s] -- Up-to-date symlink: /home/kingpooper/deepRacerWS/install/v4l2_camera/share/v4l2_camera/environment/ament_prefix_path.dsv
[7.929s] -- Up-to-date symlink: /home/kingpooper/deepRacerWS/install/v4l2_camera/share/v4l2_camera/environment/path.sh
[7.943s] -- Up-to-date symlink: /home/kingpooper/deepRacerWS/install/v4l2_camera/share/v4l2_camera/environment/path.dsv
[7.955s] -- Up-to-date symlink: /home/kingpooper/deepRacerWS/install/v4l2_camera/share/v4l2_camera/local_setup.bash
[7.978s] -- Up-to-date symlink: /home/kingpooper/deepRacerWS/install/v4l2_camera/share/v4l2_camera/local_setup.sh
[7.987s] -- Up-to-date symlink: /home/kingpooper/deepRacerWS/install/v4l2_camera/share/v4l2_camera/local_setup.zsh
[7.988s] -- Up-to-date symlink: /home/kingpooper/deepRacerWS/install/v4l2_camera/share/v4l2_camera/local_setup.dsv
[8.003s] -- Symlinking: /home/kingpooper/deepRacerWS/install/v4l2_camera/share/v4l2_camera/package.dsv
[8.087s] -- Up-to-date symlink: /home/kingpooper/deepRacerWS/install/v4l2_camera/share/ament_index/resource_index/packages/v4l2_camera
[8.090s] -- Up-to-date symlink: /home/kingpooper/deepRacerWS/install/v4l2_camera/share/ament_index/resource_index/rclcpp_components/v4l2_camera
[8.105s] -- Up-to-date symlink: /home/kingpooper/deepRacerWS/install/v4l2_camera/share/v4l2_camera/cmake/ament_cmake_export_include_directories-extras.cmake
[8.117s] -- Up-to-date symlink: /home/kingpooper/deepRacerWS/install/v4l2_camera/share/v4l2_camera/cmake/ament_cmake_export_targets-extras.cmake
[8.124s] -- Up-to-date symlink: /home/kingpooper/deepRacerWS/install/v4l2_camera/share/v4l2_camera/cmake/ament_cmake_export_libraries-extras.cmake
[8.125s] -- Up-to-date symlink: /home/kingpooper/deepRacerWS/install/v4l2_camera/share/v4l2_camera/cmake/ament_cmake_export_dependencies-extras.cmake
[8.132s] -- Up-to-date symlink: /home/kingpooper/deepRacerWS/install/v4l2_camera/share/v4l2_camera/cmake/v4l2_cameraConfig.cmake
[8.141s] -- Up-to-date symlink: /home/kingpooper/deepRacerWS/install/v4l2_camera/share/v4l2_camera/cmake/v4l2_cameraConfig-version.cmake
[8.142s] -- Up-to-date symlink: /home/kingpooper/deepRacerWS/install/v4l2_camera/share/v4l2_camera/package.xml
[8.148s] -- Up-to-date: /home/kingpooper/deepRacerWS/install/v4l2_camera/lib/libv4l2_camera.so
[8.155s] -- Up-to-date: /home/kingpooper/deepRacerWS/install/v4l2_camera/lib/v4l2_camera/v4l2_camera_node
[8.167s] -- Up-to-date: /home/kingpooper/deepRacerWS/install/v4l2_camera/lib/v4l2_camera/v4l2_camera_compose_test
[8.176s] -- Up-to-date: /home/kingpooper/deepRacerWS/install/v4l2_camera/share/v4l2_camera/cmake/export_v4l2_cameraExport.cmake
[8.184s] -- Up-to-date: /home/kingpooper/deepRacerWS/install/v4l2_camera/share/v4l2_camera/cmake/export_v4l2_cameraExport-noconfig.cmake
[8.244s] Invoked command in '/home/kingpooper/deepRacerWS/build/v4l2_camera' returned '0': CMAKE_PREFIX_PATH=/opt/ros/humble /usr/bin/cmake --install /home/kingpooper/deepRacerWS/build/v4l2_camera
