[3.143s] Invoking command in '/home/kingpooper/deepRacerWS/src/tape': PYTHONPATH=/home/kingpooper/deepRacerWS/build/tape/prefix_override:/usr/lib/python3/dist-packages/colcon_core/task/python/colcon_distutils_commands:/home/kingpooper/deepRacerWS/install/tape/lib/python3.10/site-packages:${PYTHONPATH} /usr/bin/python3 -W ignore:setup.py install is deprecated -W ignore:easy_install command is deprecated setup.py egg_info --egg-base ../../build/tape build --build-base /home/kingpooper/deepRacerWS/build/tape/build install --record /home/kingpooper/deepRacerWS/build/tape/install.log --single-version-externally-managed install_data
[4.406s] running egg_info
[4.409s] writing ../../build/tape/tape.egg-info/PKG-INFO
[4.410s] writing dependency_links to ../../build/tape/tape.egg-info/dependency_links.txt
[4.412s] writing entry points to ../../build/tape/tape.egg-info/entry_points.txt
[4.412s] writing requirements to ../../build/tape/tape.egg-info/requires.txt
[4.413s] writing top-level names to ../../build/tape/tape.egg-info/top_level.txt
[4.422s] reading manifest file '../../build/tape/tape.egg-info/SOURCES.txt'
[4.423s] adding license file 'LICENSE'
[4.426s] writing manifest file '../../build/tape/tape.egg-info/SOURCES.txt'
[4.426s] running build
[4.427s] running build_py
[4.427s] copying tape/tape_follower.py -> /home/kingpooper/deepRacerWS/build/tape/build/lib/tape
[4.460s] running install
[4.463s] running install_lib
[4.470s] copying /home/kingpooper/deepRacerWS/build/tape/build/lib/tape/tape_follower.py -> /home/kingpooper/deepRacerWS/install/tape/lib/python3.10/site-packages/tape
[4.473s] byte-compiling /home/kingpooper/deepRacerWS/install/tape/lib/python3.10/site-packages/tape/tape_follower.py to tape_follower.cpython-310.pyc
[4.477s] running install_data
[4.477s] running install_egg_info
[4.485s] removing '/home/kingpooper/deepRacerWS/install/tape/lib/python3.10/site-packages/tape-0.0.0-py3.10.egg-info' (and everything under it)
[4.487s] Copying ../../build/tape/tape.egg-info to /home/kingpooper/deepRacerWS/install/tape/lib/python3.10/site-packages/tape-0.0.0-py3.10.egg-info
[4.492s] running install_scripts
[4.576s] Installing image_subscriber script to /home/kingpooper/deepRacerWS/install/tape/lib/tape
[4.577s] Installing tape_follower script to /home/kingpooper/deepRacerWS/install/tape/lib/tape
[4.579s] writing list of installed files to '/home/kingpooper/deepRacerWS/build/tape/install.log'
[4.711s] Invoked command in '/home/kingpooper/deepRacerWS/src/tape' returned '0': PYTHONPATH=/home/kingpooper/deepRacerWS/build/tape/prefix_override:/usr/lib/python3/dist-packages/colcon_core/task/python/colcon_distutils_commands:/home/kingpooper/deepRacerWS/install/tape/lib/python3.10/site-packages:${PYTHONPATH} /usr/bin/python3 -W ignore:setup.py install is deprecated -W ignore:easy_install command is deprecated setup.py egg_info --egg-base ../../build/tape build --build-base /home/kingpooper/deepRacerWS/build/tape/build install --record /home/kingpooper/deepRacerWS/build/tape/install.log --single-version-externally-managed install_data
