[0.878s] DEBUG:colcon:Command line arguments: ['/usr/bin/colcon', 'build', '--packages-select', 'tape']
[0.879s] DEBUG:colcon:Parsed command line arguments: Namespace(log_base=None, log_level=None, verb_name='build', build_base='build', install_base='install', merge_install=False, symlink_install=False, test_result_base=None, continue_on_error=False, executor='parallel', parallel_workers=4, event_handlers=None, ignore_user_meta=False, metas=['./colcon.meta'], base_paths=['.'], packages_ignore=None, packages_ignore_regex=None, paths=None, packages_up_to=None, packages_up_to_regex=None, packages_above=None, packages_above_and_dependencies=None, packages_above_depth=None, packages_select_by_dep=None, packages_skip_by_dep=None, packages_skip_up_to=None, packages_select_build_failed=False, packages_skip_build_finished=False, packages_select_test_failures=False, packages_skip_test_passed=False, packages_select=['tape'], packages_skip=None, packages_select_regex=None, packages_skip_regex=None, packages_start=None, packages_end=None, allow_overriding=[], cmake_args=None, cmake_target=None, cmake_target_skip_unavailable=False, cmake_clean_cache=False, cmake_clean_first=False, cmake_force_configure=False, ament_cmake_args=None, catkin_cmake_args=None, catkin_skip_building_tests=False, mixin_files=None, mixin=None, verb_parser=<colcon_mixin.mixin.mixin_argument.MixinArgumentDecorator object at 0xffffa83f2290>, verb_extension=<colcon_core.verb.build.BuildVerb object at 0xffffa85ab190>, main=<bound method BuildVerb.main of <colcon_core.verb.build.BuildVerb object at 0xffffa85ab190>>, mixin_verb=('build',))
[2.664s] Level 1:colcon.colcon_core.package_discovery:discover_packages(colcon_meta) check parameters
[2.665s] Level 1:colcon.colcon_core.package_discovery:discover_packages(recursive) check parameters
[2.666s] Level 1:colcon.colcon_core.package_discovery:discover_packages(ignore) check parameters
[2.667s] Level 1:colcon.colcon_core.package_discovery:discover_packages(path) check parameters
[2.668s] Level 1:colcon.colcon_core.package_discovery:discover_packages(colcon_meta) discover
[2.669s] Level 1:colcon.colcon_core.package_discovery:discover_packages(recursive) discover
[2.670s] INFO:colcon.colcon_core.package_discovery:Crawling recursively for packages in '/home/kingpooper/deepRacerWS/launch'
[2.671s] Level 1:colcon.colcon_core.package_identification:_identify(.) by extensions ['ignore', 'ignore_ament_install']
[2.673s] Level 1:colcon.colcon_core.package_identification:_identify(.) by extension 'ignore'
[2.674s] Level 1:colcon.colcon_core.package_identification:_identify(.) by extension 'ignore_ament_install'
[2.676s] Level 1:colcon.colcon_core.package_identification:_identify(.) by extensions ['colcon_pkg']
[2.677s] Level 1:colcon.colcon_core.package_identification:_identify(.) by extension 'colcon_pkg'
[2.678s] Level 1:colcon.colcon_core.package_identification:_identify(.) by extensions ['colcon_meta']
[2.679s] Level 1:colcon.colcon_core.package_identification:_identify(.) by extension 'colcon_meta'
[2.680s] Level 1:colcon.colcon_core.package_identification:_identify(.) by extensions ['ros']
[2.681s] Level 1:colcon.colcon_core.package_identification:_identify(.) by extension 'ros'
[2.752s] Level 1:colcon.colcon_core.package_identification:_identify(.) by extensions ['cmake', 'python']
[2.753s] Level 1:colcon.colcon_core.package_identification:_identify(.) by extension 'cmake'
[2.753s] Level 1:colcon.colcon_core.package_identification:_identify(.) by extension 'python'
[2.753s] Level 1:colcon.colcon_core.package_identification:_identify(.) by extensions ['python_setup_py']
[2.754s] Level 1:colcon.colcon_core.package_identification:_identify(.) by extension 'python_setup_py'
[2.754s] Level 1:colcon.colcon_core.package_identification:_identify(__pycache__) by extensions ['ignore', 'ignore_ament_install']
[2.755s] Level 1:colcon.colcon_core.package_identification:_identify(__pycache__) by extension 'ignore'
[2.755s] Level 1:colcon.colcon_core.package_identification:_identify(__pycache__) by extension 'ignore_ament_install'
[2.756s] Level 1:colcon.colcon_core.package_identification:_identify(__pycache__) by extensions ['colcon_pkg']
[2.756s] Level 1:colcon.colcon_core.package_identification:_identify(__pycache__) by extension 'colcon_pkg'
[2.756s] Level 1:colcon.colcon_core.package_identification:_identify(__pycache__) by extensions ['colcon_meta']
[2.756s] Level 1:colcon.colcon_core.package_identification:_identify(__pycache__) by extension 'colcon_meta'
[2.757s] Level 1:colcon.colcon_core.package_identification:_identify(__pycache__) by extensions ['ros']
[2.757s] Level 1:colcon.colcon_core.package_identification:_identify(__pycache__) by extension 'ros'
[2.758s] Level 1:colcon.colcon_core.package_identification:_identify(__pycache__) by extensions ['cmake', 'python']
[2.758s] Level 1:colcon.colcon_core.package_identification:_identify(__pycache__) by extension 'cmake'
[2.759s] Level 1:colcon.colcon_core.package_identification:_identify(__pycache__) by extension 'python'
[2.759s] Level 1:colcon.colcon_core.package_identification:_identify(__pycache__) by extensions ['python_setup_py']
[2.759s] Level 1:colcon.colcon_core.package_identification:_identify(__pycache__) by extension 'python_setup_py'
[2.760s] Level 1:colcon.colcon_core.package_identification:_identify(build) by extensions ['ignore', 'ignore_ament_install']
[2.761s] Level 1:colcon.colcon_core.package_identification:_identify(build) by extension 'ignore'
[2.761s] Level 1:colcon.colcon_core.package_identification:_identify(build) ignored
[2.762s] Level 1:colcon.colcon_core.package_identification:_identify(install) by extensions ['ignore', 'ignore_ament_install']
[2.763s] Level 1:colcon.colcon_core.package_identification:_identify(install) by extension 'ignore'
[2.763s] Level 1:colcon.colcon_core.package_identification:_identify(install) ignored
[2.764s] Level 1:colcon.colcon_core.package_identification:_identify(log) by extensions ['ignore', 'ignore_ament_install']
[2.765s] Level 1:colcon.colcon_core.package_identification:_identify(log) by extension 'ignore'
[2.766s] Level 1:colcon.colcon_core.package_identification:_identify(log) ignored
[2.766s] Level 1:colcon.colcon_core.package_discovery:discover_packages(recursive) using defaults
[2.766s] Level 1:colcon.colcon_core.package_discovery:discover_packages(ignore) discover
[2.766s] Level 1:colcon.colcon_core.package_discovery:discover_packages(ignore) using defaults
[2.767s] Level 1:colcon.colcon_core.package_discovery:discover_packages(path) discover
[2.767s] Level 1:colcon.colcon_core.package_discovery:discover_packages(path) using defaults
[2.768s] WARNING:colcon.colcon_core.package_selection:ignoring unknown package 'tape' in --packages-select
[2.930s] Level 1:colcon.colcon_core.package_discovery:discover_packages(prefix_path) check parameters
[2.931s] Level 1:colcon.colcon_core.package_discovery:discover_packages(prefix_path) discover
[2.946s] DEBUG:colcon.colcon_installed_package_information.package_discovery:Found 6 installed packages in /home/kingpooper/deepRacerWS/install
[2.962s] DEBUG:colcon.colcon_installed_package_information.package_discovery:Found 359 installed packages in /opt/ros/humble
[2.972s] Level 1:colcon.colcon_core.package_discovery:discover_packages(prefix_path) using defaults
[3.266s] INFO:colcon.colcon_core.executor:Executing jobs using 'parallel' executor
[3.271s] DEBUG:colcon.colcon_parallel_executor.executor.parallel:run_until_complete
[3.272s] DEBUG:colcon.colcon_parallel_executor.executor.parallel:closing loop
[3.273s] DEBUG:colcon.colcon_parallel_executor.executor.parallel:loop closed
[3.274s] DEBUG:colcon.colcon_parallel_executor.executor.parallel:run_until_complete finished with '0'
[3.275s] DEBUG:colcon.colcon_core.event_reactor:joining thread
[3.302s] INFO:colcon.colcon_core.plugin_system:Skipping extension 'colcon_notification.desktop_notification.terminal_notifier': Not used on non-Darwin systems
[3.303s] INFO:colcon.colcon_core.plugin_system:Skipping extension 'colcon_notification.desktop_notification.win32': Not used on non-Windows systems
[3.305s] INFO:colcon.colcon_notification.desktop_notification:Sending desktop notification using 'notify2'
[3.316s] DEBUG:colcon.colcon_notification.desktop_notification.notify2:Failed to initialize notify2: org.freedesktop.DBus.Error.ServiceUnknown: The name org.freedesktop.Notifications was not provided by any .service files
[3.316s] DEBUG:colcon.colcon_core.event_reactor:joined thread
[3.330s] INFO:colcon.colcon_core.plugin_system:Skipping extension 'colcon_core.shell.bat': Not used on non-Windows systems
[3.331s] INFO:colcon.colcon_core.shell:Creating prefix script '/home/kingpooper/deepRacerWS/launch/install/local_setup.ps1'
[3.337s] INFO:colcon.colcon_core.shell:Creating prefix util module '/home/kingpooper/deepRacerWS/launch/install/_local_setup_util_ps1.py'
[3.344s] INFO:colcon.colcon_core.shell:Creating prefix chain script '/home/kingpooper/deepRacerWS/launch/install/setup.ps1'
[3.351s] INFO:colcon.colcon_core.shell:Creating prefix script '/home/kingpooper/deepRacerWS/launch/install/local_setup.sh'
[3.354s] INFO:colcon.colcon_core.shell:Creating prefix util module '/home/kingpooper/deepRacerWS/launch/install/_local_setup_util_sh.py'
[3.358s] INFO:colcon.colcon_core.shell:Creating prefix chain script '/home/kingpooper/deepRacerWS/launch/install/setup.sh'
[3.366s] INFO:colcon.colcon_core.shell:Creating prefix script '/home/kingpooper/deepRacerWS/launch/install/local_setup.bash'
[3.369s] INFO:colcon.colcon_core.shell:Creating prefix chain script '/home/kingpooper/deepRacerWS/launch/install/setup.bash'
[3.377s] INFO:colcon.colcon_core.shell:Creating prefix script '/home/kingpooper/deepRacerWS/launch/install/local_setup.zsh'
[3.380s] INFO:colcon.colcon_core.shell:Creating prefix chain script '/home/kingpooper/deepRacerWS/launch/install/setup.zsh'
