running develop
Removing /home/kingpooper/deepRacerWS/install/tape/lib/python3.10/site-packages/tape.egg-link (link to .)
running egg_info
writing ../../build/tape/tape.egg-info/PKG-INFO
writing dependency_links to ../../build/tape/tape.egg-info/dependency_links.txt
writing entry points to ../../build/tape/tape.egg-info/entry_points.txt
writing requirements to ../../build/tape/tape.egg-info/requires.txt
writing top-level names to ../../build/tape/tape.egg-info/top_level.txt
reading manifest file '../../build/tape/tape.egg-info/SOURCES.txt'
adding license file 'LICENSE'
writing manifest file '../../build/tape/tape.egg-info/SOURCES.txt'
running build
running build_py
copying tape/tape_follower.py -> /home/kingpooper/deepRacerWS/build/tape/build/lib/tape
copying tape/my_tape_follower.py -> /home/kingpooper/deepRacerWS/build/tape/build/lib/tape
running install
running install_lib
creating /home/kingpooper/deepRacerWS/install/tape/lib/python3.10/site-packages/tape
copying /home/kingpooper/deepRacerWS/build/tape/build/lib/tape/tape_follower.py -> /home/kingpooper/deepRacerWS/install/tape/lib/python3.10/site-packages/tape
copying /home/kingpooper/deepRacerWS/build/tape/build/lib/tape/__init__.py -> /home/kingpooper/deepRacerWS/install/tape/lib/python3.10/site-packages/tape
copying /home/kingpooper/deepRacerWS/build/tape/build/lib/tape/my_tape_follower.py -> /home/kingpooper/deepRacerWS/install/tape/lib/python3.10/site-packages/tape
copying /home/kingpooper/deepRacerWS/build/tape/build/lib/tape/image_subscriber.py -> /home/kingpooper/deepRacerWS/install/tape/lib/python3.10/site-packages/tape
byte-compiling /home/kingpooper/deepRacerWS/install/tape/lib/python3.10/site-packages/tape/tape_follower.py to tape_follower.cpython-310.pyc
byte-compiling /home/kingpooper/deepRacerWS/install/tape/lib/python3.10/site-packages/tape/__init__.py to __init__.cpython-310.pyc
byte-compiling /home/kingpooper/deepRacerWS/install/tape/lib/python3.10/site-packages/tape/my_tape_follower.py to my_tape_follower.cpython-310.pyc
Sorry: TabError: inconsistent use of tabs and spaces in indentation (my_tape_follower.py, line 13)
byte-compiling /home/kingpooper/deepRacerWS/install/tape/lib/python3.10/site-packages/tape/image_subscriber.py to image_subscriber.cpython-310.pyc
running install_data
copying resource/tape -> /home/kingpooper/deepRacerWS/install/tape/share/ament_index/resource_index/packages
copying package.xml -> /home/kingpooper/deepRacerWS/install/tape/share/tape
running install_egg_info
Copying ../../build/tape/tape.egg-info to /home/kingpooper/deepRacerWS/install/tape/lib/python3.10/site-packages/tape-0.0.0-py3.10.egg-info
running install_scripts
Installing image_subscriber script to /home/kingpooper/deepRacerWS/install/tape/lib/tape
Installing tape_follower script to /home/kingpooper/deepRacerWS/install/tape/lib/tape
writing list of installed files to '/home/kingpooper/deepRacerWS/build/tape/install.log'
