[10.947s] Invoking command in '/home/kingpooper/deepRacerWS/build/tape': PYTHONPATH=/home/kingpooper/deepRacerWS/build/tape/prefix_override:/usr/lib/python3/dist-packages/colcon_core/task/python/colcon_distutils_commands:/home/kingpooper/deepRacerWS/install/tape/lib/python3.10/site-packages:${PYTHONPATH} /usr/bin/python3 -W ignore:setup.py install is deprecated -W ignore:easy_install command is deprecated setup.py develop --uninstall --editable --build-directory /home/kingpooper/deepRacerWS/build/tape/build
[16.354s] running develop
[25.789s] Removing /home/kingpooper/deepRacerWS/install/tape/lib/python3.10/site-packages/tape.egg-link (link to .)
[27.075s] Invoked command in '/home/kingpooper/deepRacerWS/build/tape' returned '0': PYTHONPATH=/home/kingpooper/deepRacerWS/build/tape/prefix_override:/usr/lib/python3/dist-packages/colcon_core/task/python/colcon_distutils_commands:/home/kingpooper/deepRacerWS/install/tape/lib/python3.10/site-packages:${PYTHONPATH} /usr/bin/python3 -W ignore:setup.py install is deprecated -W ignore:easy_install command is deprecated setup.py develop --uninstall --editable --build-directory /home/kingpooper/deepRacerWS/build/tape/build
[27.081s] Invoking command in '/home/kingpooper/deepRacerWS/src/tape': PYTHONPATH=/home/kingpooper/deepRacerWS/build/tape/prefix_override:/usr/lib/python3/dist-packages/colcon_core/task/python/colcon_distutils_commands:/home/kingpooper/deepRacerWS/install/tape/lib/python3.10/site-packages:${PYTHONPATH} /usr/bin/python3 -W ignore:setup.py install is deprecated -W ignore:easy_install command is deprecated setup.py egg_info --egg-base ../../build/tape build --build-base /home/kingpooper/deepRacerWS/build/tape/build install --record /home/kingpooper/deepRacerWS/build/tape/install.log --single-version-externally-managed install_data --force
[38.966s] running egg_info
[38.982s] writing ../../build/tape/tape.egg-info/PKG-INFO
[39.007s] writing dependency_links to ../../build/tape/tape.egg-info/dependency_links.txt
[39.008s] writing entry points to ../../build/tape/tape.egg-info/entry_points.txt
[39.016s] writing requirements to ../../build/tape/tape.egg-info/requires.txt
[39.018s] writing top-level names to ../../build/tape/tape.egg-info/top_level.txt
[39.058s] reading manifest file '../../build/tape/tape.egg-info/SOURCES.txt'
[39.060s] adding license file 'LICENSE'
[39.076s] writing manifest file '../../build/tape/tape.egg-info/SOURCES.txt'
[39.079s] running build
[39.083s] running build_py
[39.090s] copying tape/tape_follower.py -> /home/kingpooper/deepRacerWS/build/tape/build/lib/tape
[39.108s] copying tape/my_tape_follower.py -> /home/kingpooper/deepRacerWS/build/tape/build/lib/tape
[39.127s] running install
[39.138s] running install_lib
[39.154s] creating /home/kingpooper/deepRacerWS/install/tape/lib/python3.10/site-packages/tape
[39.156s] copying /home/kingpooper/deepRacerWS/build/tape/build/lib/tape/tape_follower.py -> /home/kingpooper/deepRacerWS/install/tape/lib/python3.10/site-packages/tape
[39.157s] copying /home/kingpooper/deepRacerWS/build/tape/build/lib/tape/__init__.py -> /home/kingpooper/deepRacerWS/install/tape/lib/python3.10/site-packages/tape
[39.169s] copying /home/kingpooper/deepRacerWS/build/tape/build/lib/tape/my_tape_follower.py -> /home/kingpooper/deepRacerWS/install/tape/lib/python3.10/site-packages/tape
[39.171s] copying /home/kingpooper/deepRacerWS/build/tape/build/lib/tape/image_subscriber.py -> /home/kingpooper/deepRacerWS/install/tape/lib/python3.10/site-packages/tape
[39.194s] byte-compiling /home/kingpooper/deepRacerWS/install/tape/lib/python3.10/site-packages/tape/tape_follower.py to tape_follower.cpython-310.pyc
[39.219s] byte-compiling /home/kingpooper/deepRacerWS/install/tape/lib/python3.10/site-packages/tape/__init__.py to __init__.cpython-310.pyc
[39.223s] byte-compiling /home/kingpooper/deepRacerWS/install/tape/lib/python3.10/site-packages/tape/my_tape_follower.py to my_tape_follower.cpython-310.pyc
[39.235s] Sorry: TabError: inconsistent use of tabs and spaces in indentation (my_tape_follower.py, line 13)
[39.236s] byte-compiling /home/kingpooper/deepRacerWS/install/tape/lib/python3.10/site-packages/tape/image_subscriber.py to image_subscriber.cpython-310.pyc
[39.238s] running install_data
[39.242s] copying resource/tape -> /home/kingpooper/deepRacerWS/install/tape/share/ament_index/resource_index/packages
[39.243s] copying package.xml -> /home/kingpooper/deepRacerWS/install/tape/share/tape
[39.258s] running install_egg_info
[39.303s] Copying ../../build/tape/tape.egg-info to /home/kingpooper/deepRacerWS/install/tape/lib/python3.10/site-packages/tape-0.0.0-py3.10.egg-info
[39.390s] running install_scripts
[40.034s] Installing image_subscriber script to /home/kingpooper/deepRacerWS/install/tape/lib/tape
[40.039s] Installing tape_follower script to /home/kingpooper/deepRacerWS/install/tape/lib/tape
[40.047s] writing list of installed files to '/home/kingpooper/deepRacerWS/build/tape/install.log'
[40.543s] Invoked command in '/home/kingpooper/deepRacerWS/src/tape' returned '0': PYTHONPATH=/home/kingpooper/deepRacerWS/build/tape/prefix_override:/usr/lib/python3/dist-packages/colcon_core/task/python/colcon_distutils_commands:/home/kingpooper/deepRacerWS/install/tape/lib/python3.10/site-packages:${PYTHONPATH} /usr/bin/python3 -W ignore:setup.py install is deprecated -W ignore:easy_install command is deprecated setup.py egg_info --egg-base ../../build/tape build --build-base /home/kingpooper/deepRacerWS/build/tape/build install --record /home/kingpooper/deepRacerWS/build/tape/install.log --single-version-externally-managed install_data --force
