[3.452s] Invoking command in '/home/kingpooper/deepRacerWS/src/tape': PYTHONPATH=/home/kingpooper/deepRacerWS/build/tape/prefix_override:/usr/lib/python3/dist-packages/colcon_core/task/python/colcon_distutils_commands:/home/kingpooper/deepRacerWS/install/tape/lib/python3.10/site-packages:${PYTHONPATH} /usr/bin/python3 -W ignore:setup.py install is deprecated -W ignore:easy_install command is deprecated setup.py egg_info --egg-base ../../build/tape build --build-base /home/kingpooper/deepRacerWS/build/tape/build install --record /home/kingpooper/deepRacerWS/build/tape/install.log --single-version-externally-managed install_data
[4.917s] running egg_info
[4.921s] writing ../../build/tape/tape.egg-info/PKG-INFO
[4.922s] writing dependency_links to ../../build/tape/tape.egg-info/dependency_links.txt
[4.923s] writing entry points to ../../build/tape/tape.egg-info/entry_points.txt
[4.924s] writing requirements to ../../build/tape/tape.egg-info/requires.txt
[4.925s] writing top-level names to ../../build/tape/tape.egg-info/top_level.txt
[4.935s] reading manifest file '../../build/tape/tape.egg-info/SOURCES.txt'
[4.936s] adding license file 'LICENSE'
[4.940s] writing manifest file '../../build/tape/tape.egg-info/SOURCES.txt'
[4.940s] running build
[4.941s] running build_py
[4.943s] copying tape/shay_blue_follower.py -> /home/kingpooper/deepRacerWS/build/tape/build/lib/tape
[4.947s] running install
[4.949s] running install_lib
[4.954s] copying /home/kingpooper/deepRacerWS/build/tape/build/lib/tape/shay_blue_follower.py -> /home/kingpooper/deepRacerWS/install/tape/lib/python3.10/site-packages/tape
[4.959s] byte-compiling /home/kingpooper/deepRacerWS/install/tape/lib/python3.10/site-packages/tape/shay_blue_follower.py to shay_blue_follower.cpython-310.pyc
[4.966s] running install_data
[4.967s] running install_egg_info
[4.976s] removing '/home/kingpooper/deepRacerWS/install/tape/lib/python3.10/site-packages/tape-0.0.0-py3.10.egg-info' (and everything under it)
[4.979s] Copying ../../build/tape/tape.egg-info to /home/kingpooper/deepRacerWS/install/tape/lib/python3.10/site-packages/tape-0.0.0-py3.10.egg-info
[4.988s] running install_scripts
[5.074s] Installing image_subscriber script to /home/kingpooper/deepRacerWS/install/tape/lib/tape
[5.075s] Installing james_blue_follower script to /home/kingpooper/deepRacerWS/install/tape/lib/tape
[5.076s] Installing my_blue_tape_follower script to /home/kingpooper/deepRacerWS/install/tape/lib/tape
[5.076s] Installing my_sexy_tape_follower script to /home/kingpooper/deepRacerWS/install/tape/lib/tape
[5.077s] Installing my_tape_follower script to /home/kingpooper/deepRacerWS/install/tape/lib/tape
[5.078s] Installing obs_avoid script to /home/kingpooper/deepRacerWS/install/tape/lib/tape
[5.079s] Installing school_zone script to /home/kingpooper/deepRacerWS/install/tape/lib/tape
[5.081s] Installing shay_blue_follower script to /home/kingpooper/deepRacerWS/install/tape/lib/tape
[5.085s] Installing shaya_blue script to /home/kingpooper/deepRacerWS/install/tape/lib/tape
[5.085s] Installing stop_sign script to /home/kingpooper/deepRacerWS/install/tape/lib/tape
[5.086s] Installing tape_follower script to /home/kingpooper/deepRacerWS/install/tape/lib/tape
[5.086s] Installing tom_blue_tape script to /home/kingpooper/deepRacerWS/install/tape/lib/tape
[5.088s] writing list of installed files to '/home/kingpooper/deepRacerWS/build/tape/install.log'
[5.228s] Invoked command in '/home/kingpooper/deepRacerWS/src/tape' returned '0': PYTHONPATH=/home/kingpooper/deepRacerWS/build/tape/prefix_override:/usr/lib/python3/dist-packages/colcon_core/task/python/colcon_distutils_commands:/home/kingpooper/deepRacerWS/install/tape/lib/python3.10/site-packages:${PYTHONPATH} /usr/bin/python3 -W ignore:setup.py install is deprecated -W ignore:easy_install command is deprecated setup.py egg_info --egg-base ../../build/tape build --build-base /home/kingpooper/deepRacerWS/build/tape/build install --record /home/kingpooper/deepRacerWS/build/tape/install.log --single-version-externally-managed install_data
