[5.940s] Invoking command in '/home/kingpooper/deepRacerWS/src/tape': PYTHONPATH=/home/kingpooper/deepRacerWS/build/tape/prefix_override:/usr/lib/python3/dist-packages/colcon_core/task/python/colcon_distutils_commands:/home/kingpooper/deepRacerWS/install/tape/lib/python3.10/site-packages:${PYTHONPATH} /usr/bin/python3 -W ignore:setup.py install is deprecated -W ignore:easy_install command is deprecated setup.py egg_info --egg-base ../../build/tape build --build-base /home/kingpooper/deepRacerWS/build/tape/build install --record /home/kingpooper/deepRacerWS/build/tape/install.log --single-version-externally-managed install_data
[8.449s] running egg_info
[8.453s] writing ../../build/tape/tape.egg-info/PKG-INFO
[8.459s] writing dependency_links to ../../build/tape/tape.egg-info/dependency_links.txt
[8.503s] writing entry points to ../../build/tape/tape.egg-info/entry_points.txt
[8.506s] writing requirements to ../../build/tape/tape.egg-info/requires.txt
[8.509s] writing top-level names to ../../build/tape/tape.egg-info/top_level.txt
[8.521s] reading manifest file '../../build/tape/tape.egg-info/SOURCES.txt'
[8.523s] adding license file 'LICENSE'
[8.529s] writing manifest file '../../build/tape/tape.egg-info/SOURCES.txt'
[8.529s] running build
[8.530s] running build_py
[8.545s] copying tape/stop_sign.py -> /home/kingpooper/deepRacerWS/build/tape/build/lib/tape
[8.546s] running install
[8.546s] running install_lib
[8.549s] copying /home/kingpooper/deepRacerWS/build/tape/build/lib/tape/stop_sign.py -> /home/kingpooper/deepRacerWS/install/tape/lib/python3.10/site-packages/tape
[8.747s] byte-compiling /home/kingpooper/deepRacerWS/install/tape/lib/python3.10/site-packages/tape/stop_sign.py to stop_sign.cpython-310.pyc
[8.753s] running install_data
[8.754s] running install_egg_info
[8.768s] removing '/home/kingpooper/deepRacerWS/install/tape/lib/python3.10/site-packages/tape-0.0.0-py3.10.egg-info' (and everything under it)
[8.772s] Copying ../../build/tape/tape.egg-info to /home/kingpooper/deepRacerWS/install/tape/lib/python3.10/site-packages/tape-0.0.0-py3.10.egg-info
[8.785s] running install_scripts
[8.967s] Installing image_subscriber script to /home/kingpooper/deepRacerWS/install/tape/lib/tape
[8.969s] Installing james_blue_follower script to /home/kingpooper/deepRacerWS/install/tape/lib/tape
[8.972s] Installing my_blue_tape_follower script to /home/kingpooper/deepRacerWS/install/tape/lib/tape
[8.974s] Installing my_sexy_tape_follower script to /home/kingpooper/deepRacerWS/install/tape/lib/tape
[8.977s] Installing my_tape_follower script to /home/kingpooper/deepRacerWS/install/tape/lib/tape
[8.978s] Installing obs_avoid script to /home/kingpooper/deepRacerWS/install/tape/lib/tape
[8.979s] Installing school_zone script to /home/kingpooper/deepRacerWS/install/tape/lib/tape
[8.984s] Installing shay_blue_follower script to /home/kingpooper/deepRacerWS/install/tape/lib/tape
[8.984s] Installing shaya_blue script to /home/kingpooper/deepRacerWS/install/tape/lib/tape
[8.988s] Installing stop_sign script to /home/kingpooper/deepRacerWS/install/tape/lib/tape
[8.989s] Installing tape_follower script to /home/kingpooper/deepRacerWS/install/tape/lib/tape
[8.989s] Installing tom_blue_tape script to /home/kingpooper/deepRacerWS/install/tape/lib/tape
[8.992s] writing list of installed files to '/home/kingpooper/deepRacerWS/build/tape/install.log'
[9.201s] Invoked command in '/home/kingpooper/deepRacerWS/src/tape' returned '0': PYTHONPATH=/home/kingpooper/deepRacerWS/build/tape/prefix_override:/usr/lib/python3/dist-packages/colcon_core/task/python/colcon_distutils_commands:/home/kingpooper/deepRacerWS/install/tape/lib/python3.10/site-packages:${PYTHONPATH} /usr/bin/python3 -W ignore:setup.py install is deprecated -W ignore:easy_install command is deprecated setup.py egg_info --egg-base ../../build/tape build --build-base /home/kingpooper/deepRacerWS/build/tape/build install --record /home/kingpooper/deepRacerWS/build/tape/install.log --single-version-externally-managed install_data
