[5.986s] Invoking command in '/home/kingpooper/deepRacerWS/src/tape': PYTHONPATH=/home/kingpooper/deepRacerWS/build/tape/prefix_override:/usr/lib/python3/dist-packages/colcon_core/task/python/colcon_distutils_commands:/home/kingpooper/deepRacerWS/install/tape/lib/python3.10/site-packages:${PYTHONPATH} /usr/bin/python3 -W ignore:setup.py install is deprecated -W ignore:easy_install command is deprecated setup.py egg_info --egg-base ../../build/tape build --build-base /home/kingpooper/deepRacerWS/build/tape/build install --record /home/kingpooper/deepRacerWS/build/tape/install.log --single-version-externally-managed install_data
[7.818s] running egg_info
[7.821s] writing ../../build/tape/tape.egg-info/PKG-INFO
[7.822s] writing dependency_links to ../../build/tape/tape.egg-info/dependency_links.txt
[7.825s] writing entry points to ../../build/tape/tape.egg-info/entry_points.txt
[7.826s] writing requirements to ../../build/tape/tape.egg-info/requires.txt
[7.827s] writing top-level names to ../../build/tape/tape.egg-info/top_level.txt
[7.840s] reading manifest file '../../build/tape/tape.egg-info/SOURCES.txt'
[7.842s] adding license file 'LICENSE'
[7.846s] writing manifest file '../../build/tape/tape.egg-info/SOURCES.txt'
[7.847s] running build
[7.848s] running build_py
[7.851s] copying tape/shay_blue_follower.py -> /home/kingpooper/deepRacerWS/build/tape/build/lib/tape
[7.856s] running install
[7.857s] running install_lib
[7.876s] copying /home/kingpooper/deepRacerWS/build/tape/build/lib/tape/shay_blue_follower.py -> /home/kingpooper/deepRacerWS/install/tape/lib/python3.10/site-packages/tape
[7.877s] byte-compiling /home/kingpooper/deepRacerWS/install/tape/lib/python3.10/site-packages/tape/shay_blue_follower.py to shay_blue_follower.cpython-310.pyc
[7.880s] running install_data
[7.881s] running install_egg_info
[7.895s] removing '/home/kingpooper/deepRacerWS/install/tape/lib/python3.10/site-packages/tape-0.0.0-py3.10.egg-info' (and everything under it)
[7.897s] Copying ../../build/tape/tape.egg-info to /home/kingpooper/deepRacerWS/install/tape/lib/python3.10/site-packages/tape-0.0.0-py3.10.egg-info
[7.908s] running install_scripts
[8.011s] Installing image_subscriber script to /home/kingpooper/deepRacerWS/install/tape/lib/tape
[8.017s] Installing james_blue_follower script to /home/kingpooper/deepRacerWS/install/tape/lib/tape
[8.021s] Installing my_blue_tape_follower script to /home/kingpooper/deepRacerWS/install/tape/lib/tape
[8.025s] Installing my_sexy_tape_follower script to /home/kingpooper/deepRacerWS/install/tape/lib/tape
[8.029s] Installing my_tape_follower script to /home/kingpooper/deepRacerWS/install/tape/lib/tape
[8.033s] Installing obs_avoid script to /home/kingpooper/deepRacerWS/install/tape/lib/tape
[8.034s] Installing school_zone script to /home/kingpooper/deepRacerWS/install/tape/lib/tape
[8.037s] Installing shay_blue_follower script to /home/kingpooper/deepRacerWS/install/tape/lib/tape
[8.043s] Installing shaya_blue script to /home/kingpooper/deepRacerWS/install/tape/lib/tape
[8.059s] Installing stop_sign script to /home/kingpooper/deepRacerWS/install/tape/lib/tape
[8.076s] Installing tape_follower script to /home/kingpooper/deepRacerWS/install/tape/lib/tape
[8.107s] Installing tom_blue_tape script to /home/kingpooper/deepRacerWS/install/tape/lib/tape
[8.126s] writing list of installed files to '/home/kingpooper/deepRacerWS/build/tape/install.log'
[8.318s] Invoked command in '/home/kingpooper/deepRacerWS/src/tape' returned '0': PYTHONPATH=/home/kingpooper/deepRacerWS/build/tape/prefix_override:/usr/lib/python3/dist-packages/colcon_core/task/python/colcon_distutils_commands:/home/kingpooper/deepRacerWS/install/tape/lib/python3.10/site-packages:${PYTHONPATH} /usr/bin/python3 -W ignore:setup.py install is deprecated -W ignore:easy_install command is deprecated setup.py egg_info --egg-base ../../build/tape build --build-base /home/kingpooper/deepRacerWS/build/tape/build install --record /home/kingpooper/deepRacerWS/build/tape/install.log --single-version-externally-managed install_data
