[5.228s] Invoking command in '/home/kingpooper/deepRacerWS/src/tape': PYTHONPATH=/home/kingpooper/deepRacerWS/build/tape/prefix_override:/usr/lib/python3/dist-packages/colcon_core/task/python/colcon_distutils_commands:/home/kingpooper/deepRacerWS/install/tape/lib/python3.10/site-packages:${PYTHONPATH} /usr/bin/python3 -W ignore:setup.py install is deprecated -W ignore:easy_install command is deprecated setup.py egg_info --egg-base ../../build/tape build --build-base /home/kingpooper/deepRacerWS/build/tape/build install --record /home/kingpooper/deepRacerWS/build/tape/install.log --single-version-externally-managed install_data
[7.329s] running egg_info
[7.332s] writing ../../build/tape/tape.egg-info/PKG-INFO
[7.334s] writing dependency_links to ../../build/tape/tape.egg-info/dependency_links.txt
[7.335s] writing entry points to ../../build/tape/tape.egg-info/entry_points.txt
[7.339s] writing requirements to ../../build/tape/tape.egg-info/requires.txt
[7.339s] writing top-level names to ../../build/tape/tape.egg-info/top_level.txt
[7.354s] reading manifest file '../../build/tape/tape.egg-info/SOURCES.txt'
[7.355s] adding license file 'LICENSE'
[7.355s] writing manifest file '../../build/tape/tape.egg-info/SOURCES.txt'
[7.356s] running build
[7.356s] running build_py
[7.362s] copying tape/my_sexy_tape_follower.py -> /home/kingpooper/deepRacerWS/build/tape/build/lib/tape
[7.364s] running install
[7.365s] running install_lib
[7.365s] copying /home/kingpooper/deepRacerWS/build/tape/build/lib/tape/my_sexy_tape_follower.py -> /home/kingpooper/deepRacerWS/install/tape/lib/python3.10/site-packages/tape
[7.372s] byte-compiling /home/kingpooper/deepRacerWS/install/tape/lib/python3.10/site-packages/tape/my_sexy_tape_follower.py to my_sexy_tape_follower.cpython-310.pyc
[7.392s] running install_data
[7.392s] running install_egg_info
[7.393s] removing '/home/kingpooper/deepRacerWS/install/tape/lib/python3.10/site-packages/tape-0.0.0-py3.10.egg-info' (and everything under it)
[7.393s] Copying ../../build/tape/tape.egg-info to /home/kingpooper/deepRacerWS/install/tape/lib/python3.10/site-packages/tape-0.0.0-py3.10.egg-info
[7.399s] running install_scripts
[7.537s] Installing image_subscriber script to /home/kingpooper/deepRacerWS/install/tape/lib/tape
[7.540s] Installing my_sexy_tape_follower script to /home/kingpooper/deepRacerWS/install/tape/lib/tape
[7.541s] Installing my_tape_follower script to /home/kingpooper/deepRacerWS/install/tape/lib/tape
[7.543s] Installing tape_follower script to /home/kingpooper/deepRacerWS/install/tape/lib/tape
[7.546s] writing list of installed files to '/home/kingpooper/deepRacerWS/build/tape/install.log'
[7.793s] Invoked command in '/home/kingpooper/deepRacerWS/src/tape' returned '0': PYTHONPATH=/home/kingpooper/deepRacerWS/build/tape/prefix_override:/usr/lib/python3/dist-packages/colcon_core/task/python/colcon_distutils_commands:/home/kingpooper/deepRacerWS/install/tape/lib/python3.10/site-packages:${PYTHONPATH} /usr/bin/python3 -W ignore:setup.py install is deprecated -W ignore:easy_install command is deprecated setup.py egg_info --egg-base ../../build/tape build --build-base /home/kingpooper/deepRacerWS/build/tape/build install --record /home/kingpooper/deepRacerWS/build/tape/install.log --single-version-externally-managed install_data
