[0.751s] DEBUG:colcon:Command line arguments: ['/usr/bin/colcon', 'build', '--packages-select', 'tape']
[0.751s] DEBUG:colcon:Parsed command line arguments: Namespace(log_base=None, log_level=None, verb_name='build', build_base='build', install_base='install', merge_install=False, symlink_install=False, test_result_base=None, continue_on_error=False, executor='parallel', parallel_workers=4, event_handlers=None, ignore_user_meta=False, metas=['./colcon.meta'], base_paths=['.'], packages_ignore=None, packages_ignore_regex=None, paths=None, packages_up_to=None, packages_up_to_regex=None, packages_above=None, packages_above_and_dependencies=None, packages_above_depth=None, packages_select_by_dep=None, packages_skip_by_dep=None, packages_skip_up_to=None, packages_select_build_failed=False, packages_skip_build_finished=False, packages_select_test_failures=False, packages_skip_test_passed=False, packages_select=['tape'], packages_skip=None, packages_select_regex=None, packages_skip_regex=None, packages_start=None, packages_end=None, allow_overriding=[], cmake_args=None, cmake_target=None, cmake_target_skip_unavailable=False, cmake_clean_cache=False, cmake_clean_first=False, cmake_force_configure=False, ament_cmake_args=None, catkin_cmake_args=None, catkin_skip_building_tests=False, mixin_files=None, mixin=None, verb_parser=<colcon_mixin.mixin.mixin_argument.MixinArgumentDecorator object at 0xffff92e92260>, verb_extension=<colcon_core.verb.build.BuildVerb object at 0xffff9304f160>, main=<bound method BuildVerb.main of <colcon_core.verb.build.BuildVerb object at 0xffff9304f160>>, mixin_verb=('build',))
[1.705s] Level 1:colcon.colcon_core.package_discovery:discover_packages(colcon_meta) check parameters
[1.706s] Level 1:colcon.colcon_core.package_discovery:discover_packages(recursive) check parameters
[1.706s] Level 1:colcon.colcon_core.package_discovery:discover_packages(ignore) check parameters
[1.706s] Level 1:colcon.colcon_core.package_discovery:discover_packages(path) check parameters
[1.707s] Level 1:colcon.colcon_core.package_discovery:discover_packages(colcon_meta) discover
[1.707s] Level 1:colcon.colcon_core.package_discovery:discover_packages(recursive) discover
[1.707s] INFO:colcon.colcon_core.package_discovery:Crawling recursively for packages in '/home/kingpooper/deepRacerWS'
[1.708s] Level 1:colcon.colcon_core.package_identification:_identify(.) by extensions ['ignore', 'ignore_ament_install']
[1.710s] Level 1:colcon.colcon_core.package_identification:_identify(.) by extension 'ignore'
[1.710s] Level 1:colcon.colcon_core.package_identification:_identify(.) by extension 'ignore_ament_install'
[1.710s] Level 1:colcon.colcon_core.package_identification:_identify(.) by extensions ['colcon_pkg']
[1.711s] Level 1:colcon.colcon_core.package_identification:_identify(.) by extension 'colcon_pkg'
[1.711s] Level 1:colcon.colcon_core.package_identification:_identify(.) by extensions ['colcon_meta']
[1.711s] Level 1:colcon.colcon_core.package_identification:_identify(.) by extension 'colcon_meta'
[1.712s] Level 1:colcon.colcon_core.package_identification:_identify(.) by extensions ['ros']
[1.712s] Level 1:colcon.colcon_core.package_identification:_identify(.) by extension 'ros'
[1.764s] Level 1:colcon.colcon_core.package_identification:_identify(.) by extensions ['cmake', 'python']
[1.764s] Level 1:colcon.colcon_core.package_identification:_identify(.) by extension 'cmake'
[1.764s] Level 1:colcon.colcon_core.package_identification:_identify(.) by extension 'python'
[1.764s] Level 1:colcon.colcon_core.package_identification:_identify(.) by extensions ['python_setup_py']
[1.765s] Level 1:colcon.colcon_core.package_identification:_identify(.) by extension 'python_setup_py'
[1.765s] Level 1:colcon.colcon_core.package_identification:_identify(build) by extensions ['ignore', 'ignore_ament_install']
[1.766s] Level 1:colcon.colcon_core.package_identification:_identify(build) by extension 'ignore'
[1.766s] Level 1:colcon.colcon_core.package_identification:_identify(build) ignored
[1.767s] Level 1:colcon.colcon_core.package_identification:_identify(install) by extensions ['ignore', 'ignore_ament_install']
[1.768s] Level 1:colcon.colcon_core.package_identification:_identify(install) by extension 'ignore'
[1.768s] Level 1:colcon.colcon_core.package_identification:_identify(install) ignored
[1.768s] Level 1:colcon.colcon_core.package_identification:_identify(launch) by extensions ['ignore', 'ignore_ament_install']
[1.769s] Level 1:colcon.colcon_core.package_identification:_identify(launch) by extension 'ignore'
[1.769s] Level 1:colcon.colcon_core.package_identification:_identify(launch) by extension 'ignore_ament_install'
[1.769s] Level 1:colcon.colcon_core.package_identification:_identify(launch) by extensions ['colcon_pkg']
[1.770s] Level 1:colcon.colcon_core.package_identification:_identify(launch) by extension 'colcon_pkg'
[1.770s] Level 1:colcon.colcon_core.package_identification:_identify(launch) by extensions ['colcon_meta']
[1.770s] Level 1:colcon.colcon_core.package_identification:_identify(launch) by extension 'colcon_meta'
[1.770s] Level 1:colcon.colcon_core.package_identification:_identify(launch) by extensions ['ros']
[1.771s] Level 1:colcon.colcon_core.package_identification:_identify(launch) by extension 'ros'
[1.771s] Level 1:colcon.colcon_core.package_identification:_identify(launch) by extensions ['cmake', 'python']
[1.771s] Level 1:colcon.colcon_core.package_identification:_identify(launch) by extension 'cmake'
[1.772s] Level 1:colcon.colcon_core.package_identification:_identify(launch) by extension 'python'
[1.772s] Level 1:colcon.colcon_core.package_identification:_identify(launch) by extensions ['python_setup_py']
[1.772s] Level 1:colcon.colcon_core.package_identification:_identify(launch) by extension 'python_setup_py'
[1.773s] Level 1:colcon.colcon_core.package_identification:_identify(launch/__pycache__) by extensions ['ignore', 'ignore_ament_install']
[1.773s] Level 1:colcon.colcon_core.package_identification:_identify(launch/__pycache__) by extension 'ignore'
[1.773s] Level 1:colcon.colcon_core.package_identification:_identify(launch/__pycache__) by extension 'ignore_ament_install'
[1.774s] Level 1:colcon.colcon_core.package_identification:_identify(launch/__pycache__) by extensions ['colcon_pkg']
[1.774s] Level 1:colcon.colcon_core.package_identification:_identify(launch/__pycache__) by extension 'colcon_pkg'
[1.774s] Level 1:colcon.colcon_core.package_identification:_identify(launch/__pycache__) by extensions ['colcon_meta']
[1.774s] Level 1:colcon.colcon_core.package_identification:_identify(launch/__pycache__) by extension 'colcon_meta'
[1.775s] Level 1:colcon.colcon_core.package_identification:_identify(launch/__pycache__) by extensions ['ros']
[1.775s] Level 1:colcon.colcon_core.package_identification:_identify(launch/__pycache__) by extension 'ros'
[1.775s] Level 1:colcon.colcon_core.package_identification:_identify(launch/__pycache__) by extensions ['cmake', 'python']
[1.776s] Level 1:colcon.colcon_core.package_identification:_identify(launch/__pycache__) by extension 'cmake'
[1.776s] Level 1:colcon.colcon_core.package_identification:_identify(launch/__pycache__) by extension 'python'
[1.776s] Level 1:colcon.colcon_core.package_identification:_identify(launch/__pycache__) by extensions ['python_setup_py']
[1.776s] Level 1:colcon.colcon_core.package_identification:_identify(launch/__pycache__) by extension 'python_setup_py'
[1.777s] Level 1:colcon.colcon_core.package_identification:_identify(launch/build) by extensions ['ignore', 'ignore_ament_install']
[1.777s] Level 1:colcon.colcon_core.package_identification:_identify(launch/build) by extension 'ignore'
[1.778s] Level 1:colcon.colcon_core.package_identification:_identify(launch/build) ignored
[1.778s] Level 1:colcon.colcon_core.package_identification:_identify(launch/install) by extensions ['ignore', 'ignore_ament_install']
[1.779s] Level 1:colcon.colcon_core.package_identification:_identify(launch/install) by extension 'ignore'
[1.779s] Level 1:colcon.colcon_core.package_identification:_identify(launch/install) ignored
[1.779s] Level 1:colcon.colcon_core.package_identification:_identify(launch/log) by extensions ['ignore', 'ignore_ament_install']
[1.780s] Level 1:colcon.colcon_core.package_identification:_identify(launch/log) by extension 'ignore'
[1.780s] Level 1:colcon.colcon_core.package_identification:_identify(launch/log) ignored
[1.784s] Level 1:colcon.colcon_core.package_identification:_identify(log) by extensions ['ignore', 'ignore_ament_install']
[1.785s] Level 1:colcon.colcon_core.package_identification:_identify(log) by extension 'ignore'
[1.785s] Level 1:colcon.colcon_core.package_identification:_identify(log) ignored
[1.786s] Level 1:colcon.colcon_core.package_identification:_identify(src) by extensions ['ignore', 'ignore_ament_install']
[1.786s] Level 1:colcon.colcon_core.package_identification:_identify(src) by extension 'ignore'
[1.787s] Level 1:colcon.colcon_core.package_identification:_identify(src) by extension 'ignore_ament_install'
[1.787s] Level 1:colcon.colcon_core.package_identification:_identify(src) by extensions ['colcon_pkg']
[1.787s] Level 1:colcon.colcon_core.package_identification:_identify(src) by extension 'colcon_pkg'
[1.788s] Level 1:colcon.colcon_core.package_identification:_identify(src) by extensions ['colcon_meta']
[1.788s] Level 1:colcon.colcon_core.package_identification:_identify(src) by extension 'colcon_meta'
[1.788s] Level 1:colcon.colcon_core.package_identification:_identify(src) by extensions ['ros']
[1.788s] Level 1:colcon.colcon_core.package_identification:_identify(src) by extension 'ros'
[1.789s] Level 1:colcon.colcon_core.package_identification:_identify(src) by extensions ['cmake', 'python']
[1.789s] Level 1:colcon.colcon_core.package_identification:_identify(src) by extension 'cmake'
[1.789s] Level 1:colcon.colcon_core.package_identification:_identify(src) by extension 'python'
[1.790s] Level 1:colcon.colcon_core.package_identification:_identify(src) by extensions ['python_setup_py']
[1.790s] Level 1:colcon.colcon_core.package_identification:_identify(src) by extension 'python_setup_py'
[1.790s] Level 1:colcon.colcon_core.package_identification:_identify(src/build) by extensions ['ignore', 'ignore_ament_install']
[1.791s] Level 1:colcon.colcon_core.package_identification:_identify(src/build) by extension 'ignore'
[1.791s] Level 1:colcon.colcon_core.package_identification:_identify(src/build) ignored
[1.792s] Level 1:colcon.colcon_core.package_identification:_identify(src/control) by extensions ['ignore', 'ignore_ament_install']
[1.792s] Level 1:colcon.colcon_core.package_identification:_identify(src/control) by extension 'ignore'
[1.793s] Level 1:colcon.colcon_core.package_identification:_identify(src/control) by extension 'ignore_ament_install'
[1.793s] Level 1:colcon.colcon_core.package_identification:_identify(src/control) by extensions ['colcon_pkg']
[1.793s] Level 1:colcon.colcon_core.package_identification:_identify(src/control) by extension 'colcon_pkg'
[1.794s] Level 1:colcon.colcon_core.package_identification:_identify(src/control) by extensions ['colcon_meta']
[1.794s] Level 1:colcon.colcon_core.package_identification:_identify(src/control) by extension 'colcon_meta'
[1.794s] Level 1:colcon.colcon_core.package_identification:_identify(src/control) by extensions ['ros']
[1.794s] Level 1:colcon.colcon_core.package_identification:_identify(src/control) by extension 'ros'
[1.803s] DEBUG:colcon.colcon_core.package_identification:Package 'src/control' with type 'ros.ament_python' and name 'control'
[1.804s] Level 1:colcon.colcon_core.package_identification:_identify(src/install) by extensions ['ignore', 'ignore_ament_install']
[1.805s] Level 1:colcon.colcon_core.package_identification:_identify(src/install) by extension 'ignore'
[1.805s] Level 1:colcon.colcon_core.package_identification:_identify(src/install) ignored
[1.806s] Level 1:colcon.colcon_core.package_identification:_identify(src/log) by extensions ['ignore', 'ignore_ament_install']
[1.806s] Level 1:colcon.colcon_core.package_identification:_identify(src/log) by extension 'ignore'
[1.807s] Level 1:colcon.colcon_core.package_identification:_identify(src/log) ignored
[1.807s] Level 1:colcon.colcon_core.package_identification:_identify(src/robot_car) by extensions ['ignore', 'ignore_ament_install']
[1.808s] Level 1:colcon.colcon_core.package_identification:_identify(src/robot_car) by extension 'ignore'
[1.808s] Level 1:colcon.colcon_core.package_identification:_identify(src/robot_car) by extension 'ignore_ament_install'
[1.809s] Level 1:colcon.colcon_core.package_identification:_identify(src/robot_car) by extensions ['colcon_pkg']
[1.809s] Level 1:colcon.colcon_core.package_identification:_identify(src/robot_car) by extension 'colcon_pkg'
[1.809s] Level 1:colcon.colcon_core.package_identification:_identify(src/robot_car) by extensions ['colcon_meta']
[1.810s] Level 1:colcon.colcon_core.package_identification:_identify(src/robot_car) by extension 'colcon_meta'
[1.810s] Level 1:colcon.colcon_core.package_identification:_identify(src/robot_car) by extensions ['ros']
[1.810s] Level 1:colcon.colcon_core.package_identification:_identify(src/robot_car) by extension 'ros'
[1.850s] DEBUG:colcon.colcon_core.package_identification:Package 'src/robot_car' with type 'ros.ament_cmake' and name 'robot_car'
[1.851s] Level 1:colcon.colcon_core.package_identification:_identify(src/ros2_pca9685) by extensions ['ignore', 'ignore_ament_install']
[1.851s] Level 1:colcon.colcon_core.package_identification:_identify(src/ros2_pca9685) by extension 'ignore'
[1.852s] Level 1:colcon.colcon_core.package_identification:_identify(src/ros2_pca9685) by extension 'ignore_ament_install'
[1.852s] Level 1:colcon.colcon_core.package_identification:_identify(src/ros2_pca9685) by extensions ['colcon_pkg']
[1.852s] Level 1:colcon.colcon_core.package_identification:_identify(src/ros2_pca9685) by extension 'colcon_pkg'
[1.853s] Level 1:colcon.colcon_core.package_identification:_identify(src/ros2_pca9685) by extensions ['colcon_meta']
[1.853s] Level 1:colcon.colcon_core.package_identification:_identify(src/ros2_pca9685) by extension 'colcon_meta'
[1.853s] Level 1:colcon.colcon_core.package_identification:_identify(src/ros2_pca9685) by extensions ['ros']
[1.853s] Level 1:colcon.colcon_core.package_identification:_identify(src/ros2_pca9685) by extension 'ros'
[1.855s] DEBUG:colcon.colcon_core.package_identification:Package 'src/ros2_pca9685' with type 'ros.ament_python' and name 'ros2_pca9685'
[1.856s] Level 1:colcon.colcon_core.package_identification:_identify(src/ros2_v4l2_camera) by extensions ['ignore', 'ignore_ament_install']
[1.857s] Level 1:colcon.colcon_core.package_identification:_identify(src/ros2_v4l2_camera) by extension 'ignore'
[1.857s] Level 1:colcon.colcon_core.package_identification:_identify(src/ros2_v4l2_camera) by extension 'ignore_ament_install'
[1.858s] Level 1:colcon.colcon_core.package_identification:_identify(src/ros2_v4l2_camera) by extensions ['colcon_pkg']
[1.858s] Level 1:colcon.colcon_core.package_identification:_identify(src/ros2_v4l2_camera) by extension 'colcon_pkg'
[1.858s] Level 1:colcon.colcon_core.package_identification:_identify(src/ros2_v4l2_camera) by extensions ['colcon_meta']
[1.859s] Level 1:colcon.colcon_core.package_identification:_identify(src/ros2_v4l2_camera) by extension 'colcon_meta'
[1.859s] Level 1:colcon.colcon_core.package_identification:_identify(src/ros2_v4l2_camera) by extensions ['ros']
[1.860s] Level 1:colcon.colcon_core.package_identification:_identify(src/ros2_v4l2_camera) by extension 'ros'
[1.863s] DEBUG:colcon.colcon_core.package_identification:Package 'src/ros2_v4l2_camera' with type 'ros.ament_cmake' and name 'v4l2_camera'
[1.864s] Level 1:colcon.colcon_core.package_identification:_identify(src/rplidar_ros) by extensions ['ignore', 'ignore_ament_install']
[1.865s] Level 1:colcon.colcon_core.package_identification:_identify(src/rplidar_ros) by extension 'ignore'
[1.865s] Level 1:colcon.colcon_core.package_identification:_identify(src/rplidar_ros) by extension 'ignore_ament_install'
[1.865s] Level 1:colcon.colcon_core.package_identification:_identify(src/rplidar_ros) by extensions ['colcon_pkg']
[1.866s] Level 1:colcon.colcon_core.package_identification:_identify(src/rplidar_ros) by extension 'colcon_pkg'
[1.866s] Level 1:colcon.colcon_core.package_identification:_identify(src/rplidar_ros) by extensions ['colcon_meta']
[1.866s] Level 1:colcon.colcon_core.package_identification:_identify(src/rplidar_ros) by extension 'colcon_meta'
[1.867s] Level 1:colcon.colcon_core.package_identification:_identify(src/rplidar_ros) by extensions ['ros']
[1.867s] Level 1:colcon.colcon_core.package_identification:_identify(src/rplidar_ros) by extension 'ros'
[1.870s] DEBUG:colcon.colcon_core.package_identification:Package 'src/rplidar_ros' with type 'ros.ament_cmake' and name 'rplidar_ros'
[1.870s] Level 1:colcon.colcon_core.package_identification:_identify(src/slamconfig) by extensions ['ignore', 'ignore_ament_install']
[1.871s] Level 1:colcon.colcon_core.package_identification:_identify(src/slamconfig) by extension 'ignore'
[1.871s] Level 1:colcon.colcon_core.package_identification:_identify(src/slamconfig) by extension 'ignore_ament_install'
[1.872s] Level 1:colcon.colcon_core.package_identification:_identify(src/slamconfig) by extensions ['colcon_pkg']
[1.872s] Level 1:colcon.colcon_core.package_identification:_identify(src/slamconfig) by extension 'colcon_pkg'
[1.872s] Level 1:colcon.colcon_core.package_identification:_identify(src/slamconfig) by extensions ['colcon_meta']
[1.872s] Level 1:colcon.colcon_core.package_identification:_identify(src/slamconfig) by extension 'colcon_meta'
[1.873s] Level 1:colcon.colcon_core.package_identification:_identify(src/slamconfig) by extensions ['ros']
[1.873s] Level 1:colcon.colcon_core.package_identification:_identify(src/slamconfig) by extension 'ros'
[1.873s] Level 1:colcon.colcon_core.package_identification:_identify(src/slamconfig) by extensions ['cmake', 'python']
[1.874s] Level 1:colcon.colcon_core.package_identification:_identify(src/slamconfig) by extension 'cmake'
[1.874s] Level 1:colcon.colcon_core.package_identification:_identify(src/slamconfig) by extension 'python'
[1.874s] Level 1:colcon.colcon_core.package_identification:_identify(src/slamconfig) by extensions ['python_setup_py']
[1.874s] Level 1:colcon.colcon_core.package_identification:_identify(src/slamconfig) by extension 'python_setup_py'
[1.875s] Level 1:colcon.colcon_core.package_identification:_identify(src/tape) by extensions ['ignore', 'ignore_ament_install']
[1.875s] Level 1:colcon.colcon_core.package_identification:_identify(src/tape) by extension 'ignore'
[1.876s] Level 1:colcon.colcon_core.package_identification:_identify(src/tape) by extension 'ignore_ament_install'
[1.876s] Level 1:colcon.colcon_core.package_identification:_identify(src/tape) by extensions ['colcon_pkg']
[1.876s] Level 1:colcon.colcon_core.package_identification:_identify(src/tape) by extension 'colcon_pkg'
[1.877s] Level 1:colcon.colcon_core.package_identification:_identify(src/tape) by extensions ['colcon_meta']
[1.877s] Level 1:colcon.colcon_core.package_identification:_identify(src/tape) by extension 'colcon_meta'
[1.877s] Level 1:colcon.colcon_core.package_identification:_identify(src/tape) by extensions ['ros']
[1.877s] Level 1:colcon.colcon_core.package_identification:_identify(src/tape) by extension 'ros'
[1.880s] DEBUG:colcon.colcon_core.package_identification:Package 'src/tape' with type 'ros.ament_python' and name 'tape'
[1.880s] Level 1:colcon.colcon_core.package_discovery:discover_packages(recursive) using defaults
[1.880s] Level 1:colcon.colcon_core.package_discovery:discover_packages(ignore) discover
[1.880s] Level 1:colcon.colcon_core.package_discovery:discover_packages(ignore) using defaults
[1.881s] Level 1:colcon.colcon_core.package_discovery:discover_packages(path) discover
[1.881s] Level 1:colcon.colcon_core.package_discovery:discover_packages(path) using defaults
[1.962s] INFO:colcon.colcon_core.package_selection:Skipping not selected package 'control' in 'src/control'
[1.963s] INFO:colcon.colcon_core.package_selection:Skipping not selected package 'robot_car' in 'src/robot_car'
[1.963s] INFO:colcon.colcon_core.package_selection:Skipping not selected package 'ros2_pca9685' in 'src/ros2_pca9685'
[1.963s] INFO:colcon.colcon_core.package_selection:Skipping not selected package 'rplidar_ros' in 'src/rplidar_ros'
[1.963s] INFO:colcon.colcon_core.package_selection:Skipping not selected package 'v4l2_camera' in 'src/ros2_v4l2_camera'
[1.965s] Level 1:colcon.colcon_core.package_discovery:discover_packages(prefix_path) check parameters
[1.966s] Level 1:colcon.colcon_core.package_discovery:discover_packages(prefix_path) discover
[1.977s] DEBUG:colcon.colcon_installed_package_information.package_discovery:Found 6 installed packages in /home/kingpooper/deepRacerWS/install
[1.988s] DEBUG:colcon.colcon_installed_package_information.package_discovery:Found 359 installed packages in /opt/ros/humble
[1.999s] Level 1:colcon.colcon_core.package_discovery:discover_packages(prefix_path) using defaults
[2.224s] Level 5:colcon.colcon_core.verb:set package 'tape' build argument 'cmake_args' from command line to 'None'
[2.224s] Level 5:colcon.colcon_core.verb:set package 'tape' build argument 'cmake_target' from command line to 'None'
[2.224s] Level 5:colcon.colcon_core.verb:set package 'tape' build argument 'cmake_target_skip_unavailable' from command line to 'False'
[2.225s] Level 5:colcon.colcon_core.verb:set package 'tape' build argument 'cmake_clean_cache' from command line to 'False'
[2.225s] Level 5:colcon.colcon_core.verb:set package 'tape' build argument 'cmake_clean_first' from command line to 'False'
[2.225s] Level 5:colcon.colcon_core.verb:set package 'tape' build argument 'cmake_force_configure' from command line to 'False'
[2.225s] Level 5:colcon.colcon_core.verb:set package 'tape' build argument 'ament_cmake_args' from command line to 'None'
[2.225s] Level 5:colcon.colcon_core.verb:set package 'tape' build argument 'catkin_cmake_args' from command line to 'None'
[2.225s] Level 5:colcon.colcon_core.verb:set package 'tape' build argument 'catkin_skip_building_tests' from command line to 'False'
[2.225s] DEBUG:colcon.colcon_core.verb:Building package 'tape' with the following arguments: {'ament_cmake_args': None, 'build_base': '/home/kingpooper/deepRacerWS/build/tape', 'catkin_cmake_args': None, 'catkin_skip_building_tests': False, 'cmake_args': None, 'cmake_clean_cache': False, 'cmake_clean_first': False, 'cmake_force_configure': False, 'cmake_target': None, 'cmake_target_skip_unavailable': False, 'install_base': '/home/kingpooper/deepRacerWS/install/tape', 'merge_install': False, 'path': '/home/kingpooper/deepRacerWS/src/tape', 'symlink_install': False, 'test_result_base': None}
[2.226s] INFO:colcon.colcon_core.executor:Executing jobs using 'parallel' executor
[2.230s] DEBUG:colcon.colcon_parallel_executor.executor.parallel:run_until_complete
[2.231s] INFO:colcon.colcon_ros.task.ament_python.build:Building ROS package in '/home/kingpooper/deepRacerWS/src/tape' with build type 'ament_python'
[2.232s] Level 1:colcon.colcon_core.shell:create_environment_hook('tape', 'ament_prefix_path')
[2.244s] INFO:colcon.colcon_core.plugin_system:Skipping extension 'colcon_core.shell.bat': Not used on non-Windows systems
[2.246s] INFO:colcon.colcon_core.shell:Creating environment hook '/home/kingpooper/deepRacerWS/install/tape/share/tape/hook/ament_prefix_path.ps1'
[2.249s] INFO:colcon.colcon_core.shell:Creating environment descriptor '/home/kingpooper/deepRacerWS/install/tape/share/tape/hook/ament_prefix_path.dsv'
[2.251s] INFO:colcon.colcon_core.shell:Creating environment hook '/home/kingpooper/deepRacerWS/install/tape/share/tape/hook/ament_prefix_path.sh'
[2.255s] INFO:colcon.colcon_core.shell:Skip shell extension 'powershell' for command environment: Not usable outside of PowerShell
[2.256s] DEBUG:colcon.colcon_core.shell:Skip shell extension 'dsv' for command environment
[3.832s] INFO:colcon.colcon_core.task.python.build:Building Python package in '/home/kingpooper/deepRacerWS/src/tape'
[3.833s] INFO:colcon.colcon_core.shell:Skip shell extension 'powershell' for command environment: Not usable outside of PowerShell
[3.834s] DEBUG:colcon.colcon_core.shell:Skip shell extension 'dsv' for command environment
[5.677s] DEBUG:colcon.colcon_core.event_handler.log_command:Invoking command in '/home/kingpooper/deepRacerWS/src/tape': PYTHONPATH=/home/kingpooper/deepRacerWS/build/tape/prefix_override:/usr/lib/python3/dist-packages/colcon_core/task/python/colcon_distutils_commands:/home/kingpooper/deepRacerWS/install/tape/lib/python3.10/site-packages:${PYTHONPATH} /usr/bin/python3 -W ignore:setup.py install is deprecated -W ignore:easy_install command is deprecated setup.py egg_info --egg-base ../../build/tape build --build-base /home/kingpooper/deepRacerWS/build/tape/build install --record /home/kingpooper/deepRacerWS/build/tape/install.log --single-version-externally-managed install_data
[7.370s] DEBUG:colcon.colcon_core.event_handler.log_command:Invoked command in '/home/kingpooper/deepRacerWS/src/tape' returned '0': PYTHONPATH=/home/kingpooper/deepRacerWS/build/tape/prefix_override:/usr/lib/python3/dist-packages/colcon_core/task/python/colcon_distutils_commands:/home/kingpooper/deepRacerWS/install/tape/lib/python3.10/site-packages:${PYTHONPATH} /usr/bin/python3 -W ignore:setup.py install is deprecated -W ignore:easy_install command is deprecated setup.py egg_info --egg-base ../../build/tape build --build-base /home/kingpooper/deepRacerWS/build/tape/build install --record /home/kingpooper/deepRacerWS/build/tape/install.log --single-version-externally-managed install_data
[7.382s] Level 1:colcon.colcon_core.environment:checking '/home/kingpooper/deepRacerWS/install/tape' for CMake module files
[7.386s] Level 1:colcon.colcon_core.environment:checking '/home/kingpooper/deepRacerWS/install/tape' for CMake config files
[7.391s] Level 1:colcon.colcon_core.environment:checking '/home/kingpooper/deepRacerWS/install/tape/lib'
[7.393s] Level 1:colcon.colcon_core.environment:checking '/home/kingpooper/deepRacerWS/install/tape/bin'
[7.394s] Level 1:colcon.colcon_core.environment:checking '/home/kingpooper/deepRacerWS/install/tape/lib/pkgconfig/tape.pc'
[7.396s] Level 1:colcon.colcon_core.environment:checking '/home/kingpooper/deepRacerWS/install/tape/lib/python3.10/site-packages'
[7.397s] Level 1:colcon.colcon_core.shell:create_environment_hook('tape', 'pythonpath')
[7.398s] INFO:colcon.colcon_core.shell:Creating environment hook '/home/kingpooper/deepRacerWS/install/tape/share/tape/hook/pythonpath.ps1'
[7.414s] INFO:colcon.colcon_core.shell:Creating environment descriptor '/home/kingpooper/deepRacerWS/install/tape/share/tape/hook/pythonpath.dsv'
[7.417s] INFO:colcon.colcon_core.shell:Creating environment hook '/home/kingpooper/deepRacerWS/install/tape/share/tape/hook/pythonpath.sh'
[7.421s] Level 1:colcon.colcon_core.environment:checking '/home/kingpooper/deepRacerWS/install/tape/bin'
[7.422s] Level 1:colcon.colcon_core.environment:create_environment_scripts_only(tape)
[7.423s] INFO:colcon.colcon_core.shell:Creating package script '/home/kingpooper/deepRacerWS/install/tape/share/tape/package.ps1'
[7.429s] INFO:colcon.colcon_core.shell:Creating package descriptor '/home/kingpooper/deepRacerWS/install/tape/share/tape/package.dsv'
[7.432s] INFO:colcon.colcon_core.shell:Creating package script '/home/kingpooper/deepRacerWS/install/tape/share/tape/package.sh'
[7.436s] INFO:colcon.colcon_core.shell:Creating package script '/home/kingpooper/deepRacerWS/install/tape/share/tape/package.bash'
[7.440s] INFO:colcon.colcon_core.shell:Creating package script '/home/kingpooper/deepRacerWS/install/tape/share/tape/package.zsh'
[7.443s] Level 1:colcon.colcon_core.environment:create_file_with_runtime_dependencies(/home/kingpooper/deepRacerWS/install/tape/share/colcon-core/packages/tape)
[7.445s] DEBUG:colcon.colcon_parallel_executor.executor.parallel:closing loop
[7.447s] DEBUG:colcon.colcon_parallel_executor.executor.parallel:loop closed
[7.448s] DEBUG:colcon.colcon_parallel_executor.executor.parallel:run_until_complete finished with '0'
[7.449s] DEBUG:colcon.colcon_core.event_reactor:joining thread
[7.499s] INFO:colcon.colcon_core.plugin_system:Skipping extension 'colcon_notification.desktop_notification.terminal_notifier': Not used on non-Darwin systems
[7.500s] INFO:colcon.colcon_core.plugin_system:Skipping extension 'colcon_notification.desktop_notification.win32': Not used on non-Windows systems
[7.500s] INFO:colcon.colcon_notification.desktop_notification:Sending desktop notification using 'notify2'
[7.505s] DEBUG:colcon.colcon_notification.desktop_notification.notify2:Failed to initialize notify2: org.freedesktop.DBus.Error.ServiceUnknown: The name org.freedesktop.Notifications was not provided by any .service files
[7.506s] DEBUG:colcon.colcon_core.event_reactor:joined thread
[7.507s] INFO:colcon.colcon_core.shell:Creating prefix script '/home/kingpooper/deepRacerWS/install/local_setup.ps1'
[7.577s] INFO:colcon.colcon_core.shell:Creating prefix util module '/home/kingpooper/deepRacerWS/install/_local_setup_util_ps1.py'
[7.586s] INFO:colcon.colcon_core.shell:Creating prefix chain script '/home/kingpooper/deepRacerWS/install/setup.ps1'
[7.595s] INFO:colcon.colcon_core.shell:Creating prefix script '/home/kingpooper/deepRacerWS/install/local_setup.sh'
[7.598s] INFO:colcon.colcon_core.shell:Creating prefix util module '/home/kingpooper/deepRacerWS/install/_local_setup_util_sh.py'
[7.601s] INFO:colcon.colcon_core.shell:Creating prefix chain script '/home/kingpooper/deepRacerWS/install/setup.sh'
[7.607s] INFO:colcon.colcon_core.shell:Creating prefix script '/home/kingpooper/deepRacerWS/install/local_setup.bash'
[7.610s] INFO:colcon.colcon_core.shell:Creating prefix chain script '/home/kingpooper/deepRacerWS/install/setup.bash'
[7.638s] INFO:colcon.colcon_core.shell:Creating prefix script '/home/kingpooper/deepRacerWS/install/local_setup.zsh'
[7.645s] INFO:colcon.colcon_core.shell:Creating prefix chain script '/home/kingpooper/deepRacerWS/install/setup.zsh'
