[4.313s] Invoking command in '/home/kingpooper/deepRacerWS/src/tape': PYTHONPATH=/home/kingpooper/deepRacerWS/build/tape/prefix_override:/usr/lib/python3/dist-packages/colcon_core/task/python/colcon_distutils_commands:/home/kingpooper/deepRacerWS/install/tape/lib/python3.10/site-packages:${PYTHONPATH} /usr/bin/python3 -W ignore:setup.py install is deprecated -W ignore:easy_install command is deprecated setup.py egg_info --egg-base ../../build/tape build --build-base /home/kingpooper/deepRacerWS/build/tape/build install --record /home/kingpooper/deepRacerWS/build/tape/install.log --single-version-externally-managed install_data
[5.869s] running egg_info
[5.872s] writing ../../build/tape/tape.egg-info/PKG-INFO
[5.874s] writing dependency_links to ../../build/tape/tape.egg-info/dependency_links.txt
[5.875s] writing entry points to ../../build/tape/tape.egg-info/entry_points.txt
[5.878s] writing requirements to ../../build/tape/tape.egg-info/requires.txt
[5.879s] writing top-level names to ../../build/tape/tape.egg-info/top_level.txt
[5.889s] reading manifest file '../../build/tape/tape.egg-info/SOURCES.txt'
[5.890s] adding license file 'LICENSE'
[5.893s] writing manifest file '../../build/tape/tape.egg-info/SOURCES.txt'
[5.894s] running build
[5.895s] running build_py
[5.899s] copying tape/shay_blue_follower.py -> /home/kingpooper/deepRacerWS/build/tape/build/lib/tape
[5.902s] running install
[5.904s] running install_lib
[5.915s] copying /home/kingpooper/deepRacerWS/build/tape/build/lib/tape/shay_blue_follower.py -> /home/kingpooper/deepRacerWS/install/tape/lib/python3.10/site-packages/tape
[5.916s] byte-compiling /home/kingpooper/deepRacerWS/install/tape/lib/python3.10/site-packages/tape/shay_blue_follower.py to shay_blue_follower.cpython-310.pyc
[5.923s] running install_data
[5.924s] running install_egg_info
[5.933s] removing '/home/kingpooper/deepRacerWS/install/tape/lib/python3.10/site-packages/tape-0.0.0-py3.10.egg-info' (and everything under it)
[5.936s] Copying ../../build/tape/tape.egg-info to /home/kingpooper/deepRacerWS/install/tape/lib/python3.10/site-packages/tape-0.0.0-py3.10.egg-info
[5.956s] running install_scripts
[6.036s] Installing image_subscriber script to /home/kingpooper/deepRacerWS/install/tape/lib/tape
[6.037s] Installing james_blue_follower script to /home/kingpooper/deepRacerWS/install/tape/lib/tape
[6.038s] Installing my_blue_tape_follower script to /home/kingpooper/deepRacerWS/install/tape/lib/tape
[6.043s] Installing my_sexy_tape_follower script to /home/kingpooper/deepRacerWS/install/tape/lib/tape
[6.050s] Installing my_tape_follower script to /home/kingpooper/deepRacerWS/install/tape/lib/tape
[6.051s] Installing obs_avoid script to /home/kingpooper/deepRacerWS/install/tape/lib/tape
[6.056s] Installing school_zone script to /home/kingpooper/deepRacerWS/install/tape/lib/tape
[6.058s] Installing shay_blue_follower script to /home/kingpooper/deepRacerWS/install/tape/lib/tape
[6.071s] Installing shaya_blue script to /home/kingpooper/deepRacerWS/install/tape/lib/tape
[6.078s] Installing stop_sign script to /home/kingpooper/deepRacerWS/install/tape/lib/tape
[6.080s] Installing tape_follower script to /home/kingpooper/deepRacerWS/install/tape/lib/tape
[6.082s] Installing tom_blue_tape script to /home/kingpooper/deepRacerWS/install/tape/lib/tape
[6.083s] writing list of installed files to '/home/kingpooper/deepRacerWS/build/tape/install.log'
[6.207s] Invoked command in '/home/kingpooper/deepRacerWS/src/tape' returned '0': PYTHONPATH=/home/kingpooper/deepRacerWS/build/tape/prefix_override:/usr/lib/python3/dist-packages/colcon_core/task/python/colcon_distutils_commands:/home/kingpooper/deepRacerWS/install/tape/lib/python3.10/site-packages:${PYTHONPATH} /usr/bin/python3 -W ignore:setup.py install is deprecated -W ignore:easy_install command is deprecated setup.py egg_info --egg-base ../../build/tape build --build-base /home/kingpooper/deepRacerWS/build/tape/build install --record /home/kingpooper/deepRacerWS/build/tape/install.log --single-version-externally-managed install_data
