[5.352s] Invoking command in '/home/kingpooper/deepRacerWS/build/rplidar_ros': CMAKE_PREFIX_PATH=/opt/ros/humble /usr/bin/cmake --build /home/kingpooper/deepRacerWS/build/rplidar_ros -- -j4 -l4
[6.509s] [ 47%] Built target rplidar_node
[6.839s] [ 52%] Built target rplidar_client
[7.358s] [100%] Built target rplidar_composition
[7.607s] Invoked command in '/home/kingpooper/deepRacerWS/build/rplidar_ros' returned '0': CMAKE_PREFIX_PATH=/opt/ros/humble /usr/bin/cmake --build /home/kingpooper/deepRacerWS/build/rplidar_ros -- -j4 -l4
[7.634s] Invoking command in '/home/kingpooper/deepRacerWS/build/rplidar_ros': CMAKE_PREFIX_PATH=/opt/ros/humble /usr/bin/cmake --install /home/kingpooper/deepRacerWS/build/rplidar_ros
[7.941s] -- Install configuration: ""
[7.942s] -- Execute custom install script
[7.989s] -- Up-to-date symlink: /home/kingpooper/deepRacerWS/install/rplidar_ros/share/rplidar_ros/launch/rplidar_a1_launch.py
[7.994s] -- Up-to-date symlink: /home/kingpooper/deepRacerWS/install/rplidar_ros/share/rplidar_ros/launch/rplidar_a2m12_launch.py
[7.995s] -- Up-to-date symlink: /home/kingpooper/deepRacerWS/install/rplidar_ros/share/rplidar_ros/launch/rplidar_a2m7_launch.py
[8.004s] -- Up-to-date symlink: /home/kingpooper/deepRacerWS/install/rplidar_ros/share/rplidar_ros/launch/rplidar_a2m8_launch.py
[8.006s] -- Up-to-date symlink: /home/kingpooper/deepRacerWS/install/rplidar_ros/share/rplidar_ros/launch/rplidar_a3_launch.py
[8.008s] -- Up-to-date symlink: /home/kingpooper/deepRacerWS/install/rplidar_ros/share/rplidar_ros/launch/rplidar_c1_launch.py
[8.015s] -- Up-to-date symlink: /home/kingpooper/deepRacerWS/install/rplidar_ros/share/rplidar_ros/launch/rplidar_s1_launch.py
[8.016s] -- Up-to-date symlink: /home/kingpooper/deepRacerWS/install/rplidar_ros/share/rplidar_ros/launch/rplidar_s1_tcp_launch.py
[8.016s] -- Up-to-date symlink: /home/kingpooper/deepRacerWS/install/rplidar_ros/share/rplidar_ros/launch/rplidar_s2_launch.py
[8.017s] -- Up-to-date symlink: /home/kingpooper/deepRacerWS/install/rplidar_ros/share/rplidar_ros/launch/rplidar_s2e_launch.py
[8.047s] -- Up-to-date symlink: /home/kingpooper/deepRacerWS/install/rplidar_ros/share/rplidar_ros/launch/rplidar_s3_launch.py
[8.055s] -- Up-to-date symlink: /home/kingpooper/deepRacerWS/install/rplidar_ros/share/rplidar_ros/launch/rplidar_t1_launch.py
[8.069s] -- Up-to-date symlink: /home/kingpooper/deepRacerWS/install/rplidar_ros/share/rplidar_ros/launch/view_rplidar_a1_launch.py
[8.071s] -- Up-to-date symlink: /home/kingpooper/deepRacerWS/install/rplidar_ros/share/rplidar_ros/launch/view_rplidar_a2m12_launch.py
[8.074s] -- Up-to-date symlink: /home/kingpooper/deepRacerWS/install/rplidar_ros/share/rplidar_ros/launch/view_rplidar_a2m7_launch.py
[8.078s] -- Up-to-date symlink: /home/kingpooper/deepRacerWS/install/rplidar_ros/share/rplidar_ros/launch/view_rplidar_a2m8_launch.py
[8.088s] -- Up-to-date symlink: /home/kingpooper/deepRacerWS/install/rplidar_ros/share/rplidar_ros/launch/view_rplidar_a3_launch.py
[8.100s] -- Up-to-date symlink: /home/kingpooper/deepRacerWS/install/rplidar_ros/share/rplidar_ros/launch/view_rplidar_c1_launch.py
[8.113s] -- Up-to-date symlink: /home/kingpooper/deepRacerWS/install/rplidar_ros/share/rplidar_ros/launch/view_rplidar_s1_launch.py
[8.131s] -- Up-to-date symlink: /home/kingpooper/deepRacerWS/install/rplidar_ros/share/rplidar_ros/launch/view_rplidar_s1_tcp_launch.py
[8.140s] -- Up-to-date symlink: /home/kingpooper/deepRacerWS/install/rplidar_ros/share/rplidar_ros/launch/view_rplidar_s2_launch.py
[8.141s] -- Up-to-date symlink: /home/kingpooper/deepRacerWS/install/rplidar_ros/share/rplidar_ros/launch/view_rplidar_s2e_launch.py
[8.143s] -- Up-to-date symlink: /home/kingpooper/deepRacerWS/install/rplidar_ros/share/rplidar_ros/launch/view_rplidar_s3_launch.py
[8.156s] -- Up-to-date symlink: /home/kingpooper/deepRacerWS/install/rplidar_ros/share/rplidar_ros/launch/view_rplidar_t1_launch.py
[8.164s] -- Up-to-date symlink: /home/kingpooper/deepRacerWS/install/rplidar_ros/share/rplidar_ros/rviz/rplidar_ros.rviz
[8.169s] -- Up-to-date symlink: /home/kingpooper/deepRacerWS/install/rplidar_ros/lib/rplidar_ros/rplidar_node
[8.179s] -- Up-to-date symlink: /home/kingpooper/deepRacerWS/install/rplidar_ros/lib/rplidar_ros/rplidar_composition
[8.181s] -- Up-to-date symlink: /home/kingpooper/deepRacerWS/install/rplidar_ros/lib/rplidar_ros/rplidar_client
[8.187s] -- Up-to-date symlink: /home/kingpooper/deepRacerWS/install/rplidar_ros/share/ament_index/resource_index/package_run_dependencies/rplidar_ros
[8.202s] -- Up-to-date symlink: /home/kingpooper/deepRacerWS/install/rplidar_ros/share/ament_index/resource_index/parent_prefix_path/rplidar_ros
[8.208s] -- Up-to-date symlink: /home/kingpooper/deepRacerWS/install/rplidar_ros/share/rplidar_ros/environment/ament_prefix_path.sh
[8.232s] -- Up-to-date symlink: /home/kingpooper/deepRacerWS/install/rplidar_ros/share/rplidar_ros/environment/ament_prefix_path.dsv
[8.234s] -- Up-to-date symlink: /home/kingpooper/deepRacerWS/install/rplidar_ros/share/rplidar_ros/environment/path.sh
[8.246s] -- Up-to-date symlink: /home/kingpooper/deepRacerWS/install/rplidar_ros/share/rplidar_ros/environment/path.dsv
[8.247s] -- Up-to-date symlink: /home/kingpooper/deepRacerWS/install/rplidar_ros/share/rplidar_ros/local_setup.bash
[8.254s] -- Up-to-date symlink: /home/kingpooper/deepRacerWS/install/rplidar_ros/share/rplidar_ros/local_setup.sh
[8.304s] -- Up-to-date symlink: /home/kingpooper/deepRacerWS/install/rplidar_ros/share/rplidar_ros/local_setup.zsh
[8.304s] -- Up-to-date symlink: /home/kingpooper/deepRacerWS/install/rplidar_ros/share/rplidar_ros/local_setup.dsv
[8.306s] -- Symlinking: /home/kingpooper/deepRacerWS/install/rplidar_ros/share/rplidar_ros/package.dsv
[8.385s] -- Up-to-date symlink: /home/kingpooper/deepRacerWS/install/rplidar_ros/share/ament_index/resource_index/packages/rplidar_ros
[8.387s] -- Up-to-date symlink: /home/kingpooper/deepRacerWS/install/rplidar_ros/share/rplidar_ros/cmake/ament_cmake_export_dependencies-extras.cmake
[8.389s] -- Up-to-date symlink: /home/kingpooper/deepRacerWS/install/rplidar_ros/share/rplidar_ros/cmake/ament_cmake_export_include_directories-extras.cmake
[8.404s] -- Up-to-date symlink: /home/kingpooper/deepRacerWS/install/rplidar_ros/share/rplidar_ros/cmake/rplidar_rosConfig.cmake
[8.418s] -- Up-to-date symlink: /home/kingpooper/deepRacerWS/install/rplidar_ros/share/rplidar_ros/cmake/rplidar_rosConfig-version.cmake
[8.427s] -- Up-to-date symlink: /home/kingpooper/deepRacerWS/install/rplidar_ros/share/rplidar_ros/package.xml
[8.630s] Invoked command in '/home/kingpooper/deepRacerWS/build/rplidar_ros' returned '0': CMAKE_PREFIX_PATH=/opt/ros/humble /usr/bin/cmake --install /home/kingpooper/deepRacerWS/build/rplidar_ros
