[6.655s] Invoking command in '/home/kingpooper/deepRacerWS/src/tape': PYTHONPATH=/home/kingpooper/deepRacerWS/build/tape/prefix_override:/usr/lib/python3/dist-packages/colcon_core/task/python/colcon_distutils_commands:/home/kingpooper/deepRacerWS/install/tape/lib/python3.10/site-packages:${PYTHONPATH} /usr/bin/python3 -W ignore:setup.py install is deprecated -W ignore:easy_install command is deprecated setup.py egg_info --egg-base ../../build/tape build --build-base /home/kingpooper/deepRacerWS/build/tape/build install --record /home/kingpooper/deepRacerWS/build/tape/install.log --single-version-externally-managed install_data
[9.356s] running egg_info
[9.364s] writing ../../build/tape/tape.egg-info/PKG-INFO
[9.370s] writing dependency_links to ../../build/tape/tape.egg-info/dependency_links.txt
[9.374s] writing entry points to ../../build/tape/tape.egg-info/entry_points.txt
[9.377s] writing requirements to ../../build/tape/tape.egg-info/requires.txt
[9.379s] writing top-level names to ../../build/tape/tape.egg-info/top_level.txt
[9.398s] reading manifest file '../../build/tape/tape.egg-info/SOURCES.txt'
[9.404s] adding license file 'LICENSE'
[9.409s] writing manifest file '../../build/tape/tape.egg-info/SOURCES.txt'
[9.411s] running build
[9.414s] running build_py
[9.421s] running install
[9.430s] running install_lib
[9.445s] running install_data
[9.448s] running install_egg_info
[9.468s] removing '/home/kingpooper/deepRacerWS/install/tape/lib/python3.10/site-packages/tape-0.0.0-py3.10.egg-info' (and everything under it)
[9.473s] Copying ../../build/tape/tape.egg-info to /home/kingpooper/deepRacerWS/install/tape/lib/python3.10/site-packages/tape-0.0.0-py3.10.egg-info
[9.485s] running install_scripts
[9.606s] Installing image_subscriber script to /home/kingpooper/deepRacerWS/install/tape/lib/tape
[9.609s] Installing james_blue_follower script to /home/kingpooper/deepRacerWS/install/tape/lib/tape
[9.611s] Installing my_blue_tape_follower script to /home/kingpooper/deepRacerWS/install/tape/lib/tape
[9.613s] Installing my_sexy_tape_follower script to /home/kingpooper/deepRacerWS/install/tape/lib/tape
[9.616s] Installing my_tape_follower script to /home/kingpooper/deepRacerWS/install/tape/lib/tape
[9.618s] Installing obs_avoid script to /home/kingpooper/deepRacerWS/install/tape/lib/tape
[9.621s] Installing school_zone script to /home/kingpooper/deepRacerWS/install/tape/lib/tape
[9.624s] Installing stop_sign script to /home/kingpooper/deepRacerWS/install/tape/lib/tape
[9.627s] Installing tape_follower script to /home/kingpooper/deepRacerWS/install/tape/lib/tape
[9.629s] Installing tom_blue_tape script to /home/kingpooper/deepRacerWS/install/tape/lib/tape
[9.634s] writing list of installed files to '/home/kingpooper/deepRacerWS/build/tape/install.log'
[9.870s] Invoked command in '/home/kingpooper/deepRacerWS/src/tape' returned '0': PYTHONPATH=/home/kingpooper/deepRacerWS/build/tape/prefix_override:/usr/lib/python3/dist-packages/colcon_core/task/python/colcon_distutils_commands:/home/kingpooper/deepRacerWS/install/tape/lib/python3.10/site-packages:${PYTHONPATH} /usr/bin/python3 -W ignore:setup.py install is deprecated -W ignore:easy_install command is deprecated setup.py egg_info --egg-base ../../build/tape build --build-base /home/kingpooper/deepRacerWS/build/tape/build install --record /home/kingpooper/deepRacerWS/build/tape/install.log --single-version-externally-managed install_data
