[4.982s] Invoking command in '/home/kingpooper/deepRacerWS/src/tape': PYTHONPATH=/home/kingpooper/deepRacerWS/build/tape/prefix_override:/usr/lib/python3/dist-packages/colcon_core/task/python/colcon_distutils_commands:/home/kingpooper/deepRacerWS/install/tape/lib/python3.10/site-packages:${PYTHONPATH} /usr/bin/python3 -W ignore:setup.py install is deprecated -W ignore:easy_install command is deprecated setup.py egg_info --egg-base ../../build/tape build --build-base /home/kingpooper/deepRacerWS/build/tape/build install --record /home/kingpooper/deepRacerWS/build/tape/install.log --single-version-externally-managed install_data
[6.739s] running egg_info
[6.743s] writing ../../build/tape/tape.egg-info/PKG-INFO
[6.745s] writing dependency_links to ../../build/tape/tape.egg-info/dependency_links.txt
[6.747s] writing entry points to ../../build/tape/tape.egg-info/entry_points.txt
[6.749s] writing requirements to ../../build/tape/tape.egg-info/requires.txt
[6.751s] writing top-level names to ../../build/tape/tape.egg-info/top_level.txt
[6.761s] reading manifest file '../../build/tape/tape.egg-info/SOURCES.txt'
[6.762s] adding license file 'LICENSE'
[6.765s] writing manifest file '../../build/tape/tape.egg-info/SOURCES.txt'
[6.767s] running build
[6.768s] running build_py
[6.770s] copying tape/shay_blue_follower.py -> /home/kingpooper/deepRacerWS/build/tape/build/lib/tape
[6.774s] running install
[6.775s] running install_lib
[6.781s] copying /home/kingpooper/deepRacerWS/build/tape/build/lib/tape/shay_blue_follower.py -> /home/kingpooper/deepRacerWS/install/tape/lib/python3.10/site-packages/tape
[6.786s] byte-compiling /home/kingpooper/deepRacerWS/install/tape/lib/python3.10/site-packages/tape/shay_blue_follower.py to shay_blue_follower.cpython-310.pyc
[6.793s] running install_data
[6.794s] running install_egg_info
[6.803s] removing '/home/kingpooper/deepRacerWS/install/tape/lib/python3.10/site-packages/tape-0.0.0-py3.10.egg-info' (and everything under it)
[6.805s] Copying ../../build/tape/tape.egg-info to /home/kingpooper/deepRacerWS/install/tape/lib/python3.10/site-packages/tape-0.0.0-py3.10.egg-info
[6.813s] running install_scripts
[6.907s] Installing image_subscriber script to /home/kingpooper/deepRacerWS/install/tape/lib/tape
[6.909s] Installing james_blue_follower script to /home/kingpooper/deepRacerWS/install/tape/lib/tape
[6.910s] Installing my_blue_tape_follower script to /home/kingpooper/deepRacerWS/install/tape/lib/tape
[6.910s] Installing my_sexy_tape_follower script to /home/kingpooper/deepRacerWS/install/tape/lib/tape
[6.914s] Installing my_tape_follower script to /home/kingpooper/deepRacerWS/install/tape/lib/tape
[6.915s] Installing obs_avoid script to /home/kingpooper/deepRacerWS/install/tape/lib/tape
[6.915s] Installing school_zone script to /home/kingpooper/deepRacerWS/install/tape/lib/tape
[6.916s] Installing shay_blue_follower script to /home/kingpooper/deepRacerWS/install/tape/lib/tape
[6.917s] Installing shaya_blue script to /home/kingpooper/deepRacerWS/install/tape/lib/tape
[6.930s] Installing stop_sign script to /home/kingpooper/deepRacerWS/install/tape/lib/tape
[6.932s] Installing tape_follower script to /home/kingpooper/deepRacerWS/install/tape/lib/tape
[6.934s] Installing tom_blue_tape script to /home/kingpooper/deepRacerWS/install/tape/lib/tape
[6.936s] writing list of installed files to '/home/kingpooper/deepRacerWS/build/tape/install.log'
[7.250s] Invoked command in '/home/kingpooper/deepRacerWS/src/tape' returned '0': PYTHONPATH=/home/kingpooper/deepRacerWS/build/tape/prefix_override:/usr/lib/python3/dist-packages/colcon_core/task/python/colcon_distutils_commands:/home/kingpooper/deepRacerWS/install/tape/lib/python3.10/site-packages:${PYTHONPATH} /usr/bin/python3 -W ignore:setup.py install is deprecated -W ignore:easy_install command is deprecated setup.py egg_info --egg-base ../../build/tape build --build-base /home/kingpooper/deepRacerWS/build/tape/build install --record /home/kingpooper/deepRacerWS/build/tape/install.log --single-version-externally-managed install_data
