[1.651s] Invoking command in '/home/kingpooper/deepRacerWS/build/v4l2_camera': CMAKE_PREFIX_PATH=/opt/ros/humble /usr/bin/cmake --build /home/kingpooper/deepRacerWS/build/v4l2_camera -- -j4 -l4
[2.439s] [ 42%] Built target v4l2_camera
[2.628s] [ 71%] Built target v4l2_camera_compose_test
[2.644s] [100%] Built target v4l2_camera_node
[2.699s] Invoked command in '/home/kingpooper/deepRacerWS/build/v4l2_camera' returned '0': CMAKE_PREFIX_PATH=/opt/ros/humble /usr/bin/cmake --build /home/kingpooper/deepRacerWS/build/v4l2_camera -- -j4 -l4
[2.765s] Invoking command in '/home/kingpooper/deepRacerWS/build/v4l2_camera': CMAKE_PREFIX_PATH=/opt/ros/humble /usr/bin/cmake --install /home/kingpooper/deepRacerWS/build/v4l2_camera
[2.805s] -- Install configuration: ""
[2.811s] -- Execute custom install script
[2.823s] -- Up-to-date symlink: /home/kingpooper/deepRacerWS/install/v4l2_camera/include/v4l2_camera/control.hpp
[2.826s] -- Up-to-date symlink: /home/kingpooper/deepRacerWS/install/v4l2_camera/include/v4l2_camera/fourcc.hpp
[2.829s] -- Up-to-date symlink: /home/kingpooper/deepRacerWS/install/v4l2_camera/include/v4l2_camera/image_format.hpp
[2.832s] -- Up-to-date symlink: /home/kingpooper/deepRacerWS/install/v4l2_camera/include/v4l2_camera/pixel_format.hpp
[2.835s] -- Up-to-date symlink: /home/kingpooper/deepRacerWS/install/v4l2_camera/include/v4l2_camera/v4l2_camera.hpp
[2.838s] -- Up-to-date symlink: /home/kingpooper/deepRacerWS/install/v4l2_camera/include/v4l2_camera/v4l2_camera_device.hpp
[2.841s] -- Up-to-date symlink: /home/kingpooper/deepRacerWS/install/v4l2_camera/include/v4l2_camera/visibility_control.h
[2.850s] -- Up-to-date symlink: /home/kingpooper/deepRacerWS/install/v4l2_camera/share/v4l2_camera/environment/library_path.sh
[2.859s] -- Up-to-date symlink: /home/kingpooper/deepRacerWS/install/v4l2_camera/share/v4l2_camera/environment/library_path.dsv
[2.864s] -- Up-to-date symlink: /home/kingpooper/deepRacerWS/install/v4l2_camera/include/v4l2_camera/control.hpp
[2.867s] -- Up-to-date symlink: /home/kingpooper/deepRacerWS/install/v4l2_camera/include/v4l2_camera/fourcc.hpp
[2.868s] -- Up-to-date symlink: /home/kingpooper/deepRacerWS/install/v4l2_camera/include/v4l2_camera/image_format.hpp
[2.870s] -- Up-to-date symlink: /home/kingpooper/deepRacerWS/install/v4l2_camera/include/v4l2_camera/pixel_format.hpp
[2.872s] -- Up-to-date symlink: /home/kingpooper/deepRacerWS/install/v4l2_camera/include/v4l2_camera/v4l2_camera.hpp
[2.874s] -- Up-to-date symlink: /home/kingpooper/deepRacerWS/install/v4l2_camera/include/v4l2_camera/v4l2_camera_device.hpp
[2.876s] -- Up-to-date symlink: /home/kingpooper/deepRacerWS/install/v4l2_camera/include/v4l2_camera/visibility_control.h
[2.883s] -- Up-to-date symlink: /home/kingpooper/deepRacerWS/install/v4l2_camera/share/v4l2_camera/launch/v4l2_camera.launch.py
[2.888s] -- Up-to-date symlink: /home/kingpooper/deepRacerWS/install/v4l2_camera/share/ament_index/resource_index/package_run_dependencies/v4l2_camera
[2.892s] -- Up-to-date symlink: /home/kingpooper/deepRacerWS/install/v4l2_camera/share/ament_index/resource_index/parent_prefix_path/v4l2_camera
[2.895s] -- Up-to-date symlink: /home/kingpooper/deepRacerWS/install/v4l2_camera/share/v4l2_camera/environment/ament_prefix_path.sh
[2.898s] -- Up-to-date symlink: /home/kingpooper/deepRacerWS/install/v4l2_camera/share/v4l2_camera/environment/ament_prefix_path.dsv
[2.900s] -- Up-to-date symlink: /home/kingpooper/deepRacerWS/install/v4l2_camera/share/v4l2_camera/environment/path.sh
[2.903s] -- Up-to-date symlink: /home/kingpooper/deepRacerWS/install/v4l2_camera/share/v4l2_camera/environment/path.dsv
[2.906s] -- Up-to-date symlink: /home/kingpooper/deepRacerWS/install/v4l2_camera/share/v4l2_camera/local_setup.bash
[2.910s] -- Up-to-date symlink: /home/kingpooper/deepRacerWS/install/v4l2_camera/share/v4l2_camera/local_setup.sh
[2.913s] -- Up-to-date symlink: /home/kingpooper/deepRacerWS/install/v4l2_camera/share/v4l2_camera/local_setup.zsh
[2.917s] -- Up-to-date symlink: /home/kingpooper/deepRacerWS/install/v4l2_camera/share/v4l2_camera/local_setup.dsv
[2.918s] -- Symlinking: /home/kingpooper/deepRacerWS/install/v4l2_camera/share/v4l2_camera/package.dsv
[2.966s] -- Up-to-date symlink: /home/kingpooper/deepRacerWS/install/v4l2_camera/share/ament_index/resource_index/packages/v4l2_camera
[2.969s] -- Up-to-date symlink: /home/kingpooper/deepRacerWS/install/v4l2_camera/share/ament_index/resource_index/rclcpp_components/v4l2_camera
[2.971s] -- Up-to-date symlink: /home/kingpooper/deepRacerWS/install/v4l2_camera/share/v4l2_camera/cmake/ament_cmake_export_include_directories-extras.cmake
[2.973s] -- Up-to-date symlink: /home/kingpooper/deepRacerWS/install/v4l2_camera/share/v4l2_camera/cmake/ament_cmake_export_targets-extras.cmake
[2.975s] -- Up-to-date symlink: /home/kingpooper/deepRacerWS/install/v4l2_camera/share/v4l2_camera/cmake/ament_cmake_export_libraries-extras.cmake
[2.977s] -- Up-to-date symlink: /home/kingpooper/deepRacerWS/install/v4l2_camera/share/v4l2_camera/cmake/ament_cmake_export_dependencies-extras.cmake
[2.979s] -- Up-to-date symlink: /home/kingpooper/deepRacerWS/install/v4l2_camera/share/v4l2_camera/cmake/v4l2_cameraConfig.cmake
[2.980s] -- Up-to-date symlink: /home/kingpooper/deepRacerWS/install/v4l2_camera/share/v4l2_camera/cmake/v4l2_cameraConfig-version.cmake
[2.983s] -- Up-to-date symlink: /home/kingpooper/deepRacerWS/install/v4l2_camera/share/v4l2_camera/package.xml
[2.987s] -- Up-to-date: /home/kingpooper/deepRacerWS/install/v4l2_camera/lib/libv4l2_camera.so
[2.993s] -- Up-to-date: /home/kingpooper/deepRacerWS/install/v4l2_camera/lib/v4l2_camera/v4l2_camera_node
[2.998s] -- Up-to-date: /home/kingpooper/deepRacerWS/install/v4l2_camera/lib/v4l2_camera/v4l2_camera_compose_test
[3.003s] -- Up-to-date: /home/kingpooper/deepRacerWS/install/v4l2_camera/share/v4l2_camera/cmake/export_v4l2_cameraExport.cmake
[3.006s] -- Up-to-date: /home/kingpooper/deepRacerWS/install/v4l2_camera/share/v4l2_camera/cmake/export_v4l2_cameraExport-noconfig.cmake
[3.012s] Invoked command in '/home/kingpooper/deepRacerWS/build/v4l2_camera' returned '0': CMAKE_PREFIX_PATH=/opt/ros/humble /usr/bin/cmake --install /home/kingpooper/deepRacerWS/build/v4l2_camera
