[4.838s] Invoking command in '/home/kingpooper/deepRacerWS/src/tape': PYTHONPATH=/home/kingpooper/deepRacerWS/build/tape/prefix_override:/usr/lib/python3/dist-packages/colcon_core/task/python/colcon_distutils_commands:/home/kingpooper/deepRacerWS/install/tape/lib/python3.10/site-packages:${PYTHONPATH} /usr/bin/python3 -W ignore:setup.py install is deprecated -W ignore:easy_install command is deprecated setup.py egg_info --egg-base ../../build/tape build --build-base /home/kingpooper/deepRacerWS/build/tape/build install --record /home/kingpooper/deepRacerWS/build/tape/install.log --single-version-externally-managed install_data
[6.684s] running egg_info
[6.687s] writing ../../build/tape/tape.egg-info/PKG-INFO
[6.690s] writing dependency_links to ../../build/tape/tape.egg-info/dependency_links.txt
[6.693s] writing entry points to ../../build/tape/tape.egg-info/entry_points.txt
[6.695s] writing requirements to ../../build/tape/tape.egg-info/requires.txt
[6.695s] writing top-level names to ../../build/tape/tape.egg-info/top_level.txt
[6.705s] reading manifest file '../../build/tape/tape.egg-info/SOURCES.txt'
[6.708s] adding license file 'LICENSE'
[6.712s] writing manifest file '../../build/tape/tape.egg-info/SOURCES.txt'
[6.713s] running build
[6.716s] running build_py
[6.716s] copying tape/james_blue_follower.py -> /home/kingpooper/deepRacerWS/build/tape/build/lib/tape
[6.720s] running install
[6.721s] running install_lib
[6.727s] copying /home/kingpooper/deepRacerWS/build/tape/build/lib/tape/james_blue_follower.py -> /home/kingpooper/deepRacerWS/install/tape/lib/python3.10/site-packages/tape
[6.734s] byte-compiling /home/kingpooper/deepRacerWS/install/tape/lib/python3.10/site-packages/tape/james_blue_follower.py to james_blue_follower.cpython-310.pyc
[6.743s] running install_data
[6.744s] running install_egg_info
[6.756s] removing '/home/kingpooper/deepRacerWS/install/tape/lib/python3.10/site-packages/tape-0.0.0-py3.10.egg-info' (and everything under it)
[6.758s] Copying ../../build/tape/tape.egg-info to /home/kingpooper/deepRacerWS/install/tape/lib/python3.10/site-packages/tape-0.0.0-py3.10.egg-info
[6.772s] running install_scripts
[6.897s] Installing image_subscriber script to /home/kingpooper/deepRacerWS/install/tape/lib/tape
[6.902s] Installing james_blue_follower script to /home/kingpooper/deepRacerWS/install/tape/lib/tape
[6.903s] Installing my_blue_tape_follower script to /home/kingpooper/deepRacerWS/install/tape/lib/tape
[6.904s] Installing my_sexy_tape_follower script to /home/kingpooper/deepRacerWS/install/tape/lib/tape
[6.911s] Installing my_tape_follower script to /home/kingpooper/deepRacerWS/install/tape/lib/tape
[6.912s] Installing obs_avoid script to /home/kingpooper/deepRacerWS/install/tape/lib/tape
[6.912s] Installing school_zone script to /home/kingpooper/deepRacerWS/install/tape/lib/tape
[6.913s] Installing stop_sign script to /home/kingpooper/deepRacerWS/install/tape/lib/tape
[6.927s] Installing tape_follower script to /home/kingpooper/deepRacerWS/install/tape/lib/tape
[6.928s] Installing tom_blue_tape script to /home/kingpooper/deepRacerWS/install/tape/lib/tape
[6.946s] writing list of installed files to '/home/kingpooper/deepRacerWS/build/tape/install.log'
[7.173s] Invoked command in '/home/kingpooper/deepRacerWS/src/tape' returned '0': PYTHONPATH=/home/kingpooper/deepRacerWS/build/tape/prefix_override:/usr/lib/python3/dist-packages/colcon_core/task/python/colcon_distutils_commands:/home/kingpooper/deepRacerWS/install/tape/lib/python3.10/site-packages:${PYTHONPATH} /usr/bin/python3 -W ignore:setup.py install is deprecated -W ignore:easy_install command is deprecated setup.py egg_info --egg-base ../../build/tape build --build-base /home/kingpooper/deepRacerWS/build/tape/build install --record /home/kingpooper/deepRacerWS/build/tape/install.log --single-version-externally-managed install_data
