running egg_info
writing ../../build/tape/tape.egg-info/PKG-INFO
writing dependency_links to ../../build/tape/tape.egg-info/dependency_links.txt
writing entry points to ../../build/tape/tape.egg-info/entry_points.txt
writing requirements to ../../build/tape/tape.egg-info/requires.txt
writing top-level names to ../../build/tape/tape.egg-info/top_level.txt
reading manifest file '../../build/tape/tape.egg-info/SOURCES.txt'
adding license file 'LICENSE'
writing manifest file '../../build/tape/tape.egg-info/SOURCES.txt'
running build
running build_py
running install
running install_lib
running install_data
running install_egg_info
removing '/home/kingpooper/deepRacerWS/install/tape/lib/python3.10/site-packages/tape-0.0.0-py3.10.egg-info' (and everything under it)
Copying ../../build/tape/tape.egg-info to /home/kingpooper/deepRacerWS/install/tape/lib/python3.10/site-packages/tape-0.0.0-py3.10.egg-info
running install_scripts
Installing image_subscriber = tape.image_subscribertape_follower script to /home/kingpooper/deepRacerWS/install/tape/lib/tape
writing list of installed files to '/home/kingpooper/deepRacerWS/build/tape/install.log'
