[3.212s] Invoking command in '/home/kingpooper/deepRacerWS/src/tape': PYTHONPATH=/home/kingpooper/deepRacerWS/build/tape/prefix_override:/usr/lib/python3/dist-packages/colcon_core/task/python/colcon_distutils_commands:/home/kingpooper/deepRacerWS/install/tape/lib/python3.10/site-packages:${PYTHONPATH} /usr/bin/python3 -W ignore:setup.py install is deprecated -W ignore:easy_install command is deprecated setup.py egg_info --egg-base ../../build/tape build --build-base /home/kingpooper/deepRacerWS/build/tape/build install --record /home/kingpooper/deepRacerWS/build/tape/install.log --single-version-externally-managed install_data
[4.518s] running egg_info
[4.521s] writing ../../build/tape/tape.egg-info/PKG-INFO
[4.522s] writing dependency_links to ../../build/tape/tape.egg-info/dependency_links.txt
[4.523s] writing entry points to ../../build/tape/tape.egg-info/entry_points.txt
[4.524s] writing requirements to ../../build/tape/tape.egg-info/requires.txt
[4.525s] writing top-level names to ../../build/tape/tape.egg-info/top_level.txt
[4.534s] reading manifest file '../../build/tape/tape.egg-info/SOURCES.txt'
[4.535s] adding license file 'LICENSE'
[4.538s] writing manifest file '../../build/tape/tape.egg-info/SOURCES.txt'
[4.538s] running build
[4.539s] running build_py
[4.541s] running install
[4.542s] running install_lib
[4.548s] running install_data
[4.549s] running install_egg_info
[4.557s] removing '/home/kingpooper/deepRacerWS/install/tape/lib/python3.10/site-packages/tape-0.0.0-py3.10.egg-info' (and everything under it)
[4.558s] Copying ../../build/tape/tape.egg-info to /home/kingpooper/deepRacerWS/install/tape/lib/python3.10/site-packages/tape-0.0.0-py3.10.egg-info
[4.565s] running install_scripts
[4.652s] Installing image_subscriber = tape.image_subscribertape_follower script to /home/kingpooper/deepRacerWS/install/tape/lib/tape
[4.653s] writing list of installed files to '/home/kingpooper/deepRacerWS/build/tape/install.log'
[4.792s] Invoked command in '/home/kingpooper/deepRacerWS/src/tape' returned '0': PYTHONPATH=/home/kingpooper/deepRacerWS/build/tape/prefix_override:/usr/lib/python3/dist-packages/colcon_core/task/python/colcon_distutils_commands:/home/kingpooper/deepRacerWS/install/tape/lib/python3.10/site-packages:${PYTHONPATH} /usr/bin/python3 -W ignore:setup.py install is deprecated -W ignore:easy_install command is deprecated setup.py egg_info --egg-base ../../build/tape build --build-base /home/kingpooper/deepRacerWS/build/tape/build install --record /home/kingpooper/deepRacerWS/build/tape/install.log --single-version-externally-managed install_data
