[6.444s] Invoking command in '/home/kingpooper/deepRacerWS/src/tape': PYTHONPATH=/home/kingpooper/deepRacerWS/build/tape/prefix_override:/usr/lib/python3/dist-packages/colcon_core/task/python/colcon_distutils_commands:/home/kingpooper/deepRacerWS/install/tape/lib/python3.10/site-packages:${PYTHONPATH} /usr/bin/python3 -W ignore:setup.py install is deprecated -W ignore:easy_install command is deprecated setup.py egg_info --egg-base ../../build/tape build --build-base /home/kingpooper/deepRacerWS/build/tape/build install --record /home/kingpooper/deepRacerWS/build/tape/install.log --single-version-externally-managed install_data
[9.648s] running egg_info
[9.655s] writing ../../build/tape/tape.egg-info/PKG-INFO
[9.658s] writing dependency_links to ../../build/tape/tape.egg-info/dependency_links.txt
[9.667s] writing entry points to ../../build/tape/tape.egg-info/entry_points.txt
[9.667s] writing requirements to ../../build/tape/tape.egg-info/requires.txt
[9.668s] writing top-level names to ../../build/tape/tape.egg-info/top_level.txt
[9.677s] reading manifest file '../../build/tape/tape.egg-info/SOURCES.txt'
[9.685s] adding license file 'LICENSE'
[9.687s] writing manifest file '../../build/tape/tape.egg-info/SOURCES.txt'
[9.707s] running build
[9.707s] running build_py
[9.708s] copying tape/my_sexy_tape_follower.py -> /home/kingpooper/deepRacerWS/build/tape/build/lib/tape
[9.709s] running install
[9.709s] running install_lib
[9.710s] copying /home/kingpooper/deepRacerWS/build/tape/build/lib/tape/my_sexy_tape_follower.py -> /home/kingpooper/deepRacerWS/install/tape/lib/python3.10/site-packages/tape
[9.719s] byte-compiling /home/kingpooper/deepRacerWS/install/tape/lib/python3.10/site-packages/tape/my_sexy_tape_follower.py to my_sexy_tape_follower.cpython-310.pyc
[9.726s] running install_data
[9.727s] running install_egg_info
[9.744s] removing '/home/kingpooper/deepRacerWS/install/tape/lib/python3.10/site-packages/tape-0.0.0-py3.10.egg-info' (and everything under it)
[9.759s] Copying ../../build/tape/tape.egg-info to /home/kingpooper/deepRacerWS/install/tape/lib/python3.10/site-packages/tape-0.0.0-py3.10.egg-info
[9.772s] running install_scripts
[9.923s] Installing image_subscriber script to /home/kingpooper/deepRacerWS/install/tape/lib/tape
[9.926s] Installing my_sexy_tape_follower script to /home/kingpooper/deepRacerWS/install/tape/lib/tape
[9.931s] Installing my_tape_follower script to /home/kingpooper/deepRacerWS/install/tape/lib/tape
[9.933s] Installing tape_follower script to /home/kingpooper/deepRacerWS/install/tape/lib/tape
[9.938s] writing list of installed files to '/home/kingpooper/deepRacerWS/build/tape/install.log'
[10.191s] Invoked command in '/home/kingpooper/deepRacerWS/src/tape' returned '0': PYTHONPATH=/home/kingpooper/deepRacerWS/build/tape/prefix_override:/usr/lib/python3/dist-packages/colcon_core/task/python/colcon_distutils_commands:/home/kingpooper/deepRacerWS/install/tape/lib/python3.10/site-packages:${PYTHONPATH} /usr/bin/python3 -W ignore:setup.py install is deprecated -W ignore:easy_install command is deprecated setup.py egg_info --egg-base ../../build/tape build --build-base /home/kingpooper/deepRacerWS/build/tape/build install --record /home/kingpooper/deepRacerWS/build/tape/install.log --single-version-externally-managed install_data
