[3.723s] Invoking command in '/home/kingpooper/deepRacerWS/build/ros2_pca9685': PYTHONPATH=/home/kingpooper/deepRacerWS/build/ros2_pca9685/prefix_override:/usr/lib/python3/dist-packages/colcon_core/task/python/colcon_distutils_commands:/home/kingpooper/deepRacerWS/install/ros2_pca9685/lib/python3.10/site-packages:${PYTHONPATH} /usr/bin/python3 -W ignore:setup.py install is deprecated -W ignore:easy_install command is deprecated setup.py develop --editable --build-directory /home/kingpooper/deepRacerWS/build/ros2_pca9685/build --no-deps symlink_data
[4.858s] /usr/lib/python3/dist-packages/setuptools/dist.py:723: UserWarning: Usage of dash-separated 'script-dir' will not be supported in future versions. Please use the underscore name 'script_dir' instead
[4.859s]   warnings.warn(
[4.981s] running develop
[5.867s] running egg_info
[5.868s] writing ros2_pca9685.egg-info/PKG-INFO
[5.870s] writing dependency_links to ros2_pca9685.egg-info/dependency_links.txt
[5.871s] writing entry points to ros2_pca9685.egg-info/entry_points.txt
[5.872s] writing requirements to ros2_pca9685.egg-info/requires.txt
[5.873s] writing top-level names to ros2_pca9685.egg-info/top_level.txt
[5.884s] reading manifest file 'ros2_pca9685.egg-info/SOURCES.txt'
[5.888s] writing manifest file 'ros2_pca9685.egg-info/SOURCES.txt'
[5.894s] running build_ext
[5.895s] Creating /home/kingpooper/deepRacerWS/install/ros2_pca9685/lib/python3.10/site-packages/ros2-pca9685.egg-link (link to .)
[5.899s] Installing listener script to /home/kingpooper/deepRacerWS/install/ros2_pca9685/lib/ros2_pca9685
[5.900s] Installing talker script to /home/kingpooper/deepRacerWS/install/ros2_pca9685/lib/ros2_pca9685
[5.901s] 
[5.902s] Installed /home/kingpooper/deepRacerWS/build/ros2_pca9685
[5.902s] running symlink_data
[6.056s] Invoked command in '/home/kingpooper/deepRacerWS/build/ros2_pca9685' returned '0': PYTHONPATH=/home/kingpooper/deepRacerWS/build/ros2_pca9685/prefix_override:/usr/lib/python3/dist-packages/colcon_core/task/python/colcon_distutils_commands:/home/kingpooper/deepRacerWS/install/ros2_pca9685/lib/python3.10/site-packages:${PYTHONPATH} /usr/bin/python3 -W ignore:setup.py install is deprecated -W ignore:easy_install command is deprecated setup.py develop --editable --build-directory /home/kingpooper/deepRacerWS/build/ros2_pca9685/build --no-deps symlink_data
