[4.714s] Invoking command in '/home/kingpooper/deepRacerWS/src/tape': PYTHONPATH=/home/kingpooper/deepRacerWS/build/tape/prefix_override:/usr/lib/python3/dist-packages/colcon_core/task/python/colcon_distutils_commands:/home/kingpooper/deepRacerWS/install/tape/lib/python3.10/site-packages:${PYTHONPATH} /usr/bin/python3 -W ignore:setup.py install is deprecated -W ignore:easy_install command is deprecated setup.py egg_info --egg-base ../../build/tape build --build-base /home/kingpooper/deepRacerWS/build/tape/build install --record /home/kingpooper/deepRacerWS/build/tape/install.log --single-version-externally-managed install_data
[6.616s] running egg_info
[6.619s] writing ../../build/tape/tape.egg-info/PKG-INFO
[6.622s] writing dependency_links to ../../build/tape/tape.egg-info/dependency_links.txt
[6.625s] writing entry points to ../../build/tape/tape.egg-info/entry_points.txt
[6.627s] writing requirements to ../../build/tape/tape.egg-info/requires.txt
[6.628s] writing top-level names to ../../build/tape/tape.egg-info/top_level.txt
[6.634s] reading manifest file '../../build/tape/tape.egg-info/SOURCES.txt'
[6.636s] adding license file 'LICENSE'
[6.639s] writing manifest file '../../build/tape/tape.egg-info/SOURCES.txt'
[6.640s] running build
[6.641s] running build_py
[6.643s] copying tape/stop_sign.py -> /home/kingpooper/deepRacerWS/build/tape/build/lib/tape
[6.647s] running install
[6.648s] running install_lib
[6.653s] copying /home/kingpooper/deepRacerWS/build/tape/build/lib/tape/stop_sign.py -> /home/kingpooper/deepRacerWS/install/tape/lib/python3.10/site-packages/tape
[6.659s] byte-compiling /home/kingpooper/deepRacerWS/install/tape/lib/python3.10/site-packages/tape/stop_sign.py to stop_sign.cpython-310.pyc
[6.664s] running install_data
[6.665s] running install_egg_info
[6.673s] removing '/home/kingpooper/deepRacerWS/install/tape/lib/python3.10/site-packages/tape-0.0.0-py3.10.egg-info' (and everything under it)
[6.676s] Copying ../../build/tape/tape.egg-info to /home/kingpooper/deepRacerWS/install/tape/lib/python3.10/site-packages/tape-0.0.0-py3.10.egg-info
[6.683s] running install_scripts
[6.789s] Installing image_subscriber script to /home/kingpooper/deepRacerWS/install/tape/lib/tape
[6.789s] Installing james_blue_follower script to /home/kingpooper/deepRacerWS/install/tape/lib/tape
[6.790s] Installing my_blue_tape_follower script to /home/kingpooper/deepRacerWS/install/tape/lib/tape
[6.791s] Installing my_sexy_tape_follower script to /home/kingpooper/deepRacerWS/install/tape/lib/tape
[6.793s] Installing my_tape_follower script to /home/kingpooper/deepRacerWS/install/tape/lib/tape
[6.796s] Installing obs_avoid script to /home/kingpooper/deepRacerWS/install/tape/lib/tape
[6.797s] Installing school_zone script to /home/kingpooper/deepRacerWS/install/tape/lib/tape
[6.798s] Installing shay_blue_follower script to /home/kingpooper/deepRacerWS/install/tape/lib/tape
[6.819s] Installing shaya_blue script to /home/kingpooper/deepRacerWS/install/tape/lib/tape
[6.831s] Installing stop_sign script to /home/kingpooper/deepRacerWS/install/tape/lib/tape
[6.840s] Installing tape_follower script to /home/kingpooper/deepRacerWS/install/tape/lib/tape
[6.844s] Installing tom_blue_tape script to /home/kingpooper/deepRacerWS/install/tape/lib/tape
[6.851s] writing list of installed files to '/home/kingpooper/deepRacerWS/build/tape/install.log'
[7.003s] Invoked command in '/home/kingpooper/deepRacerWS/src/tape' returned '0': PYTHONPATH=/home/kingpooper/deepRacerWS/build/tape/prefix_override:/usr/lib/python3/dist-packages/colcon_core/task/python/colcon_distutils_commands:/home/kingpooper/deepRacerWS/install/tape/lib/python3.10/site-packages:${PYTHONPATH} /usr/bin/python3 -W ignore:setup.py install is deprecated -W ignore:easy_install command is deprecated setup.py egg_info --egg-base ../../build/tape build --build-base /home/kingpooper/deepRacerWS/build/tape/build install --record /home/kingpooper/deepRacerWS/build/tape/install.log --single-version-externally-managed install_data
