[5.568s] Invoking command in '/home/kingpooper/deepRacerWS/src/tape': PYTHONPATH=/home/kingpooper/deepRacerWS/build/tape/prefix_override:/usr/lib/python3/dist-packages/colcon_core/task/python/colcon_distutils_commands:/home/kingpooper/deepRacerWS/install/tape/lib/python3.10/site-packages:${PYTHONPATH} /usr/bin/python3 -W ignore:setup.py install is deprecated -W ignore:easy_install command is deprecated setup.py egg_info --egg-base ../../build/tape build --build-base /home/kingpooper/deepRacerWS/build/tape/build install --record /home/kingpooper/deepRacerWS/build/tape/install.log --single-version-externally-managed install_data
[7.967s] running egg_info
[7.983s] writing ../../build/tape/tape.egg-info/PKG-INFO
[8.025s] writing dependency_links to ../../build/tape/tape.egg-info/dependency_links.txt
[8.078s] writing entry points to ../../build/tape/tape.egg-info/entry_points.txt
[8.119s] writing requirements to ../../build/tape/tape.egg-info/requires.txt
[8.120s] writing top-level names to ../../build/tape/tape.egg-info/top_level.txt
[8.136s] reading manifest file '../../build/tape/tape.egg-info/SOURCES.txt'
[8.136s] adding license file 'LICENSE'
[8.140s] writing manifest file '../../build/tape/tape.egg-info/SOURCES.txt'
[8.140s] running build
[8.141s] running build_py
[8.143s] copying tape/obs_avoid.py -> /home/kingpooper/deepRacerWS/build/tape/build/lib/tape
[8.159s] running install
[8.160s] running install_lib
[8.163s] copying /home/kingpooper/deepRacerWS/build/tape/build/lib/tape/obs_avoid.py -> /home/kingpooper/deepRacerWS/install/tape/lib/python3.10/site-packages/tape
[8.174s] byte-compiling /home/kingpooper/deepRacerWS/install/tape/lib/python3.10/site-packages/tape/obs_avoid.py to obs_avoid.cpython-310.pyc
[8.176s] running install_data
[8.177s] running install_egg_info
[8.181s] removing '/home/kingpooper/deepRacerWS/install/tape/lib/python3.10/site-packages/tape-0.0.0-py3.10.egg-info' (and everything under it)
[8.185s] Copying ../../build/tape/tape.egg-info to /home/kingpooper/deepRacerWS/install/tape/lib/python3.10/site-packages/tape-0.0.0-py3.10.egg-info
[8.207s] running install_scripts
[8.393s] Installing image_subscriber script to /home/kingpooper/deepRacerWS/install/tape/lib/tape
[8.412s] Installing james_blue_follower script to /home/kingpooper/deepRacerWS/install/tape/lib/tape
[8.420s] Installing my_blue_tape_follower script to /home/kingpooper/deepRacerWS/install/tape/lib/tape
[8.421s] Installing my_sexy_tape_follower script to /home/kingpooper/deepRacerWS/install/tape/lib/tape
[8.421s] Installing my_tape_follower script to /home/kingpooper/deepRacerWS/install/tape/lib/tape
[8.422s] Installing obs_avoid script to /home/kingpooper/deepRacerWS/install/tape/lib/tape
[8.440s] Installing school_zone script to /home/kingpooper/deepRacerWS/install/tape/lib/tape
[8.442s] Installing stop_sign script to /home/kingpooper/deepRacerWS/install/tape/lib/tape
[8.464s] Installing tape_follower script to /home/kingpooper/deepRacerWS/install/tape/lib/tape
[8.465s] Installing tom_blue_tape script to /home/kingpooper/deepRacerWS/install/tape/lib/tape
[8.477s] writing list of installed files to '/home/kingpooper/deepRacerWS/build/tape/install.log'
[8.663s] Invoked command in '/home/kingpooper/deepRacerWS/src/tape' returned '0': PYTHONPATH=/home/kingpooper/deepRacerWS/build/tape/prefix_override:/usr/lib/python3/dist-packages/colcon_core/task/python/colcon_distutils_commands:/home/kingpooper/deepRacerWS/install/tape/lib/python3.10/site-packages:${PYTHONPATH} /usr/bin/python3 -W ignore:setup.py install is deprecated -W ignore:easy_install command is deprecated setup.py egg_info --egg-base ../../build/tape build --build-base /home/kingpooper/deepRacerWS/build/tape/build install --record /home/kingpooper/deepRacerWS/build/tape/install.log --single-version-externally-managed install_data
