[4.643s] Invoking command in '/home/kingpooper/deepRacerWS/src/tape': PYTHONPATH=/home/kingpooper/deepRacerWS/build/tape/prefix_override:/usr/lib/python3/dist-packages/colcon_core/task/python/colcon_distutils_commands:/home/kingpooper/deepRacerWS/install/tape/lib/python3.10/site-packages:${PYTHONPATH} /usr/bin/python3 -W ignore:setup.py install is deprecated -W ignore:easy_install command is deprecated setup.py egg_info --egg-base ../../build/tape build --build-base /home/kingpooper/deepRacerWS/build/tape/build install --record /home/kingpooper/deepRacerWS/build/tape/install.log --single-version-externally-managed install_data
[6.819s] running egg_info
[6.823s] writing ../../build/tape/tape.egg-info/PKG-INFO
[6.824s] writing dependency_links to ../../build/tape/tape.egg-info/dependency_links.txt
[6.826s] writing entry points to ../../build/tape/tape.egg-info/entry_points.txt
[6.828s] writing requirements to ../../build/tape/tape.egg-info/requires.txt
[6.828s] writing top-level names to ../../build/tape/tape.egg-info/top_level.txt
[6.837s] reading manifest file '../../build/tape/tape.egg-info/SOURCES.txt'
[6.839s] adding license file 'LICENSE'
[6.842s] writing manifest file '../../build/tape/tape.egg-info/SOURCES.txt'
[6.842s] running build
[6.843s] running build_py
[6.845s] copying tape/obs_avoid.py -> /home/kingpooper/deepRacerWS/build/tape/build/lib/tape
[6.848s] running install
[6.850s] running install_lib
[6.855s] copying /home/kingpooper/deepRacerWS/build/tape/build/lib/tape/obs_avoid.py -> /home/kingpooper/deepRacerWS/install/tape/lib/python3.10/site-packages/tape
[6.861s] byte-compiling /home/kingpooper/deepRacerWS/install/tape/lib/python3.10/site-packages/tape/obs_avoid.py to obs_avoid.cpython-310.pyc
[6.866s] running install_data
[6.867s] running install_egg_info
[6.875s] removing '/home/kingpooper/deepRacerWS/install/tape/lib/python3.10/site-packages/tape-0.0.0-py3.10.egg-info' (and everything under it)
[6.878s] Copying ../../build/tape/tape.egg-info to /home/kingpooper/deepRacerWS/install/tape/lib/python3.10/site-packages/tape-0.0.0-py3.10.egg-info
[6.888s] running install_scripts
[6.975s] Installing image_subscriber script to /home/kingpooper/deepRacerWS/install/tape/lib/tape
[6.977s] Installing james_blue_follower script to /home/kingpooper/deepRacerWS/install/tape/lib/tape
[6.977s] Installing my_blue_tape_follower script to /home/kingpooper/deepRacerWS/install/tape/lib/tape
[6.979s] Installing my_sexy_tape_follower script to /home/kingpooper/deepRacerWS/install/tape/lib/tape
[6.979s] Installing my_tape_follower script to /home/kingpooper/deepRacerWS/install/tape/lib/tape
[6.983s] Installing obs_avoid script to /home/kingpooper/deepRacerWS/install/tape/lib/tape
[6.984s] Installing school_zone script to /home/kingpooper/deepRacerWS/install/tape/lib/tape
[6.984s] Installing stop_sign script to /home/kingpooper/deepRacerWS/install/tape/lib/tape
[6.986s] Installing tape_follower script to /home/kingpooper/deepRacerWS/install/tape/lib/tape
[6.986s] Installing tom_blue_tape script to /home/kingpooper/deepRacerWS/install/tape/lib/tape
[6.989s] writing list of installed files to '/home/kingpooper/deepRacerWS/build/tape/install.log'
[7.169s] Invoked command in '/home/kingpooper/deepRacerWS/src/tape' returned '0': PYTHONPATH=/home/kingpooper/deepRacerWS/build/tape/prefix_override:/usr/lib/python3/dist-packages/colcon_core/task/python/colcon_distutils_commands:/home/kingpooper/deepRacerWS/install/tape/lib/python3.10/site-packages:${PYTHONPATH} /usr/bin/python3 -W ignore:setup.py install is deprecated -W ignore:easy_install command is deprecated setup.py egg_info --egg-base ../../build/tape build --build-base /home/kingpooper/deepRacerWS/build/tape/build install --record /home/kingpooper/deepRacerWS/build/tape/install.log --single-version-externally-managed install_data
