[0.536s] DEBUG:colcon:Command line arguments: ['/usr/bin/colcon', 'build', '--packages-select', 'tape']
[0.537s] DEBUG:colcon:Parsed command line arguments: Namespace(log_base=None, log_level=None, verb_name='build', build_base='build', install_base='install', merge_install=False, symlink_install=False, test_result_base=None, continue_on_error=False, executor='parallel', parallel_workers=4, event_handlers=None, ignore_user_meta=False, metas=['./colcon.meta'], base_paths=['.'], packages_ignore=None, packages_ignore_regex=None, paths=None, packages_up_to=None, packages_up_to_regex=None, packages_above=None, packages_above_and_dependencies=None, packages_above_depth=None, packages_select_by_dep=None, packages_skip_by_dep=None, packages_skip_up_to=None, packages_select_build_failed=False, packages_skip_build_finished=False, packages_select_test_failures=False, packages_skip_test_passed=False, packages_select=['tape'], packages_skip=None, packages_select_regex=None, packages_skip_regex=None, packages_start=None, packages_end=None, allow_overriding=[], cmake_args=None, cmake_target=None, cmake_target_skip_unavailable=False, cmake_clean_cache=False, cmake_clean_first=False, cmake_force_configure=False, ament_cmake_args=None, catkin_cmake_args=None, catkin_skip_building_tests=False, mixin_files=None, mixin=None, verb_parser=<colcon_mixin.mixin.mixin_argument.MixinArgumentDecorator object at 0xffff951221a0>, verb_extension=<colcon_core.verb.build.BuildVerb object at 0xffff952db0a0>, main=<bound method BuildVerb.main of <colcon_core.verb.build.BuildVerb object at 0xffff952db0a0>>, mixin_verb=('build',))
[1.575s] Level 1:colcon.colcon_core.package_discovery:discover_packages(colcon_meta) check parameters
[1.576s] Level 1:colcon.colcon_core.package_discovery:discover_packages(recursive) check parameters
[1.581s] Level 1:colcon.colcon_core.package_discovery:discover_packages(ignore) check parameters
[1.582s] Level 1:colcon.colcon_core.package_discovery:discover_packages(path) check parameters
[1.582s] Level 1:colcon.colcon_core.package_discovery:discover_packages(colcon_meta) discover
[1.582s] Level 1:colcon.colcon_core.package_discovery:discover_packages(recursive) discover
[1.583s] INFO:colcon.colcon_core.package_discovery:Crawling recursively for packages in '/home/kingpooper/deepRacerWS'
[1.583s] Level 1:colcon.colcon_core.package_identification:_identify(.) by extensions ['ignore', 'ignore_ament_install']
[1.585s] Level 1:colcon.colcon_core.package_identification:_identify(.) by extension 'ignore'
[1.585s] Level 1:colcon.colcon_core.package_identification:_identify(.) by extension 'ignore_ament_install'
[1.586s] Level 1:colcon.colcon_core.package_identification:_identify(.) by extensions ['colcon_pkg']
[1.586s] Level 1:colcon.colcon_core.package_identification:_identify(.) by extension 'colcon_pkg'
[1.586s] Level 1:colcon.colcon_core.package_identification:_identify(.) by extensions ['colcon_meta']
[1.586s] Level 1:colcon.colcon_core.package_identification:_identify(.) by extension 'colcon_meta'
[1.587s] Level 1:colcon.colcon_core.package_identification:_identify(.) by extensions ['ros']
[1.587s] Level 1:colcon.colcon_core.package_identification:_identify(.) by extension 'ros'
[1.647s] Level 1:colcon.colcon_core.package_identification:_identify(.) by extensions ['cmake', 'python']
[1.647s] Level 1:colcon.colcon_core.package_identification:_identify(.) by extension 'cmake'
[1.648s] Level 1:colcon.colcon_core.package_identification:_identify(.) by extension 'python'
[1.648s] Level 1:colcon.colcon_core.package_identification:_identify(.) by extensions ['python_setup_py']
[1.648s] Level 1:colcon.colcon_core.package_identification:_identify(.) by extension 'python_setup_py'
[1.649s] Level 1:colcon.colcon_core.package_identification:_identify(build) by extensions ['ignore', 'ignore_ament_install']
[1.650s] Level 1:colcon.colcon_core.package_identification:_identify(build) by extension 'ignore'
[1.650s] Level 1:colcon.colcon_core.package_identification:_identify(build) ignored
[1.651s] Level 1:colcon.colcon_core.package_identification:_identify(install) by extensions ['ignore', 'ignore_ament_install']
[1.652s] Level 1:colcon.colcon_core.package_identification:_identify(install) by extension 'ignore'
[1.653s] Level 1:colcon.colcon_core.package_identification:_identify(install) ignored
[1.654s] Level 1:colcon.colcon_core.package_identification:_identify(launch) by extensions ['ignore', 'ignore_ament_install']
[1.656s] Level 1:colcon.colcon_core.package_identification:_identify(launch) by extension 'ignore'
[1.657s] Level 1:colcon.colcon_core.package_identification:_identify(launch) by extension 'ignore_ament_install'
[1.658s] Level 1:colcon.colcon_core.package_identification:_identify(launch) by extensions ['colcon_pkg']
[1.659s] Level 1:colcon.colcon_core.package_identification:_identify(launch) by extension 'colcon_pkg'
[1.660s] Level 1:colcon.colcon_core.package_identification:_identify(launch) by extensions ['colcon_meta']
[1.660s] Level 1:colcon.colcon_core.package_identification:_identify(launch) by extension 'colcon_meta'
[1.661s] Level 1:colcon.colcon_core.package_identification:_identify(launch) by extensions ['ros']
[1.661s] Level 1:colcon.colcon_core.package_identification:_identify(launch) by extension 'ros'
[1.661s] Level 1:colcon.colcon_core.package_identification:_identify(launch) by extensions ['cmake', 'python']
[1.661s] Level 1:colcon.colcon_core.package_identification:_identify(launch) by extension 'cmake'
[1.662s] Level 1:colcon.colcon_core.package_identification:_identify(launch) by extension 'python'
[1.662s] Level 1:colcon.colcon_core.package_identification:_identify(launch) by extensions ['python_setup_py']
[1.662s] Level 1:colcon.colcon_core.package_identification:_identify(launch) by extension 'python_setup_py'
[1.663s] Level 1:colcon.colcon_core.package_identification:_identify(launch/__pycache__) by extensions ['ignore', 'ignore_ament_install']
[1.664s] Level 1:colcon.colcon_core.package_identification:_identify(launch/__pycache__) by extension 'ignore'
[1.664s] Level 1:colcon.colcon_core.package_identification:_identify(launch/__pycache__) by extension 'ignore_ament_install'
[1.664s] Level 1:colcon.colcon_core.package_identification:_identify(launch/__pycache__) by extensions ['colcon_pkg']
[1.665s] Level 1:colcon.colcon_core.package_identification:_identify(launch/__pycache__) by extension 'colcon_pkg'
[1.665s] Level 1:colcon.colcon_core.package_identification:_identify(launch/__pycache__) by extensions ['colcon_meta']
[1.665s] Level 1:colcon.colcon_core.package_identification:_identify(launch/__pycache__) by extension 'colcon_meta'
[1.665s] Level 1:colcon.colcon_core.package_identification:_identify(launch/__pycache__) by extensions ['ros']
[1.666s] Level 1:colcon.colcon_core.package_identification:_identify(launch/__pycache__) by extension 'ros'
[1.666s] Level 1:colcon.colcon_core.package_identification:_identify(launch/__pycache__) by extensions ['cmake', 'python']
[1.666s] Level 1:colcon.colcon_core.package_identification:_identify(launch/__pycache__) by extension 'cmake'
[1.666s] Level 1:colcon.colcon_core.package_identification:_identify(launch/__pycache__) by extension 'python'
[1.667s] Level 1:colcon.colcon_core.package_identification:_identify(launch/__pycache__) by extensions ['python_setup_py']
[1.667s] Level 1:colcon.colcon_core.package_identification:_identify(launch/__pycache__) by extension 'python_setup_py'
[1.668s] Level 1:colcon.colcon_core.package_identification:_identify(launch/build) by extensions ['ignore', 'ignore_ament_install']
[1.668s] Level 1:colcon.colcon_core.package_identification:_identify(launch/build) by extension 'ignore'
[1.669s] Level 1:colcon.colcon_core.package_identification:_identify(launch/build) ignored
[1.669s] Level 1:colcon.colcon_core.package_identification:_identify(launch/install) by extensions ['ignore', 'ignore_ament_install']
[1.670s] Level 1:colcon.colcon_core.package_identification:_identify(launch/install) by extension 'ignore'
[1.670s] Level 1:colcon.colcon_core.package_identification:_identify(launch/install) ignored
[1.671s] Level 1:colcon.colcon_core.package_identification:_identify(launch/log) by extensions ['ignore', 'ignore_ament_install']
[1.671s] Level 1:colcon.colcon_core.package_identification:_identify(launch/log) by extension 'ignore'
[1.672s] Level 1:colcon.colcon_core.package_identification:_identify(launch/log) ignored
[1.674s] Level 1:colcon.colcon_core.package_identification:_identify(log) by extensions ['ignore', 'ignore_ament_install']
[1.675s] Level 1:colcon.colcon_core.package_identification:_identify(log) by extension 'ignore'
[1.675s] Level 1:colcon.colcon_core.package_identification:_identify(log) ignored
[1.676s] Level 1:colcon.colcon_core.package_identification:_identify(src) by extensions ['ignore', 'ignore_ament_install']
[1.676s] Level 1:colcon.colcon_core.package_identification:_identify(src) by extension 'ignore'
[1.676s] Level 1:colcon.colcon_core.package_identification:_identify(src) by extension 'ignore_ament_install'
[1.677s] Level 1:colcon.colcon_core.package_identification:_identify(src) by extensions ['colcon_pkg']
[1.677s] Level 1:colcon.colcon_core.package_identification:_identify(src) by extension 'colcon_pkg'
[1.677s] Level 1:colcon.colcon_core.package_identification:_identify(src) by extensions ['colcon_meta']
[1.677s] Level 1:colcon.colcon_core.package_identification:_identify(src) by extension 'colcon_meta'
[1.678s] Level 1:colcon.colcon_core.package_identification:_identify(src) by extensions ['ros']
[1.678s] Level 1:colcon.colcon_core.package_identification:_identify(src) by extension 'ros'
[1.678s] Level 1:colcon.colcon_core.package_identification:_identify(src) by extensions ['cmake', 'python']
[1.679s] Level 1:colcon.colcon_core.package_identification:_identify(src) by extension 'cmake'
[1.679s] Level 1:colcon.colcon_core.package_identification:_identify(src) by extension 'python'
[1.679s] Level 1:colcon.colcon_core.package_identification:_identify(src) by extensions ['python_setup_py']
[1.679s] Level 1:colcon.colcon_core.package_identification:_identify(src) by extension 'python_setup_py'
[1.680s] Level 1:colcon.colcon_core.package_identification:_identify(src/build) by extensions ['ignore', 'ignore_ament_install']
[1.680s] Level 1:colcon.colcon_core.package_identification:_identify(src/build) by extension 'ignore'
[1.681s] Level 1:colcon.colcon_core.package_identification:_identify(src/build) ignored
[1.681s] Level 1:colcon.colcon_core.package_identification:_identify(src/control) by extensions ['ignore', 'ignore_ament_install']
[1.682s] Level 1:colcon.colcon_core.package_identification:_identify(src/control) by extension 'ignore'
[1.682s] Level 1:colcon.colcon_core.package_identification:_identify(src/control) by extension 'ignore_ament_install'
[1.682s] Level 1:colcon.colcon_core.package_identification:_identify(src/control) by extensions ['colcon_pkg']
[1.683s] Level 1:colcon.colcon_core.package_identification:_identify(src/control) by extension 'colcon_pkg'
[1.683s] Level 1:colcon.colcon_core.package_identification:_identify(src/control) by extensions ['colcon_meta']
[1.683s] Level 1:colcon.colcon_core.package_identification:_identify(src/control) by extension 'colcon_meta'
[1.684s] Level 1:colcon.colcon_core.package_identification:_identify(src/control) by extensions ['ros']
[1.684s] Level 1:colcon.colcon_core.package_identification:_identify(src/control) by extension 'ros'
[1.694s] DEBUG:colcon.colcon_core.package_identification:Package 'src/control' with type 'ros.ament_python' and name 'control'
[1.695s] Level 1:colcon.colcon_core.package_identification:_identify(src/install) by extensions ['ignore', 'ignore_ament_install']
[1.695s] Level 1:colcon.colcon_core.package_identification:_identify(src/install) by extension 'ignore'
[1.696s] Level 1:colcon.colcon_core.package_identification:_identify(src/install) ignored
[1.696s] Level 1:colcon.colcon_core.package_identification:_identify(src/log) by extensions ['ignore', 'ignore_ament_install']
[1.697s] Level 1:colcon.colcon_core.package_identification:_identify(src/log) by extension 'ignore'
[1.697s] Level 1:colcon.colcon_core.package_identification:_identify(src/log) ignored
[1.698s] Level 1:colcon.colcon_core.package_identification:_identify(src/robot_car) by extensions ['ignore', 'ignore_ament_install']
[1.698s] Level 1:colcon.colcon_core.package_identification:_identify(src/robot_car) by extension 'ignore'
[1.699s] Level 1:colcon.colcon_core.package_identification:_identify(src/robot_car) by extension 'ignore_ament_install'
[1.699s] Level 1:colcon.colcon_core.package_identification:_identify(src/robot_car) by extensions ['colcon_pkg']
[1.700s] Level 1:colcon.colcon_core.package_identification:_identify(src/robot_car) by extension 'colcon_pkg'
[1.700s] Level 1:colcon.colcon_core.package_identification:_identify(src/robot_car) by extensions ['colcon_meta']
[1.700s] Level 1:colcon.colcon_core.package_identification:_identify(src/robot_car) by extension 'colcon_meta'
[1.700s] Level 1:colcon.colcon_core.package_identification:_identify(src/robot_car) by extensions ['ros']
[1.700s] Level 1:colcon.colcon_core.package_identification:_identify(src/robot_car) by extension 'ros'
[1.745s] DEBUG:colcon.colcon_core.package_identification:Package 'src/robot_car' with type 'ros.ament_cmake' and name 'robot_car'
[1.746s] Level 1:colcon.colcon_core.package_identification:_identify(src/ros2_pca9685) by extensions ['ignore', 'ignore_ament_install']
[1.747s] Level 1:colcon.colcon_core.package_identification:_identify(src/ros2_pca9685) by extension 'ignore'
[1.747s] Level 1:colcon.colcon_core.package_identification:_identify(src/ros2_pca9685) by extension 'ignore_ament_install'
[1.747s] Level 1:colcon.colcon_core.package_identification:_identify(src/ros2_pca9685) by extensions ['colcon_pkg']
[1.748s] Level 1:colcon.colcon_core.package_identification:_identify(src/ros2_pca9685) by extension 'colcon_pkg'
[1.748s] Level 1:colcon.colcon_core.package_identification:_identify(src/ros2_pca9685) by extensions ['colcon_meta']
[1.748s] Level 1:colcon.colcon_core.package_identification:_identify(src/ros2_pca9685) by extension 'colcon_meta'
[1.748s] Level 1:colcon.colcon_core.package_identification:_identify(src/ros2_pca9685) by extensions ['ros']
[1.748s] Level 1:colcon.colcon_core.package_identification:_identify(src/ros2_pca9685) by extension 'ros'
[1.751s] DEBUG:colcon.colcon_core.package_identification:Package 'src/ros2_pca9685' with type 'ros.ament_python' and name 'ros2_pca9685'
[1.752s] Level 1:colcon.colcon_core.package_identification:_identify(src/ros2_v4l2_camera) by extensions ['ignore', 'ignore_ament_install']
[1.753s] Level 1:colcon.colcon_core.package_identification:_identify(src/ros2_v4l2_camera) by extension 'ignore'
[1.753s] Level 1:colcon.colcon_core.package_identification:_identify(src/ros2_v4l2_camera) by extension 'ignore_ament_install'
[1.754s] Level 1:colcon.colcon_core.package_identification:_identify(src/ros2_v4l2_camera) by extensions ['colcon_pkg']
[1.754s] Level 1:colcon.colcon_core.package_identification:_identify(src/ros2_v4l2_camera) by extension 'colcon_pkg'
[1.754s] Level 1:colcon.colcon_core.package_identification:_identify(src/ros2_v4l2_camera) by extensions ['colcon_meta']
[1.754s] Level 1:colcon.colcon_core.package_identification:_identify(src/ros2_v4l2_camera) by extension 'colcon_meta'
[1.755s] Level 1:colcon.colcon_core.package_identification:_identify(src/ros2_v4l2_camera) by extensions ['ros']
[1.756s] Level 1:colcon.colcon_core.package_identification:_identify(src/ros2_v4l2_camera) by extension 'ros'
[1.759s] DEBUG:colcon.colcon_core.package_identification:Package 'src/ros2_v4l2_camera' with type 'ros.ament_cmake' and name 'v4l2_camera'
[1.760s] Level 1:colcon.colcon_core.package_identification:_identify(src/rplidar_ros) by extensions ['ignore', 'ignore_ament_install']
[1.761s] Level 1:colcon.colcon_core.package_identification:_identify(src/rplidar_ros) by extension 'ignore'
[1.761s] Level 1:colcon.colcon_core.package_identification:_identify(src/rplidar_ros) by extension 'ignore_ament_install'
[1.761s] Level 1:colcon.colcon_core.package_identification:_identify(src/rplidar_ros) by extensions ['colcon_pkg']
[1.762s] Level 1:colcon.colcon_core.package_identification:_identify(src/rplidar_ros) by extension 'colcon_pkg'
[1.762s] Level 1:colcon.colcon_core.package_identification:_identify(src/rplidar_ros) by extensions ['colcon_meta']
[1.762s] Level 1:colcon.colcon_core.package_identification:_identify(src/rplidar_ros) by extension 'colcon_meta'
[1.763s] Level 1:colcon.colcon_core.package_identification:_identify(src/rplidar_ros) by extensions ['ros']
[1.763s] Level 1:colcon.colcon_core.package_identification:_identify(src/rplidar_ros) by extension 'ros'
[1.765s] DEBUG:colcon.colcon_core.package_identification:Package 'src/rplidar_ros' with type 'ros.ament_cmake' and name 'rplidar_ros'
[1.766s] Level 1:colcon.colcon_core.package_identification:_identify(src/slamconfig) by extensions ['ignore', 'ignore_ament_install']
[1.767s] Level 1:colcon.colcon_core.package_identification:_identify(src/slamconfig) by extension 'ignore'
[1.767s] Level 1:colcon.colcon_core.package_identification:_identify(src/slamconfig) by extension 'ignore_ament_install'
[1.768s] Level 1:colcon.colcon_core.package_identification:_identify(src/slamconfig) by extensions ['colcon_pkg']
[1.768s] Level 1:colcon.colcon_core.package_identification:_identify(src/slamconfig) by extension 'colcon_pkg'
[1.768s] Level 1:colcon.colcon_core.package_identification:_identify(src/slamconfig) by extensions ['colcon_meta']
[1.768s] Level 1:colcon.colcon_core.package_identification:_identify(src/slamconfig) by extension 'colcon_meta'
[1.769s] Level 1:colcon.colcon_core.package_identification:_identify(src/slamconfig) by extensions ['ros']
[1.769s] Level 1:colcon.colcon_core.package_identification:_identify(src/slamconfig) by extension 'ros'
[1.769s] Level 1:colcon.colcon_core.package_identification:_identify(src/slamconfig) by extensions ['cmake', 'python']
[1.770s] Level 1:colcon.colcon_core.package_identification:_identify(src/slamconfig) by extension 'cmake'
[1.770s] Level 1:colcon.colcon_core.package_identification:_identify(src/slamconfig) by extension 'python'
[1.770s] Level 1:colcon.colcon_core.package_identification:_identify(src/slamconfig) by extensions ['python_setup_py']
[1.770s] Level 1:colcon.colcon_core.package_identification:_identify(src/slamconfig) by extension 'python_setup_py'
[1.771s] Level 1:colcon.colcon_core.package_identification:_identify(src/tape) by extensions ['ignore', 'ignore_ament_install']
[1.772s] Level 1:colcon.colcon_core.package_identification:_identify(src/tape) by extension 'ignore'
[1.772s] Level 1:colcon.colcon_core.package_identification:_identify(src/tape) by extension 'ignore_ament_install'
[1.773s] Level 1:colcon.colcon_core.package_identification:_identify(src/tape) by extensions ['colcon_pkg']
[1.773s] Level 1:colcon.colcon_core.package_identification:_identify(src/tape) by extension 'colcon_pkg'
[1.773s] Level 1:colcon.colcon_core.package_identification:_identify(src/tape) by extensions ['colcon_meta']
[1.774s] Level 1:colcon.colcon_core.package_identification:_identify(src/tape) by extension 'colcon_meta'
[1.774s] Level 1:colcon.colcon_core.package_identification:_identify(src/tape) by extensions ['ros']
[1.774s] Level 1:colcon.colcon_core.package_identification:_identify(src/tape) by extension 'ros'
[1.776s] DEBUG:colcon.colcon_core.package_identification:Package 'src/tape' with type 'ros.ament_python' and name 'tape'
[1.777s] Level 1:colcon.colcon_core.package_discovery:discover_packages(recursive) using defaults
[1.777s] Level 1:colcon.colcon_core.package_discovery:discover_packages(ignore) discover
[1.777s] Level 1:colcon.colcon_core.package_discovery:discover_packages(ignore) using defaults
[1.777s] Level 1:colcon.colcon_core.package_discovery:discover_packages(path) discover
[1.777s] Level 1:colcon.colcon_core.package_discovery:discover_packages(path) using defaults
[1.870s] INFO:colcon.colcon_core.package_selection:Skipping not selected package 'control' in 'src/control'
[1.871s] INFO:colcon.colcon_core.package_selection:Skipping not selected package 'robot_car' in 'src/robot_car'
[1.871s] INFO:colcon.colcon_core.package_selection:Skipping not selected package 'ros2_pca9685' in 'src/ros2_pca9685'
[1.871s] INFO:colcon.colcon_core.package_selection:Skipping not selected package 'rplidar_ros' in 'src/rplidar_ros'
[1.871s] INFO:colcon.colcon_core.package_selection:Skipping not selected package 'v4l2_camera' in 'src/ros2_v4l2_camera'
[1.874s] Level 1:colcon.colcon_core.package_discovery:discover_packages(prefix_path) check parameters
[1.874s] Level 1:colcon.colcon_core.package_discovery:discover_packages(prefix_path) discover
[1.885s] DEBUG:colcon.colcon_installed_package_information.package_discovery:Found 6 installed packages in /home/kingpooper/deepRacerWS/install
[1.897s] DEBUG:colcon.colcon_installed_package_information.package_discovery:Found 359 installed packages in /opt/ros/humble
[1.910s] Level 1:colcon.colcon_core.package_discovery:discover_packages(prefix_path) using defaults
[2.173s] Level 5:colcon.colcon_core.verb:set package 'tape' build argument 'cmake_args' from command line to 'None'
[2.173s] Level 5:colcon.colcon_core.verb:set package 'tape' build argument 'cmake_target' from command line to 'None'
[2.174s] Level 5:colcon.colcon_core.verb:set package 'tape' build argument 'cmake_target_skip_unavailable' from command line to 'False'
[2.174s] Level 5:colcon.colcon_core.verb:set package 'tape' build argument 'cmake_clean_cache' from command line to 'False'
[2.174s] Level 5:colcon.colcon_core.verb:set package 'tape' build argument 'cmake_clean_first' from command line to 'False'
[2.174s] Level 5:colcon.colcon_core.verb:set package 'tape' build argument 'cmake_force_configure' from command line to 'False'
[2.174s] Level 5:colcon.colcon_core.verb:set package 'tape' build argument 'ament_cmake_args' from command line to 'None'
[2.174s] Level 5:colcon.colcon_core.verb:set package 'tape' build argument 'catkin_cmake_args' from command line to 'None'
[2.174s] Level 5:colcon.colcon_core.verb:set package 'tape' build argument 'catkin_skip_building_tests' from command line to 'False'
[2.174s] DEBUG:colcon.colcon_core.verb:Building package 'tape' with the following arguments: {'ament_cmake_args': None, 'build_base': '/home/kingpooper/deepRacerWS/build/tape', 'catkin_cmake_args': None, 'catkin_skip_building_tests': False, 'cmake_args': None, 'cmake_clean_cache': False, 'cmake_clean_first': False, 'cmake_force_configure': False, 'cmake_target': None, 'cmake_target_skip_unavailable': False, 'install_base': '/home/kingpooper/deepRacerWS/install/tape', 'merge_install': False, 'path': '/home/kingpooper/deepRacerWS/src/tape', 'symlink_install': False, 'test_result_base': None}
[2.175s] INFO:colcon.colcon_core.executor:Executing jobs using 'parallel' executor
[2.179s] DEBUG:colcon.colcon_parallel_executor.executor.parallel:run_until_complete
[2.180s] INFO:colcon.colcon_ros.task.ament_python.build:Building ROS package in '/home/kingpooper/deepRacerWS/src/tape' with build type 'ament_python'
[2.181s] Level 1:colcon.colcon_core.shell:create_environment_hook('tape', 'ament_prefix_path')
[2.194s] INFO:colcon.colcon_core.plugin_system:Skipping extension 'colcon_core.shell.bat': Not used on non-Windows systems
[2.195s] INFO:colcon.colcon_core.shell:Creating environment hook '/home/kingpooper/deepRacerWS/install/tape/share/tape/hook/ament_prefix_path.ps1'
[2.198s] INFO:colcon.colcon_core.shell:Creating environment descriptor '/home/kingpooper/deepRacerWS/install/tape/share/tape/hook/ament_prefix_path.dsv'
[2.201s] INFO:colcon.colcon_core.shell:Creating environment hook '/home/kingpooper/deepRacerWS/install/tape/share/tape/hook/ament_prefix_path.sh'
[2.206s] INFO:colcon.colcon_core.shell:Skip shell extension 'powershell' for command environment: Not usable outside of PowerShell
[2.206s] DEBUG:colcon.colcon_core.shell:Skip shell extension 'dsv' for command environment
[4.269s] INFO:colcon.colcon_core.task.python.build:Building Python package in '/home/kingpooper/deepRacerWS/src/tape'
[4.271s] INFO:colcon.colcon_core.shell:Skip shell extension 'powershell' for command environment: Not usable outside of PowerShell
[4.271s] DEBUG:colcon.colcon_core.shell:Skip shell extension 'dsv' for command environment
[6.366s] DEBUG:colcon.colcon_core.event_handler.log_command:Invoking command in '/home/kingpooper/deepRacerWS/src/tape': PYTHONPATH=/home/kingpooper/deepRacerWS/build/tape/prefix_override:/usr/lib/python3/dist-packages/colcon_core/task/python/colcon_distutils_commands:/home/kingpooper/deepRacerWS/install/tape/lib/python3.10/site-packages:${PYTHONPATH} /usr/bin/python3 -W ignore:setup.py install is deprecated -W ignore:easy_install command is deprecated setup.py egg_info --egg-base ../../build/tape build --build-base /home/kingpooper/deepRacerWS/build/tape/build install --record /home/kingpooper/deepRacerWS/build/tape/install.log --single-version-externally-managed install_data
[8.265s] DEBUG:colcon.colcon_core.event_handler.log_command:Invoked command in '/home/kingpooper/deepRacerWS/src/tape' returned '0': PYTHONPATH=/home/kingpooper/deepRacerWS/build/tape/prefix_override:/usr/lib/python3/dist-packages/colcon_core/task/python/colcon_distutils_commands:/home/kingpooper/deepRacerWS/install/tape/lib/python3.10/site-packages:${PYTHONPATH} /usr/bin/python3 -W ignore:setup.py install is deprecated -W ignore:easy_install command is deprecated setup.py egg_info --egg-base ../../build/tape build --build-base /home/kingpooper/deepRacerWS/build/tape/build install --record /home/kingpooper/deepRacerWS/build/tape/install.log --single-version-externally-managed install_data
[8.279s] Level 1:colcon.colcon_core.environment:checking '/home/kingpooper/deepRacerWS/install/tape' for CMake module files
[8.284s] Level 1:colcon.colcon_core.environment:checking '/home/kingpooper/deepRacerWS/install/tape' for CMake config files
[8.297s] Level 1:colcon.colcon_core.environment:checking '/home/kingpooper/deepRacerWS/install/tape/lib'
[8.298s] Level 1:colcon.colcon_core.environment:checking '/home/kingpooper/deepRacerWS/install/tape/bin'
[8.299s] Level 1:colcon.colcon_core.environment:checking '/home/kingpooper/deepRacerWS/install/tape/lib/pkgconfig/tape.pc'
[8.300s] Level 1:colcon.colcon_core.environment:checking '/home/kingpooper/deepRacerWS/install/tape/lib/python3.10/site-packages'
[8.301s] Level 1:colcon.colcon_core.shell:create_environment_hook('tape', 'pythonpath')
[8.302s] INFO:colcon.colcon_core.shell:Creating environment hook '/home/kingpooper/deepRacerWS/install/tape/share/tape/hook/pythonpath.ps1'
[8.311s] INFO:colcon.colcon_core.shell:Creating environment descriptor '/home/kingpooper/deepRacerWS/install/tape/share/tape/hook/pythonpath.dsv'
[8.320s] INFO:colcon.colcon_core.shell:Creating environment hook '/home/kingpooper/deepRacerWS/install/tape/share/tape/hook/pythonpath.sh'
[8.325s] Level 1:colcon.colcon_core.environment:checking '/home/kingpooper/deepRacerWS/install/tape/bin'
[8.326s] Level 1:colcon.colcon_core.environment:create_environment_scripts_only(tape)
[8.327s] INFO:colcon.colcon_core.shell:Creating package script '/home/kingpooper/deepRacerWS/install/tape/share/tape/package.ps1'
[8.334s] INFO:colcon.colcon_core.shell:Creating package descriptor '/home/kingpooper/deepRacerWS/install/tape/share/tape/package.dsv'
[8.342s] INFO:colcon.colcon_core.shell:Creating package script '/home/kingpooper/deepRacerWS/install/tape/share/tape/package.sh'
[8.351s] INFO:colcon.colcon_core.shell:Creating package script '/home/kingpooper/deepRacerWS/install/tape/share/tape/package.bash'
[8.357s] INFO:colcon.colcon_core.shell:Creating package script '/home/kingpooper/deepRacerWS/install/tape/share/tape/package.zsh'
[8.361s] Level 1:colcon.colcon_core.environment:create_file_with_runtime_dependencies(/home/kingpooper/deepRacerWS/install/tape/share/colcon-core/packages/tape)
[8.365s] DEBUG:colcon.colcon_parallel_executor.executor.parallel:closing loop
[8.366s] DEBUG:colcon.colcon_parallel_executor.executor.parallel:loop closed
[8.369s] DEBUG:colcon.colcon_parallel_executor.executor.parallel:run_until_complete finished with '0'
[8.369s] DEBUG:colcon.colcon_core.event_reactor:joining thread
[8.402s] INFO:colcon.colcon_core.plugin_system:Skipping extension 'colcon_notification.desktop_notification.terminal_notifier': Not used on non-Darwin systems
[8.403s] INFO:colcon.colcon_core.plugin_system:Skipping extension 'colcon_notification.desktop_notification.win32': Not used on non-Windows systems
[8.403s] INFO:colcon.colcon_notification.desktop_notification:Sending desktop notification using 'notify2'
[8.477s] DEBUG:colcon.colcon_core.event_reactor:joined thread
[8.478s] INFO:colcon.colcon_core.shell:Creating prefix script '/home/kingpooper/deepRacerWS/install/local_setup.ps1'
[8.484s] INFO:colcon.colcon_core.shell:Creating prefix util module '/home/kingpooper/deepRacerWS/install/_local_setup_util_ps1.py'
[8.492s] INFO:colcon.colcon_core.shell:Creating prefix chain script '/home/kingpooper/deepRacerWS/install/setup.ps1'
[8.502s] INFO:colcon.colcon_core.shell:Creating prefix script '/home/kingpooper/deepRacerWS/install/local_setup.sh'
[8.506s] INFO:colcon.colcon_core.shell:Creating prefix util module '/home/kingpooper/deepRacerWS/install/_local_setup_util_sh.py'
[8.511s] INFO:colcon.colcon_core.shell:Creating prefix chain script '/home/kingpooper/deepRacerWS/install/setup.sh'
[8.522s] INFO:colcon.colcon_core.shell:Creating prefix script '/home/kingpooper/deepRacerWS/install/local_setup.bash'
[8.525s] INFO:colcon.colcon_core.shell:Creating prefix chain script '/home/kingpooper/deepRacerWS/install/setup.bash'
[8.552s] INFO:colcon.colcon_core.shell:Creating prefix script '/home/kingpooper/deepRacerWS/install/local_setup.zsh'
[8.560s] INFO:colcon.colcon_core.shell:Creating prefix chain script '/home/kingpooper/deepRacerWS/install/setup.zsh'
