[5.342s] Invoking command in '/home/kingpooper/deepRacerWS/src/ros2_pca9685': PYTHONPATH=/home/kingpooper/deepRacerWS/build/ros2_pca9685/prefix_override:/usr/lib/python3/dist-packages/colcon_core/task/python/colcon_distutils_commands:/home/kingpooper/deepRacerWS/install/ros2_pca9685/lib/python3.10/site-packages:${PYTHONPATH} /usr/bin/python3 -W ignore:setup.py install is deprecated -W ignore:easy_install command is deprecated setup.py egg_info --egg-base ../../build/ros2_pca9685 build --build-base /home/kingpooper/deepRacerWS/build/ros2_pca9685/build install --record /home/kingpooper/deepRacerWS/build/ros2_pca9685/install.log --install-scripts $base/lib/ros2_pca9685 --single-version-externally-managed install_data
[7.991s] /usr/lib/python3/dist-packages/setuptools/dist.py:723: UserWarning: Usage of dash-separated 'script-dir' will not be supported in future versions. Please use the underscore name 'script_dir' instead
[7.992s]   warnings.warn(
[8.066s] running egg_info
[8.074s] writing ../../build/ros2_pca9685/ros2_pca9685.egg-info/PKG-INFO
[8.074s] writing dependency_links to ../../build/ros2_pca9685/ros2_pca9685.egg-info/dependency_links.txt
[8.082s] writing entry points to ../../build/ros2_pca9685/ros2_pca9685.egg-info/entry_points.txt
[8.083s] writing requirements to ../../build/ros2_pca9685/ros2_pca9685.egg-info/requires.txt
[8.084s] writing top-level names to ../../build/ros2_pca9685/ros2_pca9685.egg-info/top_level.txt
[8.089s] reading manifest file '../../build/ros2_pca9685/ros2_pca9685.egg-info/SOURCES.txt'
[8.091s] adding license file 'LICENSE'
[8.102s] writing manifest file '../../build/ros2_pca9685/ros2_pca9685.egg-info/SOURCES.txt'
[8.104s] running build
[8.105s] running build_py
[8.106s] copying ros2_pca9685/subscriber_member_function.py -> /home/kingpooper/deepRacerWS/build/ros2_pca9685/build/lib/ros2_pca9685
[8.106s] running install
[8.112s] running install_lib
[8.113s] copying /home/kingpooper/deepRacerWS/build/ros2_pca9685/build/lib/ros2_pca9685/subscriber_member_function.py -> /home/kingpooper/deepRacerWS/install/ros2_pca9685/lib/python3.10/site-packages/ros2_pca9685
[8.113s] byte-compiling /home/kingpooper/deepRacerWS/install/ros2_pca9685/lib/python3.10/site-packages/ros2_pca9685/subscriber_member_function.py to subscriber_member_function.cpython-310.pyc
[8.117s] running install_data
[8.119s] running install_egg_info
[8.130s] removing '/home/kingpooper/deepRacerWS/install/ros2_pca9685/lib/python3.10/site-packages/ros2_pca9685-0.0.0-py3.10.egg-info' (and everything under it)
[8.133s] Copying ../../build/ros2_pca9685/ros2_pca9685.egg-info to /home/kingpooper/deepRacerWS/install/ros2_pca9685/lib/python3.10/site-packages/ros2_pca9685-0.0.0-py3.10.egg-info
[8.146s] running install_scripts
[8.280s] Installing listener script to /home/kingpooper/deepRacerWS/install/ros2_pca9685/lib/ros2_pca9685
[8.281s] Installing talker script to /home/kingpooper/deepRacerWS/install/ros2_pca9685/lib/ros2_pca9685
[8.285s] writing list of installed files to '/home/kingpooper/deepRacerWS/build/ros2_pca9685/install.log'
[8.524s] Invoked command in '/home/kingpooper/deepRacerWS/src/ros2_pca9685' returned '0': PYTHONPATH=/home/kingpooper/deepRacerWS/build/ros2_pca9685/prefix_override:/usr/lib/python3/dist-packages/colcon_core/task/python/colcon_distutils_commands:/home/kingpooper/deepRacerWS/install/ros2_pca9685/lib/python3.10/site-packages:${PYTHONPATH} /usr/bin/python3 -W ignore:setup.py install is deprecated -W ignore:easy_install command is deprecated setup.py egg_info --egg-base ../../build/ros2_pca9685 build --build-base /home/kingpooper/deepRacerWS/build/ros2_pca9685/build install --record /home/kingpooper/deepRacerWS/build/ros2_pca9685/install.log --install-scripts $base/lib/ros2_pca9685 --single-version-externally-managed install_data
