[6.126s] Invoking command in '/home/kingpooper/deepRacerWS/src/tape': PYTHONPATH=/home/kingpooper/deepRacerWS/build/tape/prefix_override:/usr/lib/python3/dist-packages/colcon_core/task/python/colcon_distutils_commands:/home/kingpooper/deepRacerWS/install/tape/lib/python3.10/site-packages:${PYTHONPATH} /usr/bin/python3 -W ignore:setup.py install is deprecated -W ignore:easy_install command is deprecated setup.py egg_info --egg-base ../../build/tape build --build-base /home/kingpooper/deepRacerWS/build/tape/build install --record /home/kingpooper/deepRacerWS/build/tape/install.log --single-version-externally-managed install_data
[8.830s] running egg_info
[8.837s] writing ../../build/tape/tape.egg-info/PKG-INFO
[8.839s] writing dependency_links to ../../build/tape/tape.egg-info/dependency_links.txt
[8.842s] writing entry points to ../../build/tape/tape.egg-info/entry_points.txt
[8.843s] writing requirements to ../../build/tape/tape.egg-info/requires.txt
[8.844s] writing top-level names to ../../build/tape/tape.egg-info/top_level.txt
[8.856s] reading manifest file '../../build/tape/tape.egg-info/SOURCES.txt'
[8.858s] adding license file 'LICENSE'
[8.861s] writing manifest file '../../build/tape/tape.egg-info/SOURCES.txt'
[8.862s] running build
[8.863s] running build_py
[8.866s] copying tape/shaya_blue.py -> /home/kingpooper/deepRacerWS/build/tape/build/lib/tape
[8.874s] running install
[8.874s] running install_lib
[8.884s] copying /home/kingpooper/deepRacerWS/build/tape/build/lib/tape/shaya_blue.py -> /home/kingpooper/deepRacerWS/install/tape/lib/python3.10/site-packages/tape
[8.897s] byte-compiling /home/kingpooper/deepRacerWS/install/tape/lib/python3.10/site-packages/tape/shaya_blue.py to shaya_blue.cpython-310.pyc
[8.911s] running install_data
[8.913s] running install_egg_info
[8.934s] removing '/home/kingpooper/deepRacerWS/install/tape/lib/python3.10/site-packages/tape-0.0.0-py3.10.egg-info' (and everything under it)
[8.937s] Copying ../../build/tape/tape.egg-info to /home/kingpooper/deepRacerWS/install/tape/lib/python3.10/site-packages/tape-0.0.0-py3.10.egg-info
[8.946s] running install_scripts
[9.116s] Installing image_subscriber script to /home/kingpooper/deepRacerWS/install/tape/lib/tape
[9.118s] Installing james_blue_follower script to /home/kingpooper/deepRacerWS/install/tape/lib/tape
[9.119s] Installing my_blue_tape_follower script to /home/kingpooper/deepRacerWS/install/tape/lib/tape
[9.121s] Installing my_sexy_tape_follower script to /home/kingpooper/deepRacerWS/install/tape/lib/tape
[9.126s] Installing my_tape_follower script to /home/kingpooper/deepRacerWS/install/tape/lib/tape
[9.128s] Installing obs_avoid script to /home/kingpooper/deepRacerWS/install/tape/lib/tape
[9.129s] Installing school_zone script to /home/kingpooper/deepRacerWS/install/tape/lib/tape
[9.130s] Installing shaya_blue script to /home/kingpooper/deepRacerWS/install/tape/lib/tape
[9.132s] Installing stop_sign script to /home/kingpooper/deepRacerWS/install/tape/lib/tape
[9.141s] Installing tape_follower script to /home/kingpooper/deepRacerWS/install/tape/lib/tape
[9.142s] Installing tom_blue_tape script to /home/kingpooper/deepRacerWS/install/tape/lib/tape
[9.152s] writing list of installed files to '/home/kingpooper/deepRacerWS/build/tape/install.log'
[9.429s] Invoked command in '/home/kingpooper/deepRacerWS/src/tape' returned '0': PYTHONPATH=/home/kingpooper/deepRacerWS/build/tape/prefix_override:/usr/lib/python3/dist-packages/colcon_core/task/python/colcon_distutils_commands:/home/kingpooper/deepRacerWS/install/tape/lib/python3.10/site-packages:${PYTHONPATH} /usr/bin/python3 -W ignore:setup.py install is deprecated -W ignore:easy_install command is deprecated setup.py egg_info --egg-base ../../build/tape build --build-base /home/kingpooper/deepRacerWS/build/tape/build install --record /home/kingpooper/deepRacerWS/build/tape/install.log --single-version-externally-managed install_data
