[4.474s] Invoking command in '/home/kingpooper/deepRacerWS/src/tape': PYTHONPATH=/home/kingpooper/deepRacerWS/build/tape/prefix_override:/usr/lib/python3/dist-packages/colcon_core/task/python/colcon_distutils_commands:/home/kingpooper/deepRacerWS/install/tape/lib/python3.10/site-packages:${PYTHONPATH} /usr/bin/python3 -W ignore:setup.py install is deprecated -W ignore:easy_install command is deprecated setup.py egg_info --egg-base ../../build/tape build --build-base /home/kingpooper/deepRacerWS/build/tape/build install --record /home/kingpooper/deepRacerWS/build/tape/install.log --single-version-externally-managed install_data
[6.159s] running egg_info
[6.162s] writing ../../build/tape/tape.egg-info/PKG-INFO
[6.164s] writing dependency_links to ../../build/tape/tape.egg-info/dependency_links.txt
[6.165s] writing entry points to ../../build/tape/tape.egg-info/entry_points.txt
[6.169s] writing requirements to ../../build/tape/tape.egg-info/requires.txt
[6.170s] writing top-level names to ../../build/tape/tape.egg-info/top_level.txt
[6.177s] reading manifest file '../../build/tape/tape.egg-info/SOURCES.txt'
[6.179s] adding license file 'LICENSE'
[6.182s] writing manifest file '../../build/tape/tape.egg-info/SOURCES.txt'
[6.183s] running build
[6.186s] running build_py
[6.186s] copying tape/my_sexy_tape_follower.py -> /home/kingpooper/deepRacerWS/build/tape/build/lib/tape
[6.189s] running install
[6.192s] running install_lib
[6.195s] copying /home/kingpooper/deepRacerWS/build/tape/build/lib/tape/my_sexy_tape_follower.py -> /home/kingpooper/deepRacerWS/install/tape/lib/python3.10/site-packages/tape
[6.201s] byte-compiling /home/kingpooper/deepRacerWS/install/tape/lib/python3.10/site-packages/tape/my_sexy_tape_follower.py to my_sexy_tape_follower.cpython-310.pyc
[6.205s] running install_data
[6.205s] running install_egg_info
[6.215s] removing '/home/kingpooper/deepRacerWS/install/tape/lib/python3.10/site-packages/tape-0.0.0-py3.10.egg-info' (and everything under it)
[6.217s] Copying ../../build/tape/tape.egg-info to /home/kingpooper/deepRacerWS/install/tape/lib/python3.10/site-packages/tape-0.0.0-py3.10.egg-info
[6.225s] running install_scripts
[6.319s] Installing image_subscriber script to /home/kingpooper/deepRacerWS/install/tape/lib/tape
[6.323s] Installing my_sexy_tape_follower script to /home/kingpooper/deepRacerWS/install/tape/lib/tape
[6.326s] Installing my_tape_follower script to /home/kingpooper/deepRacerWS/install/tape/lib/tape
[6.328s] Installing tape_follower script to /home/kingpooper/deepRacerWS/install/tape/lib/tape
[6.329s] writing list of installed files to '/home/kingpooper/deepRacerWS/build/tape/install.log'
[6.510s] Invoked command in '/home/kingpooper/deepRacerWS/src/tape' returned '0': PYTHONPATH=/home/kingpooper/deepRacerWS/build/tape/prefix_override:/usr/lib/python3/dist-packages/colcon_core/task/python/colcon_distutils_commands:/home/kingpooper/deepRacerWS/install/tape/lib/python3.10/site-packages:${PYTHONPATH} /usr/bin/python3 -W ignore:setup.py install is deprecated -W ignore:easy_install command is deprecated setup.py egg_info --egg-base ../../build/tape build --build-base /home/kingpooper/deepRacerWS/build/tape/build install --record /home/kingpooper/deepRacerWS/build/tape/install.log --single-version-externally-managed install_data
