[1.004s] DEBUG:colcon:Command line arguments: ['/usr/bin/colcon', 'build', '--packages-select', 'robot_car']
[1.005s] DEBUG:colcon:Parsed command line arguments: Namespace(log_base=None, log_level=None, verb_name='build', build_base='build', install_base='install', merge_install=False, symlink_install=False, test_result_base=None, continue_on_error=False, executor='parallel', parallel_workers=4, event_handlers=None, ignore_user_meta=False, metas=['./colcon.meta'], base_paths=['.'], packages_ignore=None, packages_ignore_regex=None, paths=None, packages_up_to=None, packages_up_to_regex=None, packages_above=None, packages_above_and_dependencies=None, packages_above_depth=None, packages_select_by_dep=None, packages_skip_by_dep=None, packages_skip_up_to=None, packages_select_build_failed=False, packages_skip_build_finished=False, packages_select_test_failures=False, packages_skip_test_passed=False, packages_select=['robot_car'], packages_skip=None, packages_select_regex=None, packages_skip_regex=None, packages_start=None, packages_end=None, allow_overriding=[], cmake_args=None, cmake_target=None, cmake_target_skip_unavailable=False, cmake_clean_cache=False, cmake_clean_first=False, cmake_force_configure=False, ament_cmake_args=None, catkin_cmake_args=None, catkin_skip_building_tests=False, mixin_files=None, mixin=None, verb_parser=<colcon_mixin.mixin.mixin_argument.MixinArgumentDecorator object at 0xffffb8596140>, verb_extension=<colcon_core.verb.build.BuildVerb object at 0xffffb874e6b0>, main=<bound method BuildVerb.main of <colcon_core.verb.build.BuildVerb object at 0xffffb874e6b0>>, mixin_verb=('build',))
[2.414s] Level 1:colcon.colcon_core.package_discovery:discover_packages(colcon_meta) check parameters
[2.415s] Level 1:colcon.colcon_core.package_discovery:discover_packages(recursive) check parameters
[2.416s] Level 1:colcon.colcon_core.package_discovery:discover_packages(ignore) check parameters
[2.416s] Level 1:colcon.colcon_core.package_discovery:discover_packages(path) check parameters
[2.416s] Level 1:colcon.colcon_core.package_discovery:discover_packages(colcon_meta) discover
[2.417s] Level 1:colcon.colcon_core.package_discovery:discover_packages(recursive) discover
[2.417s] INFO:colcon.colcon_core.package_discovery:Crawling recursively for packages in '/home/kingpooper/deepRacerWS'
[2.418s] Level 1:colcon.colcon_core.package_identification:_identify(.) by extensions ['ignore', 'ignore_ament_install']
[2.419s] Level 1:colcon.colcon_core.package_identification:_identify(.) by extension 'ignore'
[2.420s] Level 1:colcon.colcon_core.package_identification:_identify(.) by extension 'ignore_ament_install'
[2.420s] Level 1:colcon.colcon_core.package_identification:_identify(.) by extensions ['colcon_pkg']
[2.421s] Level 1:colcon.colcon_core.package_identification:_identify(.) by extension 'colcon_pkg'
[2.421s] Level 1:colcon.colcon_core.package_identification:_identify(.) by extensions ['colcon_meta']
[2.421s] Level 1:colcon.colcon_core.package_identification:_identify(.) by extension 'colcon_meta'
[2.422s] Level 1:colcon.colcon_core.package_identification:_identify(.) by extensions ['ros']
[2.422s] Level 1:colcon.colcon_core.package_identification:_identify(.) by extension 'ros'
[2.485s] Level 1:colcon.colcon_core.package_identification:_identify(.) by extensions ['cmake', 'python']
[2.486s] Level 1:colcon.colcon_core.package_identification:_identify(.) by extension 'cmake'
[2.486s] Level 1:colcon.colcon_core.package_identification:_identify(.) by extension 'python'
[2.487s] Level 1:colcon.colcon_core.package_identification:_identify(.) by extensions ['python_setup_py']
[2.487s] Level 1:colcon.colcon_core.package_identification:_identify(.) by extension 'python_setup_py'
[2.488s] Level 1:colcon.colcon_core.package_identification:_identify(build) by extensions ['ignore', 'ignore_ament_install']
[2.489s] Level 1:colcon.colcon_core.package_identification:_identify(build) by extension 'ignore'
[2.489s] Level 1:colcon.colcon_core.package_identification:_identify(build) ignored
[2.491s] Level 1:colcon.colcon_core.package_identification:_identify(install) by extensions ['ignore', 'ignore_ament_install']
[2.491s] Level 1:colcon.colcon_core.package_identification:_identify(install) by extension 'ignore'
[2.492s] Level 1:colcon.colcon_core.package_identification:_identify(install) ignored
[2.493s] Level 1:colcon.colcon_core.package_identification:_identify(launch) by extensions ['ignore', 'ignore_ament_install']
[2.494s] Level 1:colcon.colcon_core.package_identification:_identify(launch) by extension 'ignore'
[2.494s] Level 1:colcon.colcon_core.package_identification:_identify(launch) by extension 'ignore_ament_install'
[2.495s] Level 1:colcon.colcon_core.package_identification:_identify(launch) by extensions ['colcon_pkg']
[2.495s] Level 1:colcon.colcon_core.package_identification:_identify(launch) by extension 'colcon_pkg'
[2.495s] Level 1:colcon.colcon_core.package_identification:_identify(launch) by extensions ['colcon_meta']
[2.496s] Level 1:colcon.colcon_core.package_identification:_identify(launch) by extension 'colcon_meta'
[2.496s] Level 1:colcon.colcon_core.package_identification:_identify(launch) by extensions ['ros']
[2.497s] Level 1:colcon.colcon_core.package_identification:_identify(launch) by extension 'ros'
[2.497s] Level 1:colcon.colcon_core.package_identification:_identify(launch) by extensions ['cmake', 'python']
[2.498s] Level 1:colcon.colcon_core.package_identification:_identify(launch) by extension 'cmake'
[2.498s] Level 1:colcon.colcon_core.package_identification:_identify(launch) by extension 'python'
[2.499s] Level 1:colcon.colcon_core.package_identification:_identify(launch) by extensions ['python_setup_py']
[2.499s] Level 1:colcon.colcon_core.package_identification:_identify(launch) by extension 'python_setup_py'
[2.500s] Level 1:colcon.colcon_core.package_identification:_identify(launch/__pycache__) by extensions ['ignore', 'ignore_ament_install']
[2.501s] Level 1:colcon.colcon_core.package_identification:_identify(launch/__pycache__) by extension 'ignore'
[2.501s] Level 1:colcon.colcon_core.package_identification:_identify(launch/__pycache__) by extension 'ignore_ament_install'
[2.502s] Level 1:colcon.colcon_core.package_identification:_identify(launch/__pycache__) by extensions ['colcon_pkg']
[2.502s] Level 1:colcon.colcon_core.package_identification:_identify(launch/__pycache__) by extension 'colcon_pkg'
[2.503s] Level 1:colcon.colcon_core.package_identification:_identify(launch/__pycache__) by extensions ['colcon_meta']
[2.503s] Level 1:colcon.colcon_core.package_identification:_identify(launch/__pycache__) by extension 'colcon_meta'
[2.504s] Level 1:colcon.colcon_core.package_identification:_identify(launch/__pycache__) by extensions ['ros']
[2.504s] Level 1:colcon.colcon_core.package_identification:_identify(launch/__pycache__) by extension 'ros'
[2.506s] Level 1:colcon.colcon_core.package_identification:_identify(launch/__pycache__) by extensions ['cmake', 'python']
[2.506s] Level 1:colcon.colcon_core.package_identification:_identify(launch/__pycache__) by extension 'cmake'
[2.506s] Level 1:colcon.colcon_core.package_identification:_identify(launch/__pycache__) by extension 'python'
[2.507s] Level 1:colcon.colcon_core.package_identification:_identify(launch/__pycache__) by extensions ['python_setup_py']
[2.507s] Level 1:colcon.colcon_core.package_identification:_identify(launch/__pycache__) by extension 'python_setup_py'
[2.507s] Level 1:colcon.colcon_core.package_identification:_identify(launch/build) by extensions ['ignore', 'ignore_ament_install']
[2.508s] Level 1:colcon.colcon_core.package_identification:_identify(launch/build) by extension 'ignore'
[2.508s] Level 1:colcon.colcon_core.package_identification:_identify(launch/build) ignored
[2.509s] Level 1:colcon.colcon_core.package_identification:_identify(launch/install) by extensions ['ignore', 'ignore_ament_install']
[2.510s] Level 1:colcon.colcon_core.package_identification:_identify(launch/install) by extension 'ignore'
[2.511s] Level 1:colcon.colcon_core.package_identification:_identify(launch/install) ignored
[2.512s] Level 1:colcon.colcon_core.package_identification:_identify(launch/log) by extensions ['ignore', 'ignore_ament_install']
[2.512s] Level 1:colcon.colcon_core.package_identification:_identify(launch/log) by extension 'ignore'
[2.513s] Level 1:colcon.colcon_core.package_identification:_identify(launch/log) ignored
[2.515s] Level 1:colcon.colcon_core.package_identification:_identify(log) by extensions ['ignore', 'ignore_ament_install']
[2.516s] Level 1:colcon.colcon_core.package_identification:_identify(log) by extension 'ignore'
[2.517s] Level 1:colcon.colcon_core.package_identification:_identify(log) ignored
[2.519s] Level 1:colcon.colcon_core.package_identification:_identify(src) by extensions ['ignore', 'ignore_ament_install']
[2.520s] Level 1:colcon.colcon_core.package_identification:_identify(src) by extension 'ignore'
[2.521s] Level 1:colcon.colcon_core.package_identification:_identify(src) by extension 'ignore_ament_install'
[2.522s] Level 1:colcon.colcon_core.package_identification:_identify(src) by extensions ['colcon_pkg']
[2.523s] Level 1:colcon.colcon_core.package_identification:_identify(src) by extension 'colcon_pkg'
[2.524s] Level 1:colcon.colcon_core.package_identification:_identify(src) by extensions ['colcon_meta']
[2.525s] Level 1:colcon.colcon_core.package_identification:_identify(src) by extension 'colcon_meta'
[2.526s] Level 1:colcon.colcon_core.package_identification:_identify(src) by extensions ['ros']
[2.527s] Level 1:colcon.colcon_core.package_identification:_identify(src) by extension 'ros'
[2.528s] Level 1:colcon.colcon_core.package_identification:_identify(src) by extensions ['cmake', 'python']
[2.529s] Level 1:colcon.colcon_core.package_identification:_identify(src) by extension 'cmake'
[2.530s] Level 1:colcon.colcon_core.package_identification:_identify(src) by extension 'python'
[2.531s] Level 1:colcon.colcon_core.package_identification:_identify(src) by extensions ['python_setup_py']
[2.532s] Level 1:colcon.colcon_core.package_identification:_identify(src) by extension 'python_setup_py'
[2.533s] Level 1:colcon.colcon_core.package_identification:_identify(src/build) by extensions ['ignore', 'ignore_ament_install']
[2.535s] Level 1:colcon.colcon_core.package_identification:_identify(src/build) by extension 'ignore'
[2.536s] Level 1:colcon.colcon_core.package_identification:_identify(src/build) ignored
[2.538s] Level 1:colcon.colcon_core.package_identification:_identify(src/control) by extensions ['ignore', 'ignore_ament_install']
[2.539s] Level 1:colcon.colcon_core.package_identification:_identify(src/control) by extension 'ignore'
[2.540s] Level 1:colcon.colcon_core.package_identification:_identify(src/control) by extension 'ignore_ament_install'
[2.541s] Level 1:colcon.colcon_core.package_identification:_identify(src/control) by extensions ['colcon_pkg']
[2.541s] Level 1:colcon.colcon_core.package_identification:_identify(src/control) by extension 'colcon_pkg'
[2.542s] Level 1:colcon.colcon_core.package_identification:_identify(src/control) by extensions ['colcon_meta']
[2.542s] Level 1:colcon.colcon_core.package_identification:_identify(src/control) by extension 'colcon_meta'
[2.543s] Level 1:colcon.colcon_core.package_identification:_identify(src/control) by extensions ['ros']
[2.543s] Level 1:colcon.colcon_core.package_identification:_identify(src/control) by extension 'ros'
[2.555s] DEBUG:colcon.colcon_core.package_identification:Package 'src/control' with type 'ros.ament_python' and name 'control'
[2.556s] Level 1:colcon.colcon_core.package_identification:_identify(src/install) by extensions ['ignore', 'ignore_ament_install']
[2.557s] Level 1:colcon.colcon_core.package_identification:_identify(src/install) by extension 'ignore'
[2.558s] Level 1:colcon.colcon_core.package_identification:_identify(src/install) ignored
[2.559s] Level 1:colcon.colcon_core.package_identification:_identify(src/log) by extensions ['ignore', 'ignore_ament_install']
[2.559s] Level 1:colcon.colcon_core.package_identification:_identify(src/log) by extension 'ignore'
[2.560s] Level 1:colcon.colcon_core.package_identification:_identify(src/log) ignored
[2.561s] Level 1:colcon.colcon_core.package_identification:_identify(src/robot_car) by extensions ['ignore', 'ignore_ament_install']
[2.562s] Level 1:colcon.colcon_core.package_identification:_identify(src/robot_car) by extension 'ignore'
[2.562s] Level 1:colcon.colcon_core.package_identification:_identify(src/robot_car) by extension 'ignore_ament_install'
[2.563s] Level 1:colcon.colcon_core.package_identification:_identify(src/robot_car) by extensions ['colcon_pkg']
[2.563s] Level 1:colcon.colcon_core.package_identification:_identify(src/robot_car) by extension 'colcon_pkg'
[2.564s] Level 1:colcon.colcon_core.package_identification:_identify(src/robot_car) by extensions ['colcon_meta']
[2.564s] Level 1:colcon.colcon_core.package_identification:_identify(src/robot_car) by extension 'colcon_meta'
[2.564s] Level 1:colcon.colcon_core.package_identification:_identify(src/robot_car) by extensions ['ros']
[2.565s] Level 1:colcon.colcon_core.package_identification:_identify(src/robot_car) by extension 'ros'
[2.617s] DEBUG:colcon.colcon_core.package_identification:Package 'src/robot_car' with type 'ros.ament_cmake' and name 'robot_car'
[2.618s] Level 1:colcon.colcon_core.package_identification:_identify(src/ros2_pca9685) by extensions ['ignore', 'ignore_ament_install']
[2.619s] Level 1:colcon.colcon_core.package_identification:_identify(src/ros2_pca9685) by extension 'ignore'
[2.619s] Level 1:colcon.colcon_core.package_identification:_identify(src/ros2_pca9685) by extension 'ignore_ament_install'
[2.620s] Level 1:colcon.colcon_core.package_identification:_identify(src/ros2_pca9685) by extensions ['colcon_pkg']
[2.620s] Level 1:colcon.colcon_core.package_identification:_identify(src/ros2_pca9685) by extension 'colcon_pkg'
[2.620s] Level 1:colcon.colcon_core.package_identification:_identify(src/ros2_pca9685) by extensions ['colcon_meta']
[2.621s] Level 1:colcon.colcon_core.package_identification:_identify(src/ros2_pca9685) by extension 'colcon_meta'
[2.621s] Level 1:colcon.colcon_core.package_identification:_identify(src/ros2_pca9685) by extensions ['ros']
[2.621s] Level 1:colcon.colcon_core.package_identification:_identify(src/ros2_pca9685) by extension 'ros'
[2.624s] DEBUG:colcon.colcon_core.package_identification:Package 'src/ros2_pca9685' with type 'ros.ament_python' and name 'ros2_pca9685'
[2.625s] Level 1:colcon.colcon_core.package_identification:_identify(src/ros2_v4l2_camera) by extensions ['ignore', 'ignore_ament_install']
[2.626s] Level 1:colcon.colcon_core.package_identification:_identify(src/ros2_v4l2_camera) by extension 'ignore'
[2.626s] Level 1:colcon.colcon_core.package_identification:_identify(src/ros2_v4l2_camera) by extension 'ignore_ament_install'
[2.627s] Level 1:colcon.colcon_core.package_identification:_identify(src/ros2_v4l2_camera) by extensions ['colcon_pkg']
[2.627s] Level 1:colcon.colcon_core.package_identification:_identify(src/ros2_v4l2_camera) by extension 'colcon_pkg'
[2.628s] Level 1:colcon.colcon_core.package_identification:_identify(src/ros2_v4l2_camera) by extensions ['colcon_meta']
[2.628s] Level 1:colcon.colcon_core.package_identification:_identify(src/ros2_v4l2_camera) by extension 'colcon_meta'
[2.629s] Level 1:colcon.colcon_core.package_identification:_identify(src/ros2_v4l2_camera) by extensions ['ros']
[2.629s] Level 1:colcon.colcon_core.package_identification:_identify(src/ros2_v4l2_camera) by extension 'ros'
[2.634s] DEBUG:colcon.colcon_core.package_identification:Package 'src/ros2_v4l2_camera' with type 'ros.ament_cmake' and name 'v4l2_camera'
[2.635s] Level 1:colcon.colcon_core.package_identification:_identify(src/rplidar_ros) by extensions ['ignore', 'ignore_ament_install']
[2.636s] Level 1:colcon.colcon_core.package_identification:_identify(src/rplidar_ros) by extension 'ignore'
[2.636s] Level 1:colcon.colcon_core.package_identification:_identify(src/rplidar_ros) by extension 'ignore_ament_install'
[2.636s] Level 1:colcon.colcon_core.package_identification:_identify(src/rplidar_ros) by extensions ['colcon_pkg']
[2.637s] Level 1:colcon.colcon_core.package_identification:_identify(src/rplidar_ros) by extension 'colcon_pkg'
[2.637s] Level 1:colcon.colcon_core.package_identification:_identify(src/rplidar_ros) by extensions ['colcon_meta']
[2.638s] Level 1:colcon.colcon_core.package_identification:_identify(src/rplidar_ros) by extension 'colcon_meta'
[2.638s] Level 1:colcon.colcon_core.package_identification:_identify(src/rplidar_ros) by extensions ['ros']
[2.639s] Level 1:colcon.colcon_core.package_identification:_identify(src/rplidar_ros) by extension 'ros'
[2.642s] DEBUG:colcon.colcon_core.package_identification:Package 'src/rplidar_ros' with type 'ros.ament_cmake' and name 'rplidar_ros'
[2.643s] Level 1:colcon.colcon_core.package_identification:_identify(src/slamconfig) by extensions ['ignore', 'ignore_ament_install']
[2.644s] Level 1:colcon.colcon_core.package_identification:_identify(src/slamconfig) by extension 'ignore'
[2.645s] Level 1:colcon.colcon_core.package_identification:_identify(src/slamconfig) by extension 'ignore_ament_install'
[2.645s] Level 1:colcon.colcon_core.package_identification:_identify(src/slamconfig) by extensions ['colcon_pkg']
[2.646s] Level 1:colcon.colcon_core.package_identification:_identify(src/slamconfig) by extension 'colcon_pkg'
[2.647s] Level 1:colcon.colcon_core.package_identification:_identify(src/slamconfig) by extensions ['colcon_meta']
[2.647s] Level 1:colcon.colcon_core.package_identification:_identify(src/slamconfig) by extension 'colcon_meta'
[2.647s] Level 1:colcon.colcon_core.package_identification:_identify(src/slamconfig) by extensions ['ros']
[2.648s] Level 1:colcon.colcon_core.package_identification:_identify(src/slamconfig) by extension 'ros'
[2.649s] Level 1:colcon.colcon_core.package_identification:_identify(src/slamconfig) by extensions ['cmake', 'python']
[2.649s] Level 1:colcon.colcon_core.package_identification:_identify(src/slamconfig) by extension 'cmake'
[2.650s] Level 1:colcon.colcon_core.package_identification:_identify(src/slamconfig) by extension 'python'
[2.650s] Level 1:colcon.colcon_core.package_identification:_identify(src/slamconfig) by extensions ['python_setup_py']
[2.651s] Level 1:colcon.colcon_core.package_identification:_identify(src/slamconfig) by extension 'python_setup_py'
[2.652s] Level 1:colcon.colcon_core.package_identification:_identify(src/tape) by extensions ['ignore', 'ignore_ament_install']
[2.653s] Level 1:colcon.colcon_core.package_identification:_identify(src/tape) by extension 'ignore'
[2.653s] Level 1:colcon.colcon_core.package_identification:_identify(src/tape) by extension 'ignore_ament_install'
[2.654s] Level 1:colcon.colcon_core.package_identification:_identify(src/tape) by extensions ['colcon_pkg']
[2.655s] Level 1:colcon.colcon_core.package_identification:_identify(src/tape) by extension 'colcon_pkg'
[2.656s] Level 1:colcon.colcon_core.package_identification:_identify(src/tape) by extensions ['colcon_meta']
[2.656s] Level 1:colcon.colcon_core.package_identification:_identify(src/tape) by extension 'colcon_meta'
[2.657s] Level 1:colcon.colcon_core.package_identification:_identify(src/tape) by extensions ['ros']
[2.657s] Level 1:colcon.colcon_core.package_identification:_identify(src/tape) by extension 'ros'
[2.660s] DEBUG:colcon.colcon_core.package_identification:Package 'src/tape' with type 'ros.ament_python' and name 'tape'
[2.660s] Level 1:colcon.colcon_core.package_discovery:discover_packages(recursive) using defaults
[2.661s] Level 1:colcon.colcon_core.package_discovery:discover_packages(ignore) discover
[2.661s] Level 1:colcon.colcon_core.package_discovery:discover_packages(ignore) using defaults
[2.662s] Level 1:colcon.colcon_core.package_discovery:discover_packages(path) discover
[2.662s] Level 1:colcon.colcon_core.package_discovery:discover_packages(path) using defaults
[2.795s] INFO:colcon.colcon_core.package_selection:Skipping not selected package 'control' in 'src/control'
[2.795s] INFO:colcon.colcon_core.package_selection:Skipping not selected package 'ros2_pca9685' in 'src/ros2_pca9685'
[2.796s] INFO:colcon.colcon_core.package_selection:Skipping not selected package 'rplidar_ros' in 'src/rplidar_ros'
[2.796s] INFO:colcon.colcon_core.package_selection:Skipping not selected package 'tape' in 'src/tape'
[2.797s] INFO:colcon.colcon_core.package_selection:Skipping not selected package 'v4l2_camera' in 'src/ros2_v4l2_camera'
[2.802s] Level 1:colcon.colcon_core.package_discovery:discover_packages(prefix_path) check parameters
[2.803s] Level 1:colcon.colcon_core.package_discovery:discover_packages(prefix_path) discover
[2.824s] DEBUG:colcon.colcon_installed_package_information.package_discovery:Found 6 installed packages in /home/kingpooper/deepRacerWS/install
[2.837s] DEBUG:colcon.colcon_installed_package_information.package_discovery:Found 359 installed packages in /opt/ros/humble
[2.852s] Level 1:colcon.colcon_core.package_discovery:discover_packages(prefix_path) using defaults
[3.150s] Level 5:colcon.colcon_core.verb:set package 'robot_car' build argument 'cmake_args' from command line to 'None'
[3.151s] Level 5:colcon.colcon_core.verb:set package 'robot_car' build argument 'cmake_target' from command line to 'None'
[3.151s] Level 5:colcon.colcon_core.verb:set package 'robot_car' build argument 'cmake_target_skip_unavailable' from command line to 'False'
[3.151s] Level 5:colcon.colcon_core.verb:set package 'robot_car' build argument 'cmake_clean_cache' from command line to 'False'
[3.151s] Level 5:colcon.colcon_core.verb:set package 'robot_car' build argument 'cmake_clean_first' from command line to 'False'
[3.151s] Level 5:colcon.colcon_core.verb:set package 'robot_car' build argument 'cmake_force_configure' from command line to 'False'
[3.152s] Level 5:colcon.colcon_core.verb:set package 'robot_car' build argument 'ament_cmake_args' from command line to 'None'
[3.152s] Level 5:colcon.colcon_core.verb:set package 'robot_car' build argument 'catkin_cmake_args' from command line to 'None'
[3.152s] Level 5:colcon.colcon_core.verb:set package 'robot_car' build argument 'catkin_skip_building_tests' from command line to 'False'
[3.152s] DEBUG:colcon.colcon_core.verb:Building package 'robot_car' with the following arguments: {'ament_cmake_args': None, 'build_base': '/home/kingpooper/deepRacerWS/build/robot_car', 'catkin_cmake_args': None, 'catkin_skip_building_tests': False, 'cmake_args': None, 'cmake_clean_cache': False, 'cmake_clean_first': False, 'cmake_force_configure': False, 'cmake_target': None, 'cmake_target_skip_unavailable': False, 'install_base': '/home/kingpooper/deepRacerWS/install/robot_car', 'merge_install': False, 'path': '/home/kingpooper/deepRacerWS/src/robot_car', 'symlink_install': False, 'test_result_base': None}
[3.153s] INFO:colcon.colcon_core.executor:Executing jobs using 'parallel' executor
[3.157s] DEBUG:colcon.colcon_parallel_executor.executor.parallel:run_until_complete
[3.159s] INFO:colcon.colcon_ros.task.ament_cmake.build:Building ROS package in '/home/kingpooper/deepRacerWS/src/robot_car' with build type 'ament_cmake'
[3.159s] INFO:colcon.colcon_cmake.task.cmake.build:Building CMake package in '/home/kingpooper/deepRacerWS/src/robot_car'
[3.171s] INFO:colcon.colcon_core.plugin_system:Skipping extension 'colcon_core.shell.bat': Not used on non-Windows systems
[3.173s] INFO:colcon.colcon_core.shell:Skip shell extension 'powershell' for command environment: Not usable outside of PowerShell
[3.174s] DEBUG:colcon.colcon_core.shell:Skip shell extension 'dsv' for command environment
[3.219s] DEBUG:colcon.colcon_core.event_handler.log_command:Invoking command in '/home/kingpooper/deepRacerWS/build/robot_car': CMAKE_PREFIX_PATH=${CMAKE_PREFIX_PATH}:/home/kingpooper/deepRacerWS/install/tape:/home/kingpooper/deepRacerWS/install/ros2_pca9685:/home/kingpooper/deepRacerWS/install/control:/opt/ros/humble /usr/bin/cmake --build /home/kingpooper/deepRacerWS/build/robot_car -- -j4 -l4
[8.340s] DEBUG:colcon.colcon_core.event_handler.log_command:Invoked command in '/home/kingpooper/deepRacerWS/build/robot_car' returned '0': CMAKE_PREFIX_PATH=${CMAKE_PREFIX_PATH}:/home/kingpooper/deepRacerWS/install/tape:/home/kingpooper/deepRacerWS/install/ros2_pca9685:/home/kingpooper/deepRacerWS/install/control:/opt/ros/humble /usr/bin/cmake --build /home/kingpooper/deepRacerWS/build/robot_car -- -j4 -l4
[8.398s] DEBUG:colcon.colcon_core.event_handler.log_command:Invoking command in '/home/kingpooper/deepRacerWS/build/robot_car': CMAKE_PREFIX_PATH=${CMAKE_PREFIX_PATH}:/home/kingpooper/deepRacerWS/install/tape:/home/kingpooper/deepRacerWS/install/ros2_pca9685:/home/kingpooper/deepRacerWS/install/control:/opt/ros/humble /usr/bin/cmake --install /home/kingpooper/deepRacerWS/build/robot_car
[8.505s] Level 1:colcon.colcon_core.environment:create_environment_scripts_only(robot_car)
[8.536s] DEBUG:colcon.colcon_core.event_handler.log_command:Invoked command in '/home/kingpooper/deepRacerWS/build/robot_car' returned '0': CMAKE_PREFIX_PATH=${CMAKE_PREFIX_PATH}:/home/kingpooper/deepRacerWS/install/tape:/home/kingpooper/deepRacerWS/install/ros2_pca9685:/home/kingpooper/deepRacerWS/install/control:/opt/ros/humble /usr/bin/cmake --install /home/kingpooper/deepRacerWS/build/robot_car
[8.550s] Level 1:colcon.colcon_core.environment:checking '/home/kingpooper/deepRacerWS/install/robot_car' for CMake module files
[8.557s] Level 1:colcon.colcon_core.environment:checking '/home/kingpooper/deepRacerWS/install/robot_car' for CMake config files
[8.561s] Level 1:colcon.colcon_core.shell:create_environment_hook('robot_car', 'cmake_prefix_path')
[8.563s] INFO:colcon.colcon_core.shell:Creating environment hook '/home/kingpooper/deepRacerWS/install/robot_car/share/robot_car/hook/cmake_prefix_path.ps1'
[8.566s] INFO:colcon.colcon_core.shell:Creating environment descriptor '/home/kingpooper/deepRacerWS/install/robot_car/share/robot_car/hook/cmake_prefix_path.dsv'
[8.574s] INFO:colcon.colcon_core.shell:Creating environment hook '/home/kingpooper/deepRacerWS/install/robot_car/share/robot_car/hook/cmake_prefix_path.sh'
[8.582s] Level 1:colcon.colcon_core.environment:checking '/home/kingpooper/deepRacerWS/install/robot_car/lib'
[8.584s] Level 1:colcon.colcon_core.environment:checking '/home/kingpooper/deepRacerWS/install/robot_car/bin'
[8.584s] Level 1:colcon.colcon_core.environment:checking '/home/kingpooper/deepRacerWS/install/robot_car/lib/pkgconfig/robot_car.pc'
[8.586s] Level 1:colcon.colcon_core.environment:checking '/home/kingpooper/deepRacerWS/install/robot_car/lib/python3.10/site-packages'
[8.588s] Level 1:colcon.colcon_core.environment:checking '/home/kingpooper/deepRacerWS/install/robot_car/bin'
[8.594s] INFO:colcon.colcon_core.shell:Creating package script '/home/kingpooper/deepRacerWS/install/robot_car/share/robot_car/package.ps1'
[8.599s] INFO:colcon.colcon_core.shell:Creating package descriptor '/home/kingpooper/deepRacerWS/install/robot_car/share/robot_car/package.dsv'
[8.603s] INFO:colcon.colcon_core.shell:Creating package script '/home/kingpooper/deepRacerWS/install/robot_car/share/robot_car/package.sh'
[8.609s] INFO:colcon.colcon_core.shell:Creating package script '/home/kingpooper/deepRacerWS/install/robot_car/share/robot_car/package.bash'
[8.614s] INFO:colcon.colcon_core.shell:Creating package script '/home/kingpooper/deepRacerWS/install/robot_car/share/robot_car/package.zsh'
[8.619s] Level 1:colcon.colcon_core.environment:create_file_with_runtime_dependencies(/home/kingpooper/deepRacerWS/install/robot_car/share/colcon-core/packages/robot_car)
[8.625s] Level 1:colcon.colcon_core.environment:create_environment_scripts_only(robot_car)
[8.627s] Level 1:colcon.colcon_core.environment:checking '/home/kingpooper/deepRacerWS/install/robot_car' for CMake module files
[8.637s] Level 1:colcon.colcon_core.environment:checking '/home/kingpooper/deepRacerWS/install/robot_car' for CMake config files
[8.643s] Level 1:colcon.colcon_core.shell:create_environment_hook('robot_car', 'cmake_prefix_path')
[8.645s] INFO:colcon.colcon_core.shell:Creating environment hook '/home/kingpooper/deepRacerWS/install/robot_car/share/robot_car/hook/cmake_prefix_path.ps1'
[8.650s] INFO:colcon.colcon_core.shell:Creating environment descriptor '/home/kingpooper/deepRacerWS/install/robot_car/share/robot_car/hook/cmake_prefix_path.dsv'
[8.659s] INFO:colcon.colcon_core.shell:Creating environment hook '/home/kingpooper/deepRacerWS/install/robot_car/share/robot_car/hook/cmake_prefix_path.sh'
[8.665s] Level 1:colcon.colcon_core.environment:checking '/home/kingpooper/deepRacerWS/install/robot_car/lib'
[8.666s] Level 1:colcon.colcon_core.environment:checking '/home/kingpooper/deepRacerWS/install/robot_car/bin'
[8.666s] Level 1:colcon.colcon_core.environment:checking '/home/kingpooper/deepRacerWS/install/robot_car/lib/pkgconfig/robot_car.pc'
[8.683s] Level 1:colcon.colcon_core.environment:checking '/home/kingpooper/deepRacerWS/install/robot_car/lib/python3.10/site-packages'
[8.685s] Level 1:colcon.colcon_core.environment:checking '/home/kingpooper/deepRacerWS/install/robot_car/bin'
[8.690s] INFO:colcon.colcon_core.shell:Creating package script '/home/kingpooper/deepRacerWS/install/robot_car/share/robot_car/package.ps1'
[8.694s] INFO:colcon.colcon_core.shell:Creating package descriptor '/home/kingpooper/deepRacerWS/install/robot_car/share/robot_car/package.dsv'
[8.699s] INFO:colcon.colcon_core.shell:Creating package script '/home/kingpooper/deepRacerWS/install/robot_car/share/robot_car/package.sh'
[8.703s] INFO:colcon.colcon_core.shell:Creating package script '/home/kingpooper/deepRacerWS/install/robot_car/share/robot_car/package.bash'
[8.709s] INFO:colcon.colcon_core.shell:Creating package script '/home/kingpooper/deepRacerWS/install/robot_car/share/robot_car/package.zsh'
[8.714s] Level 1:colcon.colcon_core.environment:create_file_with_runtime_dependencies(/home/kingpooper/deepRacerWS/install/robot_car/share/colcon-core/packages/robot_car)
[8.716s] DEBUG:colcon.colcon_parallel_executor.executor.parallel:closing loop
[8.721s] DEBUG:colcon.colcon_parallel_executor.executor.parallel:loop closed
[8.722s] DEBUG:colcon.colcon_parallel_executor.executor.parallel:run_until_complete finished with '0'
[8.722s] DEBUG:colcon.colcon_core.event_reactor:joining thread
[8.788s] INFO:colcon.colcon_core.plugin_system:Skipping extension 'colcon_notification.desktop_notification.terminal_notifier': Not used on non-Darwin systems
[8.795s] INFO:colcon.colcon_core.plugin_system:Skipping extension 'colcon_notification.desktop_notification.win32': Not used on non-Windows systems
[8.795s] INFO:colcon.colcon_notification.desktop_notification:Sending desktop notification using 'notify2'
[8.803s] DEBUG:colcon.colcon_notification.desktop_notification.notify2:Failed to initialize notify2: org.freedesktop.DBus.Error.ServiceUnknown: The name org.freedesktop.Notifications was not provided by any .service files
[8.804s] DEBUG:colcon.colcon_core.event_reactor:joined thread
[8.806s] INFO:colcon.colcon_core.shell:Creating prefix script '/home/kingpooper/deepRacerWS/install/local_setup.ps1'
[8.811s] INFO:colcon.colcon_core.shell:Creating prefix util module '/home/kingpooper/deepRacerWS/install/_local_setup_util_ps1.py'
[8.820s] INFO:colcon.colcon_core.shell:Creating prefix chain script '/home/kingpooper/deepRacerWS/install/setup.ps1'
[8.847s] INFO:colcon.colcon_core.shell:Creating prefix script '/home/kingpooper/deepRacerWS/install/local_setup.sh'
[8.854s] INFO:colcon.colcon_core.shell:Creating prefix util module '/home/kingpooper/deepRacerWS/install/_local_setup_util_sh.py'
[8.860s] INFO:colcon.colcon_core.shell:Creating prefix chain script '/home/kingpooper/deepRacerWS/install/setup.sh'
[8.870s] INFO:colcon.colcon_core.shell:Creating prefix script '/home/kingpooper/deepRacerWS/install/local_setup.bash'
[8.875s] INFO:colcon.colcon_core.shell:Creating prefix chain script '/home/kingpooper/deepRacerWS/install/setup.bash'
[8.894s] INFO:colcon.colcon_core.shell:Creating prefix script '/home/kingpooper/deepRacerWS/install/local_setup.zsh'
[8.898s] INFO:colcon.colcon_core.shell:Creating prefix chain script '/home/kingpooper/deepRacerWS/install/setup.zsh'
