[5.128s] Invoking command in '/home/kingpooper/deepRacerWS/src/tape': PYTHONPATH=/home/kingpooper/deepRacerWS/build/tape/prefix_override:/usr/lib/python3/dist-packages/colcon_core/task/python/colcon_distutils_commands:/home/kingpooper/deepRacerWS/install/tape/lib/python3.10/site-packages:${PYTHONPATH} /usr/bin/python3 -W ignore:setup.py install is deprecated -W ignore:easy_install command is deprecated setup.py egg_info --egg-base ../../build/tape build --build-base /home/kingpooper/deepRacerWS/build/tape/build install --record /home/kingpooper/deepRacerWS/build/tape/install.log --single-version-externally-managed install_data
[6.925s] running egg_info
[6.930s] writing ../../build/tape/tape.egg-info/PKG-INFO
[6.934s] writing dependency_links to ../../build/tape/tape.egg-info/dependency_links.txt
[6.939s] writing entry points to ../../build/tape/tape.egg-info/entry_points.txt
[6.943s] writing requirements to ../../build/tape/tape.egg-info/requires.txt
[6.946s] writing top-level names to ../../build/tape/tape.egg-info/top_level.txt
[6.960s] reading manifest file '../../build/tape/tape.egg-info/SOURCES.txt'
[6.974s] adding license file 'LICENSE'
[6.975s] writing manifest file '../../build/tape/tape.egg-info/SOURCES.txt'
[6.976s] running build
[6.981s] running build_py
[6.983s] copying tape/james_blue_follower.py -> /home/kingpooper/deepRacerWS/build/tape/build/lib/tape
[6.986s] running install
[6.987s] running install_lib
[6.998s] copying /home/kingpooper/deepRacerWS/build/tape/build/lib/tape/james_blue_follower.py -> /home/kingpooper/deepRacerWS/install/tape/lib/python3.10/site-packages/tape
[7.007s] byte-compiling /home/kingpooper/deepRacerWS/install/tape/lib/python3.10/site-packages/tape/james_blue_follower.py to james_blue_follower.cpython-310.pyc
[7.016s] running install_data
[7.017s] running install_egg_info
[7.028s] removing '/home/kingpooper/deepRacerWS/install/tape/lib/python3.10/site-packages/tape-0.0.0-py3.10.egg-info' (and everything under it)
[7.031s] Copying ../../build/tape/tape.egg-info to /home/kingpooper/deepRacerWS/install/tape/lib/python3.10/site-packages/tape-0.0.0-py3.10.egg-info
[7.041s] running install_scripts
[7.190s] Installing image_subscriber script to /home/kingpooper/deepRacerWS/install/tape/lib/tape
[7.198s] Installing james_blue_follower script to /home/kingpooper/deepRacerWS/install/tape/lib/tape
[7.204s] Installing my_blue_tape_follower script to /home/kingpooper/deepRacerWS/install/tape/lib/tape
[7.214s] Installing my_sexy_tape_follower script to /home/kingpooper/deepRacerWS/install/tape/lib/tape
[7.223s] Installing my_tape_follower script to /home/kingpooper/deepRacerWS/install/tape/lib/tape
[7.229s] Installing obs_avoid script to /home/kingpooper/deepRacerWS/install/tape/lib/tape
[7.237s] Installing school_zone script to /home/kingpooper/deepRacerWS/install/tape/lib/tape
[7.243s] Installing shaya_blue script to /home/kingpooper/deepRacerWS/install/tape/lib/tape
[7.247s] Installing stop_sign script to /home/kingpooper/deepRacerWS/install/tape/lib/tape
[7.253s] Installing tape_follower script to /home/kingpooper/deepRacerWS/install/tape/lib/tape
[7.259s] Installing tom_blue_tape script to /home/kingpooper/deepRacerWS/install/tape/lib/tape
[7.264s] writing list of installed files to '/home/kingpooper/deepRacerWS/build/tape/install.log'
[7.491s] Invoked command in '/home/kingpooper/deepRacerWS/src/tape' returned '0': PYTHONPATH=/home/kingpooper/deepRacerWS/build/tape/prefix_override:/usr/lib/python3/dist-packages/colcon_core/task/python/colcon_distutils_commands:/home/kingpooper/deepRacerWS/install/tape/lib/python3.10/site-packages:${PYTHONPATH} /usr/bin/python3 -W ignore:setup.py install is deprecated -W ignore:easy_install command is deprecated setup.py egg_info --egg-base ../../build/tape build --build-base /home/kingpooper/deepRacerWS/build/tape/build install --record /home/kingpooper/deepRacerWS/build/tape/install.log --single-version-externally-managed install_data
