[8.760s] Invoking command in '/home/kingpooper/deepRacerWS/src/tape': PYTHONPATH=/home/kingpooper/deepRacerWS/build/tape/prefix_override:/usr/lib/python3/dist-packages/colcon_core/task/python/colcon_distutils_commands:/home/kingpooper/deepRacerWS/install/tape/lib/python3.10/site-packages:${PYTHONPATH} /usr/bin/python3 -W ignore:setup.py install is deprecated -W ignore:easy_install command is deprecated setup.py egg_info --egg-base ../../build/tape build --build-base /home/kingpooper/deepRacerWS/build/tape/build install --record /home/kingpooper/deepRacerWS/build/tape/install.log --single-version-externally-managed install_data
[13.104s] running egg_info
[13.117s] writing ../../build/tape/tape.egg-info/PKG-INFO
[13.120s] writing dependency_links to ../../build/tape/tape.egg-info/dependency_links.txt
[13.121s] writing entry points to ../../build/tape/tape.egg-info/entry_points.txt
[13.122s] writing requirements to ../../build/tape/tape.egg-info/requires.txt
[13.141s] writing top-level names to ../../build/tape/tape.egg-info/top_level.txt
[13.164s] reading manifest file '../../build/tape/tape.egg-info/SOURCES.txt'
[13.167s] adding license file 'LICENSE'
[13.171s] writing manifest file '../../build/tape/tape.egg-info/SOURCES.txt'
[13.190s] running build
[13.191s] running build_py
[13.193s] copying tape/tape_follower.py -> /home/kingpooper/deepRacerWS/build/tape/build/lib/tape
[13.194s] copying tape/my_tape_follower.py -> /home/kingpooper/deepRacerWS/build/tape/build/lib/tape
[13.211s] running install
[13.212s] running install_lib
[13.223s] copying /home/kingpooper/deepRacerWS/build/tape/build/lib/tape/tape_follower.py -> /home/kingpooper/deepRacerWS/install/tape/lib/python3.10/site-packages/tape
[13.224s] copying /home/kingpooper/deepRacerWS/build/tape/build/lib/tape/my_tape_follower.py -> /home/kingpooper/deepRacerWS/install/tape/lib/python3.10/site-packages/tape
[13.244s] byte-compiling /home/kingpooper/deepRacerWS/install/tape/lib/python3.10/site-packages/tape/tape_follower.py to tape_follower.cpython-310.pyc
[13.257s] byte-compiling /home/kingpooper/deepRacerWS/install/tape/lib/python3.10/site-packages/tape/my_tape_follower.py to my_tape_follower.cpython-310.pyc
[13.272s] running install_data
[13.273s] running install_egg_info
[13.304s] removing '/home/kingpooper/deepRacerWS/install/tape/lib/python3.10/site-packages/tape-0.0.0-py3.10.egg-info' (and everything under it)
[13.316s] Copying ../../build/tape/tape.egg-info to /home/kingpooper/deepRacerWS/install/tape/lib/python3.10/site-packages/tape-0.0.0-py3.10.egg-info
[13.344s] running install_scripts
[13.634s] Installing image_subscriber script to /home/kingpooper/deepRacerWS/install/tape/lib/tape
[13.643s] Installing my_tape_follower script to /home/kingpooper/deepRacerWS/install/tape/lib/tape
[13.645s] Installing tape_follower script to /home/kingpooper/deepRacerWS/install/tape/lib/tape
[13.654s] writing list of installed files to '/home/kingpooper/deepRacerWS/build/tape/install.log'
[14.127s] Invoked command in '/home/kingpooper/deepRacerWS/src/tape' returned '0': PYTHONPATH=/home/kingpooper/deepRacerWS/build/tape/prefix_override:/usr/lib/python3/dist-packages/colcon_core/task/python/colcon_distutils_commands:/home/kingpooper/deepRacerWS/install/tape/lib/python3.10/site-packages:${PYTHONPATH} /usr/bin/python3 -W ignore:setup.py install is deprecated -W ignore:easy_install command is deprecated setup.py egg_info --egg-base ../../build/tape build --build-base /home/kingpooper/deepRacerWS/build/tape/build install --record /home/kingpooper/deepRacerWS/build/tape/install.log --single-version-externally-managed install_data
