[4.899s] Invoking command in '/home/kingpooper/deepRacerWS/src/tape': PYTHONPATH=/home/kingpooper/deepRacerWS/build/tape/prefix_override:/usr/lib/python3/dist-packages/colcon_core/task/python/colcon_distutils_commands:/home/kingpooper/deepRacerWS/install/tape/lib/python3.10/site-packages:${PYTHONPATH} /usr/bin/python3 -W ignore:setup.py install is deprecated -W ignore:easy_install command is deprecated setup.py egg_info --egg-base ../../build/tape build --build-base /home/kingpooper/deepRacerWS/build/tape/build install --record /home/kingpooper/deepRacerWS/build/tape/install.log --single-version-externally-managed install_data
[6.881s] running egg_info
[6.885s] writing ../../build/tape/tape.egg-info/PKG-INFO
[6.886s] writing dependency_links to ../../build/tape/tape.egg-info/dependency_links.txt
[6.889s] writing entry points to ../../build/tape/tape.egg-info/entry_points.txt
[6.889s] writing requirements to ../../build/tape/tape.egg-info/requires.txt
[6.890s] writing top-level names to ../../build/tape/tape.egg-info/top_level.txt
[6.899s] reading manifest file '../../build/tape/tape.egg-info/SOURCES.txt'
[6.901s] adding license file 'LICENSE'
[6.904s] writing manifest file '../../build/tape/tape.egg-info/SOURCES.txt'
[6.904s] running build
[6.905s] running build_py
[6.907s] copying tape/stop_sign.py -> /home/kingpooper/deepRacerWS/build/tape/build/lib/tape
[6.911s] running install
[6.912s] running install_lib
[6.919s] copying /home/kingpooper/deepRacerWS/build/tape/build/lib/tape/stop_sign.py -> /home/kingpooper/deepRacerWS/install/tape/lib/python3.10/site-packages/tape
[6.924s] byte-compiling /home/kingpooper/deepRacerWS/install/tape/lib/python3.10/site-packages/tape/stop_sign.py to stop_sign.cpython-310.pyc
[6.929s] running install_data
[6.930s] running install_egg_info
[6.939s] removing '/home/kingpooper/deepRacerWS/install/tape/lib/python3.10/site-packages/tape-0.0.0-py3.10.egg-info' (and everything under it)
[6.941s] Copying ../../build/tape/tape.egg-info to /home/kingpooper/deepRacerWS/install/tape/lib/python3.10/site-packages/tape-0.0.0-py3.10.egg-info
[6.949s] running install_scripts
[7.040s] Installing image_subscriber script to /home/kingpooper/deepRacerWS/install/tape/lib/tape
[7.041s] Installing james_blue_follower script to /home/kingpooper/deepRacerWS/install/tape/lib/tape
[7.042s] Installing my_blue_tape_follower script to /home/kingpooper/deepRacerWS/install/tape/lib/tape
[7.043s] Installing my_sexy_tape_follower script to /home/kingpooper/deepRacerWS/install/tape/lib/tape
[7.043s] Installing my_tape_follower script to /home/kingpooper/deepRacerWS/install/tape/lib/tape
[7.044s] Installing obs_avoid script to /home/kingpooper/deepRacerWS/install/tape/lib/tape
[7.045s] Installing school_zone script to /home/kingpooper/deepRacerWS/install/tape/lib/tape
[7.046s] Installing shay_blue_follower script to /home/kingpooper/deepRacerWS/install/tape/lib/tape
[7.047s] Installing shaya_blue script to /home/kingpooper/deepRacerWS/install/tape/lib/tape
[7.048s] Installing stop_sign script to /home/kingpooper/deepRacerWS/install/tape/lib/tape
[7.049s] Installing tape_follower script to /home/kingpooper/deepRacerWS/install/tape/lib/tape
[7.051s] Installing tom_blue_tape script to /home/kingpooper/deepRacerWS/install/tape/lib/tape
[7.056s] writing list of installed files to '/home/kingpooper/deepRacerWS/build/tape/install.log'
[7.216s] Invoked command in '/home/kingpooper/deepRacerWS/src/tape' returned '0': PYTHONPATH=/home/kingpooper/deepRacerWS/build/tape/prefix_override:/usr/lib/python3/dist-packages/colcon_core/task/python/colcon_distutils_commands:/home/kingpooper/deepRacerWS/install/tape/lib/python3.10/site-packages:${PYTHONPATH} /usr/bin/python3 -W ignore:setup.py install is deprecated -W ignore:easy_install command is deprecated setup.py egg_info --egg-base ../../build/tape build --build-base /home/kingpooper/deepRacerWS/build/tape/build install --record /home/kingpooper/deepRacerWS/build/tape/install.log --single-version-externally-managed install_data
