[3.789s] Invoking command in '/home/kingpooper/deepRacerWS/src/tape': PYTHONPATH=/home/kingpooper/deepRacerWS/build/tape/prefix_override:/usr/lib/python3/dist-packages/colcon_core/task/python/colcon_distutils_commands:/home/kingpooper/deepRacerWS/install/tape/lib/python3.10/site-packages:${PYTHONPATH} /usr/bin/python3 -W ignore:setup.py install is deprecated -W ignore:easy_install command is deprecated setup.py egg_info --egg-base ../../build/tape build --build-base /home/kingpooper/deepRacerWS/build/tape/build install --record /home/kingpooper/deepRacerWS/build/tape/install.log --single-version-externally-managed install_data
[5.345s] running egg_info
[5.348s] writing ../../build/tape/tape.egg-info/PKG-INFO
[5.350s] writing dependency_links to ../../build/tape/tape.egg-info/dependency_links.txt
[5.352s] writing entry points to ../../build/tape/tape.egg-info/entry_points.txt
[5.353s] writing requirements to ../../build/tape/tape.egg-info/requires.txt
[5.355s] writing top-level names to ../../build/tape/tape.egg-info/top_level.txt
[5.365s] reading manifest file '../../build/tape/tape.egg-info/SOURCES.txt'
[5.367s] adding license file 'LICENSE'
[5.370s] writing manifest file '../../build/tape/tape.egg-info/SOURCES.txt'
[5.372s] running build
[5.372s] running build_py
[5.376s] copying tape/shaya_blue.py -> /home/kingpooper/deepRacerWS/build/tape/build/lib/tape
[5.379s] running install
[5.382s] running install_lib
[5.387s] copying /home/kingpooper/deepRacerWS/build/tape/build/lib/tape/shaya_blue.py -> /home/kingpooper/deepRacerWS/install/tape/lib/python3.10/site-packages/tape
[5.395s] byte-compiling /home/kingpooper/deepRacerWS/install/tape/lib/python3.10/site-packages/tape/shaya_blue.py to shaya_blue.cpython-310.pyc
[5.399s] running install_data
[5.400s] running install_egg_info
[5.409s] removing '/home/kingpooper/deepRacerWS/install/tape/lib/python3.10/site-packages/tape-0.0.0-py3.10.egg-info' (and everything under it)
[5.411s] Copying ../../build/tape/tape.egg-info to /home/kingpooper/deepRacerWS/install/tape/lib/python3.10/site-packages/tape-0.0.0-py3.10.egg-info
[5.419s] running install_scripts
[5.513s] Installing image_subscriber script to /home/kingpooper/deepRacerWS/install/tape/lib/tape
[5.514s] Installing james_blue_follower script to /home/kingpooper/deepRacerWS/install/tape/lib/tape
[5.515s] Installing my_blue_tape_follower script to /home/kingpooper/deepRacerWS/install/tape/lib/tape
[5.516s] Installing my_sexy_tape_follower script to /home/kingpooper/deepRacerWS/install/tape/lib/tape
[5.517s] Installing my_tape_follower script to /home/kingpooper/deepRacerWS/install/tape/lib/tape
[5.518s] Installing obs_avoid script to /home/kingpooper/deepRacerWS/install/tape/lib/tape
[5.519s] Installing school_zone script to /home/kingpooper/deepRacerWS/install/tape/lib/tape
[5.520s] Installing shaya_blue script to /home/kingpooper/deepRacerWS/install/tape/lib/tape
[5.521s] Installing stop_sign script to /home/kingpooper/deepRacerWS/install/tape/lib/tape
[5.524s] Installing tape_follower script to /home/kingpooper/deepRacerWS/install/tape/lib/tape
[5.525s] Installing tom_blue_tape script to /home/kingpooper/deepRacerWS/install/tape/lib/tape
[5.529s] writing list of installed files to '/home/kingpooper/deepRacerWS/build/tape/install.log'
[5.717s] Invoked command in '/home/kingpooper/deepRacerWS/src/tape' returned '0': PYTHONPATH=/home/kingpooper/deepRacerWS/build/tape/prefix_override:/usr/lib/python3/dist-packages/colcon_core/task/python/colcon_distutils_commands:/home/kingpooper/deepRacerWS/install/tape/lib/python3.10/site-packages:${PYTHONPATH} /usr/bin/python3 -W ignore:setup.py install is deprecated -W ignore:easy_install command is deprecated setup.py egg_info --egg-base ../../build/tape build --build-base /home/kingpooper/deepRacerWS/build/tape/build install --record /home/kingpooper/deepRacerWS/build/tape/install.log --single-version-externally-managed install_data
