[4.220s] Invoking command in '/home/kingpooper/deepRacerWS/src/tape': PYTHONPATH=/home/kingpooper/deepRacerWS/build/tape/prefix_override:/usr/lib/python3/dist-packages/colcon_core/task/python/colcon_distutils_commands:/home/kingpooper/deepRacerWS/install/tape/lib/python3.10/site-packages:${PYTHONPATH} /usr/bin/python3 -W ignore:setup.py install is deprecated -W ignore:easy_install command is deprecated setup.py egg_info --egg-base ../../build/tape build --build-base /home/kingpooper/deepRacerWS/build/tape/build install --record /home/kingpooper/deepRacerWS/build/tape/install.log --single-version-externally-managed install_data
[6.008s] running egg_info
[6.009s] writing ../../build/tape/tape.egg-info/PKG-INFO
[6.010s] writing dependency_links to ../../build/tape/tape.egg-info/dependency_links.txt
[6.016s] writing entry points to ../../build/tape/tape.egg-info/entry_points.txt
[6.017s] writing requirements to ../../build/tape/tape.egg-info/requires.txt
[6.017s] writing top-level names to ../../build/tape/tape.egg-info/top_level.txt
[6.024s] reading manifest file '../../build/tape/tape.egg-info/SOURCES.txt'
[6.027s] adding license file 'LICENSE'
[6.030s] writing manifest file '../../build/tape/tape.egg-info/SOURCES.txt'
[6.030s] running build
[6.035s] running build_py
[6.036s] running install
[6.038s] running install_lib
[6.049s] running install_data
[6.049s] running install_egg_info
[6.063s] removing '/home/kingpooper/deepRacerWS/install/tape/lib/python3.10/site-packages/tape-0.0.0-py3.10.egg-info' (and everything under it)
[6.064s] Copying ../../build/tape/tape.egg-info to /home/kingpooper/deepRacerWS/install/tape/lib/python3.10/site-packages/tape-0.0.0-py3.10.egg-info
[6.068s] running install_scripts
[6.173s] Installing image_subscriber script to /home/kingpooper/deepRacerWS/install/tape/lib/tape
[6.177s] Installing james_blue_follower script to /home/kingpooper/deepRacerWS/install/tape/lib/tape
[6.178s] Installing my_blue_tape_follower script to /home/kingpooper/deepRacerWS/install/tape/lib/tape
[6.178s] Installing my_sexy_tape_follower script to /home/kingpooper/deepRacerWS/install/tape/lib/tape
[6.179s] Installing my_tape_follower script to /home/kingpooper/deepRacerWS/install/tape/lib/tape
[6.180s] Installing obs_avoid script to /home/kingpooper/deepRacerWS/install/tape/lib/tape
[6.181s] Installing school_zone script to /home/kingpooper/deepRacerWS/install/tape/lib/tape
[6.181s] Installing stop_sign script to /home/kingpooper/deepRacerWS/install/tape/lib/tape
[6.182s] Installing tape_follower script to /home/kingpooper/deepRacerWS/install/tape/lib/tape
[6.183s] Installing tom_blue_tape script to /home/kingpooper/deepRacerWS/install/tape/lib/tape
[6.188s] writing list of installed files to '/home/kingpooper/deepRacerWS/build/tape/install.log'
[6.360s] Invoked command in '/home/kingpooper/deepRacerWS/src/tape' returned '0': PYTHONPATH=/home/kingpooper/deepRacerWS/build/tape/prefix_override:/usr/lib/python3/dist-packages/colcon_core/task/python/colcon_distutils_commands:/home/kingpooper/deepRacerWS/install/tape/lib/python3.10/site-packages:${PYTHONPATH} /usr/bin/python3 -W ignore:setup.py install is deprecated -W ignore:easy_install command is deprecated setup.py egg_info --egg-base ../../build/tape build --build-base /home/kingpooper/deepRacerWS/build/tape/build install --record /home/kingpooper/deepRacerWS/build/tape/install.log --single-version-externally-managed install_data
