[3.526s] Invoking command in '/home/kingpooper/deepRacerWS/src/tape': PYTHONPATH=/home/kingpooper/deepRacerWS/build/tape/prefix_override:/usr/lib/python3/dist-packages/colcon_core/task/python/colcon_distutils_commands:/home/kingpooper/deepRacerWS/install/tape/lib/python3.10/site-packages:${PYTHONPATH} /usr/bin/python3 -W ignore:setup.py install is deprecated -W ignore:easy_install command is deprecated setup.py egg_info --egg-base ../../build/tape build --build-base /home/kingpooper/deepRacerWS/build/tape/build install --record /home/kingpooper/deepRacerWS/build/tape/install.log --single-version-externally-managed install_data
[4.845s] running egg_info
[4.848s] writing ../../build/tape/tape.egg-info/PKG-INFO
[4.850s] writing dependency_links to ../../build/tape/tape.egg-info/dependency_links.txt
[4.851s] writing entry points to ../../build/tape/tape.egg-info/entry_points.txt
[4.854s] writing requirements to ../../build/tape/tape.egg-info/requires.txt
[4.854s] writing top-level names to ../../build/tape/tape.egg-info/top_level.txt
[4.864s] reading manifest file '../../build/tape/tape.egg-info/SOURCES.txt'
[4.866s] adding license file 'LICENSE'
[4.870s] writing manifest file '../../build/tape/tape.egg-info/SOURCES.txt'
[4.871s] running build
[4.871s] running build_py
[4.874s] copying tape/obs_avoid.py -> /home/kingpooper/deepRacerWS/build/tape/build/lib/tape
[4.877s] running install
[4.879s] running install_lib
[4.884s] copying /home/kingpooper/deepRacerWS/build/tape/build/lib/tape/obs_avoid.py -> /home/kingpooper/deepRacerWS/install/tape/lib/python3.10/site-packages/tape
[4.889s] byte-compiling /home/kingpooper/deepRacerWS/install/tape/lib/python3.10/site-packages/tape/obs_avoid.py to obs_avoid.cpython-310.pyc
[4.894s] running install_data
[4.895s] running install_egg_info
[4.902s] removing '/home/kingpooper/deepRacerWS/install/tape/lib/python3.10/site-packages/tape-0.0.0-py3.10.egg-info' (and everything under it)
[4.904s] Copying ../../build/tape/tape.egg-info to /home/kingpooper/deepRacerWS/install/tape/lib/python3.10/site-packages/tape-0.0.0-py3.10.egg-info
[4.912s] running install_scripts
[4.997s] Installing image_subscriber script to /home/kingpooper/deepRacerWS/install/tape/lib/tape
[5.000s] Installing james_blue_tape script to /home/kingpooper/deepRacerWS/install/tape/lib/tape
[5.000s] Installing my_blue_tape_follower script to /home/kingpooper/deepRacerWS/install/tape/lib/tape
[5.001s] Installing my_sexy_tape_follower script to /home/kingpooper/deepRacerWS/install/tape/lib/tape
[5.003s] Installing my_tape_follower script to /home/kingpooper/deepRacerWS/install/tape/lib/tape
[5.004s] Installing obs_avoid script to /home/kingpooper/deepRacerWS/install/tape/lib/tape
[5.006s] Installing school_zone script to /home/kingpooper/deepRacerWS/install/tape/lib/tape
[5.010s] Installing stop_sign script to /home/kingpooper/deepRacerWS/install/tape/lib/tape
[5.011s] Installing tape_follower script to /home/kingpooper/deepRacerWS/install/tape/lib/tape
[5.012s] Installing tom_blue_tape script to /home/kingpooper/deepRacerWS/install/tape/lib/tape
[5.016s] writing list of installed files to '/home/kingpooper/deepRacerWS/build/tape/install.log'
[5.144s] Invoked command in '/home/kingpooper/deepRacerWS/src/tape' returned '0': PYTHONPATH=/home/kingpooper/deepRacerWS/build/tape/prefix_override:/usr/lib/python3/dist-packages/colcon_core/task/python/colcon_distutils_commands:/home/kingpooper/deepRacerWS/install/tape/lib/python3.10/site-packages:${PYTHONPATH} /usr/bin/python3 -W ignore:setup.py install is deprecated -W ignore:easy_install command is deprecated setup.py egg_info --egg-base ../../build/tape build --build-base /home/kingpooper/deepRacerWS/build/tape/build install --record /home/kingpooper/deepRacerWS/build/tape/install.log --single-version-externally-managed install_data
