[4.815s] Invoking command in '/home/kingpooper/deepRacerWS/src/tape': PYTHONPATH=/home/kingpooper/deepRacerWS/build/tape/prefix_override:/usr/lib/python3/dist-packages/colcon_core/task/python/colcon_distutils_commands:/home/kingpooper/deepRacerWS/install/tape/lib/python3.10/site-packages:${PYTHONPATH} /usr/bin/python3 -W ignore:setup.py install is deprecated -W ignore:easy_install command is deprecated setup.py egg_info --egg-base ../../build/tape build --build-base /home/kingpooper/deepRacerWS/build/tape/build install --record /home/kingpooper/deepRacerWS/build/tape/install.log --single-version-externally-managed install_data
[6.686s] running egg_info
[6.691s] writing ../../build/tape/tape.egg-info/PKG-INFO
[6.694s] writing dependency_links to ../../build/tape/tape.egg-info/dependency_links.txt
[6.697s] writing entry points to ../../build/tape/tape.egg-info/entry_points.txt
[6.699s] writing requirements to ../../build/tape/tape.egg-info/requires.txt
[6.701s] writing top-level names to ../../build/tape/tape.egg-info/top_level.txt
[6.717s] reading manifest file '../../build/tape/tape.egg-info/SOURCES.txt'
[6.720s] adding license file 'LICENSE'
[6.725s] writing manifest file '../../build/tape/tape.egg-info/SOURCES.txt'
[6.730s] running build
[6.732s] running build_py
[6.736s] copying tape/james_blue_follower.py -> /home/kingpooper/deepRacerWS/build/tape/build/lib/tape
[6.746s] running install
[6.750s] running install_lib
[6.758s] copying /home/kingpooper/deepRacerWS/build/tape/build/lib/tape/james_blue_follower.py -> /home/kingpooper/deepRacerWS/install/tape/lib/python3.10/site-packages/tape
[6.770s] byte-compiling /home/kingpooper/deepRacerWS/install/tape/lib/python3.10/site-packages/tape/james_blue_follower.py to james_blue_follower.cpython-310.pyc
[6.778s] byte-compiling /home/kingpooper/deepRacerWS/install/tape/lib/python3.10/site-packages/tape/tape_follower.py to tape_follower.cpython-310.pyc
[6.783s] Sorry: IndentationError: expected an indented block after function definition on line 131 (tape_follower.py, line 134)
[6.786s] running install_data
[6.789s] running install_egg_info
[6.804s] removing '/home/kingpooper/deepRacerWS/install/tape/lib/python3.10/site-packages/tape-0.0.0-py3.10.egg-info' (and everything under it)
[6.808s] Copying ../../build/tape/tape.egg-info to /home/kingpooper/deepRacerWS/install/tape/lib/python3.10/site-packages/tape-0.0.0-py3.10.egg-info
[6.822s] running install_scripts
[6.955s] Installing image_subscriber script to /home/kingpooper/deepRacerWS/install/tape/lib/tape
[6.956s] Installing james_blue_follower script to /home/kingpooper/deepRacerWS/install/tape/lib/tape
[6.957s] Installing my_blue_tape_follower script to /home/kingpooper/deepRacerWS/install/tape/lib/tape
[6.958s] Installing my_sexy_tape_follower script to /home/kingpooper/deepRacerWS/install/tape/lib/tape
[6.959s] Installing my_tape_follower script to /home/kingpooper/deepRacerWS/install/tape/lib/tape
[6.960s] Installing obs_avoid script to /home/kingpooper/deepRacerWS/install/tape/lib/tape
[6.962s] Installing school_zone script to /home/kingpooper/deepRacerWS/install/tape/lib/tape
[6.965s] Installing shaya_blue script to /home/kingpooper/deepRacerWS/install/tape/lib/tape
[6.965s] Installing stop_sign script to /home/kingpooper/deepRacerWS/install/tape/lib/tape
[6.968s] Installing tape_follower script to /home/kingpooper/deepRacerWS/install/tape/lib/tape
[6.973s] Installing tom_blue_tape script to /home/kingpooper/deepRacerWS/install/tape/lib/tape
[6.974s] writing list of installed files to '/home/kingpooper/deepRacerWS/build/tape/install.log'
[7.131s] Invoked command in '/home/kingpooper/deepRacerWS/src/tape' returned '0': PYTHONPATH=/home/kingpooper/deepRacerWS/build/tape/prefix_override:/usr/lib/python3/dist-packages/colcon_core/task/python/colcon_distutils_commands:/home/kingpooper/deepRacerWS/install/tape/lib/python3.10/site-packages:${PYTHONPATH} /usr/bin/python3 -W ignore:setup.py install is deprecated -W ignore:easy_install command is deprecated setup.py egg_info --egg-base ../../build/tape build --build-base /home/kingpooper/deepRacerWS/build/tape/build install --record /home/kingpooper/deepRacerWS/build/tape/install.log --single-version-externally-managed install_data
